This is pdfTeX, Version 3.14159265-2.6-1.40.18 (TeX Live 2017/Debian) (preloaded format=pdflatex 2019.10.10)  22 NOV 2019 11:37
entering extended mode
 restricted \write18 enabled.
 %&-line parsing enabled.
**/home/fei/pantheon/tmp/pantheon_report_9c0f7688-eb63-4043-897e-82e001084f5f.t
ex

(/home/fei/pantheon/tmp/pantheon_report_9c0f7688-eb63-4043-897e-82e001084f5f.te
x
LaTeX2e <2017-04-15>
Babel <3.18> and hyphenation patterns for 3 language(s) loaded.
(/usr/share/texlive/texmf-dist/tex/latex/base/article.cls
Document Class: article 2014/09/29 v1.4h Standard LaTeX document class
(/usr/share/texlive/texmf-dist/tex/latex/base/size10.clo
File: size10.clo 2014/09/29 v1.4h Standard LaTeX file (size option)
)
\c@part=\count79
\c@section=\count80
\c@subsection=\count81
\c@subsubsection=\count82
\c@paragraph=\count83
\c@subparagraph=\count84
\c@figure=\count85
\c@table=\count86
\abovecaptionskip=\skip41
\belowcaptionskip=\skip42
\bibindent=\dimen102
)
(/usr/share/texlive/texmf-dist/tex/latex/pdfpages/pdfpages.sty
Package: pdfpages 2017/10/31 v0.5l Insert pages of external PDF documents (AM)

(/usr/share/texlive/texmf-dist/tex/latex/base/ifthen.sty
Package: ifthen 2014/09/29 v1.1c Standard LaTeX ifthen package (DPC)
)
(/usr/share/texlive/texmf-dist/tex/latex/tools/calc.sty
Package: calc 2014/10/28 v4.3 Infix arithmetic (KKT,FJ)
\calc@Acount=\count87
\calc@Bcount=\count88
\calc@Adimen=\dimen103
\calc@Bdimen=\dimen104
\calc@Askip=\skip43
\calc@Bskip=\skip44
LaTeX Info: Redefining \setlength on input line 80.
LaTeX Info: Redefining \addtolength on input line 81.
\calc@Ccount=\count89
\calc@Cskip=\skip45
)
(/usr/share/texlive/texmf-dist/tex/latex/eso-pic/eso-pic.sty
Package: eso-pic 2015/07/21 v2.0g eso-pic (RN)

(/usr/share/texlive/texmf-dist/tex/generic/oberdiek/atbegshi.sty
Package: atbegshi 2016/06/09 v1.18 At begin shipout hook (HO)

(/usr/share/texlive/texmf-dist/tex/generic/oberdiek/infwarerr.sty
Package: infwarerr 2016/05/16 v1.4 Providing info/warning/error messages (HO)
)
(/usr/share/texlive/texmf-dist/tex/generic/oberdiek/ltxcmds.sty
Package: ltxcmds 2016/05/16 v1.23 LaTeX kernel commands for general use (HO)
)
(/usr/share/texlive/texmf-dist/tex/generic/oberdiek/ifpdf.sty
Package: ifpdf 2017/03/15 v3.2 Provides the ifpdf switch
))
(/usr/share/texlive/texmf-dist/tex/latex/graphics/keyval.sty
Package: keyval 2014/10/28 v1.15 key=value parser (DPC)
\KV@toks@=\toks14
)
(/usr/share/texlive/texmf-dist/tex/latex/xcolor/xcolor.sty
Package: xcolor 2016/05/11 v2.12 LaTeX color extensions (UK)

(/usr/share/texlive/texmf-dist/tex/latex/graphics-cfg/color.cfg
File: color.cfg 2016/01/02 v1.6 sample color configuration
)
Package xcolor Info: Driver file: pdftex.def on input line 225.

(/usr/share/texlive/texmf-dist/tex/latex/graphics-def/pdftex.def
File: pdftex.def 2018/01/08 v1.0l Graphics/color driver for pdftex
)
Package xcolor Info: Model `cmy' substituted by `cmy0' on input line 1348.
Package xcolor Info: Model `hsb' substituted by `rgb' on input line 1352.
Package xcolor Info: Model `RGB' extended on input line 1364.
Package xcolor Info: Model `HTML' substituted by `rgb' on input line 1366.
Package xcolor Info: Model `Hsb' substituted by `hsb' on input line 1367.
Package xcolor Info: Model `tHsb' substituted by `hsb' on input line 1368.
Package xcolor Info: Model `HSB' substituted by `hsb' on input line 1369.
Package xcolor Info: Model `Gray' substituted by `gray' on input line 1370.
Package xcolor Info: Model `wave' substituted by `hsb' on input line 1371.
))
(/usr/share/texlive/texmf-dist/tex/latex/graphics/graphicx.sty
Package: graphicx 2017/06/01 v1.1a Enhanced LaTeX Graphics (DPC,SPQR)

(/usr/share/texlive/texmf-dist/tex/latex/graphics/graphics.sty
Package: graphics 2017/06/25 v1.2c Standard LaTeX Graphics (DPC,SPQR)

(/usr/share/texlive/texmf-dist/tex/latex/graphics/trig.sty
Package: trig 2016/01/03 v1.10 sin cos tan (DPC)
)
(/usr/share/texlive/texmf-dist/tex/latex/graphics-cfg/graphics.cfg
File: graphics.cfg 2016/06/04 v1.11 sample graphics configuration
)
Package graphics Info: Driver file: pdftex.def on input line 99.
)
\Gin@req@height=\dimen105
\Gin@req@width=\dimen106
)
\AM@pagewidth=\dimen107
\AM@pageheight=\dimen108

(/usr/share/texlive/texmf-dist/tex/latex/pdfpages/pppdftex.def
File: pppdftex.def 2017/10/31 v0.5l Pdfpages driver for pdfTeX (AM)
)
\AM@pagebox=\box26
\AM@global@opts=\toks15
\AM@toc@title=\toks16
\c@AM@survey=\count90
\AM@templatesizebox=\box27
)
(/usr/share/texlive/texmf-dist/tex/latex/float/float.sty
Package: float 2001/11/08 v1.3d Float enhancements (AL)
\c@float@type=\count91
\float@exts=\toks17
\float@box=\box28
\@float@everytoks=\toks18
\@floatcapt=\box29
)
(/usr/share/texlive/texmf-dist/tex/latex/tools/tabularx.sty
Package: tabularx 2016/02/03 v2.11 `tabularx' package (DPC)

(/usr/share/texlive/texmf-dist/tex/latex/tools/array.sty
Package: array 2016/10/06 v2.4d Tabular extension package (FMi)
\col@sep=\dimen109
\extrarowheight=\dimen110
\NC@list=\toks19
\extratabsurround=\skip46
\backup@length=\skip47
)
\TX@col@width=\dimen111
\TX@old@table=\dimen112
\TX@old@col=\dimen113
\TX@target=\dimen114
\TX@delta=\dimen115
\TX@cols=\count92
\TX@ftn=\toks20
)
(/usr/share/texlive/texmf-dist/tex/latex/oberdiek/pdflscape.sty
Package: pdflscape 2016/05/14 v0.11 Display of landscape pages in PDF (HO)

(/usr/share/texlive/texmf-dist/tex/latex/graphics/lscape.sty
Package: lscape 2000/10/22 v3.01 Landscape Pages (DPC)
)
Package pdflscape Info: Auto-detected driver: pdftex on input line 81.

(/usr/share/texlive/texmf-dist/tex/generic/ifxetex/ifxetex.sty
Package: ifxetex 2010/09/12 v0.6 Provides ifxetex conditional
))
(/usr/share/texlive/texmf-dist/tex/latex/base/textcomp.sty
Package: textcomp 2017/04/05 v2.0i Standard LaTeX package
Package textcomp Info: Sub-encoding information:
(textcomp)               5 = only ISO-Adobe without \textcurrency
(textcomp)               4 = 5 + \texteuro
(textcomp)               3 = 4 + \textohm
(textcomp)               2 = 3 + \textestimated + \textcurrency
(textcomp)               1 = TS1 - \textcircled - \t
(textcomp)               0 = TS1 (full)
(textcomp)             Font families with sub-encoding setting implement
(textcomp)             only a restricted character set as indicated.
(textcomp)             Family '?' is the default used for unknown fonts.
(textcomp)             See the documentation for details.
Package textcomp Info: Setting ? sub-encoding to TS1/1 on input line 79.

(/usr/share/texlive/texmf-dist/tex/latex/base/ts1enc.def
File: ts1enc.def 2001/06/05 v3.0e (jk/car/fm) Standard LaTeX file
)
LaTeX Info: Redefining \oldstylenums on input line 334.
Package textcomp Info: Setting cmr sub-encoding to TS1/0 on input line 349.
Package textcomp Info: Setting cmss sub-encoding to TS1/0 on input line 350.
Package textcomp Info: Setting cmtt sub-encoding to TS1/0 on input line 351.
Package textcomp Info: Setting cmvtt sub-encoding to TS1/0 on input line 352.
Package textcomp Info: Setting cmbr sub-encoding to TS1/0 on input line 353.
Package textcomp Info: Setting cmtl sub-encoding to TS1/0 on input line 354.
Package textcomp Info: Setting ccr sub-encoding to TS1/0 on input line 355.
Package textcomp Info: Setting ptm sub-encoding to TS1/4 on input line 356.
Package textcomp Info: Setting pcr sub-encoding to TS1/4 on input line 357.
Package textcomp Info: Setting phv sub-encoding to TS1/4 on input line 358.
Package textcomp Info: Setting ppl sub-encoding to TS1/3 on input line 359.
Package textcomp Info: Setting pag sub-encoding to TS1/4 on input line 360.
Package textcomp Info: Setting pbk sub-encoding to TS1/4 on input line 361.
Package textcomp Info: Setting pnc sub-encoding to TS1/4 on input line 362.
Package textcomp Info: Setting pzc sub-encoding to TS1/4 on input line 363.
Package textcomp Info: Setting bch sub-encoding to TS1/4 on input line 364.
Package textcomp Info: Setting put sub-encoding to TS1/5 on input line 365.
Package textcomp Info: Setting uag sub-encoding to TS1/5 on input line 366.
Package textcomp Info: Setting ugq sub-encoding to TS1/5 on input line 367.
Package textcomp Info: Setting ul8 sub-encoding to TS1/4 on input line 368.
Package textcomp Info: Setting ul9 sub-encoding to TS1/4 on input line 369.
Package textcomp Info: Setting augie sub-encoding to TS1/5 on input line 370.
Package textcomp Info: Setting dayrom sub-encoding to TS1/3 on input line 371.
Package textcomp Info: Setting dayroms sub-encoding to TS1/3 on input line 372.

Package textcomp Info: Setting pxr sub-encoding to TS1/0 on input line 373.
Package textcomp Info: Setting pxss sub-encoding to TS1/0 on input line 374.
Package textcomp Info: Setting pxtt sub-encoding to TS1/0 on input line 375.
Package textcomp Info: Setting txr sub-encoding to TS1/0 on input line 376.
Package textcomp Info: Setting txss sub-encoding to TS1/0 on input line 377.
Package textcomp Info: Setting txtt sub-encoding to TS1/0 on input line 378.
Package textcomp Info: Setting lmr sub-encoding to TS1/0 on input line 379.
Package textcomp Info: Setting lmdh sub-encoding to TS1/0 on input line 380.
Package textcomp Info: Setting lmss sub-encoding to TS1/0 on input line 381.
Package textcomp Info: Setting lmssq sub-encoding to TS1/0 on input line 382.
Package textcomp Info: Setting lmvtt sub-encoding to TS1/0 on input line 383.
Package textcomp Info: Setting lmtt sub-encoding to TS1/0 on input line 384.
Package textcomp Info: Setting qhv sub-encoding to TS1/0 on input line 385.
Package textcomp Info: Setting qag sub-encoding to TS1/0 on input line 386.
Package textcomp Info: Setting qbk sub-encoding to TS1/0 on input line 387.
Package textcomp Info: Setting qcr sub-encoding to TS1/0 on input line 388.
Package textcomp Info: Setting qcs sub-encoding to TS1/0 on input line 389.
Package textcomp Info: Setting qpl sub-encoding to TS1/0 on input line 390.
Package textcomp Info: Setting qtm sub-encoding to TS1/0 on input line 391.
Package textcomp Info: Setting qzc sub-encoding to TS1/0 on input line 392.
Package textcomp Info: Setting qhvc sub-encoding to TS1/0 on input line 393.
Package textcomp Info: Setting futs sub-encoding to TS1/4 on input line 394.
Package textcomp Info: Setting futx sub-encoding to TS1/4 on input line 395.
Package textcomp Info: Setting futj sub-encoding to TS1/4 on input line 396.
Package textcomp Info: Setting hlh sub-encoding to TS1/3 on input line 397.
Package textcomp Info: Setting hls sub-encoding to TS1/3 on input line 398.
Package textcomp Info: Setting hlst sub-encoding to TS1/3 on input line 399.
Package textcomp Info: Setting hlct sub-encoding to TS1/5 on input line 400.
Package textcomp Info: Setting hlx sub-encoding to TS1/5 on input line 401.
Package textcomp Info: Setting hlce sub-encoding to TS1/5 on input line 402.
Package textcomp Info: Setting hlcn sub-encoding to TS1/5 on input line 403.
Package textcomp Info: Setting hlcw sub-encoding to TS1/5 on input line 404.
Package textcomp Info: Setting hlcf sub-encoding to TS1/5 on input line 405.
Package textcomp Info: Setting pplx sub-encoding to TS1/3 on input line 406.
Package textcomp Info: Setting pplj sub-encoding to TS1/3 on input line 407.
Package textcomp Info: Setting ptmx sub-encoding to TS1/4 on input line 408.
Package textcomp Info: Setting ptmj sub-encoding to TS1/4 on input line 409.
)
No file pantheon_report_9c0f7688-eb63-4043-897e-82e001084f5f.aux.
\openout1 = `pantheon_report_9c0f7688-eb63-4043-897e-82e001084f5f.aux'.

LaTeX Font Info:    Checking defaults for OML/cmm/m/it on input line 13.
LaTeX Font Info:    ... okay on input line 13.
LaTeX Font Info:    Checking defaults for T1/cmr/m/n on input line 13.
LaTeX Font Info:    ... okay on input line 13.
LaTeX Font Info:    Checking defaults for OT1/cmr/m/n on input line 13.
LaTeX Font Info:    ... okay on input line 13.
LaTeX Font Info:    Checking defaults for OMS/cmsy/m/n on input line 13.
LaTeX Font Info:    ... okay on input line 13.
LaTeX Font Info:    Checking defaults for OMX/cmex/m/n on input line 13.
LaTeX Font Info:    ... okay on input line 13.
LaTeX Font Info:    Checking defaults for U/cmr/m/n on input line 13.
LaTeX Font Info:    ... okay on input line 13.
LaTeX Font Info:    Checking defaults for TS1/cmr/m/n on input line 13.
LaTeX Font Info:    Try loading font information for TS1+cmr on input line 13.
(/usr/share/texlive/texmf-dist/tex/latex/base/ts1cmr.fd
File: ts1cmr.fd 2014/09/29 v2.5h Standard LaTeX font definitions
)
LaTeX Font Info:    ... okay on input line 13.
\AtBeginShipoutBox=\box30

(/usr/share/texlive/texmf-dist/tex/context/base/mkii/supp-pdf.mkii
[Loading MPS to PDF converter (version 2006.09.02).]
\scratchcounter=\count93
\scratchdimen=\dimen116
\scratchbox=\box31
\nofMPsegments=\count94
\nofMParguments=\count95
\everyMPshowfont=\toks21
\MPscratchCnt=\count96
\MPscratchDim=\dimen117
\MPnumerator=\count97
\makeMPintoPDFobject=\count98
\everyMPtoPDFconversion=\toks22
) (/usr/share/texlive/texmf-dist/tex/latex/oberdiek/epstopdf-base.sty
Package: epstopdf-base 2016/05/15 v2.6 Base part for package epstopdf

(/usr/share/texlive/texmf-dist/tex/latex/oberdiek/grfext.sty
Package: grfext 2016/05/16 v1.2 Manage graphics extensions (HO)

(/usr/share/texlive/texmf-dist/tex/generic/oberdiek/kvdefinekeys.sty
Package: kvdefinekeys 2016/05/16 v1.4 Define keys (HO)
))
(/usr/share/texlive/texmf-dist/tex/latex/oberdiek/kvoptions.sty
Package: kvoptions 2016/05/16 v3.12 Key value format for package options (HO)

(/usr/share/texlive/texmf-dist/tex/generic/oberdiek/kvsetkeys.sty
Package: kvsetkeys 2016/05/16 v1.17 Key value parser (HO)

(/usr/share/texlive/texmf-dist/tex/generic/oberdiek/etexcmds.sty
Package: etexcmds 2016/05/16 v1.6 Avoid name clashes with e-TeX commands (HO)

(/usr/share/texlive/texmf-dist/tex/generic/oberdiek/ifluatex.sty
Package: ifluatex 2016/05/16 v1.4 Provides the ifluatex switch (HO)
Package ifluatex Info: LuaTeX not detected.
)
Package etexcmds Info: Could not find \expanded.
(etexcmds)             That can mean that you are not using pdfTeX 1.50 or
(etexcmds)             that some package has redefined \expanded.
(etexcmds)             In the latter case, load this package earlier.
)))
(/usr/share/texlive/texmf-dist/tex/generic/oberdiek/pdftexcmds.sty
Package: pdftexcmds 2018/01/21 v0.26 Utility functions of pdfTeX for LuaTeX (HO
)
Package pdftexcmds Info: LuaTeX not detected.
Package pdftexcmds Info: \pdf@primitive is available.
Package pdftexcmds Info: \pdf@ifprimitive is available.
Package pdftexcmds Info: \pdfdraftmode found.
)
Package epstopdf-base Info: Redefining graphics rule for `.eps' on input line 4
38.
Package grfext Info: Graphics extension search list:
(grfext)             [.pdf,.png,.jpg,.mps,.jpeg,.jbig2,.jb2,.PDF,.PNG,.JPG,.JPE
G,.JBIG2,.JB2,.eps]
(grfext)             \AppendGraphicsExtensions on input line 456.

(/usr/share/texlive/texmf-dist/tex/latex/latexconfig/epstopdf-sys.cfg
File: epstopdf-sys.cfg 2010/07/13 v1.3 Configuration of (r)epstopdf for TeX Liv
e
))
Overfull \hbox (6.74693pt too wide) in paragraph at lines 63--63
[]\OT1/cmtt/m/n/10 third_party/aurora-model @ e292c316c23fb837255c4e142e40590d1
54bbe95[] 
 []


Overfull \hbox (1.49698pt too wide) in paragraph at lines 63--63
[]\OT1/cmtt/m/n/10 third_party/fillp-sheep @ 0e5bb722943babcd2b090d2c64fcd45e12
e923f9[] 
 []


Overfull \hbox (22.4968pt too wide) in paragraph at lines 63--63
[]\OT1/cmtt/m/n/10 third_party/pantheon-tunnel @ f866d3f58d27afd942717625ee3a35
4cc2e802bd[] 
 []


Overfull \hbox (27.74675pt too wide) in paragraph at lines 63--63
[]\OT1/cmtt/m/n/10 third_party/pcc-experimental @ cd43e34e3f5f5613e8acd08fab92c
4eb24f974ab[] 
 []


Overfull \hbox (27.74675pt too wide) in paragraph at lines 63--63
[]\OT1/cmtt/m/n/10 third_party/scream-reproduce @ f099118d1421aa3131bf11ff19649
74e1da3bdb2[] 
 []


Overfull \hbox (17.24684pt too wide) in paragraph at lines 63--63
[]\OT1/cmtt/m/n/10 third_party/synthesizedBBR @ 27045f2c9e7b63716dab4980f0a45a6
60dff3d51[] 
 []

[1

{/var/lib/texmf/fonts/map/pdftex/updmap/pdftex.map}]
</home/fei/Desktop/datadata/task0/data/pantheon_summary_mean.pdf, id=9, 495.123
15pt x 357.11806pt>
File: /home/fei/Desktop/datadata/task0/data/pantheon_summary_mean.pdf Graphic f
ile (type pdf)
<use /home/fei/Desktop/datadata/task0/data/pantheon_summary_mean.pdf>
Package pdftex.def Info: /home/fei/Desktop/datadata/task0/data/pantheon_summary
_mean.pdf  used on input line 67.
(pdftex.def)             Requested size: 345.0pt x 248.8475pt.
</home/fei/Desktop/datadata/task0/data/pantheon_summary.pdf, id=10, 577.88835pt
 x 348.95984pt>
File: /home/fei/Desktop/datadata/task0/data/pantheon_summary.pdf Graphic file (
type pdf)
<use /home/fei/Desktop/datadata/task0/data/pantheon_summary.pdf>
Package pdftex.def Info: /home/fei/Desktop/datadata/task0/data/pantheon_summary
.pdf  used on input line 69.
(pdftex.def)             Requested size: 345.0pt x 208.32854pt.
 [2 </home/fei/Desktop/datadata/task0/data/pantheon_summary_mean.pdf> </home/fe
i/Desktop/datadata/task0/data/pantheon_summary.pdf

pdfTeX warning: pdflatex (file /home/fei/Desktop/datadata/task0/data/pantheon_s
ummary.pdf): PDF inclusion: multiple pdfs with page group included in a single 
page
>] [3

] [4

]
</home/fei/Desktop/datadata/task0/data/bbr_datalink_throughput_run1.png, id=124
, 749.4399pt x 440.847pt>
File: /home/fei/Desktop/datadata/task0/data/bbr_datalink_throughput_run1.png Gr
aphic file (type png)
<use /home/fei/Desktop/datadata/task0/data/bbr_datalink_throughput_run1.png>
Package pdftex.def Info: /home/fei/Desktop/datadata/task0/data/bbr_datalink_thr
oughput_run1.png  used on input line 110.
(pdftex.def)             Requested size: 345.0pt x 202.94006pt.
</home/fei/Desktop/datadata/task0/data/bbr_datalink_delay_run1.png, id=126, 740
.0448pt x 427.1157pt>
File: /home/fei/Desktop/datadata/task0/data/bbr_datalink_delay_run1.png Graphic
 file (type png)
<use /home/fei/Desktop/datadata/task0/data/bbr_datalink_delay_run1.png>
Package pdftex.def Info: /home/fei/Desktop/datadata/task0/data/bbr_datalink_del
ay_run1.png  used on input line 112.
(pdftex.def)             Requested size: 345.0pt x 199.11508pt.
 [5 </home/fei/Desktop/datadata/task0/data/bbr_datalink_throughput_run1.png> </
home/fei/Desktop/datadata/task0/data/bbr_datalink_delay_run1.png>]
[6]
</home/fei/Desktop/datadata/task0/data/bbr_datalink_throughput_run2.png, id=135
, 749.4399pt x 440.847pt>
File: /home/fei/Desktop/datadata/task0/data/bbr_datalink_throughput_run2.png Gr
aphic file (type png)
<use /home/fei/Desktop/datadata/task0/data/bbr_datalink_throughput_run2.png>
Package pdftex.def Info: /home/fei/Desktop/datadata/task0/data/bbr_datalink_thr
oughput_run2.png  used on input line 139.
(pdftex.def)             Requested size: 345.0pt x 202.94006pt.
</home/fei/Desktop/datadata/task0/data/bbr_datalink_delay_run2.png, id=136, 740
.0448pt x 427.1157pt>
File: /home/fei/Desktop/datadata/task0/data/bbr_datalink_delay_run2.png Graphic
 file (type png)
<use /home/fei/Desktop/datadata/task0/data/bbr_datalink_delay_run2.png>
Package pdftex.def Info: /home/fei/Desktop/datadata/task0/data/bbr_datalink_del
ay_run2.png  used on input line 141.
(pdftex.def)             Requested size: 345.0pt x 199.11508pt.
 [7 </home/fei/Desktop/datadata/task0/data/bbr_datalink_throughput_run2.png> </
home/fei/Desktop/datadata/task0/data/bbr_datalink_delay_run2.png>] [8]
</home/fei/Desktop/datadata/task0/data/bbr_datalink_throughput_run3.png, id=146
, 749.4399pt x 440.847pt>
File: /home/fei/Desktop/datadata/task0/data/bbr_datalink_throughput_run3.png Gr
aphic file (type png)
<use /home/fei/Desktop/datadata/task0/data/bbr_datalink_throughput_run3.png>
Package pdftex.def Info: /home/fei/Desktop/datadata/task0/data/bbr_datalink_thr
oughput_run3.png  used on input line 168.
(pdftex.def)             Requested size: 345.0pt x 202.94006pt.
</home/fei/Desktop/datadata/task0/data/bbr_datalink_delay_run3.png, id=147, 740
.0448pt x 427.1157pt>
File: /home/fei/Desktop/datadata/task0/data/bbr_datalink_delay_run3.png Graphic
 file (type png)
<use /home/fei/Desktop/datadata/task0/data/bbr_datalink_delay_run3.png>
Package pdftex.def Info: /home/fei/Desktop/datadata/task0/data/bbr_datalink_del
ay_run3.png  used on input line 170.
(pdftex.def)             Requested size: 345.0pt x 199.11508pt.

[9 </home/fei/Desktop/datadata/task0/data/bbr_datalink_throughput_run3.png> </h
ome/fei/Desktop/datadata/task0/data/bbr_datalink_delay_run3.png>] [10]
</home/fei/Desktop/datadata/task0/data/bbr_datalink_throughput_run4.png, id=156
, 749.4399pt x 440.847pt>
File: /home/fei/Desktop/datadata/task0/data/bbr_datalink_throughput_run4.png Gr
aphic file (type png)
<use /home/fei/Desktop/datadata/task0/data/bbr_datalink_throughput_run4.png>
Package pdftex.def Info: /home/fei/Desktop/datadata/task0/data/bbr_datalink_thr
oughput_run4.png  used on input line 197.
(pdftex.def)             Requested size: 345.0pt x 202.94006pt.
</home/fei/Desktop/datadata/task0/data/bbr_datalink_delay_run4.png, id=157, 740
.0448pt x 427.1157pt>
File: /home/fei/Desktop/datadata/task0/data/bbr_datalink_delay_run4.png Graphic
 file (type png)
<use /home/fei/Desktop/datadata/task0/data/bbr_datalink_delay_run4.png>
Package pdftex.def Info: /home/fei/Desktop/datadata/task0/data/bbr_datalink_del
ay_run4.png  used on input line 199.
(pdftex.def)             Requested size: 345.0pt x 199.11508pt.
 [11 </home/fei/Desktop/datadata/task0/data/bbr_datalink_throughput_run4.png> <
/home/fei/Desktop/datadata/task0/data/bbr_datalink_delay_run4.png>] [12]
</home/fei/Desktop/datadata/task0/data/bbr_datalink_throughput_run5.png, id=166
, 749.4399pt x 440.847pt>
File: /home/fei/Desktop/datadata/task0/data/bbr_datalink_throughput_run5.png Gr
aphic file (type png)
<use /home/fei/Desktop/datadata/task0/data/bbr_datalink_throughput_run5.png>
Package pdftex.def Info: /home/fei/Desktop/datadata/task0/data/bbr_datalink_thr
oughput_run5.png  used on input line 226.
(pdftex.def)             Requested size: 345.0pt x 202.94006pt.
</home/fei/Desktop/datadata/task0/data/bbr_datalink_delay_run5.png, id=167, 740
.0448pt x 427.1157pt>
File: /home/fei/Desktop/datadata/task0/data/bbr_datalink_delay_run5.png Graphic
 file (type png)
<use /home/fei/Desktop/datadata/task0/data/bbr_datalink_delay_run5.png>
Package pdftex.def Info: /home/fei/Desktop/datadata/task0/data/bbr_datalink_del
ay_run5.png  used on input line 228.
(pdftex.def)             Requested size: 345.0pt x 199.11508pt.
 [13 </home/fei/Desktop/datadata/task0/data/bbr_datalink_throughput_run5.png> <
/home/fei/Desktop/datadata/task0/data/bbr_datalink_delay_run5.png>] [14]
</home/fei/Desktop/datadata/task0/data/pybbr_datalink_throughput_run1.png, id=1
77, 740.0448pt x 440.847pt>
File: /home/fei/Desktop/datadata/task0/data/pybbr_datalink_throughput_run1.png 
Graphic file (type png)
<use /home/fei/Desktop/datadata/task0/data/pybbr_datalink_throughput_run1.png>
Package pdftex.def Info: /home/fei/Desktop/datadata/task0/data/pybbr_datalink_t
hroughput_run1.png  used on input line 255.
(pdftex.def)             Requested size: 345.0pt x 205.51642pt.
</home/fei/Desktop/datadata/task0/data/pybbr_datalink_delay_run1.png, id=178, 7
40.0448pt x 427.1157pt>
File: /home/fei/Desktop/datadata/task0/data/pybbr_datalink_delay_run1.png Graph
ic file (type png)
<use /home/fei/Desktop/datadata/task0/data/pybbr_datalink_delay_run1.png>
Package pdftex.def Info: /home/fei/Desktop/datadata/task0/data/pybbr_datalink_d
elay_run1.png  used on input line 257.
(pdftex.def)             Requested size: 345.0pt x 199.11508pt.
 [15 </home/fei/Desktop/datadata/task0/data/pybbr_datalink_throughput_run1.png>
 </home/fei/Desktop/datadata/task0/data/pybbr_datalink_delay_run1.png>] [16]
</home/fei/Desktop/datadata/task0/data/pybbr_datalink_throughput_run2.png, id=1
87, 749.4399pt x 440.847pt>
File: /home/fei/Desktop/datadata/task0/data/pybbr_datalink_throughput_run2.png 
Graphic file (type png)
<use /home/fei/Desktop/datadata/task0/data/pybbr_datalink_throughput_run2.png>
Package pdftex.def Info: /home/fei/Desktop/datadata/task0/data/pybbr_datalink_t
hroughput_run2.png  used on input line 284.
(pdftex.def)             Requested size: 345.0pt x 202.94006pt.
</home/fei/Desktop/datadata/task0/data/pybbr_datalink_delay_run2.png, id=188, 7
40.0448pt x 427.1157pt>
File: /home/fei/Desktop/datadata/task0/data/pybbr_datalink_delay_run2.png Graph
ic file (type png)
<use /home/fei/Desktop/datadata/task0/data/pybbr_datalink_delay_run2.png>
Package pdftex.def Info: /home/fei/Desktop/datadata/task0/data/pybbr_datalink_d
elay_run2.png  used on input line 286.
(pdftex.def)             Requested size: 345.0pt x 199.11508pt.
 [17 </home/fei/Desktop/datadata/task0/data/pybbr_datalink_throughput_run2.png>
 </home/fei/Desktop/datadata/task0/data/pybbr_datalink_delay_run2.png>] [18]
</home/fei/Desktop/datadata/task0/data/pybbr_datalink_throughput_run3.png, id=1
97, 740.0448pt x 440.847pt>
File: /home/fei/Desktop/datadata/task0/data/pybbr_datalink_throughput_run3.png 
Graphic file (type png)
<use /home/fei/Desktop/datadata/task0/data/pybbr_datalink_throughput_run3.png>
Package pdftex.def Info: /home/fei/Desktop/datadata/task0/data/pybbr_datalink_t
hroughput_run3.png  used on input line 313.
(pdftex.def)             Requested size: 345.0pt x 205.51642pt.
</home/fei/Desktop/datadata/task0/data/pybbr_datalink_delay_run3.png, id=198, 7
40.0448pt x 427.1157pt>
File: /home/fei/Desktop/datadata/task0/data/pybbr_datalink_delay_run3.png Graph
ic file (type png)
<use /home/fei/Desktop/datadata/task0/data/pybbr_datalink_delay_run3.png>
Package pdftex.def Info: /home/fei/Desktop/datadata/task0/data/pybbr_datalink_d
elay_run3.png  used on input line 315.
(pdftex.def)             Requested size: 345.0pt x 199.11508pt.
 [19 </home/fei/Desktop/datadata/task0/data/pybbr_datalink_throughput_run3.png>
 </home/fei/Desktop/datadata/task0/data/pybbr_datalink_delay_run3.png>] [20]
</home/fei/Desktop/datadata/task0/data/pybbr_datalink_throughput_run4.png, id=2
08, 740.0448pt x 440.847pt>
File: /home/fei/Desktop/datadata/task0/data/pybbr_datalink_throughput_run4.png 
Graphic file (type png)
<use /home/fei/Desktop/datadata/task0/data/pybbr_datalink_throughput_run4.png>
Package pdftex.def Info: /home/fei/Desktop/datadata/task0/data/pybbr_datalink_t
hroughput_run4.png  used on input line 342.
(pdftex.def)             Requested size: 345.0pt x 205.51642pt.
</home/fei/Desktop/datadata/task0/data/pybbr_datalink_delay_run4.png, id=209, 7
40.0448pt x 427.1157pt>
File: /home/fei/Desktop/datadata/task0/data/pybbr_datalink_delay_run4.png Graph
ic file (type png)
<use /home/fei/Desktop/datadata/task0/data/pybbr_datalink_delay_run4.png>
Package pdftex.def Info: /home/fei/Desktop/datadata/task0/data/pybbr_datalink_d
elay_run4.png  used on input line 344.
(pdftex.def)             Requested size: 345.0pt x 199.11508pt.
 [21 </home/fei/Desktop/datadata/task0/data/pybbr_datalink_throughput_run4.png>
 </home/fei/Desktop/datadata/task0/data/pybbr_datalink_delay_run4.png>] [22]
</home/fei/Desktop/datadata/task0/data/pybbr_datalink_throughput_run5.png, id=2
18, 749.4399pt x 440.847pt>
File: /home/fei/Desktop/datadata/task0/data/pybbr_datalink_throughput_run5.png 
Graphic file (type png)
<use /home/fei/Desktop/datadata/task0/data/pybbr_datalink_throughput_run5.png>
Package pdftex.def Info: /home/fei/Desktop/datadata/task0/data/pybbr_datalink_t
hroughput_run5.png  used on input line 371.
(pdftex.def)             Requested size: 345.0pt x 202.94006pt.
</home/fei/Desktop/datadata/task0/data/pybbr_datalink_delay_run5.png, id=219, 7
40.0448pt x 427.1157pt>
File: /home/fei/Desktop/datadata/task0/data/pybbr_datalink_delay_run5.png Graph
ic file (type png)
<use /home/fei/Desktop/datadata/task0/data/pybbr_datalink_delay_run5.png>
Package pdftex.def Info: /home/fei/Desktop/datadata/task0/data/pybbr_datalink_d
elay_run5.png  used on input line 373.
(pdftex.def)             Requested size: 345.0pt x 199.11508pt.
 [23 </home/fei/Desktop/datadata/task0/data/pybbr_datalink_throughput_run5.png>
 </home/fei/Desktop/datadata/task0/data/pybbr_datalink_delay_run5.png>] [24]
</home/fei/Desktop/datadata/task0/data/synthesizedBBR_datalink_throughput_run1.
png, id=228, 749.4399pt x 440.847pt>
File: /home/fei/Desktop/datadata/task0/data/synthesizedBBR_datalink_throughput_
run1.png Graphic file (type png)
<use /home/fei/Desktop/datadata/task0/data/synthesizedBBR_datalink_throughput_r
un1.png>
Package pdftex.def Info: /home/fei/Desktop/datadata/task0/data/synthesizedBBR_d
atalink_throughput_run1.png  used on input line 400.
(pdftex.def)             Requested size: 345.0pt x 202.94006pt.
</home/fei/Desktop/datadata/task0/data/synthesizedBBR_datalink_delay_run1.png, 
id=229, 740.0448pt x 427.1157pt>
File: /home/fei/Desktop/datadata/task0/data/synthesizedBBR_datalink_delay_run1.
png Graphic file (type png)
<use /home/fei/Desktop/datadata/task0/data/synthesizedBBR_datalink_delay_run1.p
ng>
Package pdftex.def Info: /home/fei/Desktop/datadata/task0/data/synthesizedBBR_d
atalink_delay_run1.png  used on input line 402.
(pdftex.def)             Requested size: 345.0pt x 199.11508pt.
 [25 </home/fei/Desktop/datadata/task0/data/synthesizedBBR_datalink_throughput_
run1.png> </home/fei/Desktop/datadata/task0/data/synthesizedBBR_datalink_delay_
run1.png>] [26]
</home/fei/Desktop/datadata/task0/data/synthesizedBBR_datalink_throughput_run2.
png, id=239, 749.4399pt x 440.847pt>
File: /home/fei/Desktop/datadata/task0/data/synthesizedBBR_datalink_throughput_
run2.png Graphic file (type png)
<use /home/fei/Desktop/datadata/task0/data/synthesizedBBR_datalink_throughput_r
un2.png>
Package pdftex.def Info: /home/fei/Desktop/datadata/task0/data/synthesizedBBR_d
atalink_throughput_run2.png  used on input line 429.
(pdftex.def)             Requested size: 345.0pt x 202.94006pt.
</home/fei/Desktop/datadata/task0/data/synthesizedBBR_datalink_delay_run2.png, 
id=240, 749.4399pt x 427.1157pt>
File: /home/fei/Desktop/datadata/task0/data/synthesizedBBR_datalink_delay_run2.
png Graphic file (type png)
<use /home/fei/Desktop/datadata/task0/data/synthesizedBBR_datalink_delay_run2.p
ng>
Package pdftex.def Info: /home/fei/Desktop/datadata/task0/data/synthesizedBBR_d
atalink_delay_run2.png  used on input line 431.
(pdftex.def)             Requested size: 345.0pt x 196.61899pt.
 [27 </home/fei/Desktop/datadata/task0/data/synthesizedBBR_datalink_throughput_
run2.png> </home/fei/Desktop/datadata/task0/data/synthesizedBBR_datalink_delay_
run2.png>] [28]
</home/fei/Desktop/datadata/task0/data/synthesizedBBR_datalink_throughput_run3.
png, id=249, 749.4399pt x 440.847pt>
File: /home/fei/Desktop/datadata/task0/data/synthesizedBBR_datalink_throughput_
run3.png Graphic file (type png)
<use /home/fei/Desktop/datadata/task0/data/synthesizedBBR_datalink_throughput_r
un3.png>
Package pdftex.def Info: /home/fei/Desktop/datadata/task0/data/synthesizedBBR_d
atalink_throughput_run3.png  used on input line 458.
(pdftex.def)             Requested size: 345.0pt x 202.94006pt.
</home/fei/Desktop/datadata/task0/data/synthesizedBBR_datalink_delay_run3.png, 
id=250, 749.4399pt x 427.1157pt>
File: /home/fei/Desktop/datadata/task0/data/synthesizedBBR_datalink_delay_run3.
png Graphic file (type png)
<use /home/fei/Desktop/datadata/task0/data/synthesizedBBR_datalink_delay_run3.p
ng>
Package pdftex.def Info: /home/fei/Desktop/datadata/task0/data/synthesizedBBR_d
atalink_delay_run3.png  used on input line 460.
(pdftex.def)             Requested size: 345.0pt x 196.61899pt.

[29 </home/fei/Desktop/datadata/task0/data/synthesizedBBR_datalink_throughput_r
un3.png> </home/fei/Desktop/datadata/task0/data/synthesizedBBR_datalink_delay_r
un3.png>] [30]
</home/fei/Desktop/datadata/task0/data/synthesizedBBR_datalink_throughput_run4.
png, id=259, 749.4399pt x 440.847pt>
File: /home/fei/Desktop/datadata/task0/data/synthesizedBBR_datalink_throughput_
run4.png Graphic file (type png)
<use /home/fei/Desktop/datadata/task0/data/synthesizedBBR_datalink_throughput_r
un4.png>
Package pdftex.def Info: /home/fei/Desktop/datadata/task0/data/synthesizedBBR_d
atalink_throughput_run4.png  used on input line 487.
(pdftex.def)             Requested size: 345.0pt x 202.94006pt.
</home/fei/Desktop/datadata/task0/data/synthesizedBBR_datalink_delay_run4.png, 
id=260, 749.4399pt x 427.1157pt>
File: /home/fei/Desktop/datadata/task0/data/synthesizedBBR_datalink_delay_run4.
png Graphic file (type png)
<use /home/fei/Desktop/datadata/task0/data/synthesizedBBR_datalink_delay_run4.p
ng>
Package pdftex.def Info: /home/fei/Desktop/datadata/task0/data/synthesizedBBR_d
atalink_delay_run4.png  used on input line 489.
(pdftex.def)             Requested size: 345.0pt x 196.61899pt.
 [31 </home/fei/Desktop/datadata/task0/data/synthesizedBBR_datalink_throughput_
run4.png> </home/fei/Desktop/datadata/task0/data/synthesizedBBR_datalink_delay_
run4.png>] [32]
</home/fei/Desktop/datadata/task0/data/synthesizedBBR_datalink_throughput_run5.
png, id=270, 749.4399pt x 440.847pt>
File: /home/fei/Desktop/datadata/task0/data/synthesizedBBR_datalink_throughput_
run5.png Graphic file (type png)
<use /home/fei/Desktop/datadata/task0/data/synthesizedBBR_datalink_throughput_r
un5.png>
Package pdftex.def Info: /home/fei/Desktop/datadata/task0/data/synthesizedBBR_d
atalink_throughput_run5.png  used on input line 516.
(pdftex.def)             Requested size: 345.0pt x 202.94006pt.
</home/fei/Desktop/datadata/task0/data/synthesizedBBR_datalink_delay_run5.png, 
id=271, 740.0448pt x 427.1157pt>
File: /home/fei/Desktop/datadata/task0/data/synthesizedBBR_datalink_delay_run5.
png Graphic file (type png)
<use /home/fei/Desktop/datadata/task0/data/synthesizedBBR_datalink_delay_run5.p
ng>
Package pdftex.def Info: /home/fei/Desktop/datadata/task0/data/synthesizedBBR_d
atalink_delay_run5.png  used on input line 518.
(pdftex.def)             Requested size: 345.0pt x 199.11508pt.
 [33 </home/fei/Desktop/datadata/task0/data/synthesizedBBR_datalink_throughput_
run5.png> </home/fei/Desktop/datadata/task0/data/synthesizedBBR_datalink_delay_
run5.png>]
(./pantheon_report_9c0f7688-eb63-4043-897e-82e001084f5f.aux) ) 
Here is how much of TeX's memory you used:
 3503 strings out of 494923
 59480 string characters out of 6180741
 104880 words of memory out of 5000000
 6746 multiletter control sequences out of 15000+600000
 4423 words of font info for 17 fonts, out of 8000000 for 9000
 14 hyphenation exceptions out of 8191
 41i,8n,39p,342b,231s stack positions out of 5000i,500n,10000p,200000b,80000s
</usr/share/texli
ve/texmf-dist/fonts/type1/public/amsfonts/cm/cmbx12.pfb></usr/share/texlive/tex
mf-dist/fonts/type1/public/amsfonts/cm/cmr10.pfb></usr/share/texlive/texmf-dist
/fonts/type1/public/amsfonts/cm/cmtt10.pfb>
Output written on pantheon_report_9c0f7688-eb63-4043-897e-82e001084f5f.pdf (33 
pages, 2205918 bytes).
PDF statistics:
 289 PDF objects out of 1000 (max. 8388607)
 95 compressed objects within 1 object stream
 0 named destinations out of 1000 (max. 500000)
 161 words of extra memory for PDF output out of 10000 (max. 10000000)

