# mahimahi mm-link (Uplink) [/usr/share/mahimahi/traces/ATT-LTE-driving-2016.up] > /home/salma/pantheon/ATTDrivingLTE/scream_mm_datalink_run1.log
# command line: 'mm-link' '/usr/share/mahimahi/traces/ATT-LTE-driving-2016.up' '/usr/share/mahimahi/traces/ATT-LTE-driving-2016.down' '--uplink-log=/home/salma/pantheon/ATTDrivingLTE/scream_mm_datalink_run1.log' '--downlink-log=/home/salma/pantheon/ATTDrivingLTE/scream_mm_acklink_run1.log' 'python' '/home/salma/pantheon/src/experiments/tunnel_manager.py'
# queue: infinite
# init timestamp: 1564582879940
# base timestamp: 39
# mahimahi config: [delay 20 ms] 
39 # 1504
42 + 80
42 + 52
42 + 80
87 # 1504
87 - 80 45
87 - 52 45
87 - 80 45
90 + 80
96 # 1504
96 - 80 6
96 # 1504
97 # 1504
97 # 1504
97 # 1504
97 # 1504
99 # 1504
99 # 1504
99 # 1504
99 # 1504
100 # 1504
101 # 1504
101 # 1504
101 # 1504
102 # 1504
102 # 1504
102 # 1504
102 # 1504
103 # 1504
105 # 1504
105 # 1504
105 # 1504
106 # 1504
108 # 1504
110 # 1504
110 # 1504
110 # 1504
111 # 1504
111 # 1504
113 # 1504
115 # 1504
116 # 1504
116 # 1504
118 # 1504
118 # 1504
119 # 1504
119 # 1504
120 # 1504
122 # 1504
122 # 1504
123 # 1504
124 # 1504
134 # 1504
134 # 1504
134 # 1504
134 # 1504
135 # 1504
138 # 1504
138 # 1504
138 # 1504
138 # 1504
138 # 1504
138 # 1504
139 # 1504
139 # 1504
139 # 1504
139 # 1504
140 # 1504
141 # 1504
141 # 1504
141 # 1504
142 # 1504
144 # 1504
144 # 1504
146 # 1504
147 # 1504
147 # 1504
147 # 1504
147 # 1504
149 # 1504
149 # 1504
149 # 1504
159 # 1504
159 # 1504
159 # 1504
159 # 1504
159 # 1504
159 # 1504
159 # 1504
159 # 1504
160 # 1504
160 # 1504
160 # 1504
160 # 1504
161 # 1504
163 # 1504
167 # 1504
167 # 1504
167 # 1504
168 # 1504
169 + 40
170 # 1504
170 - 40 1
170 # 1504
173 # 1504
173 # 1504
182 # 1504
182 # 1504
182 # 1504
182 # 1504
182 # 1504
182 # 1504
182 # 1504
183 # 1504
184 # 1504
184 # 1504
184 # 1504
184 # 1504
185 # 1504
185 # 1504
186 # 1504
187 # 1504
189 # 1504
190 # 1504
190 # 1504
192 # 1504
192 # 1504
192 # 1504
195 # 1504
195 # 1504
196 # 1504
205 # 1504
205 # 1504
205 # 1504
205 # 1504
205 # 1504
205 # 1504
205 # 1504
206 # 1504
207 # 1504
207 # 1504
207 # 1504
207 # 1504
207 # 1504
207 # 1504
208 # 1504
208 # 1504
209 # 1504
210 # 1504
212 # 1504
212 # 1504
213 # 1504
214 # 1504
215 # 1504
215 # 1504
216 # 1504
216 # 1504
227 # 1504
227 # 1504
227 # 1504
227 # 1504
227 # 1504
227 # 1504
227 # 1504
227 # 1504
227 # 1504
227 # 1504
227 # 1504
227 # 1504
227 # 1504
227 # 1504
228 # 1504
230 # 1504
231 # 1504
232 # 1504
232 # 1504
233 # 1504
233 # 1504
234 # 1504
235 # 1504
235 # 1504
235 # 1504
237 # 1504
237 # 1504
238 # 1504
239 # 1504
239 # 1504
239 # 1504
240 # 1504
240 # 1504
241 # 1504
243 # 1504
246 # 1504
246 # 1504
246 # 1504
246 # 1504
246 # 1504
246 + 80
247 # 1504
247 - 80 1
247 # 1504
248 # 1504
249 # 1504
251 # 1504
251 # 1504
251 # 1504
251 # 1504
251 # 1504
253 # 1504
253 # 1504
254 # 1504
255 # 1504
255 # 1504
256 # 1504
256 # 1504
257 # 1504
257 # 1504
259 # 1504
259 # 1504
259 # 1504
260 # 1504
261 # 1504
261 # 1504
265 # 1504
265 # 1504
265 # 1504
265 # 1504
265 # 1504
267 # 1504
267 # 1504
267 # 1504
269 # 1504
269 # 1504
269 # 1504
270 # 1504
271 # 1504
272 # 1504
273 # 1504
273 # 1504
274 # 1504
274 # 1504
275 # 1504
275 # 1504
275 # 1504
275 # 1504
277 # 1504
277 # 1504
278 # 1504
278 # 1504
279 # 1504
279 # 1504
279 # 1504
281 # 1504
281 # 1504
281 # 1504
282 # 1504
282 # 1504
282 # 1504
284 # 1504
286 # 1504
286 # 1504
286 # 1504
286 # 1504
287 # 1504
287 # 1504
288 # 1504
288 # 1504
289 # 1504
289 # 1504
290 # 1504
291 # 1504
291 # 1504
291 # 1504
292 # 1504
293 # 1504
293 # 1504
293 # 1504
296 # 1504
296 # 1504
296 # 1504
296 # 1504
296 # 1504
298 # 1504
298 # 1504
298 # 1504
303 # 1504
303 # 1504
311 # 1504
311 # 1504
311 # 1504
311 # 1504
311 # 1504
314 # 1504
314 # 1504
314 # 1504
314 # 1504
321 # 1504
321 # 1504
323 # 1504
323 # 1504
325 # 1504
327 # 1504
330 # 1504
332 # 1504
336 # 1504
339 # 1504
340 # 1504
350 # 1504
352 # 1504
352 # 1504
353 # 1504
364 # 1504
366 # 1504
369 # 1504
369 # 1504
380 # 1504
384 # 1504
384 # 1504
384 # 1504
385 # 1504
389 # 1504
389 # 1504
392 # 1504
395 # 1504
395 # 1504
395 # 1504
396 # 1504
397 # 1504
399 # 1504
402 # 1504
405 # 1504
407 # 1504
409 # 1504
410 # 1504
421 # 1504
423 # 1504
423 # 1504
427 # 1504
427 # 1504
428 # 1504
428 # 1504
429 # 1504
431 # 1504
432 # 1504
434 # 1504
436 # 1504
436 # 1504
436 # 1504
437 # 1504
439 # 1504
439 # 1504
441 # 1504
445 # 1504
445 # 1504
445 # 1504
445 # 1504
447 # 1504
448 # 1504
448 # 1504
448 # 1504
450 # 1504
452 # 1504
455 # 1504
455 # 1504
455 # 1504
456 # 1504
457 # 1504
459 # 1504
460 # 1504
470 # 1504
473 # 1504
473 # 1504
473 # 1504
475 # 1504
475 # 1504
475 # 1504
477 # 1504
480 # 1504
481 # 1504
482 # 1504
484 # 1504
485 # 1504
485 # 1504
486 # 1504
488 # 1504
488 # 1504
488 # 1504
489 # 1504
499 # 1504
499 # 1504
499 # 1504
499 # 1504
499 # 1504
500 # 1504
500 # 1504
500 # 1504
501 # 1504
503 # 1504
505 # 1504
507 # 1504
508 # 1504
511 # 1504
521 # 1504
521 # 1504
521 # 1504
522 # 1504
522 # 1504
523 # 1504
526 # 1504
527 # 1504
1569 # 1504
1609 # 1504
1611 # 1504
1611 # 1504
1611 # 1504
1611 # 1504
1612 # 1504
1612 # 1504
1613 # 1504
1613 # 1504
1614 # 1504
1615 # 1504
1624 # 1504
1624 # 1504
1624 # 1504
1624 # 1504
1627 # 1504
1627 # 1504
1627 # 1504
1627 # 1504
1627 # 1504
1627 # 1504
1627 # 1504
1627 # 1504
1628 # 1504
1628 # 1504
1628 # 1504
1635 # 1504
1635 # 1504
1635 # 1504
1635 # 1504
1635 # 1504
1635 # 1504
1635 # 1504
1637 # 1504
1637 # 1504
1637 # 1504
1637 # 1504
1637 # 1504
1637 # 1504
1637 # 1504
1637 # 1504
1638 # 1504
1639 # 1504
1649 # 1504
1649 # 1504
1649 # 1504
1649 # 1504
1649 # 1504
1649 # 1504
1651 # 1504
1651 # 1504
1651 # 1504
1651 # 1504
1651 # 1504
1651 # 1504
1651 # 1504
1653 # 1504
1654 # 1504
1655 # 1504
1656 # 1504
1656 # 1504
1658 # 1504
1658 # 1504
1659 # 1504
1661 # 1504
1661 # 1504
1661 # 1504
1662 # 1504
1664 # 1504
1664 # 1504
1664 # 1504
1665 # 1504
1666 # 1504
1666 # 1504
1667 # 1504
1667 # 1504
1677 # 1504
1677 # 1504
1677 # 1504
1677 # 1504
1677 # 1504
1677 # 1504
1679 # 1504
1679 # 1504
1679 # 1504
1679 # 1504
1679 # 1504
1679 # 1504
1679 # 1504
1679 # 1504
1680 # 1504
1681 # 1504
1683 # 1504
1684 # 1504
1685 # 1504
1686 # 1504
1686 # 1504
1687 # 1504
1688 # 1504
1689 # 1504
1689 # 1504
1689 # 1504
1691 # 1504
1691 # 1504
1692 # 1504
1701 # 1504
1701 # 1504
1701 # 1504
1701 # 1504
1701 # 1504
1701 # 1504
1703 # 1504
1703 # 1504
1703 # 1504
1703 # 1504
1703 # 1504
1703 # 1504
1704 # 1504
1704 # 1504
1704 # 1504
1706 # 1504
1706 # 1504
1707 # 1504
1716 # 1504
1716 # 1504
1717 # 1504
1717 # 1504
1717 # 1504
1717 # 1504
1720 # 1504
1720 # 1504
1720 # 1504
1720 # 1504
1720 # 1504
1720 # 1504
1721 # 1504
1721 # 1504
1721 # 1504
1721 # 1504
1723 # 1504
1724 # 1504
1724 # 1504
1726 # 1504
1726 # 1504
1726 # 1504
1727 # 1504
1728 # 1504
1730 # 1504
1730 # 1504
1731 # 1504
1732 # 1504
1733 # 1504
1733 # 1504
1734 # 1504
1734 # 1504
1735 # 1504
1737 # 1504
1737 # 1504
1738 # 1504
1739 # 1504
1745 # 1504
1745 # 1504
1745 # 1504
1756 # 1504
1756 # 1504
1756 # 1504
1759 # 1504
1759 # 1504
1759 # 1504
1759 # 1504
1759 # 1504
1759 # 1504
1759 # 1504
1759 # 1504
1759 # 1504
1759 # 1504
1759 # 1504
1759 # 1504
1759 # 1504
1759 # 1504
1760 # 1504
1760 # 1504
1760 # 1504
1760 # 1504
1760 # 1504
1760 # 1504
1762 # 1504
1769 # 1504
1769 # 1504
1769 # 1504
1769 # 1504
1769 # 1504
1769 # 1504
1769 # 1504
1770 # 1504
1770 # 1504
1770 # 1504
1771 # 1504
1771 # 1504
1771 # 1504
1780 # 1504
1780 # 1504
1780 # 1504
1780 # 1504
1780 # 1504
1780 # 1504
1780 # 1504
1782 # 1504
1782 # 1504
1782 # 1504
1782 # 1504
1782 # 1504
1782 # 1504
1782 # 1504
1783 # 1504
1783 # 1504
1783 # 1504
1785 # 1504
1785 # 1504
1785 # 1504
1786 # 1504
1786 # 1504
1788 # 1504
1789 # 1504
1789 # 1504
1790 # 1504
1790 # 1504
1791 # 1504
1791 # 1504
1791 # 1504
1794 # 1504
1797 # 1504
1797 # 1504
1799 # 1504
1799 # 1504
1799 # 1504
1799 # 1504
1799 # 1504
1799 # 1504
1799 # 1504
1802 # 1504
1802 # 1504
1802 # 1504
1802 # 1504
1802 # 1504
1804 # 1504
1804 # 1504
1804 # 1504
1805 # 1504
1805 # 1504
1807 # 1504
1808 # 1504
1810 # 1504
1810 # 1504
1810 # 1504
1810 # 1504
1810 # 1504
1811 # 1504
1811 # 1504
1812 # 1504
1812 # 1504
1813 # 1504
1813 # 1504
1814 # 1504
1814 # 1504
1814 # 1504
1816 # 1504
1817 # 1504
1818 # 1504
1818 # 1504
1820 # 1504
1820 # 1504
1820 # 1504
1820 # 1504
1820 # 1504
1820 # 1504
1821 # 1504
1821 # 1504
1824 # 1504
1825 # 1504
1825 # 1504
1825 # 1504
1826 # 1504
1834 # 1504
1834 # 1504
1834 # 1504
1836 # 1504
1836 # 1504
1836 # 1504
1836 # 1504
1836 # 1504
1836 # 1504
1836 # 1504
1836 # 1504
1836 # 1504
1838 # 1504
1838 # 1504
1838 # 1504
1838 # 1504
1838 # 1504
1841 # 1504
1842 # 1504
1845 # 1504
1848 # 1504
1848 # 1504
1851 # 1504
1855 # 1504
1859 # 1504
1859 # 1504
1869 # 1504
1869 # 1504
1874 # 1504
1875 # 1504
1875 # 1504
1875 # 1504
1877 # 1504
1877 # 1504
1882 # 1504
1891 # 1504
1891 # 1504
1892 # 1504
1892 # 1504
1892 # 1504
1894 # 1504
1894 # 1504
1895 # 1504
1897 # 1504
1898 # 1504
1899 # 1504
1899 # 1504
1900 # 1504
1901 # 1504
1902 # 1504
1904 # 1504
1906 # 1504
1907 # 1504
1907 # 1504
1908 # 1504
1909 # 1504
1909 # 1504
1909 # 1504
1911 # 1504
1911 # 1504
1912 # 1504
1913 # 1504
1913 # 1504
1915 # 1504
1916 # 1504
1926 # 1504
1926 # 1504
1926 # 1504
1929 # 1504
1929 # 1504
1929 # 1504
1929 # 1504
1929 # 1504
1929 # 1504
1929 # 1504
1931 # 1504
1931 # 1504
1931 # 1504
1931 # 1504
1931 # 1504
1933 # 1504
1933 # 1504
1934 # 1504
1934 # 1504
1934 # 1504
1935 # 1504
1935 # 1504
1937 # 1504
1937 # 1504
1937 # 1504
1938 # 1504
1938 # 1504
1938 # 1504
1940 # 1504
1940 # 1504
1940 # 1504
1941 # 1504
1943 # 1504
1943 # 1504
1943 # 1504
1945 # 1504
1945 # 1504
1945 # 1504
1945 # 1504
1945 # 1504
1956 # 1504
1956 # 1504
1956 # 1504
1956 # 1504
1957 # 1504
1957 # 1504
1961 # 1504
1961 # 1504
1961 # 1504
1961 # 1504
1961 # 1504
1963 # 1504
1963 # 1504
1963 # 1504
1963 # 1504
1963 # 1504
1963 # 1504
1963 # 1504
1964 # 1504
1964 # 1504
1964 # 1504
1964 # 1504
1966 # 1504
1966 # 1504
1967 # 1504
1969 # 1504
1969 # 1504
1969 # 1504
1970 # 1504
1970 # 1504
1971 # 1504
1971 # 1504
1973 # 1504
1973 # 1504
1974 # 1504
1975 # 1504
1975 # 1504
1976 # 1504
1976 # 1504
1977 # 1504
1978 # 1504
1978 # 1504
1979 # 1504
1989 # 1504
1989 # 1504
1989 # 1504
1989 # 1504
1989 # 1504
1989 # 1504
1989 # 1504
1989 # 1504
1992 # 1504
1992 # 1504
1992 # 1504
1992 # 1504
1992 # 1504
1992 # 1504
1992 # 1504
1992 # 1504
1992 # 1504
1992 # 1504
1994 # 1504
1995 # 1504
1995 # 1504
1996 # 1504
1996 # 1504
1997 # 1504
1997 # 1504
2007 # 1504
2007 # 1504
2007 # 1504
2007 # 1504
2011 # 1504
2011 # 1504
2012 # 1504
2013 # 1504
2013 # 1504
2013 # 1504
2013 # 1504
2013 # 1504
2013 # 1504
2013 # 1504
2014 # 1504
2015 # 1504
2015 # 1504
2015 # 1504
2015 # 1504
2016 # 1504
2018 # 1504
2019 # 1504
2019 # 1504
2019 # 1504
2019 # 1504
2021 # 1504
2021 # 1504
2021 # 1504
2023 # 1504
2023 # 1504
2023 # 1504
2024 # 1504
2024 # 1504
2026 # 1504
2027 # 1504
2027 # 1504
2027 # 1504
2030 # 1504
2030 # 1504
2030 # 1504
2030 # 1504
2030 # 1504
2032 # 1504
2032 # 1504
2033 # 1504
2033 # 1504
2034 # 1504
2034 # 1504
2035 # 1504
2035 # 1504
2035 # 1504
2037 # 1504
2037 # 1504
2038 # 1504
2038 # 1504
2038 # 1504
2039 # 1504
2049 # 1504
2049 # 1504
2049 # 1504
2049 # 1504
2049 # 1504
2054 # 1504
2054 # 1504
2054 # 1504
2054 # 1504
2054 # 1504
2054 # 1504
2054 # 1504
2054 # 1504
2055 # 1504
2055 # 1504
2055 # 1504
2055 # 1504
2055 # 1504
2055 # 1504
2055 # 1504
2055 # 1504
2055 # 1504
2055 # 1504
2056 # 1504
2056 # 1504
2057 # 1504
2057 # 1504
2066 # 1504
2066 # 1504
2066 # 1504
2066 # 1504
2067 # 1504
2067 # 1504
2067 # 1504
2070 # 1504
2070 # 1504
2070 # 1504
2070 # 1504
2070 # 1504
2070 # 1504
2070 # 1504
2070 # 1504
2070 # 1504
2070 # 1504
2070 # 1504
2079 # 1504
2079 # 1504
2079 # 1504
2079 # 1504
2079 # 1504
2079 # 1504
2079 # 1504
2079 # 1504
2080 # 1504
2080 # 1504
2085 # 1504
2085 # 1504
2085 # 1504
2085 # 1504
2085 # 1504
2086 # 1504
2090 # 1504
2090 # 1504
2090 # 1504
2090 # 1504
2090 # 1504
2090 # 1504
2090 # 1504
2090 # 1504
2090 # 1504
2091 # 1504
2091 # 1504
2091 # 1504
2091 # 1504
2092 # 1504
2101 # 1504
2101 # 1504
2101 # 1504
2101 # 1504
2101 # 1504
2101 # 1504
2101 # 1504
2101 # 1504
2102 # 1504
2102 # 1504
2108 # 1504
2108 # 1504
2108 # 1504
2108 # 1504
2112 # 1504
2112 # 1504
2112 # 1504
2112 # 1504
2112 # 1504
2112 # 1504
2112 # 1504
2112 # 1504
2113 # 1504
2113 # 1504
2113 # 1504
2113 # 1504
2114 # 1504
2115 # 1504
2123 # 1504
2123 # 1504
2124 # 1504
2124 # 1504
2124 # 1504
2124 # 1504
2124 # 1504
2124 # 1504
2130 # 1504
2130 # 1504
2130 # 1504
2133 # 1504
2133 # 1504
2133 # 1504
2133 # 1504
2133 # 1504
2134 # 1504
2134 # 1504
2134 # 1504
2134 # 1504
2135 # 1504
2137 # 1504
2137 # 1504
2138 # 1504
2138 # 1504
2140 # 1504
2140 # 1504
2148 # 1504
2148 # 1504
2150 # 1504
2150 # 1504
2150 # 1504
2150 # 1504
2150 # 1504
2150 # 1504
2150 # 1504
2150 # 1504
2151 # 1504
2151 # 1504
2152 # 1504
2153 # 1504
2154 # 1504
2154 # 1504
2154 # 1504
2164 # 1504
2164 # 1504
2166 # 1504
2166 # 1504
2166 # 1504
2166 # 1504
2167 # 1504
2167 # 1504
2167 # 1504
2175 # 1504
2175 # 1504
2175 # 1504
2175 # 1504
2175 # 1504
2176 # 1504
2176 # 1504
2176 # 1504
2178 # 1504
2178 # 1504
2179 # 1504
2179 # 1504
2181 # 1504
2182 # 1504
2182 # 1504
2182 # 1504
2184 # 1504
2185 # 1504
2186 # 1504
2186 # 1504
2187 # 1504
2189 # 1504
2190 # 1504
2193 # 1504
2193 # 1504
2195 # 1504
2195 # 1504
2197 # 1504
2197 # 1504
2197 # 1504
2198 # 1504
2198 # 1504
2199 # 1504
2201 # 1504
2202 # 1504
2202 # 1504
2203 # 1504
2204 # 1504
2205 # 1504
2207 # 1504
2207 # 1504
2207 # 1504
2210 # 1504
2210 # 1504
2211 # 1504
2211 # 1504
2211 # 1504
2211 # 1504
2213 # 1504
2222 # 1504
2222 # 1504
2222 # 1504
2222 # 1504
2222 # 1504
2222 # 1504
2225 # 1504
2225 # 1504
2225 # 1504
2225 # 1504
2225 # 1504
2225 # 1504
2225 # 1504
2225 # 1504
2225 # 1504
2231 # 1504
2231 # 1504
2231 # 1504
2231 # 1504
2231 # 1504
2231 # 1504
2234 # 1504
2234 # 1504
2234 # 1504
2234 # 1504
2235 # 1504
2235 # 1504
2235 # 1504
2236 # 1504
2236 # 1504
2236 # 1504
2237 # 1504
2237 # 1504
2238 # 1504
2239 # 1504
2240 # 1504
2241 # 1504
2242 # 1504
2242 # 1504
2245 # 1504
2245 # 1504
2246 # 1504
2248 # 1504
2249 # 1504
2250 # 1504
2250 # 1504
2250 # 1504
2251 # 1504
2253 # 1504
2253 # 1504
2255 # 1504
2255 # 1504
2255 # 1504
2255 # 1504
2258 # 1504
2258 # 1504
2259 # 1504
2259 # 1504
2260 # 1504
2261 # 1504
2262 # 1504
2263 # 1504
2264 # 1504
2264 # 1504
2265 # 1504
2265 # 1504
2266 # 1504
2266 # 1504
2267 # 1504
2268 # 1504
2269 # 1504
2271 # 1504
2271 # 1504
2272 # 1504
2273 # 1504
2273 # 1504
2274 # 1504
2275 # 1504
2276 # 1504
2277 # 1504
2277 # 1504
2279 # 1504
2279 # 1504
2281 # 1504
2281 # 1504
2283 # 1504
2283 # 1504
2285 # 1504
2285 # 1504
2294 # 1504
2294 # 1504
2294 # 1504
2298 # 1504
2298 # 1504
2298 # 1504
2302 # 1504
2302 # 1504
2302 # 1504
2302 # 1504
2302 # 1504
2302 # 1504
2302 # 1504
2303 # 1504
2303 # 1504
2303 # 1504
2303 # 1504
2305 # 1504
2305 # 1504
2307 # 1504
2309 # 1504
2311 # 1504
2313 # 1504
2313 # 1504
2313 # 1504
2313 # 1504
2315 # 1504
2316 # 1504
2317 # 1504
2319 # 1504
2320 # 1504
2322 # 1504
2322 # 1504
2330 # 1504
2330 # 1504
2330 # 1504
2330 # 1504
2332 # 1504
2332 # 1504
2332 # 1504
2332 # 1504
2334 # 1504
2335 # 1504
2335 # 1504
2337 # 1504
2337 # 1504
2339 # 1504
2340 # 1504
2340 # 1504
2341 # 1504
2342 # 1504
2343 # 1504
2343 # 1504
2343 # 1504
2355 # 1504
2358 # 1504
2358 # 1504
2358 # 1504
2358 # 1504
2358 # 1504
2358 # 1504
2358 # 1504
2358 # 1504
2358 # 1504
2358 # 1504
2359 # 1504
2359 # 1504
2359 # 1504
2359 # 1504
2359 # 1504
2360 # 1504
2360 # 1504
2360 # 1504
2361 # 1504
2363 # 1504
2373 # 1504
2373 # 1504
2373 # 1504
2373 # 1504
2373 # 1504
2373 # 1504
2374 # 1504
2374 # 1504
2374 # 1504
2374 # 1504
2374 # 1504
2374 # 1504
2376 # 1504
2376 # 1504
2377 # 1504
2377 # 1504
2377 # 1504
2377 # 1504
2377 # 1504
2377 # 1504
2379 # 1504
2380 # 1504
2380 # 1504
2381 # 1504
2382 # 1504
2383 # 1504
2384 # 1504
2384 # 1504
2384 # 1504
2384 # 1504
2385 # 1504
2385 # 1504
2387 # 1504
2387 # 1504
2387 # 1504
2389 # 1504
2389 # 1504
2390 # 1504
2391 # 1504
2391 # 1504
2392 # 1504
2393 # 1504
2394 # 1504
2394 # 1504
2395 # 1504
2395 # 1504
2396 # 1504
2396 # 1504
2397 # 1504
2398 # 1504
2398 # 1504
2399 # 1504
2399 # 1504
2408 # 1504
2408 # 1504
2409 # 1504
2409 # 1504
2409 # 1504
2409 # 1504
2411 # 1504
2411 # 1504
2412 # 1504
2412 # 1504
2412 # 1504
2412 # 1504
2412 # 1504
2413 # 1504
2413 # 1504
2421 # 1504
2421 # 1504
2421 # 1504
2421 # 1504
2421 # 1504
2421 # 1504
2422 # 1504
2422 # 1504
2422 # 1504
2422 # 1504
2422 # 1504
2422 # 1504
2424 # 1504
2424 # 1504
2425 # 1504
2425 # 1504
2425 # 1504
2426 # 1504
2427 # 1504
2428 # 1504
2428 # 1504
2441 # 1504
2441 # 1504
2441 # 1504
2441 # 1504
2444 # 1504
2444 # 1504
2444 # 1504
2444 # 1504
2444 # 1504
2444 # 1504
2444 # 1504
2447 # 1504
2447 # 1504
2447 # 1504
2447 # 1504
2447 # 1504
2458 # 1504
2458 # 1504
2458 # 1504
2458 # 1504
2458 # 1504
2458 # 1504
2458 # 1504
2459 # 1504
2459 # 1504
2459 # 1504
2459 # 1504
2459 # 1504
2459 # 1504
2459 # 1504
2460 # 1504
2460 # 1504
2460 # 1504
2460 # 1504
2460 # 1504
2460 # 1504
2460 # 1504
2460 # 1504
2461 # 1504
2461 # 1504
2463 # 1504
2463 # 1504
2463 # 1504
2463 # 1504
2465 # 1504
2465 # 1504
2465 # 1504
2467 # 1504
2467 # 1504
2468 # 1504
2469 # 1504
2469 # 1504
2469 # 1504
2471 # 1504
2472 # 1504
2473 # 1504
2473 # 1504
2473 # 1504
2474 # 1504
2475 # 1504
2476 # 1504
2477 # 1504
2477 # 1504
2478 # 1504
2488 # 1504
2488 # 1504
2488 # 1504
2489 # 1504
2489 # 1504
2489 # 1504
2489 # 1504
2490 # 1504
2490 # 1504
2490 # 1504
2490 # 1504
2490 # 1504
2491 # 1504
2491 # 1504
2492 # 1504
2493 # 1504
2503 # 1504
2503 # 1504
2503 # 1504
2505 # 1504
2505 # 1504
2505 # 1504
2507 # 1504
2507 # 1504
2507 # 1504
2507 # 1504
2507 # 1504
2507 # 1504
2507 # 1504
2507 # 1504
2508 # 1504
2509 # 1504
2509 # 1504
2509 # 1504
2510 # 1504
2513 # 1504
2513 # 1504
2513 # 1504
2514 # 1504
2516 # 1504
2516 # 1504
2516 # 1504
2519 # 1504
2519 # 1504
2519 # 1504
2519 # 1504
2521 # 1504
2521 # 1504
2530 # 1504
2530 # 1504
2530 # 1504
2530 # 1504
2532 # 1504
2532 # 1504
2532 # 1504
2532 # 1504
2535 # 1504
2535 # 1504
2535 # 1504
2535 # 1504
2536 # 1504
2536 # 1504
2536 # 1504
2541 # 1504
2541 # 1504
2541 # 1504
2541 # 1504
2541 # 1504
2547 # 1504
2547 # 1504
2547 # 1504
2547 # 1504
2547 # 1504
2547 # 1504
2548 # 1504
2548 # 1504
2548 # 1504
2549 # 1504
2549 # 1504
2550 # 1504
2550 # 1504
2552 # 1504
2554 # 1504
2554 # 1504
2571 # 1504
2571 # 1504
2571 # 1504
2571 # 1504
2571 # 1504
2571 # 1504
2572 # 1504
2572 # 1504
2572 # 1504
2572 # 1504
2572 # 1504
2572 # 1504
2575 # 1504
2575 # 1504
2575 # 1504
2575 # 1504
2575 # 1504
2575 # 1504
2576 # 1504
2576 # 1504
2576 # 1504
2576 # 1504
2583 # 1504
2583 # 1504
2583 # 1504
2583 # 1504
2583 # 1504
2583 # 1504
2584 # 1504
2584 # 1504
2585 # 1504
2585 # 1504
2585 # 1504
2586 # 1504
2586 # 1504
2586 # 1504
2588 # 1504
2589 # 1504
2589 # 1504
2589 # 1504
2590 # 1504
2593 # 1504
2595 # 1504
2595 # 1504
2596 # 1504
2599 # 1504
2599 # 1504
2600 # 1504
2610 # 1504
2610 # 1504
2610 # 1504
2610 # 1504
2610 # 1504
2611 # 1504
2611 # 1504
2611 # 1504
2611 # 1504
2611 # 1504
2619 # 1504
2619 # 1504
2619 # 1504
2621 # 1504
2621 # 1504
2621 # 1504
2621 # 1504
2621 # 1504
2622 # 1504
2622 # 1504
2622 # 1504
2623 # 1504
2633 # 1504
2633 # 1504
2633 # 1504
2633 # 1504
2633 # 1504
2633 # 1504
2634 # 1504
2634 # 1504
2634 # 1504
2635 # 1504
2636 # 1504
2637 # 1504
2638 # 1504
2638 # 1504
2640 # 1504
2640 # 1504
2641 # 1504
2644 # 1504
2645 # 1504
2646 # 1504
2647 # 1504
2648 # 1504
2650 # 1504
2652 # 1504
2653 # 1504
2662 # 1504
2662 # 1504
2662 # 1504
2664 # 1504
2664 # 1504
2664 # 1504
2665 # 1504
2665 # 1504
2667 # 1504
2667 # 1504
2667 # 1504
2667 # 1504
2668 # 1504
2670 # 1504
2670 # 1504
2670 # 1504
2672 # 1504
2673 # 1504
2683 # 1504
2683 # 1504
2686 # 1504
2686 # 1504
2686 # 1504
2686 # 1504
2686 # 1504
2690 # 1504
2690 # 1504
2690 # 1504
2690 # 1504
2690 # 1504
2691 # 1504
2692 # 1504
2693 # 1504
2694 # 1504
2694 # 1504
2697 # 1504
2699 # 1504
2700 # 1504
2700 # 1504
2700 # 1504
2700 # 1504
2702 # 1504
2703 # 1504
2704 # 1504
2704 # 1504
2707 # 1504
2708 # 1504
2709 # 1504
2709 # 1504
2711 # 1504
2711 # 1504
2713 # 1504
2714 # 1504
2714 # 1504
2715 # 1504
2718 # 1504
2718 # 1504
2727 # 1504
2727 # 1504
2729 # 1504
2729 # 1504
2729 # 1504
2729 # 1504
2729 # 1504
2729 # 1504
2737 # 1504
2737 # 1504
2737 # 1504
2737 # 1504
2739 # 1504
2739 # 1504
2739 # 1504
2739 # 1504
2741 # 1504
2741 # 1504
2742 # 1504
2744 # 1504
2745 # 1504
2746 # 1504
2748 # 1504
2748 # 1504
2751 # 1504
2751 # 1504
2751 # 1504
2751 # 1504
2753 # 1504
2754 # 1504
2763 # 1504
2763 # 1504
2764 # 1504
2764 # 1504
2766 # 1504
2766 # 1504
2766 # 1504
2766 # 1504
2766 # 1504
2766 # 1504
2767 # 1504
2775 # 1504
2775 # 1504
2775 # 1504
2775 # 1504
2775 # 1504
2780 # 1504
2780 # 1504
2780 # 1504
2780 # 1504
2781 # 1504
2782 # 1504
2782 # 1504
2782 # 1504
2783 # 1504
2784 # 1504
2784 # 1504
2784 # 1504
2784 # 1504
2784 # 1504
2784 # 1504
2786 # 1504
2786 # 1504
2786 # 1504
2787 # 1504
2788 # 1504
2788 # 1504
2789 # 1504
2789 # 1504
2791 # 1504
2791 # 1504
2791 # 1504
2792 # 1504
2794 # 1504
2795 # 1504
2795 # 1504
2796 # 1504
2797 # 1504
2800 # 1504
2809 # 1504
2810 # 1504
2811 # 1504
2811 # 1504
2811 # 1504
2811 # 1504
2811 # 1504
2812 # 1504
2812 # 1504
2812 # 1504
2812 # 1504
2813 # 1504
2815 # 1504
2815 # 1504
2815 # 1504
2816 # 1504
2817 # 1504
2817 # 1504
2818 # 1504
2819 # 1504
2819 # 1504
2820 # 1504
2821 # 1504
2822 # 1504
2822 # 1504
2823 # 1504
2823 # 1504
2823 # 1504
2823 # 1504
2824 # 1504
2824 # 1504
2824 # 1504
2826 # 1504
2827 # 1504
2827 # 1504
2827 # 1504
2836 # 1504
2836 # 1504
2836 # 1504
2836 # 1504
2836 # 1504
2836 # 1504
2836 # 1504
2836 # 1504
2836 # 1504
2836 # 1504
2836 # 1504
2837 # 1504
2837 # 1504
2837 # 1504
2838 # 1504
2838 # 1504
2838 # 1504
2838 # 1504
2847 # 1504
2847 # 1504
2847 # 1504
2847 # 1504
2847 # 1504
2847 # 1504
2847 # 1504
2847 # 1504
2847 # 1504
2847 # 1504
2848 # 1504
2848 # 1504
2850 # 1504
2850 # 1504
2852 # 1504
2852 # 1504
2852 # 1504
2852 # 1504
2852 # 1504
2852 # 1504
2852 # 1504
2852 # 1504
2852 # 1504
2852 # 1504
2853 # 1504
2853 # 1504
2853 # 1504
2855 # 1504
2855 # 1504
2858 # 1504
2858 # 1504
2860 # 1504
2860 # 1504
2860 # 1504
2862 # 1504
2863 # 1504
2864 # 1504
2865 # 1504
2866 # 1504
2866 # 1504
2867 # 1504
2867 # 1504
2868 # 1504
2869 # 1504
2870 # 1504
2870 # 1504
2870 # 1504
2879 # 1504
2880 # 1504
2880 # 1504
2880 # 1504
2880 # 1504
2888 # 1504
2888 # 1504
2888 # 1504
2888 # 1504
2889 # 1504
2889 # 1504
2889 # 1504
2889 # 1504
2889 # 1504
2890 # 1504
2890 # 1504
2890 # 1504
2892 # 1504
2893 # 1504
2894 # 1504
2894 # 1504
2895 # 1504
2896 # 1504
2906 # 1504
2906 # 1504
2906 # 1504
2906 # 1504
2906 # 1504
2906 # 1504
2906 # 1504
2907 # 1504
2908 # 1504
2908 # 1504
2908 # 1504
2908 # 1504
2908 # 1504
2908 # 1504
2908 # 1504
2916 # 1504
2917 # 1504
2917 # 1504
2917 # 1504
2917 # 1504
2919 # 1504
2919 # 1504
2919 # 1504
2919 # 1504
2931 # 1504
2931 # 1504
2931 # 1504
2931 # 1504
2931 # 1504
2931 # 1504
2931 # 1504
2931 # 1504
2932 # 1504
2932 # 1504
2934 # 1504
2934 # 1504
2935 # 1504
2937 # 1504
2939 # 1504
2950 # 1504
2950 # 1504
2950 # 1504
2950 # 1504
2954 # 1504
2955 # 1504
2955 # 1504
2955 # 1504
2957 # 1504
2959 # 1504
2961 # 1504
2961 # 1504
2962 # 1504
2964 # 1504
2973 # 1504
2973 # 1504
2976 # 1504
2976 # 1504
2976 # 1504
2978 # 1504
2983 # 1504
2983 # 1504
2983 # 1504
2983 # 1504
2983 # 1504
2983 # 1504
2985 # 1504
2985 # 1504
2988 # 1504
2989 # 1504
2992 # 1504
2992 # 1504
2995 # 1504
2995 # 1504
2997 # 1504
2997 # 1504
3000 # 1504
3000 # 1504
3002 # 1504
3003 # 1504
3004 # 1504
3007 # 1504
3008 # 1504
3008 # 1504
3010 # 1504
3012 # 1504
3013 # 1504
3014 # 1504
3015 # 1504
3017 # 1504
3020 # 1504
3021 # 1504
3021 # 1504
3022 # 1504
3024 # 1504
3026 # 1504
3026 # 1504
3027 # 1504
3028 # 1504
3028 # 1504
3029 # 1504
3031 # 1504
3033 # 1504
3042 # 1504
3042 # 1504
3042 # 1504
3042 # 1504
3042 # 1504
3046 # 1504
3046 # 1504
3046 # 1504
3286 + 1140
3326 + 1106
3366 + 1155
3606 + 1197
3846 + 1253
4086 + 1158
4326 + 1109
4418 + 52
4566 + 99
4806 + 401
5046 + 388
5267 # 1504
5267 - 1140 1981
5286 + 400
5317 # 1504
5317 - 1106 1991
5325 # 1504
5325 - 1155 1959
5325 # 1504
5325 - 1197 1719
5325 - 1253 1479
5327 # 1504
5327 - 1158 1241
5327 # 1504
5327 - 1109 1001
5327 - 52 909
5327 - 99 761
5327 - 401 521
5327 # 1504
5327 - 388 281
5327 - 400 41
5327 # 1504
5327 # 1504
5330 # 1504
5330 # 1504
5331 # 1504
5331 # 1504
5331 # 1504
5331 # 1504
5331 # 1504
5331 # 1504
5331 # 1504
5334 # 1504
5336 # 1504
5338 # 1504
5338 # 1504
5340 # 1504
5342 # 1504
5344 # 1504
5346 # 1504
5347 # 1504
5348 # 1504
5349 # 1504
5350 # 1504
5351 # 1504
5354 # 1504
5355 # 1504
5355 # 1504
5357 # 1504
5357 # 1504
5358 # 1504
5359 # 1504
5360 # 1504
5361 # 1504
5363 # 1504
5364 # 1504
5365 # 1504
5367 # 1504
5368 # 1504
5370 # 1504
5371 # 1504
5372 + 401
5373 # 1504
5373 - 401 1
5374 # 1504
5377 # 1504
5379 # 1504
5379 # 1504
5382 # 1504
5384 # 1504
5384 # 1504
5385 # 1504
5387 # 1504
5388 # 1504
5389 # 1504
5392 # 1504
5393 # 1504
5394 # 1504
5394 # 1504
5395 # 1504
5397 # 1504
5398 # 1504
5400 # 1504
5400 # 1504
5401 # 1504
5402 # 1504
5403 # 1504
5404 # 1504
5406 # 1504
5406 # 1504
5406 + 400
5409 # 1504
5409 - 400 3
5410 # 1504
5410 # 1504
5413 # 1504
5413 # 1504
5415 # 1504
5415 + 430
5416 # 1504
5416 - 430 1
5418 # 1504
5418 # 1504
5419 # 1504
5421 # 1504
5422 # 1504
5423 # 1504
5424 # 1504
5425 # 1504
5427 # 1504
5429 # 1504
5429 # 1504
5431 # 1504
5431 # 1504
5431 # 1504
5432 # 1504
5435 # 1504
5435 # 1504
5435 # 1504
5438 # 1504
5438 # 1504
5438 # 1504
5439 # 1504
5441 # 1504
5443 # 1504
5443 # 1504
5445 # 1504
5446 # 1504
5446 + 411
5452 + 425
5456 # 1504
5456 - 411 10
5456 - 425 4
5456 # 1504
5456 # 1504
5456 # 1504
5456 # 1504
5460 # 1504
5460 # 1504
5460 # 1504
5460 + 423
5469 # 1504
5469 - 423 9
5469 # 1504
5469 # 1504
5472 # 1504
5472 # 1504
5472 # 1504
5472 # 1504
5472 # 1504
5474 # 1504
5474 # 1504
5476 # 1504
5477 # 1504
5477 # 1504
5480 # 1504
5480 # 1504
5481 # 1504
5483 # 1504
5483 # 1504
5483 # 1504
5486 # 1504
5486 + 435
5487 # 1504
5487 - 435 1
5487 # 1504
5488 # 1504
5489 # 1504
5490 # 1504
5491 # 1504
5499 + 422
5500 # 1504
5500 - 422 1
5501 # 1504
5501 # 1504
5501 # 1504
5501 # 1504
5503 # 1504
5503 # 1504
5503 # 1504
5503 # 1504
5503 # 1504
5504 # 1504
5505 # 1504
5506 # 1504
5506 # 1504
5508 # 1504
5508 # 1504
5509 # 1504
5510 # 1504
5512 # 1504
5512 + 441
5512 + 420
5514 # 1504
5514 - 441 2
5514 - 420 2
5515 # 1504
5515 # 1504
5517 # 1504
5517 # 1504
5518 # 1504
5519 # 1504
5521 # 1504
5526 + 407
5530 # 1504
5530 - 407 4
5530 # 1504
5530 # 1504
5530 # 1504
5530 # 1504
5531 + 423
5532 # 1504
5532 - 423 1
5532 # 1504
5537 # 1504
5538 # 1504
5538 # 1504
5538 # 1504
5538 # 1504
5541 # 1504
5541 # 1504
5541 # 1504
5541 # 1504
5543 + 443
5545 # 1504
5545 - 443 2
5545 # 1504
5545 # 1504
5547 # 1504
5547 # 1504
5549 # 1504
5552 # 1504
5552 # 1504
5553 # 1504
5554 # 1504
5557 # 1504
5557 + 408
5559 # 1504
5559 - 408 2
5559 # 1504
5559 # 1504
5562 # 1504
5562 + 432
5566 + 426
5571 # 1504
5571 - 432 9
5571 - 426 5
5571 # 1504
5571 # 1504
5571 # 1504
5571 # 1504
5573 # 1504
5573 # 1504
5573 # 1504
5576 + 395
5577 + 377
5580 # 1504
5580 - 395 4
5580 - 377 3
5580 # 1504
5580 # 1504
5580 # 1504
5583 # 1504
5583 # 1504
5583 # 1504
5587 # 1504
5587 # 1504
5587 # 1504
5587 # 1504
5589 # 1504
5589 # 1504
5589 # 1504
5590 # 1504
5591 # 1504
5593 + 390
5594 # 1504
5594 - 390 1
5594 # 1504
5596 # 1504
5598 # 1504
5598 # 1504
5599 # 1504
5600 # 1504
5601 + 415
5606 + 401
5613 + 374
5614 # 1504
5614 - 415 13
5614 - 401 8
5614 - 374 1
5614 # 1504
5614 # 1504
5614 # 1504
5615 # 1504
5615 # 1504
5618 + 351
5621 # 1504
5621 - 351 3
5621 # 1504
5623 # 1504
5623 # 1504
5623 # 1504
5625 # 1504
5625 # 1504
5625 # 1504
5625 # 1504
5626 # 1504
5626 # 1504
5626 # 1504
5626 + 358
5628 # 1504
5628 - 358 2
5631 # 1504
5633 # 1504
5634 # 1504
5635 # 1504
5637 # 1504
5637 # 1504
5638 # 1504
5641 # 1504
5641 # 1504
5646 + 340
5686 + 338
5726 + 380
5728 # 1504
5728 - 340 82
5728 - 338 42
5728 - 380 2
5766 + 410
5780 # 1504
5780 - 410 14
5795 # 1504
5805 # 1504
5806 + 430
5818 # 1504
5818 - 430 12
5828 # 1504
5829 # 1504
5830 # 1504
5830 # 1504
5846 + 410
5848 # 1504
5848 - 410 2
5848 # 1504
5849 # 1504
5852 # 1504
5852 # 1504
5854 # 1504
5856 # 1504
5866 # 1504
5866 # 1504
5868 # 1504
5869 # 1504
5870 # 1504
5871 # 1504
5873 # 1504
5874 # 1504
5878 # 1504
5879 # 1504
5880 # 1504
5886 + 411
5898 # 1504
5898 - 411 12
5905 # 1504
5919 # 1504
5921 # 1504
5921 # 1504
5921 # 1504
5923 # 1504
5926 # 1504
5926 + 400
5927 # 1504
5927 - 400 1
5930 # 1504
5930 # 1504
5943 # 1504
5943 # 1504
5943 # 1504
5943 # 1504
5957 # 1504
5957 # 1504
5957 # 1504
5957 # 1504
5959 # 1504
5964 # 1504
5966 + 416
5968 # 1504
5968 - 416 2
5969 # 1504
5982 # 1504
5982 # 1504
5982 # 1504
5984 # 1504
5988 # 1504
5994 # 1504
5994 # 1504
6005 # 1504
6006 + 413
6008 # 1504
6008 - 413 2
6009 # 1504
6009 # 1504
6009 # 1504
6012 # 1504
6015 # 1504
6019 # 1504
6021 # 1504
6024 # 1504
6027 # 1504
6037 # 1504
6037 # 1504
6037 # 1504
6037 # 1504
6039 # 1504
6040 # 1504
6042 # 1504
6044 # 1504
6045 # 1504
6046 + 421
6047 # 1504
6047 - 421 1
6057 # 1504
6058 # 1504
6058 # 1504
6058 # 1504
6058 # 1504
6062 # 1504
6065 # 1504
6065 # 1504
6066 # 1504
6066 # 1504
6068 # 1504
6069 # 1504
6072 # 1504
6073 # 1504
6076 # 1504
6076 # 1504
6079 # 1504
6079 # 1504
6079 # 1504
6081 # 1504
6082 # 1504
6083 # 1504
6085 # 1504
6086 + 417
6087 # 1504
6087 - 417 1
6087 # 1504
6095 # 1504
6097 # 1504
6097 # 1504
6097 # 1504
6097 # 1504
6099 # 1504
6099 # 1504
6099 # 1504
6099 # 1504
6099 # 1504
6099 # 1504
6108 # 1504
6109 # 1504
6110 # 1504
6111 # 1504
6111 # 1504
6111 # 1504
6112 # 1504
6112 # 1504
6113 # 1504
6115 # 1504
6117 # 1504
6118 # 1504
6119 # 1504
6120 # 1504
6120 # 1504
6122 # 1504
6124 # 1504
6126 + 385
6130 # 1504
6130 - 385 4
6130 # 1504
6130 # 1504
6130 # 1504
6131 # 1504
6132 # 1504
6135 # 1504
6144 # 1504
6145 # 1504
6146 # 1504
6146 # 1504
6146 # 1504
6146 # 1504
6146 # 1504
6148 # 1504
6149 # 1504
6151 # 1504
6163 # 1504
6163 # 1504
6163 # 1504
6163 # 1504
6163 # 1504
6165 # 1504
6166 # 1504
6166 + 383
6177 # 1504
6177 - 383 11
6177 # 1504
6177 # 1504
6177 # 1504
6187 # 1504
6187 # 1504
6202 # 1504
6205 # 1504
6206 + 412
6207 # 1504
6207 - 412 1
6209 # 1504
6246 + 434
6263 # 1504
6263 - 434 17
6286 + 440
6317 # 1504
6317 - 440 31
6326 + 417
6330 # 1504
6330 - 417 4
6345 # 1504
6346 # 1504
6346 # 1504
6356 # 1504
6356 # 1504
6356 # 1504
6357 # 1504
6357 # 1504
6357 # 1504
6357 # 1504
6360 # 1504
6366 + 428
6370 # 1504
6370 - 428 4
6370 # 1504
6370 # 1504
6370 # 1504
6370 # 1504
6371 # 1504
6371 # 1504
6378 # 1504
6378 # 1504
6379 # 1504
6379 # 1504
6381 # 1504
6381 # 1504
6381 # 1504
6381 # 1504
6383 # 1504
6383 # 1504
6385 # 1504
6387 # 1504
6395 # 1504
6395 # 1504
6395 # 1504
6395 # 1504
6396 # 1504
6396 # 1504
6396 # 1504
6399 # 1504
6402 # 1504
6402 # 1504
6404 # 1504
6404 # 1504
6406 + 430
6408 # 1504
6408 - 430 2
6416 # 1504
6417 # 1504
6417 # 1504
6417 # 1504
6417 # 1504
6417 # 1504
6418 # 1504
6419 # 1504
6419 # 1504
6429 # 1504
6429 # 1504
6429 # 1504
6429 # 1504
6430 # 1504
6430 # 1504
6430 # 1504
6431 # 1504
6432 # 1504
6436 # 1504
6442 # 1504
6444 # 1504
6444 # 1504
6445 # 1504
6446 + 413
6447 # 1504
6447 - 413 1
6450 # 1504
6452 # 1504
6452 # 1504
6452 # 1504
6453 # 1504
6455 # 1504
6455 # 1504
6456 # 1504
6458 # 1504
6468 # 1504
6468 # 1504
6468 # 1504
6469 # 1504
6469 # 1504
6469 # 1504
6470 # 1504
6470 # 1504
6470 # 1504
6472 # 1504
6472 # 1504
6483 # 1504
6483 # 1504
6486 # 1504
6486 + 421
6487 # 1504
6487 - 421 1
6487 # 1504
6488 # 1504
6488 # 1504
6488 # 1504
6488 # 1504
6490 # 1504
6491 # 1504
6494 # 1504
6494 # 1504
6495 # 1504
6496 # 1504
6498 # 1504
6502 # 1504
6502 # 1504
6502 # 1504
6502 # 1504
6502 # 1504
6504 # 1504
6505 # 1504
6507 # 1504
6507 # 1504
6509 # 1504
6509 # 1504
6511 # 1504
6511 # 1504
6512 # 1504
6514 # 1504
6515 # 1504
6515 # 1504
6516 # 1504
6517 # 1504
6518 # 1504
6519 # 1504
6520 # 1504
6521 # 1504
6523 # 1504
6524 # 1504
6525 # 1504
6525 # 1504
6526 + 394
6527 # 1504
6527 - 394 1
6528 # 1504
6528 # 1504
6529 # 1504
6530 # 1504
6540 # 1504
6540 # 1504
6540 # 1504
6540 # 1504
6541 # 1504
6541 # 1504
6549 # 1504
6549 # 1504
6549 # 1504
6549 # 1504
6550 # 1504
6550 # 1504
6550 # 1504
6550 # 1504
6550 # 1504
6552 # 1504
6552 # 1504
6554 # 1504
6555 # 1504
6555 # 1504
6555 # 1504
6557 # 1504
6558 # 1504
6566 + 390
6606 + 412
6646 + 427
6658 # 1504
6658 - 390 92
6658 - 412 52
6658 - 427 12
6658 # 1504
6658 # 1504
6659 # 1504
6661 # 1504
6665 # 1504
6669 # 1504
6686 # 1504
6686 + 407
6691 # 1504
6691 - 407 5
6705 # 1504
6705 # 1504
6705 # 1504
6706 # 1504
6706 # 1504
6706 # 1504
6716 # 1504
6726 + 388
6733 # 1504
6733 - 388 7
6735 # 1504
6738 # 1504
6742 # 1504
6742 # 1504
6756 # 1504
6766 + 411
6768 # 1504
6768 - 411 2
6771 # 1504
6772 # 1504
6774 # 1504
6774 # 1504
6776 # 1504
6780 # 1504
6789 # 1504
6790 # 1504
6790 # 1504
6790 # 1504
6790 # 1504
6797 # 1504
6797 # 1504
6806 + 398
6810 # 1504
6810 - 398 4
6810 # 1504
6811 # 1504
6811 # 1504
6814 # 1504
6817 # 1504
6818 # 1504
6819 # 1504
6820 # 1504
6821 # 1504
6822 # 1504
6823 # 1504
6825 # 1504
6825 # 1504
6836 # 1504
6836 # 1504
6836 # 1504
6836 # 1504
6836 # 1504
6836 # 1504
6837 # 1504
6840 # 1504
6841 # 1504
6846 + 407
6847 # 1504
6847 - 407 1
6847 # 1504
6848 # 1504
6848 # 1504
6850 # 1504
6850 # 1504
6852 # 1504
6861 # 1504
6861 # 1504
6862 # 1504
6862 # 1504
6865 # 1504
6865 # 1504
6866 # 1504
6870 # 1504
6877 # 1504
6877 # 1504
6878 # 1504
6881 # 1504
6881 # 1504
6882 # 1504
6884 # 1504
6884 # 1504
6885 # 1504
6886 + 432
6887 # 1504
6887 - 432 1
6888 # 1504
6888 # 1504
6892 # 1504
6892 # 1504
6892 # 1504
6893 # 1504
6895 # 1504
6895 # 1504
6898 # 1504
6898 # 1504
6898 # 1504
6899 # 1504
6901 # 1504
6901 # 1504
6902 # 1504
6904 # 1504
6905 # 1504
6906 # 1504
6908 # 1504
6908 # 1504
6910 # 1504
6910 # 1504
6912 # 1504
6913 # 1504
6913 # 1504
6923 # 1504
6924 # 1504
6926 # 1504
6926 # 1504
6926 + 429
6928 # 1504
6928 - 429 2
6928 # 1504
6929 # 1504
6930 # 1504
6932 # 1504
6934 # 1504
6935 # 1504
6936 # 1504
6940 # 1504
6940 # 1504
6940 # 1504
6942 # 1504
6944 # 1504
6947 # 1504
6949 # 1504
6949 # 1504
6950 # 1504
6952 # 1504
6953 # 1504
6955 # 1504
6956 # 1504
6957 # 1504
6959 # 1504
6959 # 1504
6960 # 1504
6961 # 1504
6962 # 1504
6965 # 1504
6966 # 1504
6966 # 1504
6966 + 431
6967 # 1504
6967 - 431 1
6967 # 1504
6969 # 1504
6970 # 1504
6972 # 1504
6973 # 1504
6975 # 1504
6975 # 1504
6976 # 1504
6977 # 1504
6978 # 1504
6980 # 1504
6981 # 1504
6982 # 1504
6983 # 1504
6985 # 1504
6987 # 1504
6987 # 1504
6990 # 1504
7006 + 444
7042 # 1504
7042 - 444 36
7043 # 1504
7046 + 428
7076 # 1504
7076 - 428 30
7086 + 445
7088 # 1504
7088 - 445 2
7096 # 1504
7117 # 1504
7119 # 1504
7126 + 427
7128 # 1504
7128 - 427 2
7129 # 1504
7130 # 1504
7130 # 1504
7130 # 1504
7130 # 1504
7133 # 1504
7136 # 1504
7136 # 1504
7138 # 1504
7150 # 1504
7150 # 1504
7156 # 1504
7156 # 1504
7157 # 1504
7166 + 437
7206 + 436
7246 + 450
7255 # 1504
7255 - 437 89
7255 - 436 49
7255 - 450 9
7277 # 1504
7278 # 1504
7279 # 1504
7282 # 1504
7284 # 1504
7284 # 1504
7284 # 1504
7286 # 1504
7286 # 1504
7286 + 434
7287 # 1504
7287 - 434 1
7290 # 1504
7291 # 1504
7291 # 1504
7292 # 1504
7293 # 1504
7294 # 1504
7296 # 1504
7297 # 1504
7298 # 1504
7299 # 1504
7300 # 1504
7301 # 1504
7303 # 1504
7303 # 1504
7312 # 1504
7313 # 1504
7313 # 1504
7316 # 1504
7316 # 1504
7316 # 1504
7316 # 1504
7316 # 1504
7316 # 1504
7317 # 1504
7318 # 1504
7319 # 1504
7321 # 1504
7322 # 1504
7324 # 1504
7326 # 1504
7326 # 1504
7326 + 408
7327 # 1504
7327 - 408 1
7328 # 1504
7329 # 1504
7340 # 1504
7340 # 1504
7340 # 1504
7340 # 1504
7340 # 1504
7340 # 1504
7340 # 1504
7340 # 1504
7341 # 1504
7341 # 1504
7342 # 1504
7343 # 1504
7345 # 1504
7346 # 1504
7355 # 1504
7355 # 1504
7355 # 1504
7355 # 1504
7355 # 1504
7356 # 1504
7356 # 1504
7356 # 1504
7357 # 1504
7359 # 1504
7360 # 1504
7361 # 1504
7361 # 1504
7363 # 1504
7366 + 429
7372 # 1504
7372 - 429 6
7372 # 1504
7372 # 1504
7374 # 1504
7376 # 1504
7377 # 1504
7377 # 1504
7377 # 1504
7377 # 1504
7380 # 1504
7381 # 1504
7381 # 1504
7382 # 1504
7383 # 1504
7386 # 1504
7387 # 1504
7388 # 1504
7389 # 1504
7392 # 1504
7392 # 1504
7395 # 1504
7395 # 1504
7396 # 1504
7398 # 1504
7398 # 1504
7400 # 1504
7401 # 1504
7404 # 1504
7405 # 1504
7406 + 443
7407 # 1504
7407 - 443 1
7407 # 1504
7409 # 1504
7410 # 1504
7412 # 1504
7412 # 1504
7414 # 1504
7415 # 1504
7418 # 1504
7420 # 1504
7430 # 1504
7430 # 1504
7430 # 1504
7430 # 1504
7430 # 1504
7431 # 1504
7440 # 1504
7440 # 1504
7442 # 1504
7442 # 1504
7442 # 1504
7446 + 410
7448 # 1504
7448 - 410 2
7448 # 1504
7449 # 1504
7456 # 1504
7473 # 1504
7486 # 1504
7486 + 427
7526 + 427
7566 + 412
7606 + 412
7610 # 1504
7610 - 427 124
7610 - 427 84
7610 - 412 44
7610 # 1504
7610 - 412 4
7610 # 1504
7610 # 1504
7610 # 1504
7610 # 1504
7612 # 1504
7612 # 1504
7612 # 1504
7612 # 1504
7613 # 1504
7613 # 1504
7613 # 1504
7615 # 1504
7615 # 1504
7615 # 1504
7617 # 1504
7617 # 1504
7620 # 1504
7620 # 1504
7621 # 1504
7621 # 1504
7621 # 1504
7626 # 1504
7626 # 1504
7630 # 1504
7630 # 1504
7634 # 1504
7641 # 1504
7646 + 393
7667 # 1504
7667 - 393 21
7686 + 406
7708 # 1504
7708 - 406 22
7719 # 1504
7719 # 1504
7726 + 390
7727 # 1504
7727 - 390 1
7735 # 1504
7738 # 1504
7741 # 1504
7742 # 1504
7745 # 1504
7745 # 1504
7745 # 1504
7746 # 1504
7748 # 1504
7749 # 1504
7749 # 1504
7750 # 1504
7752 # 1504
7761 # 1504
7761 # 1504
7762 # 1504
7762 # 1504
7763 # 1504
7766 # 1504
7766 # 1504
7766 # 1504
7766 # 1504
7766 + 385
7767 # 1504
7767 - 385 1
7767 # 1504
7767 # 1504
7776 # 1504
7779 # 1504
7779 # 1504
7779 # 1504
7779 # 1504
7779 # 1504
7780 # 1504
7780 # 1504
7782 # 1504
7782 # 1504
7784 # 1504
7784 # 1504
7784 # 1504
7786 # 1504
7786 # 1504
7788 # 1504
7788 # 1504
7789 # 1504
7792 # 1504
7793 # 1504
7793 # 1504
7794 # 1504
7794 # 1504
7796 # 1504
7796 # 1504
7798 # 1504
7798 # 1504
7800 # 1504
7800 # 1504
7802 # 1504
7802 # 1504
7803 # 1504
7805 # 1504
7806 # 1504
7806 + 367
7807 # 1504
7807 - 367 1
7808 # 1504
7810 # 1504
7811 # 1504
7811 # 1504
7812 # 1504
7813 # 1504
7815 # 1504
7816 # 1504
7817 # 1504
7817 # 1504
7818 # 1504
7819 # 1504
7820 # 1504
7830 # 1504
7831 # 1504
7831 # 1504
7831 # 1504
7831 # 1504
7831 # 1504
7832 # 1504
7833 # 1504
7836 # 1504
7836 # 1504
7836 # 1504
7836 # 1504
7843 # 1504
7843 # 1504
7843 # 1504
7843 # 1504
7844 # 1504
7844 # 1504
7846 # 1504
7846 # 1504
7846 + 354
7848 # 1504
7848 - 354 2
7848 # 1504
7851 # 1504
7851 # 1504
7852 # 1504
7854 # 1504
7854 # 1504
7856 # 1504
7858 # 1504
7858 # 1504
7858 # 1504
7860 # 1504
7860 # 1504
7861 # 1504
7863 # 1504
7863 # 1504
7873 # 1504
7873 # 1504
7873 # 1504
7873 # 1504
7873 # 1504
7874 # 1504
7874 # 1504
7882 # 1504
7884 # 1504
7884 # 1504
7886 + 347
7887 # 1504
7887 - 347 1
7887 # 1504
7887 # 1504
7887 # 1504
7889 # 1504
7889 # 1504
7889 # 1504
7891 # 1504
7893 # 1504
7897 # 1504
7897 # 1504
7906 # 1504
7909 # 1504
7909 # 1504
7909 # 1504
7909 # 1504
7909 # 1504
7909 # 1504
7911 # 1504
7915 # 1504
7916 # 1504
7920 # 1504
7923 # 1504
7925 # 1504
7926 + 359
7930 # 1504
7930 - 359 4
7932 # 1504
7936 # 1504
7936 # 1504
7939 # 1504
7942 # 1504
7943 # 1504
7944 # 1504
7945 # 1504
7948 # 1504
7956 # 1504
7956 # 1504
7956 # 1504
7956 # 1504
7956 # 1504
7958 # 1504
7958 # 1504
7958 # 1504
7958 # 1504
7959 # 1504
7959 # 1504
7960 # 1504
7966 + 362
7972 # 1504
7972 - 362 6
7972 # 1504
7972 # 1504
7972 # 1504
7993 # 1504
7994 # 1504
7999 # 1504
8006 + 347
8013 # 1504
8013 - 347 7
8026 # 1504
8038 # 1504
8046 + 382
8068 # 1504
8068 - 382 22
8081 # 1504
8083 # 1504
8086 + 362
8097 # 1504
8097 - 362 11
8097 # 1504
8097 # 1504
8097 # 1504
8126 + 350
8166 + 359
8206 + 383
8246 + 415
8286 + 439
8326 + 442
8366 + 425
8406 + 435
8446 + 419
8486 + 400
8526 + 383
8566 + 390
8606 + 374
8646 + 357
8686 + 378
8726 + 358
8966 + 383
8997 # 1504
8997 - 350 871
8997 - 359 831
8997 - 383 791
9002 # 1504
9002 - 415 756
9002 - 439 716
9002 - 442 676
9002 - 425 636
9010 # 1504
9010 - 435 604
9010 - 419 564
9010 - 400 524
9010 - 383 484
9022 # 1504
9022 - 390 456
9022 - 374 416
9022 - 357 376
9022 - 378 336
9035 # 1504
9035 - 358 309
9035 - 383 69
9047 # 1504
9056 # 1504
9058 + 365
9072 # 1504
9072 - 365 14
9085 # 1504
9086 + 385
9094 # 1504
9094 - 385 8
9099 # 1504
9120 # 1504
9131 # 1504
9138 # 1504
9140 # 1504
9144 # 1504
9148 + 361
9150 # 1504
9150 - 361 2
9157 # 1504
9159 # 1504
9164 # 1504
9166 + 395
9169 # 1504
9169 - 395 3
9175 # 1504
9179 # 1504
9184 # 1504
9192 + 368
9195 # 1504
9195 - 368 3
9197 # 1504
9199 # 1504
9200 # 1504
9206 + 375
9211 # 1504
9211 - 375 5
9211 # 1504
9212 # 1504
9217 # 1504
9221 + 359
9223 # 1504
9223 - 359 2
9227 # 1504
9237 # 1504
9237 # 1504
9237 # 1504
9237 # 1504
9241 # 1504
9244 + 351
9245 # 1504
9245 - 351 1
9250 # 1504
9255 # 1504
9260 # 1504
9262 # 1504
9265 # 1504
9270 # 1504
9271 + 378
9273 # 1504
9273 - 378 2
9277 # 1504
9280 # 1504
9284 # 1504
9286 + 398
9287 # 1504
9287 - 398 1
9291 # 1504
9292 # 1504
9294 # 1504
9296 # 1504
9298 # 1504
9301 # 1504
9304 # 1504
9306 # 1504
9307 # 1504
9310 # 1504
9313 # 1504
9314 # 1504
9323 # 1504
9323 # 1504
9324 # 1504
9324 + 410
9326 # 1504
9326 - 410 2
9331 # 1504
9335 # 1504
9339 # 1504
9342 # 1504
9346 # 1504
9349 # 1504
9351 # 1504
9354 # 1504
9356 # 1504
9359 # 1504
9361 # 1504
9364 # 1504
9365 # 1504
9366 + 437
9367 # 1504
9367 - 437 1
9370 # 1504
9372 # 1504
9373 # 1504
9376 # 1504
9379 # 1504
9385 # 1504
9387 # 1504
9389 # 1504
9391 # 1504
9392 # 1504
9394 # 1504
9396 # 1504
9398 # 1504
9398 # 1504
9402 # 1504
9403 # 1504
9406 + 438
9407 # 1504
9407 - 438 1
9407 # 1504
9410 # 1504
9414 # 1504
9416 # 1504
9420 # 1504
9421 # 1504
9421 + 448
9424 # 1504
9424 - 448 3
9425 # 1504
9427 # 1504
9429 # 1504
9435 # 1504
9438 # 1504
9441 # 1504
9441 # 1504
9446 + 413
9486 + 386
9526 + 388
9542 + 364
9556 # 1504
9556 - 413 110
9556 - 386 70
9556 - 388 30
9557 # 1504
9557 - 364 15
9560 # 1504
9562 # 1504
9562 # 1504
9564 # 1504
9567 # 1504
9568 # 1504
9569 # 1504
9572 # 1504
9573 # 1504
9575 # 1504
9577 # 1504
9579 # 1504
9580 # 1504
9582 # 1504
9583 # 1504
9586 # 1504
9587 # 1504
9588 # 1504
9588 # 1504
9590 # 1504
9591 # 1504
9592 # 1504
9595 # 1504
9596 # 1504
9598 # 1504
9600 # 1504
9600 # 1504
9603 # 1504
9604 # 1504
9607 # 1504
9608 # 1504
9610 # 1504
9610 # 1504
9613 # 1504
9613 # 1504
9613 # 1504
9614 # 1504
9617 # 1504
9618 # 1504
9618 # 1504
9619 # 1504
9628 # 1504
9628 # 1504
9631 # 1504
9631 # 1504
9634 # 1504
9634 # 1504
9634 # 1504
9635 # 1504
9636 # 1504
9638 # 1504
9640 # 1504
9642 # 1504
9643 # 1504
9645 # 1504
9648 # 1504
9648 # 1504
9649 # 1504
9651 # 1504
9653 # 1504
9654 # 1504
9657 # 1504
9666 # 1504
9666 # 1504
9666 # 1504
9667 # 1504
9667 # 1504
9667 # 1504
9668 # 1504
9671 # 1504
9672 # 1504
9675 # 1504
9676 # 1504
9678 # 1504
9682 # 1504
9684 # 1504
9685 # 1504
9686 # 1504
9686 # 1504
9688 # 1504
9690 # 1504
9690 # 1504
9692 # 1504
9693 # 1504
9693 # 1504
9694 # 1504
9704 # 1504
9704 # 1504
9704 # 1504
9706 # 1504
9706 # 1504
9707 # 1504
9707 # 1504
9710 # 1504
9710 # 1504
9710 # 1504
9710 # 1504
9713 # 1504
9713 # 1504
9713 # 1504
9714 # 1504
9716 # 1504
9724 + 344
9725 # 1504
9725 - 344 1
9728 # 1504
9728 # 1504
9728 # 1504
9728 # 1504
9729 # 1504
9730 # 1504
9733 # 1504
9734 # 1504
9737 # 1504
9737 # 1504
9741 + 336
9746 # 1504
9746 - 336 5
9746 # 1504
9752 # 1504
9752 # 1504
9752 # 1504
9753 # 1504
9753 # 1504
9756 # 1504
9758 # 1504
9760 # 1504
9763 # 1504
9764 # 1504
9766 + 346
9767 # 1504
9767 - 346 1
9769 # 1504
9771 # 1504
9773 # 1504
9776 # 1504
9778 # 1504
9779 # 1504
9781 # 1504
9783 # 1504
9783 + 375
9785 # 1504
9785 - 375 2
9788 # 1504
9788 # 1504
9792 # 1504
9792 # 1504
9794 # 1504
9797 # 1504
9799 # 1504
9801 # 1504
9803 # 1504
9806 # 1504
9806 + 384
9807 # 1504
9807 - 384 1
9808 # 1504
9811 # 1504
9812 # 1504
9815 # 1504
9818 # 1504
9820 # 1504
9829 # 1504
9829 # 1504
9829 # 1504
9830 # 1504
9830 # 1504
9830 # 1504
9831 # 1504
9834 # 1504
9835 # 1504
9837 # 1504
9838 # 1504
9838 + 404
9841 # 1504
9841 - 404 3
9843 # 1504
9844 # 1504
9846 # 1504
9849 # 1504
9849 # 1504
9851 # 1504
9852 # 1504
9855 # 1504
9855 # 1504
9857 # 1504
9857 # 1504
9858 # 1504
9859 # 1504
9860 # 1504
9862 # 1504
9863 # 1504
9865 # 1504
9866 # 1504
9868 # 1504
9868 # 1504
9869 # 1504
9872 # 1504
9880 # 1504
9880 # 1504
9880 # 1504
9884 # 1504
9884 # 1504
9884 # 1504
9884 # 1504
9886 # 1504
9886 # 1504
9886 # 1504
9886 + 375
9896 # 1504
9896 - 375 10
9898 # 1504
9898 # 1504
9898 # 1504
9900 # 1504
9900 # 1504
9905 # 1504
9906 # 1504
9915 # 1504
9915 # 1504
9915 # 1504
9917 # 1504
9926 + 360
9940 + 399
9966 + 381
10006 + 410
10020 + 386
10042 # 1504
10042 - 360 116
10042 - 399 102
10042 - 381 76
10046 + 420
10047 # 1504
10047 - 410 41
10047 - 386 27
10047 - 420 1
10048 # 1504
10050 # 1504
10054 # 1504
10059 # 1504
10070 # 1504
10072 # 1504
10074 # 1504
10075 # 1504
10083 # 1504
10084 # 1504
10086 # 1504
10089 # 1504
10089 + 388
10092 # 1504
10092 - 388 3
10100 # 1504
10101 # 1504
10102 # 1504
10108 # 1504
10110 # 1504
10115 # 1504
10115 # 1504
10121 # 1504
10123 # 1504
10125 # 1504
10126 # 1504
10126 + 412
10128 # 1504
10128 - 412 2
10129 # 1504
10130 # 1504
10130 # 1504
10132 # 1504
10134 # 1504
10135 # 1504
10140 + 383
10143 # 1504
10143 - 383 3
10143 # 1504
10144 # 1504
10145 # 1504
10146 # 1504
10146 # 1504
10149 # 1504
10149 # 1504
10149 # 1504
10149 # 1504
10149 # 1504
10149 # 1504
10152 # 1504
10152 # 1504
10154 # 1504
10154 # 1504
10155 # 1504
10158 # 1504
10159 # 1504
10161 # 1504
10163 # 1504
10164 # 1504
10166 # 1504
10166 + 356
10168 # 1504
10168 - 356 2
10168 # 1504
10170 # 1504
10171 # 1504
10173 # 1504
10177 # 1504
10177 # 1504
10179 # 1504
10180 # 1504
10182 # 1504
10186 # 1504
10186 # 1504
10186 # 1504
10188 # 1504
10189 # 1504
10190 # 1504
10192 # 1504
10193 # 1504
10194 # 1504
10195 # 1504
10196 # 1504
10206 + 389
10207 # 1504
10207 - 389 1
10207 # 1504
10210 # 1504
10210 # 1504
10210 # 1504
10212 # 1504
10212 # 1504
10215 # 1504
10217 # 1504
10218 # 1504
10221 # 1504
10230 # 1504
10231 # 1504
10231 # 1504
10231 # 1504
10232 # 1504
10235 # 1504
10235 # 1504
10237 # 1504
10239 # 1504
10241 # 1504
10242 # 1504
10245 # 1504
10246 + 396
10248 # 1504
10248 - 396 2
10248 # 1504
10250 # 1504
10252 # 1504
10256 # 1504
10258 # 1504
10259 # 1504
10262 # 1504
10263 # 1504
10271 # 1504
10271 # 1504
10275 # 1504
10275 # 1504
10277 # 1504
10277 # 1504
10281 # 1504
10284 # 1504
10286 # 1504
10286 + 377
10288 # 1504
10288 - 377 2
10291 # 1504
10292 # 1504
10295 # 1504
10299 # 1504
10299 # 1504
10300 # 1504
10301 # 1504
10312 # 1504
10312 # 1504
10312 # 1504
10312 # 1504
10314 # 1504
10314 # 1504
10315 # 1504
10317 # 1504
10319 # 1504
10326 + 361
10330 # 1504
10330 - 361 4
10330 # 1504
10330 # 1504
10330 # 1504
10330 # 1504
10332 # 1504
10332 # 1504
10332 # 1504
10332 # 1504
10335 # 1504
10337 # 1504
10338 # 1504
10339 # 1504
10341 # 1504
10351 # 1504
10351 # 1504
10351 # 1504
10351 # 1504
10355 # 1504
10356 # 1504
10358 # 1504
10358 # 1504
10358 # 1504
10358 # 1504
10359 # 1504
10361 # 1504
10363 # 1504
10365 # 1504
10366 + 363
10368 # 1504
10368 - 363 2
10369 # 1504
10371 # 1504
10373 # 1504
10375 # 1504
10378 # 1504
10378 # 1504
10381 # 1504
10383 # 1504
10393 # 1504
10393 # 1504
10395 # 1504
10395 # 1504
10397 # 1504
10397 # 1504
10406 + 396
10435 # 1504
10435 - 396 29
10449 # 1504
10464 # 1504
10466 # 1504
10478 # 1504
10478 # 1504
10478 # 1504
10487 # 1504
10512 # 1504
10520 # 1504
10530 # 1504
10530 # 1504
10533 # 1504
10533 # 1504
10554 # 1504
10566 # 1504
10566 # 1504
10567 # 1504
10583 # 1504
10584 # 1504
10586 # 1504
10591 # 1504
10597 # 1504
10620 # 1504
10629 # 1504
10631 # 1504
10636 # 1504
10637 # 1504
10640 # 1504
10641 # 1504
10643 # 1504
10645 # 1504
10646 + 417
10648 # 1504
10648 - 417 2
10650 # 1504
10651 # 1504
10654 # 1504
10654 # 1504
10664 # 1504
10667 # 1504
10667 # 1504
10668 # 1504
10669 # 1504
10669 # 1504
10671 # 1504
10671 # 1504
10672 # 1504
10676 # 1504
10677 # 1504
10679 # 1504
10681 # 1504
10685 # 1504
10686 # 1504
10687 # 1504
10697 # 1504
10699 # 1504
10699 # 1504
10701 # 1504
10703 # 1504
10705 # 1504
10707 # 1504
10708 # 1504
10710 # 1504
10711 # 1504
10715 # 1504
10715 # 1504
10718 # 1504
10718 # 1504
10720 # 1504
10721 # 1504
10724 # 1504
10725 # 1504
10725 # 1504
10726 # 1504
10727 # 1504
10728 # 1504
10729 # 1504
10739 # 1504
10739 # 1504
10740 # 1504
10743 # 1504
10743 # 1504
10745 # 1504
10745 # 1504
10748 # 1504
10750 # 1504
10752 # 1504
10755 # 1504
10756 # 1504
10758 # 1504
10759 # 1504
10761 # 1504
10762 # 1504
10764 # 1504
10767 # 1504
10768 # 1504
10769 # 1504
10772 # 1504
10774 # 1504
10775 # 1504
10777 # 1504
10779 # 1504
10788 # 1504
10788 # 1504
10790 # 1504
10816 # 1504
10819 # 1504
10821 # 1504
10823 # 1504
10825 # 1504
10828 # 1504
10828 # 1504
10830 # 1504
10831 # 1504
10841 # 1504
10842 # 1504
10886 # 1504
10886 + 405
10917 # 1504
10917 - 405 31
10918 # 1504
10930 # 1504
10988 # 1504
10993 # 1504
10994 # 1504
10995 # 1504
10995 # 1504
10996 # 1504
10996 # 1504
10996 # 1504
11000 # 1504
11002 # 1504
11005 # 1504
11007 # 1504
11010 # 1504
11038 # 1504
11040 # 1504
11043 # 1504
11078 # 1504
11078 # 1504
11079 # 1504
11086 # 1504
11087 # 1504
11090 # 1504
11093 # 1504
11095 # 1504
11096 # 1504
11098 # 1504
11099 # 1504
11101 # 1504
11103 # 1504
11104 # 1504
11104 # 1504
11106 # 1504
11115 # 1504
11115 # 1504
11116 # 1504
11117 # 1504
11126 + 99
11127 # 1504
11127 - 99 1
11127 # 1504
11138 # 1504
11138 # 1504
11138 # 1504
11139 # 1504
11141 # 1504
11145 # 1504
11146 # 1504
11148 # 1504
11150 # 1504
11164 # 1504
11165 # 1504
11166 # 1504
11166 + 450
11177 # 1504
11177 - 450 11
11191 # 1504
11191 # 1504
11193 # 1504
11193 # 1504
11195 # 1504
11197 # 1504
11200 # 1504
11202 # 1504
11206 + 461
11208 # 1504
11208 - 461 2
11210 # 1504
11214 # 1504
11232 # 1504
11234 # 1504
11243 # 1504
11245 # 1504
11246 + 467
11269 # 1504
11269 - 467 23
11276 # 1504
11279 # 1504
11279 # 1504
11280 # 1504
11286 + 481
11287 # 1504
11287 - 481 1
11288 # 1504
11288 # 1504
11289 # 1504
11291 # 1504
11291 # 1504
11292 # 1504
11293 # 1504
11294 # 1504
11295 # 1504
11297 # 1504
11297 # 1504
11298 # 1504
11299 # 1504
11300 # 1504
11300 # 1504
11301 # 1504
11303 # 1504
11304 # 1504
11304 # 1504
11305 # 1504
11307 # 1504
11307 # 1504
11309 # 1504
11310 # 1504
11311 # 1504
11311 # 1504
11313 # 1504
11314 # 1504
11315 # 1504
11326 + 479
11341 # 1504
11341 - 479 15
11343 # 1504
11343 # 1504
11345 # 1504
11345 # 1504
11347 # 1504
11347 # 1504
11347 # 1504
11348 # 1504
11349 # 1504
11350 # 1504
11350 # 1504
11352 # 1504
11353 # 1504
11363 # 1504
11363 # 1504
11363 # 1504
11363 # 1504
11363 # 1504
11363 # 1504
11363 # 1504
11363 # 1504
11365 # 1504
11365 # 1504
11365 # 1504
11366 # 1504
11366 + 484
11367 # 1504
11367 - 484 1
11368 # 1504
11369 # 1504
11372 # 1504
11373 # 1504
11382 # 1504
11382 # 1504
11385 # 1504
11385 # 1504
11386 # 1504
11386 # 1504
11387 # 1504
11405 # 1504
11406 + 495
11422 # 1504
11422 - 495 16
11423 # 1504
11423 # 1504
11423 # 1504
11423 # 1504
11423 # 1504
11425 # 1504
11425 # 1504
11425 # 1504
11426 # 1504
11428 # 1504
11429 # 1504
11429 # 1504
11431 # 1504
11432 # 1504
11441 # 1504
11441 # 1504
11442 # 1504
11444 # 1504
11444 # 1504
11446 # 1504
11446 + 484
11450 # 1504
11450 - 484 4
11450 # 1504
11478 # 1504
11486 + 462
11498 # 1504
11498 - 462 12
11501 # 1504
11512 # 1504
11513 # 1504
11514 # 1504
11516 # 1504
11517 # 1504
11519 # 1504
11520 # 1504
11526 + 425
11531 # 1504
11531 - 425 5
11531 # 1504
11531 # 1504
11531 # 1504
11532 # 1504
11533 # 1504
11533 # 1504
11535 # 1504
11542 # 1504
11544 # 1504
11545 # 1504
11547 # 1504
11550 # 1504
11565 + 437
11567 # 1504
11567 - 437 2
11567 # 1504
11569 # 1504
11569 # 1504
11569 # 1504
11569 # 1504
11571 # 1504
11573 # 1504
11581 # 1504
11583 # 1504
11587 # 1504
11588 # 1504
11588 # 1504
11594 # 1504
11595 # 1504
11599 # 1504
11603 # 1504
11606 + 447
11607 # 1504
11607 - 447 1
11608 # 1504
11612 # 1504
11614 # 1504
11616 # 1504
11618 # 1504
11622 # 1504
11622 # 1504
11626 # 1504
11629 # 1504
11630 # 1504
11632 # 1504
11635 # 1504
11644 # 1504
11644 # 1504
11645 # 1504
11645 + 408
11646 # 1504
11646 - 408 1
11647 # 1504
11650 # 1504
11651 # 1504
11654 # 1504
11656 # 1504
11658 # 1504
11661 # 1504
11663 # 1504
11665 # 1504
11667 # 1504
11670 # 1504
11673 # 1504
11676 # 1504
11679 # 1504
11681 # 1504
11685 # 1504
11686 # 1504
11686 + 412
11688 # 1504
11688 - 412 2
11698 # 1504
11698 # 1504
11699 # 1504
11699 # 1504
11700 # 1504
11703 # 1504
11705 # 1504
11709 # 1504
11711 # 1504
11713 # 1504
11715 # 1504
11725 + 390
11727 # 1504
11727 - 390 2
11727 # 1504
11729 # 1504
11729 # 1504
11731 # 1504
11731 # 1504
11732 # 1504
11735 # 1504
11736 # 1504
11738 # 1504
11748 # 1504
11748 # 1504
11750 # 1504
11750 # 1504
11751 # 1504
11755 # 1504
11757 # 1504
11758 # 1504
11759 # 1504
11760 # 1504
11763 # 1504
11766 # 1504
11766 + 396
11768 # 1504
11768 - 396 2
11768 # 1504
11770 # 1504
11771 # 1504
11778 # 1504
11806 + 376
11846 + 389
11886 + 377
11892 # 1504
11892 - 376 86
11892 - 389 46
11892 - 377 6
11893 # 1504
11895 # 1504
11899 # 1504
11899 # 1504
11907 # 1504
11907 # 1504
11911 # 1504
11911 # 1504
11911 # 1504
11926 + 368
11966 + 355
12006 + 335
12046 + 352
12086 + 343
12126 + 360
12166 + 365
12206 + 398
12219 # 1504
12219 - 368 293
12219 - 355 253
12219 - 335 213
12219 - 352 173
12219 # 1504
12219 - 343 133
12219 - 360 93
12219 - 365 53
12219 - 398 13
12221 # 1504
12224 # 1504
12224 # 1504
12226 # 1504
12228 # 1504
12239 # 1504
12240 # 1504
12242 # 1504
12242 # 1504
12242 # 1504
12242 # 1504
12245 # 1504
12248 # 1504
12251 # 1504
12259 # 1504
12259 # 1504
12261 # 1504
12261 # 1504
12261 # 1504
12263 # 1504
12264 # 1504
12267 # 1504
12269 # 1504
12269 + 382
12272 # 1504
12272 - 382 3
12276 # 1504
12277 # 1504
12280 # 1504
12286 + 389
12290 # 1504
12290 - 389 4
12290 # 1504
12295 # 1504
12295 # 1504
12295 # 1504
12301 # 1504
12307 # 1504
12309 # 1504
12311 # 1504
12323 # 1504
12326 # 1504
12326 + 401
12327 # 1504
12327 - 401 1
12334 # 1504
12341 # 1504
12345 # 1504
12348 # 1504
12352 # 1504
12353 # 1504
12356 # 1504
12357 # 1504
12359 # 1504
12361 # 1504
12364 # 1504
12364 # 1504
12365 # 1504
12366 + 376
12369 # 1504
12369 - 376 3
12370 # 1504
12370 # 1504
12372 # 1504
12375 # 1504
12376 # 1504
12378 # 1504
12397 # 1504
12397 # 1504
12397 # 1504
12399 # 1504
12399 # 1504
12400 # 1504
12403 # 1504
12406 # 1504
12406 + 379
12409 # 1504
12409 - 379 3
12413 # 1504
12414 # 1504
12417 # 1504
12427 # 1504
12427 # 1504
12427 # 1504
12429 # 1504
12429 # 1504
12429 # 1504
12430 # 1504
12432 # 1504
12435 # 1504
12436 # 1504
12438 # 1504
12446 + 387
12448 # 1504
12448 - 387 2
12448 # 1504
12448 # 1504
12451 # 1504
12451 # 1504
12453 # 1504
12453 # 1504
12455 # 1504
12458 # 1504
12458 # 1504
12460 # 1504
12461 # 1504
12462 # 1504
12464 # 1504
12466 # 1504
12468 # 1504
12469 # 1504
12470 # 1504
12472 # 1504
12472 # 1504
12473 # 1504
12474 # 1504
12476 # 1504
12477 # 1504
12478 # 1504
12480 # 1504
12480 # 1504
12482 # 1504
12485 # 1504
12485 # 1504
12485 # 1504
12486 + 414
12488 # 1504
12488 - 414 2
12488 # 1504
12489 # 1504
12497 # 1504
12497 # 1504
12497 # 1504
12501 # 1504
12501 # 1504
12501 # 1504
12501 # 1504
12502 # 1504
12502 # 1504
12512 # 1504
12512 # 1504
12512 # 1504
12512 # 1504
12514 # 1504
12516 # 1504
12518 # 1504
12520 # 1504
12523 # 1504
12525 # 1504
12526 + 407
12527 # 1504
12527 - 407 1
12529 # 1504
12532 # 1504
12536 # 1504
12538 # 1504
12540 # 1504
12544 # 1504
12545 # 1504
12547 # 1504
12549 # 1504
12552 # 1504
12566 + 394
12606 + 413
12646 + 405
12655 # 1504
12655 - 394 89
12655 - 413 49
12655 - 405 9
12657 # 1504
12659 # 1504
12670 # 1504
12670 # 1504
12686 + 373
12688 # 1504
12688 - 373 2
12689 # 1504
12689 # 1504
12699 # 1504
12700 # 1504
12700 # 1504
12702 # 1504
12702 # 1504
12704 # 1504
12704 # 1504
12707 # 1504
12708 # 1504
12710 # 1504
12712 # 1504
12713 # 1504
12715 # 1504
12717 # 1504
12718 # 1504
12719 # 1504
12726 + 367
12729 # 1504
12729 - 367 3
12730 # 1504
12730 # 1504
12730 # 1504
12730 # 1504
12730 # 1504
12733 # 1504
12734 # 1504
12735 # 1504
12737 # 1504
12738 # 1504
12740 # 1504
12741 # 1504
12744 # 1504
12745 # 1504
12746 # 1504
12749 # 1504
12749 # 1504
12750 # 1504
12759 # 1504
12760 # 1504
12760 # 1504
12760 # 1504
12760 # 1504
12762 # 1504
12762 # 1504
12763 # 1504
12763 # 1504
12765 # 1504
12766 # 1504
12766 # 1504
12766 + 378
12767 # 1504
12767 - 378 1
12776 # 1504
12778 # 1504
12778 # 1504
12779 # 1504
12780 # 1504
12782 # 1504
12782 # 1504
12786 # 1504
12788 # 1504
12788 # 1504
12793 # 1504
12794 # 1504
12794 # 1504
12795 # 1504
12796 # 1504
12800 # 1504
12801 # 1504
12803 # 1504
12805 # 1504
12806 + 400
12807 # 1504
12807 - 400 1
12809 # 1504
12812 # 1504
12815 # 1504
12816 # 1504
12818 # 1504
12819 # 1504
12821 # 1504
12824 # 1504
12824 # 1504
12826 # 1504
12826 # 1504
12827 # 1504
12830 # 1504
12831 # 1504
12832 # 1504
12833 # 1504
12843 # 1504
12843 # 1504
12843 # 1504
12843 # 1504
12844 # 1504
12844 # 1504
12844 # 1504
12846 # 1504
12846 # 1504
12846 + 382
12849 # 1504
12849 - 382 3
12857 # 1504
12857 # 1504
12857 # 1504
12862 # 1504
12862 # 1504
12865 # 1504
12869 # 1504
12869 # 1504
12869 # 1504
12870 # 1504
12871 # 1504
12875 # 1504
12878 # 1504
12886 + 394
12887 # 1504
12887 - 394 1
12891 # 1504
12891 # 1504
12891 # 1504
12891 # 1504
12900 # 1504
12900 # 1504
12900 # 1504
12900 # 1504
12901 # 1504
12901 # 1504
12901 # 1504
12903 # 1504
12905 # 1504
12907 # 1504
12908 # 1504
12910 # 1504
12920 # 1504
12923 # 1504
12923 # 1504
12923 # 1504
12925 # 1504
12926 # 1504
12926 + 392
12937 # 1504
12937 - 392 11
12937 # 1504
12938 # 1504
12941 # 1504
12943 # 1504
12946 # 1504
12947 # 1504
12949 # 1504
12952 # 1504
12956 # 1504
12957 # 1504
12959 # 1504
12966 + 391
12968 # 1504
12968 - 391 2
12968 # 1504
12968 # 1504
12969 # 1504
12969 # 1504
12969 # 1504
12971 # 1504
12973 # 1504
12975 # 1504
12975 # 1504
12977 # 1504
12978 # 1504
12980 # 1504
12980 # 1504
12981 # 1504
12983 # 1504
12985 # 1504
12985 # 1504
12987 # 1504
12987 # 1504
12988 # 1504
12989 # 1504
12999 # 1504
12999 # 1504
12999 # 1504
13001 # 1504
13001 # 1504
13001 # 1504
13003 # 1504
13005 + 381
13046 + 396
13086 + 376
13100 # 1504
13100 - 381 95
13100 - 396 54
13100 - 376 14
13105 # 1504
13105 # 1504
13105 # 1504
13106 # 1504
13115 # 1504
13126 + 387
13130 # 1504
13130 - 387 4
13151 # 1504
13154 # 1504
13156 # 1504
13157 # 1504
13158 # 1504
13160 # 1504
13162 # 1504
13162 # 1504
13163 # 1504
13165 # 1504
13166 + 361
13167 # 1504
13167 - 361 1
13167 # 1504
13167 # 1504
13168 # 1504
13170 # 1504
13172 # 1504
13178 # 1504
13191 # 1504
13191 # 1504
13193 # 1504
13197 # 1504
13199 # 1504
13201 # 1504
13206 + 362
13209 # 1504
13209 - 362 3
13210 # 1504
13211 # 1504
13212 # 1504
13213 # 1504
13215 # 1504
13215 # 1504
13215 # 1504
13216 # 1504
13217 # 1504
13218 # 1504
13220 # 1504
13220 # 1504
13220 # 1504
13221 # 1504
13222 # 1504
13223 # 1504
13225 # 1504
13225 # 1504
13234 # 1504
13234 # 1504
13234 # 1504
13234 # 1504
13235 # 1504
13235 # 1504
13235 # 1504
13240 # 1504
13240 # 1504
13240 # 1504
13240 # 1504
13240 # 1504
13240 # 1504
13241 # 1504
13241 # 1504
13241 # 1504
13245 + 380
13250 # 1504
13250 - 380 5
13250 # 1504
13250 # 1504
13250 # 1504
13250 # 1504
13250 # 1504
13251 # 1504
13251 # 1504
13251 # 1504
13251 # 1504
13251 # 1504
13261 # 1504
13261 # 1504
13261 # 1504
13261 # 1504
13265 # 1504
13265 # 1504
13265 # 1504
13265 # 1504
13269 # 1504
13269 # 1504
13269 # 1504
13269 # 1504
13269 # 1504
13271 # 1504
13272 # 1504
13273 # 1504
13274 # 1504
13275 # 1504
13285 # 1504
13285 # 1504
13285 # 1504
13285 # 1504
13286 # 1504
13286 # 1504
13286 # 1504
13286 # 1504
13286 + 394
13287 # 1504
13287 - 394 1
13290 # 1504
13291 # 1504
13291 # 1504
13302 # 1504
13303 # 1504
13304 # 1504
13304 # 1504
13304 # 1504
13304 # 1504
13307 # 1504
13309 # 1504
13310 # 1504
13314 # 1504
13314 # 1504
13316 # 1504
13318 # 1504
13320 # 1504
13326 + 402
13330 # 1504
13330 - 402 4
13331 # 1504
13331 # 1504
13332 # 1504
13336 # 1504
13336 # 1504
13336 # 1504
13337 # 1504
13339 # 1504
13341 # 1504
13342 # 1504
13345 # 1504
13347 # 1504
13355 # 1504
13355 # 1504
13355 # 1504
13357 # 1504
13357 # 1504
13357 # 1504
13358 # 1504
13366 + 390
13369 # 1504
13369 - 390 3
13369 # 1504
13371 # 1504
13371 # 1504
13371 # 1504
13372 # 1504
13373 # 1504
13376 # 1504
13377 # 1504
13378 + 52
13379 # 1504
13379 - 52 1
13380 # 1504
13383 # 1504
13384 # 1504
13385 # 1504
13387 # 1504
13397 # 1504
13398 # 1504
13399 # 1504
13400 # 1504
13400 # 1504
13401 # 1504
13403 # 1504
13405 # 1504
13406 # 1504
13406 + 372
13416 # 1504
13416 - 372 10
13416 # 1504
13416 # 1504
13416 # 1504
13417 # 1504
13417 # 1504
13418 # 1504
13420 # 1504
13420 # 1504
13422 # 1504
13424 # 1504
13425 # 1504
13435 # 1504
13435 # 1504
13439 # 1504
13439 # 1504
13439 # 1504
13439 # 1504
13439 # 1504
13440 # 1504
13446 + 383
13449 # 1504
13449 - 383 3
13463 # 1504
13464 # 1504
13465 # 1504
13466 # 1504
13468 # 1504
13469 # 1504
13469 # 1504
13470 # 1504
13472 # 1504
13475 # 1504
13486 + 394
13506 # 1504
13506 - 394 20
13511 # 1504
13515 # 1504
13526 + 408
13529 # 1504
13529 - 408 3
13531 # 1504
13531 # 1504
13533 # 1504
13533 # 1504
13533 # 1504
13537 # 1504
13538 # 1504
13566 + 396
13570 # 1504
13570 - 396 4
13573 # 1504
13573 # 1504
13573 # 1504
13578 # 1504
13605 # 1504
13606 + 410
13607 # 1504
13607 - 410 1
13609 # 1504
13609 # 1504
13613 # 1504
13615 # 1504
13622 # 1504
13644 # 1504
13645 # 1504
13646 + 389
13654 # 1504
13654 - 389 8
13686 + 416
13687 # 1504
13687 - 416 1
13690 # 1504
13692 # 1504
13694 # 1504
13695 # 1504
13697 # 1504
13699 # 1504
13703 # 1504
13708 # 1504
13709 # 1504
13709 # 1504
13711 # 1504
13712 # 1504
13713 # 1504
13715 # 1504
13716 # 1504
13726 + 423
13727 # 1504
13727 - 423 1
13727 # 1504
13727 # 1504
13727 # 1504
13729 # 1504
13732 # 1504
13735 # 1504
13735 # 1504
13736 # 1504
13738 # 1504
13740 # 1504
13742 # 1504
13743 # 1504
13744 # 1504
13753 # 1504
13753 # 1504
13753 # 1504
13753 # 1504
13754 # 1504
13758 # 1504
13759 # 1504
13760 # 1504
13761 # 1504
13763 # 1504
13763 # 1504
13764 # 1504
13766 + 427
13767 # 1504
13767 - 427 1
13770 # 1504
13773 # 1504
13775 # 1504
13777 # 1504
13780 # 1504
13791 # 1504
13791 # 1504
13791 # 1504
13796 # 1504
13804 # 1504
13804 # 1504
13806 # 1504
13806 + 404
13809 # 1504
13809 - 404 3
13813 # 1504
13815 # 1504
13824 # 1504
13825 # 1504
13827 # 1504
13828 # 1504
13829 # 1504
13832 # 1504
13837 # 1504
13840 # 1504
13841 # 1504
13846 + 404
13848 # 1504
13848 - 404 2
13849 # 1504
13875 # 1504
13886 + 377
13892 # 1504
13892 - 377 6
13926 + 366
13963 # 1504
13963 - 366 37
13965 # 1504
13966 + 393
13996 # 1504
13996 - 393 30
14004 # 1504
14006 + 407
14007 # 1504
14007 - 407 1
14007 # 1504
14046 + 380
14086 + 359
14120 # 1504
14120 - 380 74
14120 - 359 34
14124 # 1504
14125 # 1504
14126 + 358
14128 # 1504
14128 - 358 2
14132 # 1504
14137 # 1504
14140 # 1504
14141 # 1504
14153 # 1504
14159 # 1504
14163 # 1504
14166 + 373
14180 # 1504
14180 - 373 14
14182 # 1504
14191 # 1504
14194 # 1504
14194 # 1504
14195 # 1504
14197 # 1504
14199 # 1504
14206 + 384
14207 # 1504
14207 - 384 1
14217 # 1504
14220 # 1504
14233 # 1504
14235 # 1504
14238 # 1504
14240 # 1504
14246 + 398
14249 # 1504
14249 - 398 3
14253 # 1504
14256 # 1504
14265 # 1504
14266 # 1504
14268 # 1504
14275 # 1504
14275 # 1504
14277 # 1504
14279 # 1504
14286 # 1504
14286 + 386
14289 # 1504
14289 - 386 3
14292 # 1504
14307 # 1504
14312 # 1504
14326 + 403
14328 # 1504
14328 - 403 2
14349 # 1504
14351 # 1504
14366 + 389
14375 # 1504
14375 - 389 9
14406 # 1504
14406 + 380
14411 # 1504
14411 - 380 5
14421 # 1504
14422 # 1504
14422 # 1504
14427 # 1504
14440 # 1504
14442 # 1504
14446 + 364
14449 # 1504
14449 - 364 3
14457 # 1504
14465 # 1504
14466 # 1504
14468 # 1504
14470 # 1504
14472 # 1504
14486 + 400
14487 # 1504
14487 - 400 1
14489 # 1504
14491 # 1504
14493 # 1504
14497 # 1504
14501 # 1504
14506 # 1504
14516 # 1504
14518 # 1504
14520 # 1504
14525 + 368
14557 # 1504
14557 - 368 32
14558 # 1504
14563 # 1504
14563 # 1504
14566 # 1504
14566 + 393
14570 # 1504
14570 - 393 4
14572 # 1504
14574 # 1504
14590 # 1504
14594 # 1504
14597 # 1504
14604 # 1504
14606 + 384
14608 # 1504
14608 - 384 2
14637 # 1504
14643 # 1504
14645 # 1504
14646 + 368
14647 # 1504
14647 - 368 1
14648 # 1504
14667 # 1504
14669 # 1504
14677 # 1504
14686 + 370
14689 # 1504
14689 - 370 3
14692 # 1504
14692 # 1504
14701 # 1504
14702 # 1504
14726 + 403
14737 # 1504
14737 - 403 11
14740 # 1504
14756 # 1504
14758 # 1504
14766 # 1504
14766 + 428
14772 # 1504
14772 - 428 6
14778 # 1504
14781 # 1504
14789 # 1504
14800 # 1504
14806 + 438
14809 # 1504
14809 - 438 3
14821 # 1504
14846 + 442
14868 # 1504
14868 - 442 22
14881 # 1504
14883 # 1504
14883 # 1504
14884 # 1504
14886 + 410
14889 # 1504
14889 - 410 3
14901 # 1504
14908 # 1504
14911 # 1504
14917 # 1504
14926 + 419
14941 # 1504
14941 - 419 15
14943 # 1504
14966 + 408
14967 # 1504
14967 - 408 1
14970 # 1504
14988 # 1504
14991 # 1504
14992 # 1504
15006 + 420
15011 # 1504
15011 - 420 5
15036 # 1504
15036 # 1504
15036 # 1504
15037 # 1504
15038 # 1504
15041 # 1504
15044 # 1504
15046 # 1504
15046 + 442
15048 # 1504
15048 - 442 2
15050 # 1504
15052 # 1504
15054 # 1504
15056 # 1504
15065 # 1504
15068 # 1504
15069 # 1504
15074 # 1504
15079 # 1504
15086 + 456
15097 # 1504
15097 - 456 11
15101 # 1504
15105 # 1504
15109 # 1504
15120 # 1504
15121 # 1504
15126 # 1504
15126 + 465
15131 # 1504
15131 - 465 5
15139 # 1504
15143 # 1504
15145 # 1504
15165 + 431
15169 # 1504
15169 - 431 4
15171 # 1504
15175 # 1504
15185 # 1504
15185 # 1504
15186 # 1504
15187 # 1504
15189 # 1504
15198 # 1504
15206 + 441
15207 # 1504
15207 - 441 1
15207 # 1504
15227 # 1504
15230 # 1504
15236 # 1504
15238 # 1504
15241 # 1504
15246 + 430
15286 + 410
15320 # 1504
15320 - 430 74
15320 - 410 34
15324 # 1504
15326 + 428
15327 # 1504
15327 - 428 1
15331 # 1504
15333 # 1504
15335 # 1504
15339 # 1504
15342 # 1504
15354 # 1504
15364 # 1504
15366 # 1504
15366 + 444
15368 # 1504
15368 - 444 2
15371 # 1504
15376 # 1504
15379 # 1504
15406 + 455
15408 # 1504
15408 - 455 2
15446 + 441
15463 # 1504
15463 - 441 17
15486 + 433
15489 # 1504
15489 - 433 3
15490 # 1504
15497 # 1504
15512 # 1504
15519 # 1504
15526 + 404
15527 # 1504
15527 - 404 1
15530 # 1504
15540 # 1504
15540 # 1504
15545 # 1504
15550 # 1504
15552 # 1504
15555 # 1504
15566 + 387
15567 # 1504
15567 - 387 1
15567 # 1504
15567 # 1504
15597 # 1504
15598 # 1504
15598 # 1504
15601 # 1504
15606 + 407
15613 # 1504
15613 - 407 7
15613 # 1504
15613 # 1504
15615 # 1504
15615 # 1504
15616 # 1504
15618 # 1504
15622 # 1504
15625 # 1504
15629 # 1504
15640 # 1504
15640 # 1504
15641 # 1504
15641 # 1504
15646 + 402
15664 # 1504
15664 - 402 18
15666 # 1504
15676 # 1504
15686 + 394
15689 # 1504
15689 - 394 3
15699 # 1504
15711 # 1504
15725 + 413
15740 # 1504
15740 - 413 15
15765 # 1504
15766 + 407
15769 # 1504
15769 - 407 3
15775 # 1504
15780 # 1504
15782 # 1504
15786 # 1504
15788 # 1504
15798 # 1504
15798 # 1504
15800 # 1504
15803 # 1504
15806 + 389
15819 # 1504
15819 - 389 13
15819 # 1504
15831 # 1504
15832 # 1504
15834 # 1504
15846 + 369
15848 # 1504
15848 - 369 2
15869 # 1504
15886 + 382
15907 # 1504
15907 - 382 21
15926 + 395
15941 # 1504
15941 - 395 15
15947 # 1504
15962 # 1504
15962 # 1504
15966 + 372
15970 # 1504
15970 - 372 4
15974 # 1504
15981 # 1504
15984 # 1504
15985 # 1504
15989 # 1504
15991 # 1504
15994 # 1504
16006 # 1504
16006 # 1504
16006 + 381
16008 # 1504
16008 - 381 2
16009 # 1504
16013 # 1504
16019 # 1504
16022 # 1504
16029 # 1504
16029 # 1504
16033 # 1504
16034 # 1504
16035 # 1504
16037 # 1504
16040 # 1504
16046 + 381
16051 # 1504
16051 - 381 5
16051 # 1504
16052 # 1504
16058 # 1504
16063 # 1504
16066 # 1504
16067 # 1504
16074 # 1504
16079 # 1504
16080 # 1504
16086 + 402
16089 # 1504
16089 - 402 3
16091 # 1504
16098 # 1504
16101 # 1504
16109 # 1504
16122 # 1504
16126 + 412
16136 # 1504
16136 - 412 10
16139 # 1504
16141 # 1504
16149 # 1504
16155 # 1504
16159 # 1504
16166 # 1504
16166 + 388
16168 # 1504
16168 - 388 2
16171 # 1504
16192 # 1504
16203 # 1504
16206 + 373
16207 # 1504
16207 - 373 1
16240 # 1504
16246 + 376
16249 # 1504
16249 - 376 3
16286 + 355
16326 + 340
16340 # 1504
16340 - 355 54
16340 - 340 14
16366 + 343
16379 # 1504
16379 - 343 13
16391 # 1504
16406 + 344
16407 # 1504
16407 - 344 1
16411 # 1504
16440 # 1504
16446 + 380
16455 # 1504
16455 - 380 9
16486 + 408
16507 # 1504
16507 - 408 21
16514 # 1504
16526 # 1504
16526 + 415
16532 # 1504
16532 - 415 6
16559 # 1504
16566 + 435
16606 + 447
16641 # 1504
16641 - 435 75
16641 - 447 35
16644 # 1504
16646 # 1504
16646 + 435
16686 + 418
16726 + 407
16766 + 415
16783 # 1504
16783 - 435 137
16783 - 418 97
16783 - 407 57
16806 + 416
16817 # 1504
16817 - 415 51
16817 - 416 11
16836 # 1504
16840 # 1504
16846 # 1504
16846 + 397
16848 # 1504
16848 - 397 2
16857 # 1504
16883 # 1504
16886 + 374
16887 # 1504
16887 - 374 1
16897 # 1504
16907 # 1504
16918 # 1504
16926 + 352
16932 # 1504
16932 - 352 6
16934 # 1504
16938 # 1504
16943 # 1504
16950 # 1504
16954 # 1504
16960 # 1504
16964 # 1504
16966 + 336
16970 # 1504
16970 - 336 4
16975 # 1504
16978 # 1504
16988 # 1504
16999 # 1504
17006 + 356
17014 # 1504
17014 - 356 8
17041 # 1504
17046 + 354
17068 # 1504
17068 - 354 22
17077 # 1504
17086 # 1504
17086 + 350
17089 # 1504
17089 - 350 3
17096 # 1504
17108 # 1504
17116 # 1504
17123 # 1504
17126 + 349
17127 # 1504
17127 - 349 1
17131 # 1504
17159 # 1504
17166 + 334
17171 # 1504
17171 - 334 5
17181 # 1504
17206 + 341
17246 + 380
17286 + 388
17300 # 1504
17300 - 341 94
17300 - 380 54
17300 - 388 14
17317 # 1504
17322 # 1504
17326 + 377
17366 + 391
17370 # 1504
17370 - 377 44
17370 - 391 4
17373 # 1504
17383 # 1504
17388 # 1504
17406 + 408
17446 + 406
17486 + 383
17526 + 409
17538 # 1504
17538 - 408 132
17538 - 406 92
17538 - 383 52
17538 # 1504
17538 - 409 12
17540 # 1504
17543 # 1504
17543 # 1504
17543 # 1504
17545 # 1504
17545 # 1504
17545 # 1504
17548 # 1504
17550 # 1504
17551 # 1504
17551 # 1504
17553 # 1504
17555 # 1504
17557 # 1504
17559 # 1504
17559 # 1504
17561 # 1504
17563 # 1504
17563 # 1504
17565 # 1504
17565 # 1504
17566 + 415
17569 # 1504
17569 - 415 3
17579 # 1504
17588 # 1504
17602 # 1504
17606 + 413
17643 # 1504
17643 - 413 37
17646 + 392
17650 # 1504
17650 - 392 4
17665 # 1504
17683 # 1504
17686 + 397
17706 # 1504
17706 - 397 20
17715 # 1504
17721 # 1504
17726 + 393
17728 # 1504
17728 - 393 2
17738 # 1504
17765 + 416
17806 + 406
17846 + 389
17860 # 1504
17860 - 416 95
17860 - 406 54
17860 - 389 14
17878 # 1504
17884 # 1504
17886 + 380
17926 + 398
17966 + 407
17993 # 1504
17993 - 380 107
17993 - 398 67
17993 - 407 27
17994 # 1504
18006 + 435
18014 # 1504
18014 - 435 8
18014 # 1504
18019 # 1504
18032 # 1504
18033 # 1504
18040 # 1504
18046 + 416
18054 # 1504
18054 - 416 8
18054 # 1504
18061 # 1504
18067 # 1504
18068 # 1504
18074 # 1504
18078 # 1504
18081 # 1504
18084 # 1504
18086 + 437
18093 # 1504
18093 - 437 7
18093 # 1504
18093 # 1504
18098 # 1504
18103 # 1504
18107 # 1504
18109 # 1504
18114 # 1504
18118 # 1504
18126 + 407
18129 # 1504
18129 - 407 3
18129 # 1504
18131 # 1504
18139 # 1504
18146 # 1504
18153 # 1504
18155 # 1504
18166 + 397
18178 # 1504
18178 - 397 12
18178 # 1504
18181 # 1504
18189 # 1504
18206 + 367
18228 # 1504
18228 - 367 22
18246 + 389
18286 + 408
18314 # 1504
18314 - 389 68
18314 - 408 28
18320 # 1504
18326 + 393
18366 + 370
18406 + 397
18446 + 410
18470 # 1504
18470 - 393 144
18470 - 370 104
18470 - 397 64
18484 # 1504
18484 - 410 38
18486 # 1504
18486 + 380
18526 + 380
18543 # 1504
18543 - 380 57
18543 - 380 17
18564 # 1504
18566 + 411
18591 # 1504
18591 - 411 25
18603 # 1504
18609 # 1504
18615 + 421
18617 # 1504
18617 - 421 2
18627 # 1504
18641 # 1504
18646 + 398
18686 + 394
18712 # 1504
18712 - 398 66
18712 - 394 26
18718 # 1504
18726 + 415
18737 # 1504
18737 - 415 11
18741 # 1504
18746 # 1504
18750 # 1504
18754 # 1504
18759 # 1504
18763 # 1504
18766 + 386
18774 # 1504
18774 - 386 8
18776 # 1504
18776 # 1504
18779 # 1504
18783 # 1504
18785 # 1504
18787 # 1504
18797 # 1504
18798 # 1504
18800 # 1504
18801 # 1504
18806 + 364
18810 # 1504
18810 - 364 4
18825 # 1504
18825 # 1504
18834 # 1504
18846 # 1504
18846 # 1504
18847 # 1504
18848 # 1504
18850 # 1504
18851 + 362
18861 # 1504
18861 - 362 10
18861 # 1504
18886 + 357
18891 # 1504
18891 - 357 5
18894 # 1504
18897 # 1504
18902 # 1504
18926 + 373
18927 # 1504
18927 - 373 1
18928 # 1504
18931 # 1504
18939 # 1504
18943 # 1504
18944 # 1504
18948 # 1504
18958 # 1504
18958 # 1504
18958 # 1504
18959 # 1504
18959 # 1504
18966 + 396
18993 # 1504
18993 - 396 27
19002 # 1504
19002 # 1504
19003 # 1504
19003 # 1504
19005 # 1504
19006 + 373
19007 # 1504
19007 - 373 1
19010 # 1504
19011 # 1504
19014 # 1504
19016 # 1504
19019 # 1504
19020 # 1504
19024 # 1504
19026 # 1504
19028 # 1504
19035 # 1504
19037 # 1504
19040 # 1504
19046 + 353
19050 # 1504
19050 - 353 4
19050 # 1504
19050 # 1504
19054 # 1504
19056 # 1504
19057 # 1504
19057 # 1504
19061 # 1504
19064 # 1504
19065 # 1504
19067 # 1504
19070 # 1504
19073 # 1504
19076 # 1504
19078 # 1504
19081 # 1504
19083 # 1504
19086 + 335
19093 # 1504
19093 - 335 7
19094 # 1504
19094 # 1504
19095 # 1504
19096 # 1504
19098 # 1504
19101 # 1504
19102 # 1504
19104 # 1504
19106 # 1504
19108 # 1504
19109 # 1504
19115 # 1504
19116 # 1504
19118 # 1504
19118 # 1504
19120 # 1504
19121 # 1504
19126 + 346
19140 # 1504
19140 - 346 14
19140 # 1504
19140 # 1504
19142 # 1504
19142 # 1504
19142 # 1504
19142 # 1504
19153 # 1504
19154 # 1504
19156 # 1504
19158 # 1504
19159 # 1504
19161 # 1504
19166 + 373
19200 # 1504
19200 - 373 34
19202 # 1504
19203 # 1504
19206 + 391
19246 + 389
19263 # 1504
19263 - 391 57
19263 - 389 17
19266 # 1504
19268 # 1504
19286 + 368
19318 # 1504
19318 - 368 32
19326 + 380
19366 + 388
19406 + 392
19446 + 399
19486 + 390
19526 + 380
19566 + 408
19606 + 404
19846 + 383
20086 + 393
20326 + 98
20566 + 409
20585 # 1504
20585 - 380 1259
20585 - 388 1219
20585 - 392 1179
20785 # 1504
20785 - 399 1339
20785 - 390 1299
20785 - 380 1259
20785 - 408 1219
20806 + 415
20875 # 1504
20875 - 404 1269
20875 - 383 1029
20875 - 393 789
20875 - 98 549
20875 - 409 309
20929 + 385
21166 + 372
21406 + 394
21646 + 98
21886 + 378
22126 + 385
22366 + 413
22606 + 424
22846 + 98
23086 + 337
23326 + 358
23566 + 387
23806 + 372
24046 + 99
24286 + 458
24526 + 464
24766 + 455
24936 # 1504
24936 - 415 4130
24936 - 385 4007
24936 - 372 3770
24936 - 394 3530
24978 + 451
24994 # 1504
24994 - 98 3348
24994 - 378 3108
24994 - 385 2868
24994 - 413 2628
25008 # 1504
25008 - 424 2402
25008 - 98 2162
25008 - 337 1922
25008 - 358 1682
25008 - 387 1442
25016 # 1504
25016 - 372 1210
25016 - 99 970
25016 - 458 730
25016 - 464 490
25027 # 1504
25027 - 455 261
25027 - 451 49
25040 # 1504
25050 # 1504
25059 # 1504
25070 # 1504
25074 + 468
25081 # 1504
25081 - 468 7
25095 # 1504
25105 # 1504
25114 # 1504
25122 # 1504
25133 # 1504
25142 # 1504
25147 # 1504
25155 # 1504
25165 # 1504
25166 + 98
25173 # 1504
25173 - 98 7
25203 # 1504
25203 # 1504
25205 # 1504
25215 # 1504
25223 # 1504
25231 # 1504
25239 # 1504
25246 + 390
25248 # 1504
25248 - 390 2
25257 # 1504
25265 # 1504
25279 # 1504
25307 # 1504
25326 + 412
25406 + 413
25469 # 1504
25469 - 412 143
25469 - 413 63
25486 + 386
25494 # 1504
25494 - 386 8
25494 # 1504
25494 # 1504
25495 # 1504
25498 # 1504
25501 # 1504
25506 # 1504
25511 # 1504
25517 # 1504
25522 # 1504
25527 # 1504
25531 # 1504
25538 # 1504
25544 # 1504
25548 # 1504
25554 # 1504
25557 # 1504
25566 + 390
25567 # 1504
25567 - 390 1
25568 # 1504
25573 # 1504
25577 # 1504
25581 # 1504
25587 # 1504
25591 # 1504
25595 # 1504
25599 # 1504
25607 # 1504
25611 # 1504
25619 # 1504
25630 + 392
25631 # 1504
25631 - 392 1
25632 # 1504
25638 # 1504
25641 # 1504
25650 # 1504
25659 # 1504
25668 # 1504
25670 # 1504
25673 # 1504
25678 # 1504
25682 # 1504
25686 + 368
25687 # 1504
25687 - 368 1
25699 # 1504
25700 # 1504
25701 # 1504
25718 # 1504
25719 # 1504
25719 # 1504
25721 # 1504
25725 # 1504
25726 + 394
25730 # 1504
25730 - 394 4
25736 # 1504
25740 # 1504
25745 # 1504
25756 # 1504
25764 # 1504
25767 # 1504
25768 # 1504
25773 # 1504
25779 # 1504
25791 # 1504
25792 # 1504
25806 # 1504
25810 # 1504
25915 # 1504
25915 # 1504
25916 # 1504
25939 # 1504
25953 + 389
25961 # 1504
25961 - 389 8
25963 # 1504
26046 + 400
26072 # 1504
26072 - 400 26
26074 # 1504
26075 # 1504
26077 # 1504
26079 # 1504
26082 # 1504
26089 # 1504
26107 # 1504
26107 # 1504
26108 # 1504
26110 # 1504
26112 # 1504
26120 # 1504
26120 # 1504
26122 # 1504
26126 + 398
26127 # 1504
26127 - 398 1
26130 # 1504
26140 # 1504
26146 # 1504
26149 # 1504
26153 # 1504
26156 # 1504
26159 # 1504
26176 # 1504
26178 # 1504
26178 # 1504
26178 # 1504
26178 # 1504
26182 # 1504
26186 # 1504
26188 # 1504
26196 # 1504
26196 # 1504
26205 # 1504
26205 # 1504
26206 + 377
26211 # 1504
26211 - 377 5
26212 # 1504
26212 # 1504
26216 # 1504
26219 # 1504
26240 # 1504
26240 # 1504
26241 # 1504
26241 # 1504
26242 # 1504
26256 # 1504
26257 # 1504
26296 # 1504
26296 # 1504
26326 + 98
26374 # 1504
26374 - 98 48
26376 # 1504
26379 # 1504
26389 # 1504
26406 + 404
26434 # 1504
26434 - 404 28
26445 # 1504
26510 # 1504
26545 # 1504
26546 # 1504
26571 # 1504
26573 # 1504
26592 # 1504
26596 # 1504
26600 # 1504
26603 # 1504
26607 # 1504
26609 # 1504
26612 # 1504
26634 # 1504
26635 # 1504
26636 # 1504
26642 # 1504
26642 # 1504
26646 + 418
26649 # 1504
26649 - 418 3
26655 # 1504
26655 # 1504
26668 # 1504
26671 # 1504
26672 # 1504
26675 # 1504
26675 # 1504
26716 # 1504
26716 # 1504
26718 # 1504
26722 # 1504
26725 # 1504
26728 # 1504
26739 # 1504
26740 # 1504
26740 # 1504
26757 # 1504
26758 # 1504
26784 # 1504
26836 # 1504
26876 # 1504
26876 # 1504
26876 # 1504
26876 # 1504
26876 # 1504
26877 # 1504
26877 # 1504
26879 # 1504
26881 # 1504
26886 + 412
26956 + 405
27007 # 1504
27007 - 412 121
27007 - 405 51
27007 # 1504
27009 # 1504
27012 # 1504
27015 # 1504
27026 # 1504
27026 # 1504
27032 # 1504
27032 # 1504
27041 # 1504
27042 # 1504
27042 # 1504
27046 + 424
27047 # 1504
27047 - 424 1
27060 # 1504
27080 # 1504
27083 # 1504
27085 # 1504
27094 # 1504
27126 + 446
27129 # 1504
27129 - 446 3
27137 # 1504
27140 # 1504
27141 # 1504
27143 # 1504
27150 # 1504
27169 # 1504
27171 + 463
27176 # 1504
27176 - 463 5
27176 # 1504
27176 # 1504
27177 # 1504
27177 # 1504
27177 # 1504
27180 # 1504
27184 # 1504
27187 # 1504
27196 # 1504
27196 # 1504
27199 # 1504
27201 # 1504
27201 # 1504
27208 # 1504
27215 # 1504
27219 # 1504
27228 # 1504
27232 # 1504
27233 # 1504
27243 # 1504
27246 + 473
27272 # 1504
27272 - 473 26
27277 # 1504
27280 # 1504
27280 # 1504
27281 # 1504
27285 # 1504
27288 # 1504
27299 # 1504
27300 # 1504
27300 # 1504
27307 # 1504
27307 # 1504
27309 # 1504
27315 + 473
27319 # 1504
27319 - 473 4
27325 # 1504
27329 # 1504
27340 # 1504
27341 # 1504
27342 # 1504
27343 # 1504
27349 # 1504
27351 # 1504
27370 + 448
27381 # 1504
27381 - 448 11
27400 # 1504
27425 + 438
27495 # 1504
27495 - 438 70
27497 # 1504
27505 # 1504
27507 # 1504
27509 # 1504
27526 # 1504
27526 + 99
27528 # 1504
27528 - 99 2
27530 # 1504
27532 # 1504
27534 # 1504
27606 + 394
27624 # 1504
27624 - 394 18
27632 # 1504
27643 # 1504
27645 # 1504
27655 # 1504
27659 # 1504
27668 # 1504
27670 # 1504
27676 # 1504
27676 + 393
27684 # 1504
27684 - 393 8
27693 # 1504
27693 # 1504
27709 # 1504
27709 # 1504
27709 # 1504
27726 + 384
27750 # 1504
27750 - 384 24
27756 # 1504
27764 # 1504
27766 + 395
27767 # 1504
27767 - 395 1
27771 # 1504
27778 # 1504
27778 # 1504
27779 # 1504
27782 # 1504
27786 # 1504
27789 # 1504
27792 # 1504
27795 # 1504
27799 # 1504
27801 # 1504
27806 + 420
27813 # 1504
27813 - 420 7
27813 # 1504
27814 # 1504
27825 # 1504
27825 # 1504
27826 # 1504
27830 # 1504
27836 # 1504
27840 # 1504
27846 + 397
27856 # 1504
27856 - 397 10
27867 # 1504
27886 + 401
27926 + 421
27930 # 1504
27930 - 401 44
27930 - 421 4
27933 # 1504
27933 # 1504
27940 # 1504
27941 # 1504
27950 # 1504
27955 # 1504
27955 # 1504
27966 + 394
27968 # 1504
27968 - 394 2
28006 + 386
28019 # 1504
28019 - 386 13
28046 + 369
28053 # 1504
28053 - 369 7
28055 # 1504
28066 # 1504
28072 # 1504
28081 # 1504
28084 # 1504
28086 + 384
28093 # 1504
28093 - 384 7
28094 # 1504
28094 # 1504
28095 # 1504
28102 # 1504
28103 # 1504
28112 # 1504
28117 # 1504
28118 # 1504
28120 # 1504
28125 # 1504
28126 # 1504
28126 + 392
28127 # 1504
28127 - 392 1
28131 # 1504
28135 # 1504
28138 # 1504
28140 # 1504
28145 # 1504
28146 # 1504
28156 # 1504
28158 # 1504
28159 # 1504
28166 + 404
28169 # 1504
28169 - 404 3
28174 # 1504
28175 # 1504
28176 # 1504
28202 # 1504
28202 # 1504
28205 # 1504
28206 + 408
28208 # 1504
28208 - 408 2
28211 # 1504
28221 # 1504
28222 # 1504
28222 # 1504
28223 # 1504
28226 # 1504
28245 # 1504
28245 # 1504
28246 # 1504
28246 # 1504
28246 + 380
28248 # 1504
28248 - 380 2
28248 # 1504
28250 # 1504
28250 # 1504
28255 # 1504
28258 # 1504
28260 # 1504
28266 # 1504
28286 + 387
28326 + 392
28366 + 377
28397 # 1504
28397 - 387 111
28397 - 392 71
28397 - 377 31
28406 + 352
28418 # 1504
28418 - 352 12
28428 # 1504
28430 # 1504
28440 + 351
28446 # 1504
28446 - 351 6
28450 # 1504
28465 # 1504
28465 # 1504
28479 # 1504
28486 + 329
28512 # 1504
28512 - 329 26
28526 # 1504
28526 + 368
28555 # 1504
28555 - 368 29
28555 # 1504
28566 + 379
28573 # 1504
28573 - 379 7
28573 # 1504
28603 + 397
28607 # 1504
28607 - 397 4
28607 # 1504
28607 # 1504
28611 # 1504
28615 # 1504
28616 # 1504
28618 # 1504
28627 # 1504
28629 # 1504
28639 # 1504
28639 # 1504
28641 # 1504
28644 # 1504
28646 + 420
28648 # 1504
28648 - 420 2
28652 # 1504
28658 # 1504
28666 # 1504
28667 # 1504
28668 + 441
28677 # 1504
28677 - 441 9
28686 # 1504
28691 # 1504
28691 # 1504
28693 + 412
28705 # 1504
28705 - 412 12
28705 # 1504
28706 # 1504
28711 # 1504
28717 # 1504
28723 # 1504
28724 + 405
28728 # 1504
28728 - 405 4
28742 # 1504
28743 # 1504
28749 # 1504
28752 + 402
28760 # 1504
28760 - 402 8
28781 + 418
28801 # 1504
28801 - 418 20
28806 + 422
28840 # 1504
28840 - 422 34
28846 + 446
28849 # 1504
28849 - 446 3
28856 # 1504
28866 # 1504
28874 # 1504
28886 + 415
28898 # 1504
28898 - 415 12
28898 # 1504
28926 + 399
28966 + 420
29006 + 407
29007 # 1504
29007 - 399 81
29007 - 420 41
29007 - 407 1
29007 # 1504
29007 # 1504
29010 # 1504
29014 # 1504
29020 # 1504
29020 # 1504
29021 # 1504
29028 # 1504
29040 # 1504
29041 # 1504
29043 # 1504
29045 # 1504
29045 # 1504
29046 + 427
29058 # 1504
29058 - 427 12
29060 # 1504
29069 # 1504
29071 # 1504
29072 # 1504
29082 # 1504
29086 + 434
29098 # 1504
29098 - 434 12
29103 # 1504
29103 # 1504
29113 # 1504
29115 # 1504
29115 # 1504
29119 # 1504
29121 # 1504
29126 + 424
29155 # 1504
29155 - 424 29
29155 # 1504
29163 # 1504
29166 + 401
29169 # 1504
29169 - 401 3
29172 # 1504
29196 # 1504
29206 + 424
29215 # 1504
29215 - 424 9
29246 + 394
29284 # 1504
29284 - 394 38
29284 # 1504
29285 # 1504
29286 + 414
29288 # 1504
29288 - 414 2
29288 # 1504
29288 # 1504
29292 # 1504
29296 # 1504
29299 # 1504
29300 # 1504
29300 # 1504
29304 # 1504
29307 # 1504
29311 # 1504
29313 # 1504
29316 # 1504
29326 + 415
29327 # 1504
29327 - 415 1
29327 # 1504
29328 # 1504
29339 # 1504
29348 # 1504
29351 # 1504
29366 + 422
29367 # 1504
29367 - 422 1
29367 # 1504
29377 # 1504
29380 # 1504
29393 # 1504
29393 # 1504
29406 + 440
29444 # 1504
29444 - 440 38
29446 + 410
29453 # 1504
29453 - 410 7
29458 # 1504
29461 # 1504
29468 # 1504
29486 + 392
29526 + 371
29566 + 357
29596 # 1504
29596 - 392 110
29596 - 371 70
29596 - 357 30
29606 + 370
29613 # 1504
29613 - 370 7
29615 # 1504
29619 # 1504
29635 # 1504
29637 # 1504
29637 # 1504
29638 # 1504
29641 # 1504
29646 + 355
29650 # 1504
29650 - 355 4
29650 # 1504
29652 # 1504
29671 # 1504
29671 # 1504
29674 # 1504
29674 # 1504
29675 # 1504
29678 # 1504
29681 # 1504
29686 + 341
29694 # 1504
29694 - 341 8
29704 # 1504
29704 # 1504
29719 # 1504
29726 + 334
29739 # 1504
29739 - 334 13
29739 # 1504
29741 # 1504
29742 # 1504
29742 # 1504
29745 # 1504
29756 # 1504
29758 # 1504
29758 # 1504
29760 # 1504
29762 # 1504
29765 # 1504
29766 + 374
29775 # 1504
29775 - 374 9
29775 # 1504
29787 # 1504
29806 + 351
29846 + 339
29850 # 1504
29850 - 351 44
29850 - 339 4
29851 # 1504
29857 # 1504
29859 # 1504
29861 # 1504
29871 # 1504
29874 # 1504
29874 # 1504
29877 # 1504
29886 + 330
29888 # 1504
29888 - 330 2
29888 # 1504
29888 # 1504
29921 # 1504
29921 # 1504
29926 + 343
29931 # 1504
29931 - 343 5
29931 # 1504
29931 # 1504
29931 # 1504
29931 # 1504
29932 # 1504
29932 # 1504
29932 # 1504
29950 # 1504
29966 + 363
29967 # 1504
29967 - 363 1
29970 # 1504
29978 # 1504
29982 # 1504
30000 # 1504
30002 # 1504
30006 + 396
30046 + 375
30063 # 1504
30063 - 396 57
30063 - 375 17
30068 # 1504
30086 + 387
30126 + 364
30166 + 366
30169 # 1504
30169 - 387 83
30169 - 364 43
30169 - 366 3
30173 # 1504
30179 # 1504
30181 # 1504
30206 + 373
30207 # 1504
30207 - 373 1
30208 # 1504
30215 # 1504
30217 # 1504
30228 # 1504
30228 # 1504
30229 # 1504
30229 # 1504
30236 # 1504
30237 # 1504
30246 + 377
30247 # 1504
30247 - 377 1
30247 # 1504
30249 # 1504
30257 # 1504
30259 # 1504
30260 # 1504
30264 # 1504
30273 # 1504
30273 # 1504
30274 # 1504
30279 # 1504
30286 + 369
30294 # 1504
30294 - 369 8
30294 # 1504
30296 # 1504
30301 # 1504
30316 # 1504
30326 + 360
30349 # 1504
30349 - 360 23
30359 # 1504
30359 # 1504
30360 # 1504
30363 # 1504
30366 + 395
30376 # 1504
30376 - 395 10
30376 # 1504
30377 # 1504
30377 # 1504
30380 # 1504
30395 # 1504
30395 # 1504
30406 + 404
30446 + 385
30460 # 1504
30460 - 404 54
30460 - 385 14
30460 # 1504
30460 # 1504
30468 # 1504
30470 # 1504
30477 # 1504
30479 # 1504
30486 + 360
30495 # 1504
30495 - 360 9
30495 # 1504
30497 # 1504
30526 + 366
30536 # 1504
30536 - 366 10
30536 # 1504
30554 # 1504
30557 # 1504
30566 + 394
30570 # 1504
30570 - 394 4
30571 # 1504
30582 # 1504
30584 # 1504
30589 # 1504
30603 # 1504
30603 # 1504
30606 + 412
30646 + 402
30686 + 432
30707 # 1504
30707 - 412 101
30707 - 402 61
30707 - 432 21
30707 # 1504
30712 # 1504
30726 + 398
30750 # 1504
30750 - 398 24
30762 # 1504
30763 # 1504
30765 # 1504
30766 + 400
30770 # 1504
30770 - 400 4
30770 # 1504
30770 # 1504
30774 # 1504
30777 # 1504
30787 # 1504
30788 # 1504
30792 # 1504
30806 + 382
30826 # 1504
30826 - 382 20
30828 # 1504
30839 # 1504
30843 # 1504
30846 + 397
30848 # 1504
30848 - 397 2
30857 # 1504
30857 # 1504
30858 # 1504
30858 # 1504
30862 # 1504
30875 # 1504
30876 # 1504
30876 # 1504
30885 # 1504
30885 # 1504
30886 + 409
30895 # 1504
30895 - 409 9
30895 # 1504
30901 # 1504
30926 + 397
30960 # 1504
30960 - 397 34
30966 + 421
30968 # 1504
30968 - 421 2
30972 # 1504
30973 # 1504
30984 # 1504
30984 # 1504
30985 # 1504
30993 # 1504
30993 # 1504
30995 # 1504
30996 # 1504
31000 # 1504
31002 # 1504
31006 + 426
31036 # 1504
31036 - 426 30
31036 # 1504
31036 # 1504
31038 # 1504
31038 # 1504
31038 # 1504
31038 # 1504
31038 # 1504
31046 + 410
31049 # 1504
31049 - 410 3
31049 # 1504
31086 + 382
31091 # 1504
31091 - 382 5
31126 + 402
31135 # 1504
31135 - 402 9
31139 # 1504
31142 # 1504
31154 # 1504
31166 + 420
31168 # 1504
31168 - 420 2
31168 # 1504
31170 # 1504
31177 # 1504
31177 # 1504
31179 # 1504
31193 # 1504
31193 # 1504
31200 # 1504
31201 # 1504
31206 + 428
31246 + 432
31286 + 450
31307 # 1504
31307 - 428 101
31307 - 432 61
31307 - 450 21
31308 # 1504
31311 # 1504
31313 # 1504
31323 # 1504
31323 # 1504
31326 + 427
31336 # 1504
31336 - 427 10
31336 # 1504
31338 # 1504
31338 # 1504
31340 # 1504
31342 # 1504
31353 # 1504
31363 # 1504
31365 # 1504
31366 + 434
31371 # 1504
31371 - 434 5
31382 # 1504
31382 # 1504
31382 # 1504
31384 # 1504
31384 # 1504
31386 # 1504
31406 + 414
31419 # 1504
31419 - 414 13
31419 # 1504
31419 # 1504
31419 # 1504
31419 # 1504
31422 # 1504
31422 # 1504
31425 # 1504
31435 # 1504
31446 + 429
31453 # 1504
31453 - 429 7
31460 # 1504
31473 # 1504
31476 # 1504
31478 # 1504
31486 + 402
31526 + 406
31566 + 376
31580 # 1504
31580 - 402 94
31580 - 406 54
31580 - 376 14
31583 # 1504
31585 # 1504
31590 # 1504
31600 # 1504
31603 # 1504
31606 # 1504
31606 + 356
31609 # 1504
31609 - 356 3
31617 # 1504
31618 # 1504
31619 # 1504
31623 # 1504
31633 # 1504
31638 # 1504
31640 # 1504
31646 + 344
31686 + 338
31726 + 328
31739 # 1504
31739 - 344 93
31739 - 338 53
31739 - 328 13
31757 # 1504
31759 # 1504
31766 + 350
31775 # 1504
31775 - 350 9
31779 # 1504
31780 # 1504
31781 # 1504
31801 # 1504
31803 # 1504
31805 # 1504
31806 + 333
31807 # 1504
31807 - 333 1
31822 # 1504
31825 # 1504
31829 # 1504
31837 # 1504
31839 # 1504
31842 # 1504
31846 # 1504
31846 + 370
31849 # 1504
31849 - 370 3
31867 # 1504
31867 # 1504
31868 # 1504
31870 # 1504
31870 # 1504
31873 # 1504
31873 # 1504
31875 # 1504
31878 # 1504
31880 # 1504
31884 # 1504
31886 + 405
31892 # 1504
31892 - 405 6
31924 # 1504
31924 # 1504
31924 # 1504
31924 # 1504
31926 # 1504
31926 + 377
31931 # 1504
31931 - 377 5
31932 # 1504
31936 # 1504
31936 # 1504
31936 # 1504
31938 # 1504
31947 # 1504
31966 + 408
32006 + 408
32016 # 1504
32016 - 408 50
32016 - 408 10
32016 # 1504
32035 # 1504
32035 # 1504
32037 # 1504
32039 # 1504
32040 # 1504
32044 # 1504
32044 # 1504
32046 + 392
32048 # 1504
32048 - 392 2
32052 # 1504
32052 # 1504
32058 # 1504
32058 # 1504
32058 # 1504
32066 + 52
32069 # 1504
32069 - 52 3
32070 # 1504
32077 # 1504
32086 + 400
32087 # 1504
32087 - 400 1
32088 # 1504
32092 # 1504
32101 # 1504
32101 # 1504
32101 # 1504
32126 + 380
32136 # 1504
32136 - 380 10
32136 # 1504
32166 + 389
32171 # 1504
32171 - 389 5
32206 + 391
32230 # 1504
32230 - 391 24
32230 # 1504
32235 # 1504
32238 # 1504
32241 # 1504
32246 + 414
32277 # 1504
32277 - 414 31
32279 # 1504
32285 # 1504
32286 + 436
32299 # 1504
32299 - 436 13
32307 # 1504
32309 # 1504
32310 # 1504
32311 # 1504
32313 # 1504
32316 # 1504
32326 + 433
32335 # 1504
32335 - 433 9
32335 # 1504
32337 # 1504
32337 # 1504
32338 # 1504
32339 # 1504
32366 + 432
32369 # 1504
32369 - 432 3
32369 # 1504
32372 # 1504
32372 # 1504
32378 # 1504
32389 # 1504
32390 # 1504
32398 # 1504
32399 # 1504
32400 # 1504
32406 + 439
32416 # 1504
32416 - 439 10
32419 # 1504
32443 # 1504
32445 # 1504
32446 + 413
32476 # 1504
32476 - 413 30
32482 # 1504
32483 # 1504
32484 # 1504
32485 # 1504
32486 + 396
32526 + 403
32528 # 1504
32528 - 396 42
32528 - 403 2
32543 # 1504
32545 # 1504
32550 # 1504
32558 # 1504
32566 + 404
32606 + 370
32646 + 401
32663 # 1504
32663 - 404 97
32663 - 370 57
32663 - 401 17
32668 # 1504
32678 # 1504
32680 # 1504
32686 + 389
32691 # 1504
32691 - 389 5
32699 # 1504
32706 # 1504
32716 # 1504
32726 + 372
32728 # 1504
32728 - 372 2
32744 # 1504
32766 + 377
32799 # 1504
32799 - 377 33
32806 + 374
32827 # 1504
32827 - 374 21
32831 # 1504
32837 # 1504
32840 # 1504
32843 # 1504
32846 + 368
32854 # 1504
32854 - 368 8
32854 # 1504
32856 # 1504
32868 # 1504
32886 + 387
32902 # 1504
32902 - 387 16
32908 # 1504
32912 # 1504
32916 # 1504
32925 # 1504
32926 + 398
32928 # 1504
32928 - 398 2
32928 # 1504
32932 # 1504
32935 # 1504
32937 # 1504
32940 # 1504
32944 # 1504
32947 # 1504
32966 # 1504
32966 # 1504
32968 # 1504
32968 + 396
32970 # 1504
32970 - 396 2
32970 # 1504
32971 # 1504
32975 # 1504
32977 # 1504
32981 # 1504
32984 # 1504
32988 # 1504
32999 # 1504
32999 # 1504
33001 # 1504
33006 + 382
33008 # 1504
33008 - 382 2
33010 # 1504
33017 # 1504
33020 # 1504
33035 # 1504
33044 # 1504
33046 + 397
33074 # 1504
33074 - 397 28
33086 + 387
33125 # 1504
33125 - 387 39
33126 + 372
33128 # 1504
33128 - 372 2
33128 # 1504
33129 # 1504
33130 # 1504
33156 # 1504
33156 # 1504
33159 # 1504
33166 # 1504
33166 # 1504
33166 + 393
33177 # 1504
33177 - 393 11
33180 # 1504
33182 # 1504
33198 # 1504
33206 + 377
