# mahimahi mm-link (Uplink) [/usr/share/mahimahi/traces/ATT-LTE-driving-2016.up] > /home/salma/pantheon/ATTDrivingLTE/vegas_mm_datalink_run1.log
# command line: 'mm-link' '/usr/share/mahimahi/traces/ATT-LTE-driving-2016.up' '/usr/share/mahimahi/traces/ATT-LTE-driving-2016.down' '--uplink-log=/home/salma/pantheon/ATTDrivingLTE/vegas_mm_datalink_run1.log' '--downlink-log=/home/salma/pantheon/ATTDrivingLTE/vegas_mm_acklink_run1.log' 'python' '/home/salma/pantheon/src/experiments/tunnel_manager.py'
# queue: infinite
# init timestamp: 1564582709760
# base timestamp: 39
# mahimahi config: [delay 20 ms] 
39 # 1504
41 + 80
41 + 52
41 + 80
87 # 1504
87 - 80 46
87 - 52 46
87 - 80 46
96 # 1504
96 # 1504
97 # 1504
97 # 1504
97 # 1504
97 # 1504
99 # 1504
99 # 1504
99 # 1504
99 # 1504
100 # 1504
101 # 1504
101 # 1504
101 # 1504
102 # 1504
102 # 1504
102 # 1504
102 # 1504
103 # 1504
105 # 1504
105 # 1504
105 # 1504
106 # 1504
108 # 1504
110 # 1504
110 # 1504
110 # 1504
111 # 1504
111 # 1504
113 # 1504
115 # 1504
116 # 1504
116 # 1504
118 # 1504
118 # 1504
119 # 1504
119 # 1504
120 # 1504
122 # 1504
122 # 1504
123 # 1504
124 # 1504
134 # 1504
134 # 1504
134 # 1504
134 # 1504
135 # 1504
138 # 1504
138 # 1504
138 # 1504
138 # 1504
138 # 1504
138 # 1504
139 # 1504
139 # 1504
139 # 1504
139 # 1504
140 # 1504
141 # 1504
141 # 1504
141 # 1504
142 # 1504
144 # 1504
144 # 1504
146 # 1504
147 # 1504
147 # 1504
147 # 1504
147 # 1504
149 # 1504
149 # 1504
149 # 1504
159 # 1504
159 # 1504
159 # 1504
159 # 1504
159 # 1504
159 # 1504
159 # 1504
159 # 1504
160 # 1504
160 # 1504
160 # 1504
160 # 1504
161 # 1504
163 # 1504
167 # 1504
167 # 1504
167 # 1504
168 # 1504
170 # 1504
170 # 1504
170 + 40
173 # 1504
173 - 40 3
173 # 1504
182 # 1504
182 # 1504
182 # 1504
182 # 1504
182 # 1504
182 # 1504
182 # 1504
183 # 1504
184 # 1504
184 # 1504
184 # 1504
184 # 1504
185 # 1504
185 # 1504
186 # 1504
187 # 1504
189 # 1504
190 # 1504
190 # 1504
192 # 1504
192 # 1504
192 # 1504
195 # 1504
195 # 1504
196 # 1504
205 # 1504
205 # 1504
205 # 1504
205 # 1504
205 # 1504
205 # 1504
205 # 1504
206 # 1504
207 # 1504
207 # 1504
207 # 1504
207 # 1504
207 # 1504
207 # 1504
208 # 1504
208 # 1504
209 # 1504
210 # 1504
212 # 1504
212 # 1504
213 # 1504
214 # 1504
215 # 1504
215 # 1504
216 # 1504
216 # 1504
227 # 1504
227 # 1504
227 # 1504
227 # 1504
227 # 1504
227 # 1504
227 # 1504
227 # 1504
227 # 1504
227 # 1504
227 # 1504
227 # 1504
227 # 1504
227 # 1504
228 # 1504
230 # 1504
231 # 1504
232 # 1504
232 # 1504
233 # 1504
233 # 1504
234 # 1504
235 # 1504
235 # 1504
235 # 1504
237 # 1504
237 # 1504
238 # 1504
239 # 1504
239 # 1504
239 # 1504
240 # 1504
240 # 1504
241 # 1504
243 # 1504
246 # 1504
246 # 1504
246 # 1504
246 # 1504
246 # 1504
247 # 1504
247 # 1504
248 # 1504
249 # 1504
251 # 1504
251 # 1504
251 # 1504
251 # 1504
251 # 1504
253 # 1504
253 # 1504
254 # 1504
255 # 1504
255 # 1504
256 # 1504
256 # 1504
257 # 1504
257 # 1504
259 # 1504
259 # 1504
259 # 1504
260 # 1504
261 # 1504
261 # 1504
265 # 1504
265 # 1504
265 # 1504
265 # 1504
265 # 1504
267 # 1504
267 # 1504
267 # 1504
269 # 1504
269 # 1504
269 # 1504
270 # 1504
271 # 1504
272 # 1504
273 # 1504
273 # 1504
274 # 1504
274 # 1504
275 # 1504
275 # 1504
275 # 1504
275 # 1504
277 # 1504
277 # 1504
278 # 1504
278 # 1504
279 # 1504
279 # 1504
279 # 1504
281 # 1504
281 # 1504
281 # 1504
282 # 1504
282 # 1504
282 # 1504
284 # 1504
286 # 1504
286 # 1504
286 # 1504
286 # 1504
287 # 1504
287 # 1504
288 # 1504
288 # 1504
289 # 1504
289 # 1504
290 # 1504
291 # 1504
291 # 1504
291 # 1504
292 # 1504
293 # 1504
293 # 1504
293 # 1504
296 # 1504
296 # 1504
296 # 1504
296 # 1504
296 # 1504
298 # 1504
298 # 1504
298 # 1504
303 # 1504
303 # 1504
311 # 1504
311 # 1504
311 # 1504
311 # 1504
311 # 1504
314 # 1504
314 # 1504
314 # 1504
314 # 1504
321 # 1504
321 # 1504
323 # 1504
323 # 1504
325 # 1504
327 # 1504
330 # 1504
332 # 1504
336 # 1504
339 # 1504
340 # 1504
350 # 1504
352 # 1504
352 # 1504
353 # 1504
364 # 1504
366 # 1504
369 # 1504
369 # 1504
380 # 1504
384 # 1504
384 # 1504
384 # 1504
385 # 1504
389 # 1504
389 # 1504
392 # 1504
395 # 1504
395 # 1504
395 # 1504
396 # 1504
397 # 1504
399 # 1504
402 # 1504
405 # 1504
407 # 1504
409 # 1504
410 # 1504
421 # 1504
422 + 80
423 # 1504
423 - 80 1
423 # 1504
427 # 1504
427 # 1504
428 # 1504
428 # 1504
429 # 1504
431 # 1504
432 # 1504
434 # 1504
436 # 1504
436 # 1504
436 # 1504
437 # 1504
439 # 1504
439 # 1504
441 # 1504
445 # 1504
445 # 1504
445 # 1504
445 # 1504
447 # 1504
448 # 1504
448 # 1504
448 # 1504
450 # 1504
452 # 1504
455 # 1504
455 # 1504
455 # 1504
456 # 1504
457 # 1504
459 # 1504
460 # 1504
470 # 1504
473 # 1504
473 # 1504
473 # 1504
475 # 1504
475 # 1504
475 # 1504
477 # 1504
480 # 1504
481 # 1504
482 # 1504
484 # 1504
485 # 1504
485 # 1504
486 # 1504
488 # 1504
488 # 1504
488 # 1504
489 # 1504
499 # 1504
499 # 1504
499 # 1504
499 # 1504
499 # 1504
500 # 1504
500 # 1504
500 # 1504
501 # 1504
503 # 1504
505 # 1504
507 # 1504
508 # 1504
511 # 1504
521 # 1504
521 # 1504
521 # 1504
522 # 1504
522 # 1504
523 # 1504
526 # 1504
527 # 1504
966 + 80
1569 # 1504
1569 - 80 603
1609 # 1504
1611 # 1504
1611 # 1504
1611 # 1504
1611 # 1504
1612 # 1504
1612 # 1504
1613 # 1504
1613 # 1504
1614 # 1504
1615 # 1504
1624 # 1504
1624 # 1504
1624 # 1504
1624 # 1504
1627 # 1504
1627 # 1504
1627 # 1504
1627 # 1504
1627 # 1504
1627 # 1504
1627 # 1504
1627 # 1504
1628 # 1504
1628 # 1504
1628 # 1504
1635 # 1504
1635 # 1504
1635 # 1504
1635 # 1504
1635 # 1504
1635 # 1504
1635 # 1504
1637 # 1504
1637 # 1504
1637 # 1504
1637 # 1504
1637 # 1504
1637 # 1504
1637 # 1504
1637 # 1504
1638 # 1504
1639 # 1504
1649 # 1504
1649 # 1504
1649 # 1504
1649 # 1504
1649 # 1504
1649 # 1504
1651 # 1504
1651 # 1504
1651 # 1504
1651 # 1504
1651 # 1504
1651 # 1504
1651 # 1504
1653 # 1504
1654 # 1504
1655 # 1504
1656 # 1504
1656 # 1504
1658 # 1504
1658 # 1504
1659 # 1504
1661 # 1504
1661 # 1504
1661 # 1504
1662 # 1504
1664 # 1504
1664 # 1504
1664 # 1504
1665 # 1504
1666 # 1504
1666 # 1504
1667 # 1504
1667 # 1504
1677 # 1504
1677 # 1504
1677 # 1504
1677 # 1504
1677 # 1504
1677 # 1504
1679 # 1504
1679 # 1504
1679 # 1504
1679 # 1504
1679 # 1504
1679 # 1504
1679 # 1504
1679 # 1504
1680 # 1504
1681 # 1504
1683 # 1504
1684 # 1504
1685 # 1504
1686 # 1504
1686 # 1504
1687 # 1504
1688 # 1504
1689 # 1504
1689 # 1504
1689 # 1504
1691 # 1504
1691 # 1504
1692 # 1504
1701 # 1504
1701 # 1504
1701 # 1504
1701 # 1504
1701 # 1504
1701 # 1504
1703 # 1504
1703 # 1504
1703 # 1504
1703 # 1504
1703 # 1504
1703 # 1504
1704 # 1504
1704 # 1504
1704 # 1504
1706 # 1504
1706 # 1504
1707 # 1504
1716 # 1504
1716 # 1504
1717 # 1504
1717 # 1504
1717 # 1504
1717 # 1504
1720 # 1504
1720 # 1504
1720 # 1504
1720 # 1504
1720 # 1504
1720 # 1504
1721 # 1504
1721 # 1504
1721 # 1504
1721 # 1504
1723 # 1504
1724 # 1504
1724 # 1504
1726 # 1504
1726 # 1504
1726 # 1504
1727 # 1504
1728 # 1504
1730 # 1504
1730 # 1504
1731 # 1504
1732 # 1504
1733 # 1504
1733 # 1504
1734 # 1504
1734 # 1504
1735 # 1504
1737 # 1504
1737 # 1504
1738 # 1504
1739 # 1504
1745 # 1504
1745 # 1504
1745 # 1504
1756 # 1504
1756 # 1504
1756 # 1504
1759 # 1504
1759 # 1504
1759 # 1504
1759 # 1504
1759 # 1504
1759 # 1504
1759 # 1504
1759 # 1504
1759 # 1504
1759 # 1504
1759 # 1504
1759 # 1504
1759 # 1504
1759 # 1504
1760 # 1504
1760 # 1504
1760 # 1504
1760 # 1504
1760 # 1504
1760 # 1504
1762 # 1504
1769 # 1504
1769 # 1504
1769 # 1504
1769 # 1504
1769 # 1504
1769 # 1504
1769 # 1504
1770 # 1504
1770 # 1504
1770 # 1504
1771 # 1504
1771 # 1504
1771 # 1504
1780 # 1504
1780 # 1504
1780 # 1504
1780 # 1504
1780 # 1504
1780 # 1504
1780 # 1504
1782 # 1504
1782 # 1504
1782 # 1504
1782 # 1504
1782 # 1504
1782 # 1504
1782 # 1504
1783 # 1504
1783 # 1504
1783 # 1504
1785 # 1504
1785 # 1504
1785 # 1504
1786 # 1504
1786 # 1504
1788 # 1504
1789 # 1504
1789 # 1504
1790 # 1504
1790 # 1504
1791 # 1504
1791 # 1504
1791 # 1504
1794 # 1504
1797 # 1504
1797 # 1504
1799 # 1504
1799 # 1504
1799 # 1504
1799 # 1504
1799 # 1504
1799 # 1504
1799 # 1504
1802 # 1504
1802 # 1504
1802 # 1504
1802 # 1504
1802 # 1504
1804 # 1504
1804 # 1504
1804 # 1504
1805 # 1504
1805 # 1504
1807 # 1504
1808 # 1504
1810 # 1504
1810 # 1504
1810 # 1504
1810 # 1504
1810 # 1504
1811 # 1504
1811 # 1504
1812 # 1504
1812 # 1504
1813 # 1504
1813 # 1504
1814 # 1504
1814 # 1504
1814 # 1504
1816 # 1504
1817 # 1504
1818 # 1504
1818 # 1504
1820 # 1504
1820 # 1504
1820 # 1504
1820 # 1504
1820 # 1504
1820 # 1504
1821 # 1504
1821 # 1504
1824 # 1504
1825 # 1504
1825 # 1504
1825 # 1504
1826 # 1504
1834 # 1504
1834 # 1504
1834 # 1504
1836 # 1504
1836 # 1504
1836 # 1504
1836 # 1504
1836 # 1504
1836 # 1504
1836 # 1504
1836 # 1504
1836 # 1504
1838 # 1504
1838 # 1504
1838 # 1504
1838 # 1504
1838 # 1504
1841 # 1504
1842 # 1504
1845 # 1504
1848 # 1504
1848 # 1504
1851 # 1504
1855 # 1504
1859 # 1504
1859 # 1504
1869 # 1504
1869 # 1504
1874 # 1504
1875 # 1504
1875 # 1504
1875 # 1504
1877 # 1504
1877 # 1504
1882 # 1504
1891 # 1504
1891 # 1504
1892 # 1504
1892 # 1504
1892 # 1504
1894 # 1504
1894 # 1504
1895 # 1504
1897 # 1504
1898 # 1504
1899 # 1504
1899 # 1504
1900 # 1504
1901 # 1504
1902 # 1504
1904 # 1504
1906 # 1504
1907 # 1504
1907 # 1504
1908 # 1504
1909 # 1504
1909 # 1504
1909 # 1504
1911 # 1504
1911 # 1504
1912 # 1504
1913 # 1504
1913 # 1504
1915 # 1504
1916 # 1504
1926 # 1504
1926 # 1504
1926 # 1504
1929 # 1504
1929 # 1504
1929 # 1504
1929 # 1504
1929 # 1504
1929 # 1504
1929 # 1504
1931 # 1504
1931 # 1504
1931 # 1504
1931 # 1504
1931 # 1504
1933 # 1504
1933 # 1504
1934 # 1504
1934 # 1504
1934 # 1504
1935 # 1504
1935 # 1504
1937 # 1504
1937 # 1504
1937 # 1504
1938 # 1504
1938 # 1504
1938 # 1504
1940 # 1504
1940 # 1504
1940 # 1504
1941 # 1504
1943 # 1504
1943 # 1504
1943 # 1504
1945 # 1504
1945 # 1504
1945 # 1504
1945 # 1504
1945 # 1504
1956 # 1504
1956 # 1504
1956 # 1504
1956 # 1504
1957 # 1504
1957 # 1504
1961 # 1504
1961 # 1504
1961 # 1504
1961 # 1504
1961 # 1504
1963 # 1504
1963 # 1504
1963 # 1504
1963 # 1504
1963 # 1504
1963 # 1504
1963 # 1504
1964 # 1504
1964 # 1504
1964 # 1504
1964 # 1504
1966 # 1504
1966 # 1504
1967 # 1504
1969 # 1504
1969 # 1504
1969 # 1504
1970 # 1504
1970 # 1504
1971 # 1504
1971 # 1504
1973 # 1504
1973 # 1504
1974 # 1504
1975 # 1504
1975 # 1504
1976 # 1504
1976 # 1504
1977 # 1504
1978 # 1504
1978 # 1504
1979 # 1504
1989 # 1504
1989 # 1504
1989 # 1504
1989 # 1504
1989 # 1504
1989 # 1504
1989 # 1504
1989 # 1504
1992 # 1504
1992 # 1504
1992 # 1504
1992 # 1504
1992 # 1504
1992 # 1504
1992 # 1504
1992 # 1504
1992 # 1504
1992 # 1504
1994 # 1504
1995 # 1504
1995 # 1504
1996 # 1504
1996 # 1504
1997 # 1504
1997 # 1504
2007 # 1504
2007 # 1504
2007 # 1504
2007 # 1504
2011 # 1504
2011 # 1504
2012 # 1504
2013 # 1504
2013 # 1504
2013 # 1504
2013 # 1504
2013 # 1504
2013 # 1504
2013 # 1504
2014 # 1504
2015 # 1504
2015 # 1504
2015 # 1504
2015 # 1504
2016 # 1504
2018 # 1504
2019 # 1504
2019 # 1504
2019 # 1504
2019 # 1504
2021 # 1504
2021 # 1504
2021 # 1504
2023 # 1504
2023 # 1504
2023 # 1504
2024 # 1504
2024 # 1504
2026 # 1504
2027 # 1504
2027 # 1504
2027 # 1504
2030 # 1504
2030 # 1504
2030 # 1504
2030 # 1504
2030 # 1504
2032 # 1504
2032 # 1504
2033 # 1504
2033 # 1504
2034 # 1504
2034 # 1504
2035 # 1504
2035 # 1504
2035 # 1504
2037 # 1504
2037 # 1504
2038 # 1504
2038 # 1504
2038 # 1504
2039 # 1504
2049 # 1504
2049 # 1504
2049 # 1504
2049 # 1504
2049 # 1504
2054 # 1504
2054 # 1504
2054 # 1504
2054 # 1504
2054 # 1504
2054 # 1504
2054 # 1504
2054 # 1504
2055 # 1504
2055 # 1504
2055 # 1504
2055 # 1504
2055 # 1504
2055 # 1504
2055 # 1504
2055 # 1504
2055 # 1504
2055 # 1504
2056 # 1504
2056 # 1504
2057 # 1504
2057 # 1504
2066 # 1504
2066 # 1504
2066 # 1504
2066 # 1504
2067 # 1504
2067 # 1504
2067 # 1504
2070 # 1504
2070 # 1504
2070 # 1504
2070 # 1504
2070 # 1504
2070 # 1504
2070 # 1504
2070 # 1504
2070 # 1504
2070 # 1504
2070 # 1504
2079 # 1504
2079 # 1504
2079 # 1504
2079 # 1504
2079 # 1504
2079 # 1504
2079 # 1504
2079 # 1504
2080 # 1504
2080 # 1504
2085 # 1504
2085 # 1504
2085 # 1504
2085 # 1504
2085 # 1504
2086 # 1504
2090 # 1504
2090 # 1504
2090 # 1504
2090 # 1504
2090 # 1504
2090 # 1504
2090 # 1504
2090 # 1504
2090 # 1504
2091 # 1504
2091 # 1504
2091 # 1504
2091 # 1504
2092 # 1504
2101 # 1504
2101 # 1504
2101 # 1504
2101 # 1504
2101 # 1504
2101 # 1504
2101 # 1504
2101 # 1504
2102 # 1504
2102 # 1504
2108 # 1504
2108 # 1504
2108 # 1504
2108 # 1504
2112 # 1504
2112 # 1504
2112 # 1504
2112 # 1504
2112 # 1504
2112 # 1504
2112 # 1504
2112 # 1504
2113 # 1504
2113 # 1504
2113 # 1504
2113 # 1504
2114 # 1504
2115 # 1504
2123 # 1504
2123 # 1504
2124 # 1504
2124 # 1504
2124 # 1504
2124 # 1504
2124 # 1504
2124 # 1504
2130 # 1504
2130 # 1504
2130 # 1504
2133 # 1504
2133 # 1504
2133 # 1504
2133 # 1504
2133 # 1504
2134 # 1504
2134 # 1504
2134 # 1504
2134 # 1504
2135 # 1504
2137 # 1504
2137 # 1504
2138 # 1504
2138 # 1504
2140 # 1504
2140 # 1504
2148 # 1504
2148 # 1504
2150 # 1504
2150 # 1504
2150 # 1504
2150 # 1504
2150 # 1504
2150 # 1504
2150 # 1504
2150 # 1504
2151 # 1504
2151 # 1504
2152 # 1504
2153 # 1504
2154 # 1504
2154 # 1504
2154 # 1504
2164 # 1504
2164 # 1504
2166 # 1504
2166 # 1504
2166 # 1504
2166 # 1504
2167 # 1504
2167 # 1504
2167 # 1504
2175 # 1504
2175 # 1504
2175 # 1504
2175 # 1504
2175 # 1504
2176 # 1504
2176 # 1504
2176 # 1504
2178 # 1504
2178 # 1504
2179 # 1504
2179 # 1504
2181 # 1504
2182 # 1504
2182 # 1504
2182 # 1504
2184 # 1504
2185 # 1504
2186 # 1504
2186 # 1504
2187 # 1504
2189 # 1504
2190 # 1504
2193 # 1504
2193 # 1504
2195 # 1504
2195 # 1504
2197 # 1504
2197 # 1504
2197 # 1504
2198 # 1504
2198 # 1504
2199 # 1504
2201 # 1504
2202 # 1504
2202 # 1504
2203 # 1504
2204 # 1504
2205 # 1504
2207 # 1504
2207 # 1504
2207 # 1504
2210 # 1504
2210 # 1504
2211 # 1504
2211 # 1504
2211 # 1504
2211 # 1504
2213 # 1504
2222 # 1504
2222 # 1504
2222 # 1504
2222 # 1504
2222 # 1504
2222 # 1504
2225 # 1504
2225 # 1504
2225 # 1504
2225 # 1504
2225 # 1504
2225 # 1504
2225 # 1504
2225 # 1504
2225 # 1504
2231 # 1504
2231 # 1504
2231 # 1504
2231 # 1504
2231 # 1504
2231 # 1504
2234 # 1504
2234 # 1504
2234 # 1504
2234 # 1504
2235 # 1504
2235 # 1504
2235 # 1504
2236 # 1504
2236 # 1504
2236 # 1504
2237 # 1504
2237 # 1504
2238 # 1504
2239 # 1504
2240 # 1504
2241 # 1504
2242 # 1504
2242 # 1504
2245 # 1504
2245 # 1504
2246 # 1504
2248 # 1504
2249 # 1504
2250 # 1504
2250 # 1504
2250 # 1504
2251 # 1504
2253 # 1504
2253 # 1504
2255 # 1504
2255 # 1504
2255 # 1504
2255 # 1504
2258 # 1504
2258 # 1504
2259 # 1504
2259 # 1504
2260 # 1504
2261 # 1504
2262 # 1504
2263 # 1504
2264 # 1504
2264 # 1504
2265 # 1504
2265 # 1504
2266 # 1504
2266 # 1504
2267 # 1504
2268 # 1504
2269 # 1504
2271 # 1504
2271 # 1504
2272 # 1504
2273 # 1504
2273 # 1504
2274 # 1504
2275 # 1504
2276 # 1504
2277 # 1504
2277 # 1504
2279 # 1504
2279 # 1504
2281 # 1504
2281 # 1504
2283 # 1504
2283 # 1504
2285 # 1504
2285 # 1504
2294 # 1504
2294 # 1504
2294 # 1504
2298 # 1504
2298 # 1504
2298 # 1504
2302 # 1504
2302 # 1504
2302 # 1504
2302 # 1504
2302 # 1504
2302 # 1504
2302 # 1504
2303 # 1504
2303 # 1504
2303 # 1504
2303 # 1504
2305 # 1504
2305 # 1504
2307 # 1504
2309 # 1504
2311 # 1504
2313 # 1504
2313 # 1504
2313 # 1504
2313 # 1504
2315 # 1504
2316 # 1504
2317 # 1504
2319 # 1504
2320 # 1504
2322 # 1504
2322 # 1504
2330 # 1504
2330 # 1504
2330 # 1504
2330 # 1504
2332 # 1504
2332 # 1504
2332 # 1504
2332 # 1504
2334 # 1504
2335 # 1504
2335 # 1504
2337 # 1504
2337 # 1504
2339 # 1504
2340 # 1504
2340 # 1504
2341 # 1504
2342 # 1504
2343 # 1504
2343 # 1504
2343 # 1504
2355 # 1504
2358 # 1504
2358 # 1504
2358 # 1504
2358 # 1504
2358 # 1504
2358 # 1504
2358 # 1504
2358 # 1504
2358 # 1504
2358 # 1504
2359 # 1504
2359 # 1504
2359 # 1504
2359 # 1504
2359 # 1504
2360 # 1504
2360 # 1504
2360 # 1504
2361 # 1504
2363 # 1504
2373 # 1504
2373 # 1504
2373 # 1504
2373 # 1504
2373 # 1504
2373 # 1504
2374 # 1504
2374 # 1504
2374 # 1504
2374 # 1504
2374 # 1504
2374 # 1504
2376 # 1504
2376 # 1504
2377 # 1504
2377 # 1504
2377 # 1504
2377 # 1504
2377 # 1504
2377 # 1504
2379 # 1504
2380 # 1504
2380 # 1504
2381 # 1504
2382 # 1504
2383 # 1504
2384 # 1504
2384 # 1504
2384 # 1504
2384 # 1504
2385 # 1504
2385 # 1504
2387 # 1504
2387 # 1504
2387 # 1504
2389 # 1504
2389 # 1504
2390 # 1504
2391 # 1504
2391 # 1504
2392 # 1504
2393 # 1504
2394 # 1504
2394 # 1504
2395 # 1504
2395 # 1504
2396 # 1504
2396 # 1504
2397 # 1504
2398 # 1504
2398 # 1504
2399 # 1504
2399 # 1504
2408 # 1504
2408 # 1504
2409 # 1504
2409 # 1504
2409 # 1504
2409 # 1504
2411 # 1504
2411 # 1504
2412 # 1504
2412 # 1504
2412 # 1504
2412 # 1504
2412 # 1504
2413 # 1504
2413 # 1504
2421 # 1504
2421 # 1504
2421 # 1504
2421 # 1504
2421 # 1504
2421 # 1504
2422 # 1504
2422 # 1504
2422 # 1504
2422 # 1504
2422 # 1504
2422 # 1504
2424 # 1504
2424 # 1504
2425 # 1504
2425 # 1504
2425 # 1504
2426 # 1504
2427 # 1504
2428 # 1504
2428 # 1504
2441 # 1504
2441 # 1504
2441 # 1504
2441 # 1504
2444 # 1504
2444 # 1504
2444 # 1504
2444 # 1504
2444 # 1504
2444 # 1504
2444 # 1504
2447 # 1504
2447 # 1504
2447 # 1504
2447 # 1504
2447 # 1504
2458 # 1504
2458 # 1504
2458 # 1504
2458 # 1504
2458 # 1504
2458 # 1504
2458 # 1504
2459 # 1504
2459 # 1504
2459 # 1504
2459 # 1504
2459 # 1504
2459 # 1504
2459 # 1504
2460 # 1504
2460 # 1504
2460 # 1504
2460 # 1504
2460 # 1504
2460 # 1504
2460 # 1504
2460 # 1504
2461 # 1504
2461 # 1504
2463 # 1504
2463 # 1504
2463 # 1504
2463 # 1504
2465 # 1504
2465 # 1504
2465 # 1504
2467 # 1504
2467 # 1504
2468 # 1504
2469 # 1504
2469 # 1504
2469 # 1504
2471 # 1504
2472 # 1504
2473 # 1504
2473 # 1504
2473 # 1504
2474 # 1504
2475 # 1504
2476 # 1504
2477 # 1504
2477 # 1504
2478 # 1504
2488 # 1504
2488 # 1504
2488 # 1504
2489 # 1504
2489 # 1504
2489 # 1504
2489 # 1504
2490 # 1504
2490 # 1504
2490 # 1504
2490 # 1504
2490 # 1504
2491 # 1504
2491 # 1504
2492 # 1504
2493 # 1504
2503 # 1504
2503 # 1504
2503 # 1504
2505 # 1504
2505 # 1504
2505 # 1504
2507 # 1504
2507 # 1504
2507 # 1504
2507 # 1504
2507 # 1504
2507 # 1504
2507 # 1504
2507 # 1504
2508 # 1504
2509 # 1504
2509 # 1504
2509 # 1504
2510 # 1504
2513 # 1504
2513 # 1504
2513 # 1504
2514 # 1504
2516 # 1504
2516 # 1504
2516 # 1504
2519 # 1504
2519 # 1504
2519 # 1504
2519 # 1504
2521 # 1504
2521 # 1504
2530 # 1504
2530 # 1504
2530 # 1504
2530 # 1504
2532 # 1504
2532 # 1504
2532 # 1504
2532 # 1504
2535 # 1504
2535 # 1504
2535 # 1504
2535 # 1504
2536 # 1504
2536 # 1504
2536 # 1504
2541 # 1504
2541 # 1504
2541 # 1504
2541 # 1504
2541 # 1504
2547 # 1504
2547 # 1504
2547 # 1504
2547 # 1504
2547 # 1504
2547 # 1504
2548 # 1504
2548 # 1504
2548 # 1504
2549 # 1504
2549 # 1504
2550 # 1504
2550 # 1504
2552 # 1504
2554 # 1504
2554 # 1504
2571 # 1504
2571 # 1504
2571 # 1504
2571 # 1504
2571 # 1504
2571 # 1504
2572 # 1504
2572 # 1504
2572 # 1504
2572 # 1504
2572 # 1504
2572 # 1504
2575 # 1504
2575 # 1504
2575 # 1504
2575 # 1504
2575 # 1504
2575 # 1504
2576 # 1504
2576 # 1504
2576 # 1504
2576 # 1504
2583 # 1504
2583 # 1504
2583 # 1504
2583 # 1504
2583 # 1504
2583 # 1504
2584 # 1504
2584 # 1504
2585 # 1504
2585 # 1504
2585 # 1504
2586 # 1504
2586 # 1504
2586 # 1504
2588 # 1504
2589 # 1504
2589 # 1504
2589 # 1504
2590 # 1504
2593 # 1504
2595 # 1504
2595 # 1504
2596 # 1504
2599 # 1504
2599 # 1504
2600 # 1504
2610 # 1504
2610 # 1504
2610 # 1504
2610 # 1504
2610 # 1504
2611 # 1504
2611 # 1504
2611 # 1504
2611 # 1504
2611 # 1504
2619 # 1504
2619 # 1504
2619 # 1504
2621 # 1504
2621 # 1504
2621 # 1504
2621 # 1504
2621 # 1504
2622 # 1504
2622 # 1504
2622 # 1504
2623 # 1504
2633 # 1504
2633 # 1504
2633 # 1504
2633 # 1504
2633 # 1504
2633 # 1504
2634 # 1504
2634 # 1504
2634 # 1504
2635 # 1504
2636 # 1504
2637 # 1504
2638 # 1504
2638 # 1504
2640 # 1504
2640 # 1504
2641 # 1504
2644 # 1504
2645 # 1504
2646 # 1504
2647 # 1504
2648 # 1504
2650 # 1504
2652 # 1504
2653 # 1504
2662 # 1504
2662 # 1504
2662 # 1504
2664 # 1504
2664 # 1504
2664 # 1504
2665 # 1504
2665 # 1504
2667 # 1504
2667 # 1504
2667 # 1504
2667 # 1504
2668 # 1504
2670 # 1504
2670 # 1504
2670 # 1504
2672 # 1504
2673 # 1504
2683 # 1504
2683 # 1504
2686 # 1504
2686 # 1504
2686 # 1504
2686 # 1504
2686 # 1504
2690 # 1504
2690 # 1504
2690 # 1504
2690 # 1504
2690 # 1504
2691 # 1504
2692 # 1504
2693 # 1504
2694 # 1504
2694 # 1504
2697 # 1504
2699 # 1504
2700 # 1504
2700 # 1504
2700 # 1504
2700 # 1504
2702 # 1504
2703 # 1504
2704 # 1504
2704 # 1504
2707 # 1504
2708 # 1504
2709 # 1504
2709 # 1504
2711 # 1504
2711 # 1504
2713 # 1504
2714 # 1504
2714 # 1504
2715 # 1504
2718 # 1504
2718 # 1504
2727 # 1504
2727 # 1504
2729 # 1504
2729 # 1504
2729 # 1504
2729 # 1504
2729 # 1504
2729 # 1504
2737 # 1504
2737 # 1504
2737 # 1504
2737 # 1504
2739 # 1504
2739 # 1504
2739 # 1504
2739 # 1504
2741 # 1504
2741 # 1504
2742 # 1504
2744 # 1504
2745 # 1504
2746 # 1504
2748 # 1504
2748 # 1504
2751 # 1504
2751 # 1504
2751 # 1504
2751 # 1504
2753 # 1504
2754 # 1504
2763 # 1504
2763 # 1504
2764 # 1504
2764 # 1504
2766 # 1504
2766 # 1504
2766 # 1504
2766 # 1504
2766 # 1504
2766 # 1504
2767 # 1504
2775 # 1504
2775 # 1504
2775 # 1504
2775 # 1504
2775 # 1504
2780 # 1504
2780 # 1504
2780 # 1504
2780 # 1504
2781 # 1504
2782 # 1504
2782 # 1504
2782 # 1504
2783 # 1504
2784 # 1504
2784 # 1504
2784 # 1504
2784 # 1504
2784 # 1504
2784 # 1504
2786 # 1504
2786 # 1504
2786 # 1504
2787 # 1504
2788 # 1504
2788 # 1504
2789 # 1504
2789 # 1504
2791 # 1504
2791 # 1504
2791 # 1504
2792 # 1504
2794 # 1504
2795 # 1504
2795 # 1504
2796 # 1504
2797 # 1504
2800 # 1504
2809 # 1504
2810 # 1504
2811 # 1504
2811 # 1504
2811 # 1504
2811 # 1504
2811 # 1504
2812 # 1504
2812 # 1504
2812 # 1504
2812 # 1504
2813 # 1504
2815 # 1504
2815 # 1504
2815 # 1504
2816 # 1504
2817 # 1504
2817 # 1504
2818 # 1504
2819 # 1504
2819 # 1504
2820 # 1504
2821 # 1504
2822 # 1504
2822 # 1504
2823 # 1504
2823 # 1504
2823 # 1504
2823 # 1504
2824 # 1504
2824 # 1504
2824 # 1504
2826 # 1504
2827 # 1504
2827 # 1504
2827 # 1504
2836 # 1504
2836 # 1504
2836 # 1504
2836 # 1504
2836 # 1504
2836 # 1504
2836 # 1504
2836 # 1504
2836 # 1504
2836 # 1504
2836 # 1504
2837 # 1504
2837 # 1504
2837 # 1504
2838 # 1504
2838 # 1504
2838 # 1504
2838 # 1504
2847 # 1504
2847 # 1504
2847 # 1504
2847 # 1504
2847 # 1504
2847 # 1504
2847 # 1504
2847 # 1504
2847 # 1504
2847 # 1504
2848 # 1504
2848 # 1504
2850 # 1504
2850 # 1504
2852 # 1504
2852 # 1504
2852 # 1504
2852 # 1504
2852 # 1504
2852 # 1504
2852 # 1504
2852 # 1504
2852 # 1504
2852 # 1504
2853 # 1504
2853 # 1504
2853 # 1504
2855 # 1504
2855 # 1504
2858 # 1504
2858 # 1504
2860 # 1504
2860 # 1504
2860 # 1504
2862 # 1504
2863 # 1504
2864 # 1504
2865 # 1504
2866 # 1504
2866 # 1504
2867 # 1504
2867 # 1504
2868 # 1504
2869 # 1504
2870 # 1504
2870 # 1504
2870 # 1504
2879 # 1504
2880 # 1504
2880 # 1504
2880 # 1504
2880 # 1504
2888 # 1504
2888 # 1504
2888 # 1504
2888 # 1504
2889 # 1504
2889 # 1504
2889 # 1504
2889 # 1504
2889 # 1504
2890 # 1504
2890 # 1504
2890 # 1504
2892 # 1504
2893 # 1504
2894 # 1504
2894 # 1504
2895 # 1504
2896 # 1504
2906 # 1504
2906 # 1504
2906 # 1504
2906 # 1504
2906 # 1504
2906 # 1504
2906 # 1504
2907 # 1504
2908 # 1504
2908 # 1504
2908 # 1504
2908 # 1504
2908 # 1504
2908 # 1504
2908 # 1504
2916 # 1504
2917 # 1504
2917 # 1504
2917 # 1504
2917 # 1504
2919 # 1504
2919 # 1504
2919 # 1504
2919 # 1504
2931 # 1504
2931 # 1504
2931 # 1504
2931 # 1504
2931 # 1504
2931 # 1504
2931 # 1504
2931 # 1504
2932 # 1504
2932 # 1504
2934 # 1504
2934 # 1504
2935 # 1504
2937 # 1504
2939 # 1504
2950 # 1504
2950 # 1504
2950 # 1504
2950 # 1504
2954 # 1504
2955 # 1504
2955 # 1504
2955 # 1504
2957 # 1504
2959 # 1504
2961 # 1504
2961 # 1504
2962 # 1504
2964 # 1504
2973 # 1504
2973 # 1504
2976 # 1504
2976 # 1504
2976 # 1504
2978 # 1504
2983 # 1504
2983 # 1504
2983 # 1504
2983 # 1504
2983 # 1504
2983 # 1504
2985 # 1504
2985 # 1504
2988 # 1504
2989 # 1504
2992 # 1504
2992 # 1504
2995 # 1504
2995 # 1504
2997 # 1504
2997 # 1504
3000 # 1504
3000 # 1504
3002 # 1504
3003 # 1504
3004 # 1504
3007 # 1504
3008 # 1504
3008 # 1504
3010 # 1504
3012 # 1504
3013 # 1504
3014 # 1504
3015 # 1504
3017 # 1504
3020 # 1504
3021 # 1504
3021 # 1504
3022 # 1504
3024 # 1504
3026 # 1504
3026 # 1504
3027 # 1504
3028 # 1504
3028 # 1504
3029 # 1504
3031 # 1504
3033 # 1504
3042 # 1504
3042 # 1504
3042 # 1504
3042 # 1504
3042 # 1504
3046 # 1504
3046 # 1504
3046 # 1504
3255 + 100
4262 + 100
4358 + 52
5267 # 1504
5267 - 100 2012
5267 - 100 1005
5267 - 52 909
5317 # 1504
5319 + 92
5319 + 92
5319 + 1504
5319 + 1504
5325 # 1504
5325 - 92 6
5325 - 92 6
5325 # 1504
5325 - 1504 6
5327 # 1504
5327 - 1504 8
5327 # 1504
5327 # 1504
5327 # 1504
5327 # 1504
5330 # 1504
5330 # 1504
5331 # 1504
5331 # 1504
5331 # 1504
5331 # 1504
5331 # 1504
5331 # 1504
5331 # 1504
5334 # 1504
5336 # 1504
5338 # 1504
5338 # 1504
5340 # 1504
5342 # 1504
5344 # 1504
5346 # 1504
5347 # 1504
5348 # 1504
5349 # 1504
5350 # 1504
5351 # 1504
5354 # 1504
5355 # 1504
5355 # 1504
5357 # 1504
5357 # 1504
5358 # 1504
5359 # 1504
5360 # 1504
5361 # 1504
5363 # 1504
5364 # 1504
5365 # 1504
5367 # 1504
5368 # 1504
5370 # 1504
5371 # 1504
5373 # 1504
5374 # 1504
5377 # 1504
5379 # 1504
5379 # 1504
5382 # 1504
5384 # 1504
5384 # 1504
5385 # 1504
5387 # 1504
5388 # 1504
5389 # 1504
5392 # 1504
5393 # 1504
5394 # 1504
5394 # 1504
5395 # 1504
5397 # 1504
5398 # 1504
5400 # 1504
5400 # 1504
5401 # 1504
5402 # 1504
5403 # 1504
5404 # 1504
5406 # 1504
5406 # 1504
5409 # 1504
5410 # 1504
5410 # 1504
5413 # 1504
5413 # 1504
5415 # 1504
5416 # 1504
5418 # 1504
5418 # 1504
5419 # 1504
5421 # 1504
5422 # 1504
5423 # 1504
5424 # 1504
5425 # 1504
5427 # 1504
5429 # 1504
5429 # 1504
5431 # 1504
5431 # 1504
5431 # 1504
5432 # 1504
5435 # 1504
5435 # 1504
5435 # 1504
5438 # 1504
5438 # 1504
5438 # 1504
5439 # 1504
5441 # 1504
5443 # 1504
5443 # 1504
5445 # 1504
5446 # 1504
5456 # 1504
5456 # 1504
5456 # 1504
5456 # 1504
5456 # 1504
5460 # 1504
5460 # 1504
5460 # 1504
5469 # 1504
5469 # 1504
5469 # 1504
5472 # 1504
5472 # 1504
5472 # 1504
5472 # 1504
5472 # 1504
5474 # 1504
5474 # 1504
5476 # 1504
5477 # 1504
5477 # 1504
5480 # 1504
5480 # 1504
5481 # 1504
5483 # 1504
5483 # 1504
5483 # 1504
5486 # 1504
5487 # 1504
5487 # 1504
5488 # 1504
5489 # 1504
5490 # 1504
5491 # 1504
5500 # 1504
5501 # 1504
5501 # 1504
5501 # 1504
5501 # 1504
5503 # 1504
5503 # 1504
5503 # 1504
5503 # 1504
5503 # 1504
5504 # 1504
5505 # 1504
5506 # 1504
5506 # 1504
5508 # 1504
5508 # 1504
5509 # 1504
5510 # 1504
5512 # 1504
5514 # 1504
5515 # 1504
5515 # 1504
5517 # 1504
5517 # 1504
5518 # 1504
5519 # 1504
5521 # 1504
5530 # 1504
5530 # 1504
5530 # 1504
5530 # 1504
5530 # 1504
5532 # 1504
5532 # 1504
5533 + 1504
5533 + 1504
5537 # 1504
5537 - 1504 4
5538 # 1504
5538 - 1504 5
5538 # 1504
5538 # 1504
5538 # 1504
5541 # 1504
5541 # 1504
5541 # 1504
5541 # 1504
5545 # 1504
5545 # 1504
5545 # 1504
5547 # 1504
5547 # 1504
5549 # 1504
5552 # 1504
5552 # 1504
5553 # 1504
5554 # 1504
5557 # 1504
5559 # 1504
5559 # 1504
5559 # 1504
5562 # 1504
5571 # 1504
5571 # 1504
5571 # 1504
5571 # 1504
5571 # 1504
5573 # 1504
5573 # 1504
5573 # 1504
5580 # 1504
5580 # 1504
5580 # 1504
5580 # 1504
5583 # 1504
5583 # 1504
5583 # 1504
5587 # 1504
5587 # 1504
5587 # 1504
5587 # 1504
5589 # 1504
5589 # 1504
5589 # 1504
5590 # 1504
5591 # 1504
5594 # 1504
5594 # 1504
5596 # 1504
5598 # 1504
5598 # 1504
5599 # 1504
5600 # 1504
5614 # 1504
5614 # 1504
5614 # 1504
5614 # 1504
5615 # 1504
5615 # 1504
5621 # 1504
5621 # 1504
5623 # 1504
5623 # 1504
5623 # 1504
5625 # 1504
5625 # 1504
5625 # 1504
5625 # 1504
5626 # 1504
5626 # 1504
5626 # 1504
5628 # 1504
5631 # 1504
5633 # 1504
5634 # 1504
5635 # 1504
5637 # 1504
5637 # 1504
5638 # 1504
5641 # 1504
5641 # 1504
5671 + 1504
5671 + 1504
5728 # 1504
5728 - 1504 57
5766 + 1504
5766 + 1504
5780 # 1504
5780 - 1504 109
5795 # 1504
5795 - 1504 29
5805 # 1504
5805 - 1504 39
5818 # 1504
5828 # 1504
5829 # 1504
5830 # 1504
5830 # 1504
5848 # 1504
5848 # 1504
5849 # 1504
5852 # 1504
5852 # 1504
5854 # 1504
5856 # 1504
5861 + 1504
5861 + 1504
5866 # 1504
5866 - 1504 5
5866 # 1504
5866 - 1504 5
5868 # 1504
5869 # 1504
5870 # 1504
5871 # 1504
5873 # 1504
5874 # 1504
5878 # 1504
5879 # 1504
5880 # 1504
5898 # 1504
5905 # 1504
5919 # 1504
5921 # 1504
5921 # 1504
5921 # 1504
5921 + 1504
5921 + 1504
5921 + 1504
5921 + 1504
5923 # 1504
5923 - 1504 2
5926 # 1504
5926 - 1504 5
5927 # 1504
5927 - 1504 6
5930 # 1504
5930 - 1504 9
5930 # 1504
5943 # 1504
5943 # 1504
5943 # 1504
5943 # 1504
5957 # 1504
5957 # 1504
5957 # 1504
5957 # 1504
5959 # 1504
5961 + 1504
5961 + 1504
5964 # 1504
5964 - 1504 3
5968 # 1504
5968 - 1504 7
5969 # 1504
5982 # 1504
5982 # 1504
5982 # 1504
5984 # 1504
5988 # 1504
5994 # 1504
5994 # 1504
6001 + 1504
6001 + 1504
6005 # 1504
6005 - 1504 4
6008 # 1504
6008 - 1504 7
6009 # 1504
6009 # 1504
6009 # 1504
6012 # 1504
6015 # 1504
6019 # 1504
6021 # 1504
6024 # 1504
6027 # 1504
6037 # 1504
6037 # 1504
6037 # 1504
6037 # 1504
6039 # 1504
6040 # 1504
6042 # 1504
6044 # 1504
6045 # 1504
6047 # 1504
6057 # 1504
6058 # 1504
6058 # 1504
6058 # 1504
6058 # 1504
6062 # 1504
6065 # 1504
6065 # 1504
6066 # 1504
6066 # 1504
6068 # 1504
6069 # 1504
6072 # 1504
6073 # 1504
6076 # 1504
6076 # 1504
6079 # 1504
6079 # 1504
6079 # 1504
6081 # 1504
6082 # 1504
6083 # 1504
6085 # 1504
6087 # 1504
6087 # 1504
6089 + 1504
6089 + 1504
6095 # 1504
6095 - 1504 6
6097 # 1504
6097 - 1504 8
6097 # 1504
6097 # 1504
6097 # 1504
6099 # 1504
6099 # 1504
6099 # 1504
6099 # 1504
6099 # 1504
6099 # 1504
6108 # 1504
6109 # 1504
6110 # 1504
6111 # 1504
6111 # 1504
6111 # 1504
6112 # 1504
6112 # 1504
6113 # 1504
6115 # 1504
6117 # 1504
6118 # 1504
6119 # 1504
6120 # 1504
6120 # 1504
6122 # 1504
6124 # 1504
6130 # 1504
6130 # 1504
6130 # 1504
6130 # 1504
6131 # 1504
6132 # 1504
6135 # 1504
6144 # 1504
6145 # 1504
6146 # 1504
6146 # 1504
6146 # 1504
6146 # 1504
6146 # 1504
6148 # 1504
6148 + 1504
6148 + 1504
6149 # 1504
6149 - 1504 1
6151 # 1504
6151 - 1504 3
6163 # 1504
6163 # 1504
6163 # 1504
6163 # 1504
6163 # 1504
6165 # 1504
6166 # 1504
6177 # 1504
6177 # 1504
6177 # 1504
6177 # 1504
6187 # 1504
6187 # 1504
6201 + 1504
6201 + 1504
6202 # 1504
6202 - 1504 1
6205 # 1504
6205 - 1504 4
6207 # 1504
6209 # 1504
6255 + 1504
6255 + 1504
6263 # 1504
6263 - 1504 8
6303 + 1504
6303 + 1504
6317 # 1504
6317 - 1504 62
6330 # 1504
6330 - 1504 27
6345 # 1504
6345 - 1504 42
6346 # 1504
6346 # 1504
6351 + 1504
6351 + 1504
6356 # 1504
6356 - 1504 5
6356 # 1504
6356 - 1504 5
6356 # 1504
6357 # 1504
6357 # 1504
6357 # 1504
6357 # 1504
6360 # 1504
6370 # 1504
6370 # 1504
6370 # 1504
6370 # 1504
6370 # 1504
6371 # 1504
6371 # 1504
6378 # 1504
6378 # 1504
6379 # 1504
6379 # 1504
6381 # 1504
6381 # 1504
6381 # 1504
6381 # 1504
6383 # 1504
6383 # 1504
6385 # 1504
6387 # 1504
6395 # 1504
6395 # 1504
6395 # 1504
6395 # 1504
6396 # 1504
6396 # 1504
6396 # 1504
6397 + 1504
6397 + 1504
6399 # 1504
6399 - 1504 2
6402 # 1504
6402 - 1504 5
6402 # 1504
6404 # 1504
6404 # 1504
6408 # 1504
6416 # 1504
6417 # 1504
6417 # 1504
6417 # 1504
6417 # 1504
6417 # 1504
6418 # 1504
6419 # 1504
6419 # 1504
6429 # 1504
6429 # 1504
6429 # 1504
6429 # 1504
6430 # 1504
6430 # 1504
6430 # 1504
6431 # 1504
6432 # 1504
6436 # 1504
6442 # 1504
6444 # 1504
6444 # 1504
6445 # 1504
6445 + 1504
6445 + 1504
6447 # 1504
6447 - 1504 2
6450 # 1504
6450 - 1504 5
6452 # 1504
6452 # 1504
6452 # 1504
6453 # 1504
6455 # 1504
6455 # 1504
6456 # 1504
6458 # 1504
6468 # 1504
6468 # 1504
6468 # 1504
6469 # 1504
6469 # 1504
6469 # 1504
6470 # 1504
6470 # 1504
6470 # 1504
6472 # 1504
6472 # 1504
6483 # 1504
6483 # 1504
6486 # 1504
6487 # 1504
6487 # 1504
6488 # 1504
6488 # 1504
6488 # 1504
6488 # 1504
6489 + 1504
6489 + 1504
6489 + 1504
6490 # 1504
6490 - 1504 1
6491 # 1504
6491 - 1504 2
6494 # 1504
6494 - 1504 5
6494 # 1504
6495 # 1504
6496 # 1504
6498 # 1504
6502 # 1504
6502 # 1504
6502 # 1504
6502 # 1504
6502 # 1504
6504 # 1504
6505 # 1504
6507 # 1504
6507 # 1504
6509 # 1504
6509 # 1504
6511 # 1504
6511 # 1504
6512 # 1504
6514 # 1504
6515 # 1504
6515 # 1504
6516 # 1504
6517 # 1504
6518 # 1504
6519 # 1504
6520 # 1504
6521 # 1504
6523 # 1504
6524 # 1504
6525 # 1504
6525 # 1504
6527 # 1504
6528 # 1504
6528 # 1504
6529 # 1504
6530 # 1504
6531 + 1504
6531 + 1504
6531 + 1504
6540 # 1504
6540 - 1504 9
6540 # 1504
6540 - 1504 9
6540 # 1504
6540 - 1504 9
6540 # 1504
6541 # 1504
6541 # 1504
6549 # 1504
6549 # 1504
6549 # 1504
6549 # 1504
6550 # 1504
6550 # 1504
6550 # 1504
6550 # 1504
6550 # 1504
6552 # 1504
6552 # 1504
6554 # 1504
6555 # 1504
6555 # 1504
6555 # 1504
6557 # 1504
6558 # 1504
6571 + 1504
6612 + 1504
6612 + 1504
6649 + 1504
6649 + 1504
6658 # 1504
6658 - 1504 87
6658 # 1504
6658 - 1504 46
6658 # 1504
6658 - 1504 46
6659 # 1504
6659 - 1504 10
6661 # 1504
6661 - 1504 12
6665 # 1504
6669 # 1504
6685 + 1504
6685 + 1504
6686 # 1504
6686 - 1504 1
6691 # 1504
6691 - 1504 6
6705 # 1504
6705 # 1504
6705 # 1504
6706 # 1504
6706 # 1504
6706 # 1504
6716 # 1504
6721 + 1504
6721 + 1504
6721 + 1504
6733 # 1504
6733 - 1504 12
6735 # 1504
6735 - 1504 14
6738 # 1504
6738 - 1504 17
6742 # 1504
6742 # 1504
6756 # 1504
6764 + 1504
6768 # 1504
6768 - 1504 4
6771 # 1504
6772 # 1504
6774 # 1504
6774 # 1504
6776 # 1504
6780 # 1504
6789 # 1504
6790 # 1504
6790 # 1504
6790 # 1504
6790 # 1504
6797 # 1504
6797 # 1504
6805 + 1504
6805 + 1504
6810 # 1504
6810 - 1504 5
6810 # 1504
6810 - 1504 5
6811 # 1504
6811 # 1504
6814 # 1504
6817 # 1504
6818 # 1504
6819 # 1504
6820 # 1504
6821 # 1504
6822 # 1504
6823 # 1504
6825 # 1504
6825 # 1504
6836 # 1504
6836 # 1504
6836 # 1504
6836 # 1504
6836 # 1504
6836 # 1504
6837 # 1504
6839 + 1504
6839 + 1504
6839 + 1504
6840 # 1504
6840 - 1504 1
6841 # 1504
6841 - 1504 2
6847 # 1504
6847 - 1504 8
6847 # 1504
6848 # 1504
6848 # 1504
6850 # 1504
6850 # 1504
6852 # 1504
6861 # 1504
6861 # 1504
6862 # 1504
6862 # 1504
6865 # 1504
6865 # 1504
6866 # 1504
6870 # 1504
6873 + 1504
6877 # 1504
6877 - 1504 4
6877 # 1504
6878 # 1504
6881 # 1504
6881 # 1504
6882 # 1504
6884 # 1504
6884 # 1504
6885 # 1504
6887 # 1504
6888 # 1504
6888 # 1504
6892 # 1504
6892 # 1504
6892 # 1504
6893 # 1504
6895 # 1504
6895 # 1504
6898 # 1504
6898 # 1504
6898 # 1504
6899 # 1504
6901 # 1504
6901 # 1504
6902 # 1504
6904 # 1504
6905 # 1504
6906 # 1504
6906 + 1504
6906 + 1504
6908 # 1504
6908 - 1504 2
6908 # 1504
6908 - 1504 2
6910 # 1504
6910 # 1504
6912 # 1504
6913 # 1504
6913 # 1504
6923 # 1504
6924 # 1504
6926 # 1504
6926 # 1504
6928 # 1504
6928 # 1504
6929 # 1504
6930 # 1504
6932 # 1504
6934 # 1504
6935 # 1504
6936 # 1504
6937 + 1504
6937 + 1504
6937 + 1504
6940 # 1504
6940 - 1504 3
6940 # 1504
6940 - 1504 3
6940 # 1504
6940 - 1504 3
6942 # 1504
6944 # 1504
6947 # 1504
6949 # 1504
6949 # 1504
6950 # 1504
6952 # 1504
6953 # 1504
6955 # 1504
6956 # 1504
6957 # 1504
6959 # 1504
6959 # 1504
6960 # 1504
6961 # 1504
6962 # 1504
6965 # 1504
6966 # 1504
6966 # 1504
6967 # 1504
6967 # 1504
6967 + 1504
6969 # 1504
6969 - 1504 2
6970 # 1504
6972 # 1504
6973 # 1504
6975 # 1504
6975 # 1504
6976 # 1504
6977 # 1504
6978 # 1504
6980 # 1504
6981 # 1504
6982 # 1504
6983 # 1504
6985 # 1504
6987 # 1504
6987 # 1504
6990 # 1504
6996 + 1504
6996 + 1504
6996 + 1504
7022 + 1504
7022 + 1504
7042 # 1504
7042 - 1504 46
7043 # 1504
7043 - 1504 47
7049 + 1504
7076 # 1504
7076 - 1504 80
7088 # 1504
7088 - 1504 66
7096 # 1504
7096 - 1504 74
7098 + 1504
7117 # 1504
7117 - 1504 68
7119 # 1504
7119 - 1504 21
7128 # 1504
7129 # 1504
7130 # 1504
7130 # 1504
7130 # 1504
7130 # 1504
7130 + 1504
7130 + 1504
7133 # 1504
7133 - 1504 3
7136 # 1504
7136 - 1504 6
7136 # 1504
7138 # 1504
7150 # 1504
7150 # 1504
7156 # 1504
7156 # 1504
7157 # 1504
7168 + 1504
7168 + 1504
7184 + 1504
7184 + 1504
7212 + 1504
7212 + 1504
7240 + 1504
7255 # 1504
7255 - 1504 87
7277 # 1504
7277 - 1504 109
7278 # 1504
7278 - 1504 94
7279 # 1504
7279 - 1504 95
7282 # 1504
7282 - 1504 70
7284 # 1504
7284 - 1504 72
7284 # 1504
7284 - 1504 44
7284 # 1504
7286 # 1504
7286 # 1504
7287 # 1504
7290 # 1504
7291 # 1504
7291 # 1504
7292 # 1504
7293 # 1504
7294 # 1504
7296 # 1504
7297 # 1504
7298 # 1504
7299 # 1504
7300 # 1504
7301 # 1504
7303 # 1504
7303 # 1504
7312 # 1504
7313 # 1504
7313 # 1504
7316 # 1504
7316 # 1504
7316 # 1504
7316 # 1504
7316 # 1504
7316 # 1504
7317 # 1504
7318 # 1504
7318 + 1504
7318 + 1504
7319 # 1504
7319 - 1504 1
7321 # 1504
7321 - 1504 3
7322 # 1504
7324 # 1504
7326 # 1504
7326 # 1504
7327 # 1504
7328 # 1504
7329 # 1504
7332 + 1504
7340 # 1504
7340 - 1504 8
7340 # 1504
7340 # 1504
7340 # 1504
7340 # 1504
7340 # 1504
7340 # 1504
7340 # 1504
7341 # 1504
7341 # 1504
7342 # 1504
7343 # 1504
7345 # 1504
7346 # 1504
7355 # 1504
7355 # 1504
7355 # 1504
7355 # 1504
7355 # 1504
7356 # 1504
7356 # 1504
7356 # 1504
7357 # 1504
7359 # 1504
7360 # 1504
7361 # 1504
7361 # 1504
7363 # 1504
7367 + 1504
7367 + 1504
7372 # 1504
7372 - 1504 5
7372 # 1504
7372 - 1504 5
7372 # 1504
7374 # 1504
7376 # 1504
7377 # 1504
7377 # 1504
7377 # 1504
7377 # 1504
7380 # 1504
7381 # 1504
7381 # 1504
7382 # 1504
7383 # 1504
7386 # 1504
7387 # 1504
7388 # 1504
7389 # 1504
7392 # 1504
7392 # 1504
7395 # 1504
7395 # 1504
7396 # 1504
7398 # 1504
7398 # 1504
7400 # 1504
7401 # 1504
7404 # 1504
7404 + 1504
7404 + 1504
7405 # 1504
7405 - 1504 1
7407 # 1504
7407 - 1504 3
7407 # 1504
7409 # 1504
7410 # 1504
7412 # 1504
7412 # 1504
7414 # 1504
7415 # 1504
7418 # 1504
7420 # 1504
7430 # 1504
7430 # 1504
7430 # 1504
7430 # 1504
7430 # 1504
7431 # 1504
7434 + 1504
7434 + 1504
7440 # 1504
7440 - 1504 6
7440 # 1504
7440 - 1504 6
7442 # 1504
7442 # 1504
7442 # 1504
7448 # 1504
7448 # 1504
7449 # 1504
7456 # 1504
7462 + 1504
7462 + 1504
7462 + 1504
7473 # 1504
7473 - 1504 11
7486 # 1504
7486 - 1504 24
7491 + 1504
7491 + 1504
7519 + 1504
7547 + 1504
7547 + 1504
7610 # 1504
7610 - 1504 148
7610 # 1504
7610 - 1504 119
7610 # 1504
7610 - 1504 119
7610 # 1504
7610 - 1504 91
7610 # 1504
7610 - 1504 63
7610 # 1504
7610 - 1504 63
7612 # 1504
7612 # 1504
7612 # 1504
7612 # 1504
7613 # 1504
7613 # 1504
7613 # 1504
7615 # 1504
7615 # 1504
7615 # 1504
7617 # 1504
7617 # 1504
7620 # 1504
7620 # 1504
7621 # 1504
7621 # 1504
7621 # 1504
7626 # 1504
7626 # 1504
7630 # 1504
7630 # 1504
7634 # 1504
7641 # 1504
7660 + 1504
7660 + 1504
7667 # 1504
7667 - 1504 7
7676 + 1504
7676 + 1504
7708 # 1504
7708 - 1504 48
7716 + 1504
7716 + 1504
7719 # 1504
7719 - 1504 43
7719 # 1504
7719 - 1504 43
7727 # 1504
7727 - 1504 11
7735 # 1504
7735 - 1504 19
7738 # 1504
7741 # 1504
7742 # 1504
7745 # 1504
7745 # 1504
7745 # 1504
7746 # 1504
7748 # 1504
7749 # 1504
7749 # 1504
7750 # 1504
7752 # 1504
7756 + 1504
7756 + 1504
7761 # 1504
7761 - 1504 5
7761 # 1504
7761 - 1504 5
7762 # 1504
7762 # 1504
7763 # 1504
7766 # 1504
7766 # 1504
7766 # 1504
7766 # 1504
7767 # 1504
7767 # 1504
7767 # 1504
7776 # 1504
7779 # 1504
7779 # 1504
7779 # 1504
7779 # 1504
7779 # 1504
7780 # 1504
7780 # 1504
7782 # 1504
7782 # 1504
7784 # 1504
7784 # 1504
7784 # 1504
7786 # 1504
7786 # 1504
7788 # 1504
7788 # 1504
7789 # 1504
7792 # 1504
7793 # 1504
7793 # 1504
7794 # 1504
7794 # 1504
7795 + 1504
7796 # 1504
7796 - 1504 1
7796 # 1504
7798 # 1504
7798 # 1504
7800 # 1504
7800 # 1504
7802 # 1504
7802 # 1504
7803 # 1504
7805 # 1504
7806 # 1504
7807 # 1504
7808 # 1504
7810 # 1504
7811 # 1504
7811 # 1504
7812 # 1504
7813 # 1504
7815 # 1504
7816 # 1504
7816 + 1504
7816 + 1504
7816 + 1504
7816 + 1504
7817 # 1504
7817 - 1504 1
7817 # 1504
7817 - 1504 1
7818 # 1504
7818 - 1504 2
7819 # 1504
7819 - 1504 3
7820 # 1504
7830 # 1504
7831 # 1504
7831 # 1504
7831 # 1504
7831 # 1504
7831 # 1504
7832 # 1504
7833 # 1504
7836 # 1504
7836 # 1504
7836 # 1504
7836 # 1504
7843 # 1504
7843 # 1504
7843 # 1504
7843 # 1504
7844 # 1504
7844 # 1504
7846 # 1504
7846 # 1504
7848 # 1504
7848 # 1504
7851 # 1504
7851 # 1504
7852 # 1504
7854 # 1504
7854 # 1504
7856 # 1504
7858 # 1504
7858 # 1504
7858 # 1504
7860 # 1504
7860 # 1504
7861 # 1504
7863 # 1504
7863 # 1504
7870 + 1504
7870 + 1504
7873 # 1504
7873 - 1504 3
7873 # 1504
7873 - 1504 3
7873 # 1504
7873 # 1504
7873 # 1504
7874 # 1504
7874 # 1504
7882 # 1504
7884 # 1504
7884 # 1504
7887 # 1504
7887 # 1504
7887 # 1504
7887 # 1504
7889 # 1504
7889 # 1504
7889 # 1504
7891 # 1504
7892 + 1504
7892 + 1504
7893 # 1504
7893 - 1504 1
7897 # 1504
7897 - 1504 5
7897 # 1504
7906 # 1504
7909 # 1504
7909 # 1504
7909 # 1504
7909 # 1504
7909 # 1504
7909 # 1504
7911 # 1504
7915 # 1504
7916 # 1504
7920 # 1504
7923 # 1504
7925 # 1504
7925 + 1504
7925 + 1504
7930 # 1504
7930 - 1504 5
7932 # 1504
7932 - 1504 7
7936 # 1504
7936 # 1504
7939 # 1504
7942 # 1504
7943 # 1504
7944 # 1504
7945 # 1504
7948 # 1504
7951 + 1504
7951 + 1504
7956 # 1504
7956 - 1504 5
7956 # 1504
7956 - 1504 5
7956 # 1504
7956 # 1504
7956 # 1504
7958 # 1504
7958 # 1504
7958 # 1504
7958 # 1504
7959 # 1504
7959 # 1504
7960 # 1504
7972 # 1504
7972 # 1504
7972 # 1504
7972 # 1504
7976 + 1504
7993 # 1504
7993 - 1504 17
7994 # 1504
7999 # 1504
8001 + 1504
8001 + 1504
8013 # 1504
8013 - 1504 12
8026 # 1504
8026 - 1504 25
8026 + 1504
8026 + 1504
8038 # 1504
8038 - 1504 12
8052 + 1504
8052 + 1504
8068 # 1504
8068 - 1504 42
8077 + 1504
8077 + 1504
8081 # 1504
8081 - 1504 29
8083 # 1504
8083 - 1504 31
8097 # 1504
8097 - 1504 20
8097 # 1504
8097 - 1504 20
8097 # 1504
8097 # 1504
8117 + 1504
8117 + 1504
8132 + 1504
8204 + 1504
8204 + 1504
8486 + 1504
8870 + 1504
8997 # 1504
8997 - 1504 880
9002 # 1504
9002 - 1504 885
9010 # 1504
9010 - 1504 878
9022 # 1504
9022 - 1504 818
9035 # 1504
9035 - 1504 831
9047 # 1504
9047 - 1504 561
9047 + 1504
9056 # 1504
9056 - 1504 186
9063 + 1504
9063 + 1504
9072 # 1504
9072 - 1504 25
9085 # 1504
9085 - 1504 22
9094 # 1504
9094 - 1504 31
9099 # 1504
9120 # 1504
9131 # 1504
9138 # 1504
9140 # 1504
9144 # 1504
9150 # 1504
9157 # 1504
9159 # 1504
9164 # 1504
9169 # 1504
9175 # 1504
9175 + 1504
9179 # 1504
9179 - 1504 4
9184 # 1504
9195 # 1504
9197 # 1504
9199 # 1504
9200 # 1504
9211 # 1504
9211 # 1504
9212 # 1504
9217 # 1504
9223 # 1504
9224 + 1504
9224 + 1504
9227 # 1504
9227 - 1504 3
9237 # 1504
9237 - 1504 13
9237 # 1504
9237 # 1504
9237 # 1504
9241 # 1504
9245 # 1504
9250 # 1504
9255 # 1504
9260 # 1504
9262 # 1504
9265 # 1504
9270 # 1504
9273 # 1504
9277 # 1504
9280 # 1504
9284 # 1504
9287 # 1504
9291 # 1504
9292 # 1504
9294 # 1504
9296 # 1504
9298 # 1504
9301 # 1504
9304 # 1504
9306 # 1504
9307 # 1504
9310 # 1504
9310 + 1504
9310 + 1504
9313 # 1504
9313 - 1504 3
9314 # 1504
9314 - 1504 4
9323 # 1504
9323 # 1504
9324 # 1504
9326 # 1504
9331 # 1504
9335 # 1504
9339 # 1504
9342 # 1504
9346 # 1504
9349 # 1504
9351 # 1504
9354 # 1504
9356 # 1504
9359 # 1504
9361 # 1504
9364 # 1504
9365 # 1504
9367 # 1504
9370 # 1504
9372 # 1504
9373 # 1504
9376 # 1504
9379 # 1504
9384 + 1504
9385 # 1504
9385 - 1504 1
9387 # 1504
9389 # 1504
9391 # 1504
9392 # 1504
9394 # 1504
9396 # 1504
9398 # 1504
9398 # 1504
9402 # 1504
9403 # 1504
9407 # 1504
9407 # 1504
9410 # 1504
9414 # 1504
9414 + 1504
9414 + 1504
9416 # 1504
9416 - 1504 2
9420 # 1504
9420 - 1504 6
9421 # 1504
9424 # 1504
9425 # 1504
9427 # 1504
9429 # 1504
9435 # 1504
9438 # 1504
9441 # 1504
9441 # 1504
9475 + 1504
9503 + 1504
9503 + 1504
9556 # 1504
9556 - 1504 81
9557 # 1504
9557 - 1504 54
9560 # 1504
9560 - 1504 57
9560 + 1504
9560 + 1504
9562 # 1504
9562 - 1504 2
9562 # 1504
9562 - 1504 2
9564 # 1504
9567 # 1504
9568 # 1504
9569 # 1504
9572 # 1504
9573 # 1504
9575 # 1504
9577 # 1504
9579 # 1504
9580 # 1504
9582 # 1504
9583 # 1504
9586 # 1504
9587 # 1504
9588 # 1504
9588 # 1504
9590 # 1504
9591 # 1504
9592 # 1504
9595 # 1504
9596 # 1504
9598 # 1504
9600 # 1504
9600 # 1504
9603 # 1504
9604 # 1504
9607 # 1504
9608 # 1504
9610 # 1504
9610 # 1504
9613 # 1504
9613 # 1504
9613 # 1504
9614 # 1504
9617 # 1504
9617 + 1504
9618 # 1504
9618 - 1504 1
9618 # 1504
9619 # 1504
9628 # 1504
9628 # 1504
9631 # 1504
9631 # 1504
9634 # 1504
9634 # 1504
9634 # 1504
9635 # 1504
9636 # 1504
9638 # 1504
9640 # 1504
9642 # 1504
9643 # 1504
9645 # 1504
9645 + 1504
9645 + 1504
9648 # 1504
9648 - 1504 3
9648 # 1504
9648 - 1504 3
9649 # 1504
9651 # 1504
9653 # 1504
9654 # 1504
9657 # 1504
9666 # 1504
9666 # 1504
9666 # 1504
9667 # 1504
9667 # 1504
9667 # 1504
9668 # 1504
9671 # 1504
9672 # 1504
9675 # 1504
9676 # 1504
9678 # 1504
9682 # 1504
9684 # 1504
9685 # 1504
9686 # 1504
9686 # 1504
9688 # 1504
9690 # 1504
9690 # 1504
9692 # 1504
9693 # 1504
9693 # 1504
9694 # 1504
9704 # 1504
9704 # 1504
9704 # 1504
9706 # 1504
9706 # 1504
9707 # 1504
9707 # 1504
9710 # 1504
9710 # 1504
9710 # 1504
9710 # 1504
9713 # 1504
9713 # 1504
9713 # 1504
9714 # 1504
9716 # 1504
9723 + 1504
9725 # 1504
9725 - 1504 2
9728 # 1504
9728 # 1504
9728 # 1504
9728 # 1504
9729 # 1504
9730 # 1504
9733 # 1504
9734 # 1504
9737 # 1504
9737 # 1504
9740 + 1504
9740 + 1504
9746 # 1504
9746 - 1504 6
9746 # 1504
9746 - 1504 6
9752 # 1504
9752 # 1504
9752 # 1504
9753 # 1504
9753 # 1504
9756 # 1504
9758 # 1504
9760 # 1504
9763 # 1504
9764 # 1504
9767 # 1504
9769 # 1504
9771 # 1504
9773 # 1504
9776 # 1504
9778 # 1504
9779 # 1504
9781 # 1504
9783 # 1504
9785 # 1504
9788 # 1504
9788 # 1504
9792 # 1504
9792 # 1504
9794 # 1504
9797 # 1504
9799 # 1504
9801 # 1504
9803 # 1504
9806 # 1504
9807 # 1504
9808 # 1504
9810 + 1504
9810 + 1504
9811 # 1504
9811 - 1504 1
9812 # 1504
9812 - 1504 2
9815 # 1504
9818 # 1504
9820 # 1504
9829 # 1504
9829 # 1504
9829 # 1504
9830 # 1504
9830 # 1504
9830 # 1504
9831 # 1504
9834 # 1504
9835 # 1504
9837 # 1504
9838 # 1504
9841 # 1504
9843 # 1504
9844 # 1504
9846 # 1504
9849 # 1504
9849 # 1504
9851 # 1504
9852 # 1504
9855 # 1504
9855 # 1504
9857 # 1504
9857 # 1504
9858 # 1504
9859 # 1504
9860 # 1504
9862 # 1504
9863 # 1504
9865 # 1504
9866 # 1504
9868 # 1504
9868 # 1504
9869 # 1504
9872 # 1504
9880 # 1504
9880 # 1504
9880 # 1504
9880 + 1504
9880 + 1504
9884 # 1504
9884 - 1504 4
9884 # 1504
9884 - 1504 4
9884 # 1504
9884 # 1504
9886 # 1504
9886 # 1504
9886 # 1504
9896 # 1504
9898 # 1504
9898 # 1504
9898 # 1504
9900 # 1504
9900 # 1504
9905 # 1504
9906 # 1504
9915 # 1504
9915 # 1504
9915 # 1504
9917 # 1504
9935 + 1504
9935 + 1504
9986 + 1504
10011 + 1504
10036 + 1504
10036 + 1504
10042 # 1504
10042 - 1504 107
10047 # 1504
10047 - 1504 112
10048 # 1504
10048 - 1504 62
10050 # 1504
10050 - 1504 39
10054 # 1504
10054 - 1504 18
10059 # 1504
10059 - 1504 23
10070 # 1504
10072 # 1504
10074 # 1504
10075 # 1504
10083 # 1504
10084 # 1504
10085 + 1504
10085 + 1504
10086 # 1504
10086 - 1504 1
10089 # 1504
10089 - 1504 4
10092 # 1504
10100 # 1504
10101 # 1504
10102 # 1504
10108 # 1504
10110 # 1504
10115 # 1504
10115 # 1504
10121 # 1504
10123 # 1504
10125 # 1504
10126 # 1504
10128 # 1504
10129 # 1504
10130 # 1504
10130 # 1504
10132 # 1504
10134 # 1504
10135 # 1504
10135 + 1504
10143 # 1504
10143 - 1504 8
10143 # 1504
10144 # 1504
10145 # 1504
10146 # 1504
10146 # 1504
10149 # 1504
10149 # 1504
10149 # 1504
10149 # 1504
10149 # 1504
10149 # 1504
10152 # 1504
10152 # 1504
10154 # 1504
10154 # 1504
10155 # 1504
10158 # 1504
10159 # 1504
10161 # 1504
10163 # 1504
10163 + 1504
10163 + 1504
10164 # 1504
10164 - 1504 1
10166 # 1504
10166 - 1504 3
10168 # 1504
10168 # 1504
10170 # 1504
10171 # 1504
10173 # 1504
10177 # 1504
10177 # 1504
10179 # 1504
10180 # 1504
10182 # 1504
10186 # 1504
10186 # 1504
10186 # 1504
10188 # 1504
10189 # 1504
10190 # 1504
10192 # 1504
10193 # 1504
10194 # 1504
10195 # 1504
10196 # 1504
10207 # 1504
10207 # 1504
10210 # 1504
10210 # 1504
10210 # 1504
10212 # 1504
10212 # 1504
10215 # 1504
10217 # 1504
10218 # 1504
10218 + 1504
10218 + 1504
10221 # 1504
10221 - 1504 3
10230 # 1504
10230 - 1504 12
10231 # 1504
10231 # 1504
10231 # 1504
10232 # 1504
10235 # 1504
10235 # 1504
10237 # 1504
10239 # 1504
10241 # 1504
10242 # 1504
10245 # 1504
10248 # 1504
10248 # 1504
10250 # 1504
10252 # 1504
10256 # 1504
10258 # 1504
10259 # 1504
10262 # 1504
10263 # 1504
10263 + 1504
10263 + 1504
10271 # 1504
10271 - 1504 8
10271 # 1504
10271 - 1504 8
10275 # 1504
10275 # 1504
10277 # 1504
10277 # 1504
10281 # 1504
10284 # 1504
10286 # 1504
10288 # 1504
10291 # 1504
10292 # 1504
10295 # 1504
10299 # 1504
10299 # 1504
10300 # 1504
10301 # 1504
10308 + 1504
10308 + 1504
10312 # 1504
10312 - 1504 4
10312 # 1504
10312 - 1504 4
10312 # 1504
10312 # 1504
10314 # 1504
10314 # 1504
10315 # 1504
10317 # 1504
10319 # 1504
10330 # 1504
10330 # 1504
10330 # 1504
10330 # 1504
10330 # 1504
10332 # 1504
10332 # 1504
10332 # 1504
10332 # 1504
10335 # 1504
10337 # 1504
10338 # 1504
10339 # 1504
10341 # 1504
10351 # 1504
10351 # 1504
10351 # 1504
10351 # 1504
10354 + 1504
10355 # 1504
10355 - 1504 1
10356 # 1504
10358 # 1504
10358 # 1504
10358 # 1504
10358 # 1504
10359 # 1504
10361 # 1504
10363 # 1504
10365 # 1504
10368 # 1504
10369 # 1504
10371 # 1504
10373 # 1504
10375 # 1504
10378 # 1504
10378 # 1504
10381 # 1504
10383 # 1504
10393 # 1504
10393 # 1504
10395 # 1504
10395 # 1504
10397 # 1504
10397 # 1504
10435 # 1504
10449 # 1504
10464 # 1504
10466 # 1504
10478 # 1504
10478 # 1504
10478 # 1504
10487 # 1504
10512 # 1504
10520 # 1504
10530 # 1504
10530 # 1504
10533 # 1504
10533 # 1504
10554 # 1504
10566 # 1504
10566 # 1504
10567 # 1504
10583 # 1504
10584 # 1504
10586 # 1504
10591 # 1504
10597 # 1504
10620 # 1504
10629 # 1504
10631 # 1504
10636 # 1504
10637 # 1504
10640 # 1504
10641 # 1504
10643 # 1504
10645 # 1504
10648 # 1504
10650 # 1504
10651 # 1504
10654 # 1504
10654 # 1504
10664 # 1504
10667 # 1504
10667 # 1504
10668 # 1504
10669 # 1504
10669 # 1504
10671 # 1504
10671 # 1504
10672 # 1504
10676 # 1504
10677 # 1504
10679 # 1504
10681 # 1504
10685 # 1504
10686 # 1504
10687 # 1504
10694 + 1504
10697 # 1504
10697 - 1504 3
10699 # 1504
10699 # 1504
10701 # 1504
10703 # 1504
10705 # 1504
10707 # 1504
10708 # 1504
10710 # 1504
10711 # 1504
10715 # 1504
10715 # 1504
10718 # 1504
10718 # 1504
10720 # 1504
10721 # 1504
10724 # 1504
10725 # 1504
10725 # 1504
10726 # 1504
10727 # 1504
10728 # 1504
10729 # 1504
10739 # 1504
10739 # 1504
10740 # 1504
10743 # 1504
10743 # 1504
10745 # 1504
10745 # 1504
10748 # 1504
10750 # 1504
10752 # 1504
10755 # 1504
10756 # 1504
10758 # 1504
10759 # 1504
10761 # 1504
10762 # 1504
10764 # 1504
10767 # 1504
10768 # 1504
10769 # 1504
10772 # 1504
10774 # 1504
10775 # 1504
10777 # 1504
10779 # 1504
10788 # 1504
10788 # 1504
10790 # 1504
10816 # 1504
10819 # 1504
10821 # 1504
10823 # 1504
10825 # 1504
10828 # 1504
10828 # 1504
10830 # 1504
10831 # 1504
10841 # 1504
10842 # 1504
10886 # 1504
10917 # 1504
10918 # 1504
10930 # 1504
10988 # 1504
10993 # 1504
10994 # 1504
10995 # 1504
10995 # 1504
10996 # 1504
10996 # 1504
10996 # 1504
11000 # 1504
11002 # 1504
11005 # 1504
11007 # 1504
11010 # 1504
11038 # 1504
11040 # 1504
11043 # 1504
11078 # 1504
11078 # 1504
11079 # 1504
11086 # 1504
11087 # 1504
11090 # 1504
11093 # 1504
11095 # 1504
11096 # 1504
11098 # 1504
11099 # 1504
11101 # 1504
11103 # 1504
11104 # 1504
11104 # 1504
11106 # 1504
11112 + 1504
11113 + 1504
11115 # 1504
11115 - 1504 3
11115 # 1504
11115 - 1504 2
11116 # 1504
11117 # 1504
11127 # 1504
11127 # 1504
11138 # 1504
11138 # 1504
11138 # 1504
11139 # 1504
11141 # 1504
11145 # 1504
11146 # 1504
11148 # 1504
11150 # 1504
11155 + 1504
11155 + 1504
11164 # 1504
11164 - 1504 9
11165 # 1504
11165 - 1504 10
11166 # 1504
11177 # 1504
11191 # 1504
11191 # 1504
11193 # 1504
11193 # 1504
11195 # 1504
11197 # 1504
11200 # 1504
11202 # 1504
11208 # 1504
11210 # 1504
11214 # 1504
11232 # 1504
11234 # 1504
11243 # 1504
11245 # 1504
11269 # 1504
11276 # 1504
11279 # 1504
11279 # 1504
11280 # 1504
11287 # 1504
11288 # 1504
11288 # 1504
11289 # 1504
11289 + 1504
11289 + 1504
11291 # 1504
11291 - 1504 2
11291 # 1504
11291 - 1504 2
11292 # 1504
11293 # 1504
11294 # 1504
11295 # 1504
11297 # 1504
11297 # 1504
11298 # 1504
11299 # 1504
11300 # 1504
11300 # 1504
11301 # 1504
11303 # 1504
11304 # 1504
11304 # 1504
11305 # 1504
11307 # 1504
11307 # 1504
11309 # 1504
11310 # 1504
11311 # 1504
11311 # 1504
11313 # 1504
11314 # 1504
11315 # 1504
11341 # 1504
11343 # 1504
11343 # 1504
11345 # 1504
11345 # 1504
11347 # 1504
11347 # 1504
11347 # 1504
11348 # 1504
11349 # 1504
11350 # 1504
11350 # 1504
11352 # 1504
11353 # 1504
11363 # 1504
11363 # 1504
11363 # 1504
11363 # 1504
11363 # 1504
11363 # 1504
11363 # 1504
11363 # 1504
11365 # 1504
11365 # 1504
11365 # 1504
11366 # 1504
11367 # 1504
11368 # 1504
11369 # 1504
11372 # 1504
11373 # 1504
11374 + 1504
11382 # 1504
11382 - 1504 8
11382 # 1504
11385 # 1504
11385 # 1504
11386 # 1504
11386 # 1504
11387 # 1504
11405 # 1504
11409 + 1504
11422 # 1504
11422 - 1504 13
11423 # 1504
11423 # 1504
11423 # 1504
11423 # 1504
11423 # 1504
11425 # 1504
11425 # 1504
11425 # 1504
11426 # 1504
11428 # 1504
11429 # 1504
11429 # 1504
11431 # 1504
11432 # 1504
11441 # 1504
11441 # 1504
11442 # 1504
11443 + 1504
11443 + 1504
11444 # 1504
11444 - 1504 1
11444 # 1504
11444 - 1504 1
11446 # 1504
11450 # 1504
11450 # 1504
11478 # 1504
11498 # 1504
11501 # 1504
11511 + 1504
11511 + 1504
11512 # 1504
11512 - 1504 1
11513 # 1504
11513 - 1504 2
11514 # 1504
11516 # 1504
11517 # 1504
11519 # 1504
11520 # 1504
11531 # 1504
11531 # 1504
11531 # 1504
11531 # 1504
11532 # 1504
11533 # 1504
11533 # 1504
11535 # 1504
11542 # 1504
11544 # 1504
11545 # 1504
11547 # 1504
11550 # 1504
11567 # 1504
11567 # 1504
11569 # 1504
11569 # 1504
11569 # 1504
11569 # 1504
11570 + 1504
11570 + 1504
11571 # 1504
11571 - 1504 1
11573 # 1504
11573 - 1504 3
11581 # 1504
11583 # 1504
11587 # 1504
11588 # 1504
11588 # 1504
11594 # 1504
11595 # 1504
11599 # 1504
11603 # 1504
11607 # 1504
11608 # 1504
11612 # 1504
11614 # 1504
11616 # 1504
11618 # 1504
11622 # 1504
11622 # 1504
11626 # 1504
11629 # 1504
11630 # 1504
11632 # 1504
11632 + 1504
11635 # 1504
11635 - 1504 3
11644 # 1504
11644 # 1504
11645 # 1504
11646 # 1504
11647 # 1504
11650 # 1504
11651 # 1504
11654 # 1504
11656 # 1504
11658 # 1504
11660 + 1504
11660 + 1504
11661 # 1504
11661 - 1504 1
11663 # 1504
11663 - 1504 3
11665 # 1504
11667 # 1504
11670 # 1504
11673 # 1504
11676 # 1504
11679 # 1504
11681 # 1504
11685 # 1504
11686 # 1504
11688 # 1504
11698 # 1504
11698 # 1504
11699 # 1504
11699 # 1504
11700 # 1504
11703 # 1504
11705 # 1504
11709 # 1504
11711 # 1504
11713 # 1504
11715 # 1504
11718 + 1504
11727 # 1504
11727 - 1504 9
11727 # 1504
11729 # 1504
11729 # 1504
11731 # 1504
11731 # 1504
11732 # 1504
11735 # 1504
11736 # 1504
11738 # 1504
11745 + 1504
11745 + 1504
11748 # 1504
11748 - 1504 3
11748 # 1504
11748 - 1504 3
11750 # 1504
11750 # 1504
11751 # 1504
11755 # 1504
11757 # 1504
11758 # 1504
11759 # 1504
11760 # 1504
11763 # 1504
11766 # 1504
11768 # 1504
11768 # 1504
11770 # 1504
11771 # 1504
11778 # 1504
11799 + 1504
11799 + 1504
11854 + 1504
11885 + 1504
11892 # 1504
11892 - 1504 93
11893 # 1504
11893 - 1504 94
11895 # 1504
11895 - 1504 41
11899 # 1504
11899 - 1504 14
11899 # 1504
11907 # 1504
11907 # 1504
11911 # 1504
11911 # 1504
11911 # 1504
11916 + 1504
11947 + 1504
11947 + 1504
12010 + 1504
12010 + 1504
12073 + 1504
12219 # 1504
12219 - 1504 303
12219 # 1504
12219 - 1504 272
12221 # 1504
12221 - 1504 274
12224 # 1504
12224 - 1504 214
12224 # 1504
12224 - 1504 214
12226 # 1504
12226 - 1504 153
12228 # 1504
12239 # 1504
12240 # 1504
12242 # 1504
12242 # 1504
12242 # 1504
12242 # 1504
12245 # 1504
12248 # 1504
12251 # 1504
12259 # 1504
12259 # 1504
12261 # 1504
12261 # 1504
12261 # 1504
12263 # 1504
12264 # 1504
12267 # 1504
12269 # 1504
12269 + 1504
12272 # 1504
12272 - 1504 3
12276 # 1504
12277 # 1504
12280 # 1504
12290 # 1504
12290 # 1504
12291 + 1504
12291 + 1504
12295 # 1504
12295 - 1504 4
12295 # 1504
12295 - 1504 4
12295 # 1504
12301 # 1504
12307 # 1504
12309 # 1504
12311 # 1504
12323 # 1504
12326 # 1504
12327 # 1504
12334 # 1504
12341 # 1504
12345 # 1504
12348 # 1504
12352 # 1504
12353 # 1504
12356 # 1504
12357 # 1504
12359 # 1504
12361 # 1504
12364 # 1504
12364 # 1504
12365 # 1504
12369 # 1504
12370 # 1504
12370 # 1504
12372 # 1504
12375 # 1504
12376 # 1504
12378 # 1504
12390 + 1504
12390 + 1504
12397 # 1504
12397 - 1504 7
12397 # 1504
12397 - 1504 7
12397 # 1504
12399 # 1504
12399 # 1504
12400 # 1504
12403 # 1504
12406 # 1504
12409 # 1504
12413 # 1504
12414 # 1504
12417 # 1504
12427 # 1504
12427 # 1504
12427 # 1504
12429 # 1504
12429 # 1504
12429 # 1504
12430 # 1504
12432 # 1504
12435 # 1504
12436 # 1504
12438 # 1504
12448 # 1504
12448 # 1504
12448 # 1504
12451 # 1504
12451 # 1504
12451 + 1504
12451 + 1504
12453 # 1504
12453 - 1504 2
12453 # 1504
12453 - 1504 2
12455 # 1504
12458 # 1504
12458 # 1504
12460 # 1504
12461 # 1504
12462 # 1504
12464 # 1504
12466 # 1504
12468 # 1504
12469 # 1504
12470 # 1504
12472 # 1504
12472 # 1504
12473 # 1504
12474 # 1504
12476 # 1504
12477 # 1504
12478 # 1504
12480 # 1504
12480 # 1504
12482 # 1504
12485 # 1504
12485 # 1504
12485 # 1504
12488 # 1504
12488 # 1504
12489 # 1504
12497 # 1504
12497 # 1504
12497 # 1504
12501 # 1504
12501 # 1504
12501 # 1504
12501 # 1504
12502 # 1504
12502 # 1504
12509 + 1504
12512 # 1504
12512 - 1504 3
12512 # 1504
12512 # 1504
12512 # 1504
12514 # 1504
12516 # 1504
12518 # 1504
12520 # 1504
12523 # 1504
12525 # 1504
12527 # 1504
12529 # 1504
12532 # 1504
12536 # 1504
12537 + 1504
12537 + 1504
12538 # 1504
12538 - 1504 1
12540 # 1504
12540 - 1504 3
12544 # 1504
12545 # 1504
12547 # 1504
12549 # 1504
12552 # 1504
12594 + 1504
12594 + 1504
12646 + 1504
12646 + 1504
12655 # 1504
12655 - 1504 61
12657 # 1504
12657 - 1504 63
12659 # 1504
12659 - 1504 13
12670 # 1504
12670 - 1504 24
12670 # 1504
12688 # 1504
12689 # 1504
12689 # 1504
12698 + 1504
12699 # 1504
12699 - 1504 1
12700 # 1504
12700 # 1504
12702 # 1504
12702 # 1504
12704 # 1504
12704 # 1504
12707 # 1504
12708 # 1504
12710 # 1504
12712 # 1504
12713 # 1504
12715 # 1504
12717 # 1504
12718 # 1504
12719 # 1504
12724 + 1504
12724 + 1504
12729 # 1504
12729 - 1504 5
12730 # 1504
12730 - 1504 6
12730 # 1504
12730 # 1504
12730 # 1504
12730 # 1504
12733 # 1504
12734 # 1504
12735 # 1504
12737 # 1504
12738 # 1504
12740 # 1504
12741 # 1504
12744 # 1504
12745 # 1504
12746 # 1504
12749 # 1504
12749 # 1504
12750 # 1504
12759 # 1504
12760 # 1504
12760 # 1504
12760 # 1504
12760 # 1504
12762 # 1504
12762 # 1504
12763 # 1504
12763 # 1504
12765 # 1504
12766 # 1504
12766 # 1504
12767 # 1504
12776 # 1504
12778 # 1504
12778 # 1504
12779 # 1504
12780 # 1504
12782 # 1504
12782 # 1504
12786 # 1504
12786 + 1504
12786 + 1504
12788 # 1504
12788 - 1504 2
12788 # 1504
12788 - 1504 2
12793 # 1504
12794 # 1504
12794 # 1504
12795 # 1504
12796 # 1504
12800 # 1504
12801 # 1504
12803 # 1504
12805 # 1504
12806 + 52
12807 # 1504
12807 - 52 1
12809 # 1504
12812 # 1504
12815 # 1504
12816 # 1504
12818 # 1504
12819 # 1504
12821 # 1504
12824 # 1504
12824 # 1504
12826 # 1504
12826 # 1504
12827 # 1504
12830 # 1504
12831 # 1504
12832 # 1504
12833 # 1504
12843 # 1504
12843 # 1504
12843 # 1504
12843 # 1504
12844 # 1504
12844 # 1504
12844 # 1504
12846 # 1504
12846 # 1504
12849 # 1504
12849 + 1504
12849 + 1504
12857 # 1504
12857 - 1504 8
12857 # 1504
12857 - 1504 8
12857 # 1504
12862 # 1504
12862 # 1504
12865 # 1504
12869 # 1504
12869 # 1504
12869 # 1504
12870 # 1504
12871 # 1504
12875 # 1504
12878 # 1504
12887 # 1504
12891 # 1504
12891 # 1504
12891 # 1504
12891 # 1504
12900 # 1504
12900 # 1504
12900 # 1504
12900 # 1504
12901 # 1504
12901 # 1504
12901 # 1504
12903 # 1504
12905 # 1504
12906 + 1504
12907 # 1504
12907 - 1504 1
12908 # 1504
12910 # 1504
12920 # 1504
12923 # 1504
12923 # 1504
12923 # 1504
12925 # 1504
12926 # 1504
12937 # 1504
12937 # 1504
12938 # 1504
12941 # 1504
12941 + 1504
12941 + 1504
12943 # 1504
12943 - 1504 2
12946 # 1504
12946 - 1504 5
12947 # 1504
12949 # 1504
12952 # 1504
12956 # 1504
12957 # 1504
12959 # 1504
12968 # 1504
12968 # 1504
12968 # 1504
12969 # 1504
12969 # 1504
12969 # 1504
12971 # 1504
12973 # 1504
12975 # 1504
12975 # 1504
12977 # 1504
12978 # 1504
12980 # 1504
12980 # 1504
12981 # 1504
12983 # 1504
12985 # 1504
12985 # 1504
12987 # 1504
12987 # 1504
12988 # 1504
12989 # 1504
12999 # 1504
12999 # 1504
12999 # 1504
13001 # 1504
13001 # 1504
13001 # 1504
13003 # 1504
13011 + 1504
13046 + 1504
13046 + 1504
13100 # 1504
13100 - 1504 89
13105 # 1504
13105 - 1504 59
13105 # 1504
13105 - 1504 59
13105 # 1504
13106 # 1504
13115 # 1504
13118 + 1504
13130 # 1504
13130 - 1504 12
13151 # 1504
13154 # 1504
13154 + 1504
13156 # 1504
13156 - 1504 2
13157 # 1504
13158 # 1504
13160 # 1504
13162 # 1504
13162 # 1504
13163 # 1504
13165 # 1504
13167 # 1504
13167 # 1504
13167 # 1504
13168 # 1504
13170 # 1504
13172 # 1504
13178 # 1504
13191 # 1504
13191 # 1504
13193 # 1504
13197 # 1504
13199 # 1504
13201 # 1504
13205 + 1504
13209 # 1504
13209 - 1504 4
13210 # 1504
13211 # 1504
13212 # 1504
13213 # 1504
13215 # 1504
13215 # 1504
13215 # 1504
13216 # 1504
13217 # 1504
13218 # 1504
13220 # 1504
13220 # 1504
13220 # 1504
13221 # 1504
13222 # 1504
13223 # 1504
13225 # 1504
13225 # 1504
13234 # 1504
13234 # 1504
13234 # 1504
13234 # 1504
13235 # 1504
13235 # 1504
13235 # 1504
13240 # 1504
13240 # 1504
13240 # 1504
13240 # 1504
13240 # 1504
13240 # 1504
13241 # 1504
13241 # 1504
13241 # 1504
13250 # 1504
13250 # 1504
13250 # 1504
13250 # 1504
13250 # 1504
13250 # 1504
13251 # 1504
13251 # 1504
13251 # 1504
13251 # 1504
13251 # 1504
13256 + 1504
13261 # 1504
13261 - 1504 5
13261 # 1504
13261 # 1504
13261 # 1504
13265 # 1504
13265 # 1504
13265 # 1504
13265 # 1504
13269 # 1504
13269 # 1504
13269 # 1504
13269 # 1504
13269 # 1504
13271 # 1504
13272 # 1504
13273 # 1504
13274 # 1504
13275 # 1504
13285 # 1504
13285 # 1504
13285 # 1504
13285 # 1504
13286 # 1504
13286 # 1504
13286 # 1504
13286 # 1504
13287 # 1504
13290 # 1504
13291 # 1504
13291 # 1504
13293 + 1504
13293 + 1504
13302 # 1504
13302 - 1504 9
13303 # 1504
13303 - 1504 10
13304 # 1504
13304 # 1504
13304 # 1504
13304 # 1504
13307 # 1504
13309 # 1504
13310 # 1504
13314 # 1504
13314 # 1504
13316 # 1504
13318 # 1504
13320 # 1504
13330 # 1504
13331 # 1504
13331 # 1504
13332 # 1504
13336 # 1504
13336 # 1504
13336 # 1504
13337 # 1504
13339 # 1504
13341 # 1504
13342 # 1504
13345 # 1504
13347 # 1504
13355 # 1504
13355 # 1504
13355 # 1504
13357 # 1504
13357 # 1504
13357 # 1504
13358 # 1504
13365 + 1504
13365 + 1504
13369 # 1504
13369 - 1504 4
13369 # 1504
13369 - 1504 4
13371 # 1504
13371 # 1504
13371 # 1504
13372 # 1504
13373 # 1504
13376 # 1504
13377 # 1504
13379 # 1504
13380 # 1504
13383 # 1504
13384 # 1504
13385 # 1504
13387 # 1504
13397 # 1504
13398 # 1504
13399 # 1504
13400 # 1504
13400 # 1504
13401 # 1504
13403 # 1504
13405 # 1504
13406 # 1504
13416 # 1504
13416 # 1504
13416 # 1504
13416 # 1504
13417 # 1504
13417 # 1504
13418 # 1504
13420 # 1504
13420 # 1504
13422 # 1504
13424 # 1504
13425 # 1504
13433 + 1504
13433 + 1504
13435 # 1504
13435 - 1504 2
13435 # 1504
13435 - 1504 2
13439 # 1504
13439 # 1504
13439 # 1504
13439 # 1504
13439 # 1504
13440 # 1504
13449 # 1504
13463 # 1504
13464 # 1504
13465 # 1504
13466 # 1504
13468 # 1504
13469 # 1504
13469 # 1504
13470 # 1504
13472 # 1504
13475 # 1504
13497 + 1504
13498 + 1504
13506 # 1504
13506 - 1504 9
13511 # 1504
13511 - 1504 13
13515 # 1504
13529 # 1504
13531 # 1504
13531 # 1504
13533 # 1504
13533 # 1504
13533 # 1504
13537 # 1504
13538 # 1504
13549 + 1504
13549 + 1504
13570 # 1504
13570 - 1504 21
13573 # 1504
13573 - 1504 24
13573 # 1504
13573 # 1504
13578 # 1504
13600 + 1504
13600 + 1504
13605 # 1504
13605 - 1504 5
13607 # 1504
13607 - 1504 7
13609 # 1504
13609 # 1504
13613 # 1504
13615 # 1504
13622 # 1504
13644 # 1504
13645 # 1504
13651 + 1504
13654 # 1504
13654 - 1504 3
13676 + 1504
13676 + 1504
13687 # 1504
13687 - 1504 11
13690 # 1504
13690 - 1504 14
13692 # 1504
13694 # 1504
13695 # 1504
13697 # 1504
13699 # 1504
13703 # 1504
13708 # 1504
13709 # 1504
13709 # 1504
13711 # 1504
13712 # 1504
13713 # 1504
13715 # 1504
13716 # 1504
13724 + 1504
13724 + 1504
13727 # 1504
13727 - 1504 3
13727 # 1504
13727 - 1504 3
13727 # 1504
13727 # 1504
13729 # 1504
13732 # 1504
13735 # 1504
13735 # 1504
13736 # 1504
13738 # 1504
13740 # 1504
13742 # 1504
13743 # 1504
13744 # 1504
13753 # 1504
13753 # 1504
13753 # 1504
13753 # 1504
13754 # 1504
13758 # 1504
13759 # 1504
13760 # 1504
13761 # 1504
13763 # 1504
13763 # 1504
13764 # 1504
13767 # 1504
13770 # 1504
13772 + 1504
13772 + 1504
13773 # 1504
13773 - 1504 1
13775 # 1504
13775 - 1504 3
13777 # 1504
13780 # 1504
13791 # 1504
13791 # 1504
13791 # 1504
13796 # 1504
13804 # 1504
13804 # 1504
13806 # 1504
13809 # 1504
13813 # 1504
13815 # 1504
13822 + 1504
13822 + 1504
13822 + 1504
13824 # 1504
13824 - 1504 2
13825 # 1504
13825 - 1504 3
13827 # 1504
13827 - 1504 5
13828 # 1504
13829 # 1504
13832 # 1504
13837 # 1504
13840 # 1504
13841 # 1504
13848 # 1504
13849 # 1504
13865 + 1504
13865 + 1504
13875 # 1504
13875 - 1504 10
13892 # 1504
13892 - 1504 27
13909 + 1504
13909 + 1504
13949 + 1504
13949 + 1504
13963 # 1504
13963 - 1504 54
13965 # 1504
13965 - 1504 56
13988 + 1504
13989 + 1504
13996 # 1504
13996 - 1504 47
14004 # 1504
14004 - 1504 55
14007 # 1504
14007 - 1504 19
14007 # 1504
14007 - 1504 18
14028 + 1504
14028 + 1504
14067 + 1504
14091 + 1504
14091 + 1504
14120 # 1504
14120 - 1504 92
14124 # 1504
14124 - 1504 96
14125 # 1504
14125 - 1504 58
14128 # 1504
14128 - 1504 37
14132 # 1504
14132 - 1504 41
14137 # 1504
14140 # 1504
14141 # 1504
14153 # 1504
14159 # 1504
14163 # 1504
14166 + 1504
14166 + 1504
14180 # 1504
14180 - 1504 14
14182 # 1504
14182 - 1504 16
14190 + 1504
14191 # 1504
14191 - 1504 1
14194 # 1504
14194 # 1504
14195 # 1504
14197 # 1504
14199 # 1504
14207 # 1504
14217 # 1504
14220 # 1504
14223 + 1504
14233 # 1504
14233 - 1504 10
14235 # 1504
14238 # 1504
14240 # 1504
14249 # 1504
14251 + 1504
14251 + 1504
14253 # 1504
14253 - 1504 2
14256 # 1504
14256 - 1504 5
14265 # 1504
14266 # 1504
14268 # 1504
14275 # 1504
14275 # 1504
14277 # 1504
14279 # 1504
14286 # 1504
14289 # 1504
14292 # 1504
14307 # 1504
14308 + 1504
14308 + 1504
14308 + 1504
14312 # 1504
14312 - 1504 4
14328 # 1504
14328 - 1504 20
14349 # 1504
14349 - 1504 41
14351 # 1504
14351 + 1504
14351 + 1504
14375 # 1504
14375 - 1504 24
14393 + 1504
14393 + 1504
14406 # 1504
14406 - 1504 55
14411 # 1504
14411 - 1504 18
14421 # 1504
14421 - 1504 28
14422 # 1504
14422 # 1504
14427 # 1504
14428 + 1504
14428 + 1504
14440 # 1504
14440 - 1504 12
14442 # 1504
14442 - 1504 14
14449 # 1504
14457 # 1504
14464 + 1504
14464 + 1504
14465 # 1504
14465 - 1504 1
14466 # 1504
14466 - 1504 2
14468 # 1504
14470 # 1504
14472 # 1504
14487 # 1504
14489 # 1504
14491 # 1504
14493 # 1504
14497 # 1504
14501 # 1504
14501 + 1504
14501 + 1504
14506 # 1504
14506 - 1504 5
14516 # 1504
14516 - 1504 15
14518 # 1504
14520 # 1504
14538 + 1504
14538 + 1504
14538 + 1504
14557 # 1504
14557 - 1504 19
14558 # 1504
14558 - 1504 20
14563 # 1504
14563 - 1504 25
14563 # 1504
14566 # 1504
14570 # 1504
14572 # 1504
14573 + 1504
14573 + 1504
14574 # 1504
14574 - 1504 1
14590 # 1504
14590 - 1504 17
14594 # 1504
14597 # 1504
14604 # 1504
14607 + 1504
14607 + 1504
14608 # 1504
14608 - 1504 1
14637 # 1504
14637 - 1504 30
14641 + 1504
14641 + 1504
14643 # 1504
14643 - 1504 2
14645 # 1504
14645 - 1504 4
14647 # 1504
14648 # 1504
14667 # 1504
14669 # 1504
14674 + 1504
14674 + 1504
14677 # 1504
14677 - 1504 3
14689 # 1504
14689 - 1504 15
14692 # 1504
14692 # 1504
14701 # 1504
14702 # 1504
14706 + 1504
14706 + 1504
14737 # 1504
14737 - 1504 31
14737 + 1504
14737 + 1504
14740 # 1504
14740 - 1504 34
14756 # 1504
14756 - 1504 19
14758 # 1504
14758 - 1504 21
14766 # 1504
14767 + 1504
14767 + 1504
14772 # 1504
14772 - 1504 5
14778 # 1504
14778 - 1504 11
14781 # 1504
14789 # 1504
14797 + 1504
14797 + 1504
14800 # 1504
14800 - 1504 3
14809 # 1504
14809 - 1504 12
14821 # 1504
14827 + 1504
14864 + 1504
14864 + 1504
14868 # 1504
14868 - 1504 41
14881 # 1504
14881 - 1504 17
14883 # 1504
14883 - 1504 19
14883 # 1504
14884 # 1504
14889 # 1504
14899 + 1504
14899 + 1504
14901 # 1504
14901 - 1504 2
14908 # 1504
14908 - 1504 9
14911 # 1504
14917 # 1504
14934 + 1504
14934 + 1504
14941 # 1504
14941 - 1504 7
14943 # 1504
14943 - 1504 9
14967 # 1504
14970 # 1504
14971 + 1504
14971 + 1504
14988 # 1504
14988 - 1504 17
14991 # 1504
14991 - 1504 20
14992 # 1504
15007 + 1504
15007 + 1504
15011 # 1504
15011 - 1504 4
15030 + 1504
15030 + 1504
15036 # 1504
15036 - 1504 29
15036 # 1504
15036 - 1504 6
15036 # 1504
15036 - 1504 6
15037 # 1504
15038 # 1504
15041 # 1504
15044 # 1504
15046 # 1504
15048 # 1504
15050 # 1504
15052 # 1504
15054 # 1504
15056 # 1504
15056 + 1504
15056 + 1504
15065 # 1504
15065 - 1504 9
15068 # 1504
15068 - 1504 12
15069 # 1504
15074 # 1504
15079 # 1504
15079 + 1504
15079 + 1504
15097 # 1504
15097 - 1504 18
15101 # 1504
15101 - 1504 22
15105 # 1504
15108 + 1504
15109 # 1504
15109 - 1504 1
15120 # 1504
15121 # 1504
15126 # 1504
15131 # 1504
15139 # 1504
15139 + 1504
15139 + 1504
15143 # 1504
15143 - 1504 4
15145 # 1504
15145 - 1504 6
15169 # 1504
15169 + 1504
15169 + 1504
15171 # 1504
15171 - 1504 2
15175 # 1504
15175 - 1504 6
15185 # 1504
15185 # 1504
15186 # 1504
15187 # 1504
15189 # 1504
15197 + 1504
15197 + 1504
15198 # 1504
15198 - 1504 1
15207 # 1504
15207 - 1504 10
15207 # 1504
15225 + 1504
15225 + 1504
15227 # 1504
15227 - 1504 2
15230 # 1504
15230 - 1504 5
15236 # 1504
15238 # 1504
15241 # 1504
15253 + 1504
15253 + 1504
15280 + 1504
15280 + 1504
15308 + 1504
15308 + 1504
15320 # 1504
15320 - 1504 67
15324 # 1504
15324 - 1504 71
15327 # 1504
15327 - 1504 47
15331 # 1504
15331 - 1504 51
15333 # 1504
15333 - 1504 25
15335 # 1504
15335 - 1504 27
15339 # 1504
15342 # 1504
15354 # 1504
15364 # 1504
15366 # 1504
15367 + 1504
15367 + 1504
15368 # 1504
15368 - 1504 1
15371 # 1504
15371 - 1504 4
15376 # 1504
15379 # 1504
15381 + 1504
15381 + 1504
15408 # 1504
15408 - 1504 27
15411 + 1504
15416 + 1504
15416 + 1504
15463 # 1504
15463 - 1504 82
15489 # 1504
15489 - 1504 78
15490 # 1504
15490 - 1504 74
15497 # 1504
15497 - 1504 81
15509 + 1504
15509 + 1504
15512 # 1504
15512 - 1504 3
15519 # 1504
15519 - 1504 10
15527 # 1504
15530 # 1504
15535 + 1504
15536 + 1504
15540 # 1504
15540 - 1504 5
15540 # 1504
15540 - 1504 4
15545 # 1504
15550 # 1504
15552 # 1504
15555 # 1504
15559 + 1504
15559 + 1504
15567 # 1504
15567 - 1504 8
15567 # 1504
15567 - 1504 8
15567 # 1504
15592 + 1504
15597 # 1504
15597 - 1504 5
15598 # 1504
15598 # 1504
15601 # 1504
15613 # 1504
15613 # 1504
15613 # 1504
15615 # 1504
15615 # 1504
15616 # 1504
15618 # 1504
15619 + 1504
15619 + 1504
15622 # 1504
15622 - 1504 3
15625 # 1504
15625 - 1504 6
15629 # 1504
15640 # 1504
15640 # 1504
15641 # 1504
15641 # 1504
15645 + 1504
15645 + 1504
15645 + 1504
15664 # 1504
15664 - 1504 19
15666 # 1504
15666 - 1504 21
15671 + 1504
15671 + 1504
15676 # 1504
15676 - 1504 31
15689 # 1504
15689 - 1504 18
15692 + 1504
15692 + 1504
15699 # 1504
15699 - 1504 28
15711 # 1504
15711 - 1504 19
15714 + 1504
15714 + 1504
15736 + 1504
15737 + 1504
15740 # 1504
15740 - 1504 48
15759 + 1504
15759 + 1504
15765 # 1504
15765 - 1504 51
15769 # 1504
15769 - 1504 55
15775 # 1504
15775 - 1504 39
15780 # 1504
15780 - 1504 43
15782 # 1504
15782 - 1504 23
15786 # 1504
15786 - 1504 27
15788 # 1504
15798 # 1504
15798 # 1504
15800 # 1504
15803 # 1504
15806 + 1504
15807 + 1504
15819 # 1504
15819 - 1504 13
15819 # 1504
15819 - 1504 12
15820 + 1504
15820 + 1504
15831 # 1504
15831 - 1504 11
15832 # 1504
15832 - 1504 12
15834 # 1504
15848 # 1504
15848 + 1504
15848 + 1504
15869 # 1504
15869 - 1504 21
15876 + 1504
15876 + 1504
15903 + 1504
15903 + 1504
15907 # 1504
15907 - 1504 59
15929 + 1504
15929 + 1504
15941 # 1504
15941 - 1504 65
15947 # 1504
15947 - 1504 71
15962 # 1504
15962 - 1504 59
15962 # 1504
15962 - 1504 59
15970 # 1504
15970 - 1504 41
15974 # 1504
15974 - 1504 45
15981 # 1504
15984 # 1504
15985 # 1504
15985 + 1504
15985 + 1504
15989 # 1504
15989 - 1504 4
15991 # 1504
15991 - 1504 6
15994 # 1504
16004 + 1504
16004 + 1504
16006 # 1504
16006 - 1504 2
16006 # 1504
16006 - 1504 2
16008 # 1504
16009 # 1504
16013 # 1504
16019 # 1504
16022 # 1504
16022 + 1504
16022 + 1504
16029 # 1504
16029 - 1504 7
16029 # 1504
16029 - 1504 7
16033 # 1504
16034 # 1504
16035 # 1504
16037 # 1504
16040 # 1504
16051 # 1504
16051 # 1504
16052 # 1504
16052 + 1504
16052 + 1504
16058 # 1504
16058 - 1504 6
16063 # 1504
16063 - 1504 11
16066 # 1504
16067 # 1504
16074 # 1504
16079 # 1504
16080 # 1504
16081 + 1504
16081 + 1504
16089 # 1504
16089 - 1504 8
16091 # 1504
16091 - 1504 10
16098 # 1504
16101 # 1504
16104 + 1504
16104 + 1504
16109 # 1504
16109 - 1504 5
16122 # 1504
16122 - 1504 18
16127 + 1504
16127 + 1504
16136 # 1504
16136 - 1504 9
16139 # 1504
16139 - 1504 12
16141 # 1504
16149 # 1504
16151 + 1504
16151 + 1504
16155 # 1504
16155 - 1504 4
16159 # 1504
16159 - 1504 8
16166 # 1504
16168 # 1504
16171 # 1504
16173 + 1504
16173 + 1504
16192 # 1504
16192 - 1504 19
16196 + 1504
16196 + 1504
16203 # 1504
16203 - 1504 30
16207 # 1504
16207 - 1504 11
16219 + 1504
16219 + 1504
16240 # 1504
16240 - 1504 44
16249 # 1504
16249 - 1504 30
16257 + 1504
16258 + 1504
16269 + 1504
16269 + 1504
16292 + 1504
16292 + 1504
16340 # 1504
16340 - 1504 121
16379 # 1504
16379 - 1504 122
16391 # 1504
16391 - 1504 133
16407 # 1504
16407 - 1504 138
16411 # 1504
16411 - 1504 142
16422 + 1504
16422 + 1504
16440 # 1504
16440 - 1504 148
16451 + 1504
16451 + 1504
16455 # 1504
16455 - 1504 163
16483 + 1504
16483 + 1504
16507 # 1504
16507 - 1504 85
16514 # 1504
16514 - 1504 92
16526 # 1504
16526 - 1504 75
16532 # 1504
16532 - 1504 81
16549 + 1504
16559 # 1504
16559 - 1504 76
16569 + 1504
16591 + 1504
16591 + 1504
16641 # 1504
16641 - 1504 158
16644 # 1504
16644 - 1504 95
16646 # 1504
16646 - 1504 77
16652 + 1504
16688 + 1504
16688 + 1504
16783 # 1504
16783 - 1504 192
16817 # 1504
16817 - 1504 226
16836 # 1504
16836 - 1504 184
16840 # 1504
16840 - 1504 152
16846 # 1504
16846 - 1504 158
16848 # 1504
16857 # 1504
16859 + 1504
16859 + 1504
16883 # 1504
16883 - 1504 24
16887 # 1504
16887 - 1504 28
16890 + 1504
16890 + 1504
16897 # 1504
16897 - 1504 7
16907 # 1504
16907 - 1504 17
16918 # 1504
16932 # 1504
16934 # 1504
16938 # 1504
16943 # 1504
16950 # 1504
16954 # 1504
16954 + 1504
16954 + 1504
16960 # 1504
16960 - 1504 6
16964 # 1504
16964 - 1504 10
16970 # 1504
16975 # 1504
16978 # 1504
16988 # 1504
16999 # 1504
17014 # 1504
17015 + 1504
17015 + 1504
17041 # 1504
17041 - 1504 26
17061 + 1504
17068 # 1504
17068 - 1504 53
17077 # 1504
17077 - 1504 16
17083 + 1504
17083 + 1504
17086 # 1504
17086 - 1504 3
17089 # 1504
17089 - 1504 6
17096 # 1504
17108 # 1504
17116 # 1504
17123 # 1504
17127 # 1504
17129 + 1504
17131 # 1504
17131 - 1504 2
17152 + 1504
17152 + 1504
17159 # 1504
17159 - 1504 7
17171 # 1504
17171 - 1504 19
17181 # 1504
17197 + 1504
17197 + 1504
17243 + 1504
17265 + 1504
17265 + 1504
17300 # 1504
17300 - 1504 103
17310 + 1504
17317 # 1504
17317 - 1504 120
17322 # 1504
17322 - 1504 79
17358 + 1504
17370 # 1504
17370 - 1504 105
17373 # 1504
17373 - 1504 108
17383 # 1504
17383 - 1504 73
17388 # 1504
17388 - 1504 30
17413 + 1504
17413 + 1504
17443 + 1504
17443 + 1504
17538 # 1504
17538 - 1504 125
17538 # 1504
17538 - 1504 125
17540 # 1504
17540 - 1504 97
17543 # 1504
17543 - 1504 100
17543 # 1504
17543 # 1504
17545 # 1504
17545 # 1504
17545 # 1504
17548 # 1504
17550 # 1504
17551 # 1504
17551 # 1504
17553 # 1504
17555 # 1504
17557 # 1504
17559 # 1504
17559 # 1504
17561 # 1504
17563 # 1504
17563 # 1504
17565 # 1504
17565 # 1504
17569 # 1504
17579 # 1504
17582 + 1504
17582 + 1504
17588 # 1504
17588 - 1504 6
17602 # 1504
17602 - 1504 20
17620 + 1504
17620 + 1504
17643 # 1504
17643 - 1504 23
17650 # 1504
17650 - 1504 30
17665 # 1504
17683 # 1504
17694 + 1504
17694 + 1504
17706 # 1504
17706 - 1504 12
17715 # 1504
17715 - 1504 21
17721 # 1504
17728 # 1504
17738 # 1504
17746 + 1504
17772 + 1504
17772 + 1504
17772 + 1504
17772 + 1504
17860 # 1504
17860 - 1504 114
17878 # 1504
17878 - 1504 106
17884 # 1504
17884 - 1504 112
17926 + 1504
17926 + 1504
17969 + 1504
17969 + 1504
17993 # 1504
17993 - 1504 221
17994 # 1504
17994 - 1504 222
18014 # 1504
18014 - 1504 88
18014 # 1504
18014 - 1504 88
18019 # 1504
18019 - 1504 50
18032 # 1504
18032 - 1504 63
18033 # 1504
18040 # 1504
18042 + 1504
18054 # 1504
18054 - 1504 12
18054 # 1504
18058 + 1504
18058 + 1504
18061 # 1504
18061 - 1504 3
18067 # 1504
18067 - 1504 9
18068 # 1504
18074 # 1504
18078 # 1504
18081 # 1504
18084 # 1504
18093 # 1504
18093 # 1504
18093 # 1504
18098 # 1504
18103 # 1504
18107 # 1504
18109 # 1504
18114 # 1504
18118 # 1504
18121 + 1504
18121 + 1504
18129 # 1504
18129 - 1504 8
18129 # 1504
18129 - 1504 8
18131 # 1504
18139 # 1504
18146 # 1504
18153 # 1504
18155 # 1504
18167 + 1504
18167 + 1504
18178 # 1504
18178 - 1504 11
18178 # 1504
18178 - 1504 11
18181 # 1504
18189 # 1504
18211 + 1504
18211 + 1504
18211 + 1504
18228 # 1504
18228 - 1504 17
18255 + 1504
18255 + 1504
18314 # 1504
18314 - 1504 103
18320 # 1504
18320 - 1504 109
18348 + 1504
18431 + 1504
18431 + 1504
18470 # 1504
18470 - 1504 215
18484 # 1504
18484 - 1504 229
18486 # 1504
18486 - 1504 138
18543 # 1504
18543 - 1504 112
18564 # 1504
18564 - 1504 133
18591 # 1504
18603 # 1504
18609 # 1504
18616 + 1504
18617 # 1504
18617 - 1504 1
18627 # 1504
18637 + 1504
18637 + 1504
18641 # 1504
18641 - 1504 4
18712 # 1504
18712 - 1504 75
18718 # 1504
18724 + 1504
18737 # 1504
18737 - 1504 13
18741 # 1504
18746 # 1504
18750 # 1504
18754 # 1504
18759 # 1504
18763 # 1504
18774 # 1504
18776 # 1504
18776 # 1504
18779 # 1504
18783 # 1504
18785 # 1504
18787 # 1504
18797 # 1504
18798 # 1504
18800 # 1504
18801 # 1504
18810 # 1504
18825 # 1504
18825 # 1504
18834 # 1504
18846 # 1504
18846 # 1504
18847 # 1504
18848 # 1504
18850 # 1504
18850 + 1504
18861 # 1504
18861 - 1504 11
18861 # 1504
18880 + 1504
18891 # 1504
18891 - 1504 11
18894 # 1504
18897 # 1504
18902 # 1504
18927 # 1504
18928 # 1504
18931 # 1504
18939 # 1504
18940 + 1504
18943 # 1504
18943 - 1504 3
18944 # 1504
18948 # 1504
18958 # 1504
18958 # 1504
18958 # 1504
18959 # 1504
18959 # 1504
18993 # 1504
18996 + 1504
19002 # 1504
19002 - 1504 6
19002 # 1504
19003 # 1504
19003 # 1504
19005 # 1504
19007 # 1504
19010 # 1504
19011 # 1504
19014 # 1504
19016 # 1504
19019 # 1504
19020 # 1504
19024 # 1504
19026 # 1504
19028 # 1504
19035 # 1504
19037 # 1504
19040 # 1504
19050 # 1504
19050 # 1504
19050 # 1504
19052 + 1504
19054 # 1504
19054 - 1504 2
19056 # 1504
19057 # 1504
19057 # 1504
19061 # 1504
19064 # 1504
19065 # 1504
19067 # 1504
19070 # 1504
19073 # 1504
19076 # 1504
19078 # 1504
19081 # 1504
19083 # 1504
19093 # 1504
19093 + 1504
19093 + 1504
19094 # 1504
19094 - 1504 1
19094 # 1504
19094 - 1504 1
19095 # 1504
19096 # 1504
19098 # 1504
19101 # 1504
19102 # 1504
19104 # 1504
19106 # 1504
19108 # 1504
19109 # 1504
19115 # 1504
19116 # 1504
19118 # 1504
19118 # 1504
19120 # 1504
19121 # 1504
19140 # 1504
19140 # 1504
19140 # 1504
19142 # 1504
19142 # 1504
19142 # 1504
19142 # 1504
19153 # 1504
19154 # 1504
19156 # 1504
19158 # 1504
19159 # 1504
19161 # 1504
19177 + 1504
19177 + 1504
19200 # 1504
19200 - 1504 23
19202 # 1504
19202 - 1504 25
19203 # 1504
19261 + 1504
19263 # 1504
19263 - 1504 2
19266 # 1504
19268 # 1504
19292 + 1504
19318 # 1504
19318 - 1504 26
19323 + 1504
19323 + 1504
19385 + 1504
19385 + 1504
19750 + 1504
20230 + 1504
20585 # 1504
20585 - 1504 1262
20667 + 1504
20785 # 1504
20785 - 1504 1462
20830 + 1504
20875 # 1504
20875 - 1504 1490
20917 + 1504
22182 + 1504
24936 # 1504
24936 - 1504 5551
24994 # 1504
24994 - 1504 5244
25008 # 1504
25008 - 1504 4778
25016 # 1504
25016 - 1504 4349
25027 # 1504
25027 - 1504 4197
25039 + 1504
25040 # 1504
25040 - 1504 4123
25050 # 1504
25050 - 1504 2868
25059 # 1504
25059 - 1504 20
25070 # 1504
25081 # 1504
25095 # 1504
25105 # 1504
25114 # 1504
25122 # 1504
25133 # 1504
25142 # 1504
25147 # 1504
25155 # 1504
25165 # 1504
25173 # 1504
25191 + 1504
25191 + 1504
25203 # 1504
25203 - 1504 12
25203 # 1504
25203 - 1504 12
25205 # 1504
25215 # 1504
25223 # 1504
25231 # 1504
25239 # 1504
25248 # 1504
25257 # 1504
25265 # 1504
25279 # 1504
25307 # 1504
25469 # 1504
25494 # 1504
25494 # 1504
25494 # 1504
25495 # 1504
25498 # 1504
25501 # 1504
25506 # 1504
25511 # 1504
25517 # 1504
25522 # 1504
25527 # 1504
25531 # 1504
25538 # 1504
25544 # 1504
25548 # 1504
25554 # 1504
25557 # 1504
25567 # 1504
25568 # 1504
25573 # 1504
25577 # 1504
25581 # 1504
25587 # 1504
25591 # 1504
25595 # 1504
25599 # 1504
25607 # 1504
25611 # 1504
25619 # 1504
25631 # 1504
25632 # 1504
25638 # 1504
25641 # 1504
25650 # 1504
25659 # 1504
25668 # 1504
25670 # 1504
25673 # 1504
25678 # 1504
25682 # 1504
25687 # 1504
25699 # 1504
25700 # 1504
25701 # 1504
25718 # 1504
25719 # 1504
25719 # 1504
25721 # 1504
25725 # 1504
25730 # 1504
25736 # 1504
25740 # 1504
25745 # 1504
25756 # 1504
25764 # 1504
25767 # 1504
25768 # 1504
25773 # 1504
25779 # 1504
25791 # 1504
25792 # 1504
25806 # 1504
25810 # 1504
25856 + 1504
25915 # 1504
25915 - 1504 59
25915 # 1504
25916 # 1504
25939 # 1504
25961 # 1504
25963 # 1504
26072 # 1504
26074 # 1504
26075 # 1504
26077 # 1504
26079 # 1504
26079 + 1504
26082 # 1504
26082 - 1504 3
26089 # 1504
26107 # 1504
26107 # 1504
26108 # 1504
26110 # 1504
26112 # 1504
26120 # 1504
26120 # 1504
26122 # 1504
26127 # 1504
26130 # 1504
26140 # 1504
26146 # 1504
26149 # 1504
26153 # 1504
26156 # 1504
26159 # 1504
26176 # 1504
26178 # 1504
26178 # 1504
26178 # 1504
26178 # 1504
26182 # 1504
26186 # 1504
26188 # 1504
26196 # 1504
26196 # 1504
26205 # 1504
26205 # 1504
26211 # 1504
26212 # 1504
26212 # 1504
26216 # 1504
26219 # 1504
26240 # 1504
26240 # 1504
26241 # 1504
26241 # 1504
26242 # 1504
26256 # 1504
26257 # 1504
26290 + 1504
26290 + 1504
26296 # 1504
26296 - 1504 6
26296 # 1504
26296 - 1504 6
26374 # 1504
26376 # 1504
26379 # 1504
26389 # 1504
26434 # 1504
26445 # 1504
26510 # 1504
26545 # 1504
26546 # 1504
26571 # 1504
26573 # 1504
26592 # 1504
26596 # 1504
26600 # 1504
26603 # 1504
26607 # 1504
26609 # 1504
26612 # 1504
26634 # 1504
26635 # 1504
26636 # 1504
26642 # 1504
26642 # 1504
26649 # 1504
26655 # 1504
26655 # 1504
26668 # 1504
26671 # 1504
26672 # 1504
26675 # 1504
26675 # 1504
26713 + 1504
26713 + 1504
26716 # 1504
26716 - 1504 3
26716 # 1504
26716 - 1504 3
26718 # 1504
26722 # 1504
26725 # 1504
26728 # 1504
26739 # 1504
26740 # 1504
26740 # 1504
26757 # 1504
26758 # 1504
26784 # 1504
26836 # 1504
26876 # 1504
26876 # 1504
26876 # 1504
26876 # 1504
26876 # 1504
26877 # 1504
26877 # 1504
26879 # 1504
26881 # 1504
27007 # 1504
27007 # 1504
27009 # 1504
27012 # 1504
27015 # 1504
27026 # 1504
27026 # 1504
27032 # 1504
27032 # 1504
27041 # 1504
27042 # 1504
27042 # 1504
27047 # 1504
27060 # 1504
27080 # 1504
27083 # 1504
27085 # 1504
27094 # 1504
27129 # 1504
27135 + 1504
27137 # 1504
27137 - 1504 2
27140 # 1504
27141 # 1504
27143 # 1504
27150 # 1504
27169 # 1504
27176 # 1504
27176 # 1504
27176 # 1504
27177 # 1504
27177 # 1504
27177 # 1504
27180 # 1504
27184 # 1504
27187 # 1504
27196 # 1504
27196 # 1504
27199 # 1504
27201 # 1504
27201 # 1504
27208 # 1504
27215 # 1504
27219 # 1504
27228 # 1504
27232 # 1504
27233 # 1504
27243 # 1504
27272 # 1504
27277 # 1504
27280 # 1504
27280 # 1504
27281 # 1504
27285 # 1504
27288 # 1504
27299 # 1504
27300 # 1504
27300 # 1504
27307 # 1504
27307 # 1504
27309 # 1504
27319 # 1504
27325 # 1504
27329 # 1504
27340 # 1504
27341 # 1504
27342 # 1504
27343 # 1504
27349 # 1504
27351 # 1504
27362 + 1504
27362 + 1504
27381 # 1504
27381 - 1504 19
27400 # 1504
27400 - 1504 38
27495 # 1504
27497 # 1504
27505 # 1504
27507 # 1504
27509 # 1504
27526 # 1504
27528 # 1504
27530 # 1504
27532 # 1504
27534 # 1504
27624 # 1504
27632 # 1504
27643 # 1504
27645 # 1504
27655 # 1504
27659 # 1504
27668 # 1504
27670 # 1504
27676 # 1504
27684 # 1504
27693 # 1504
27693 # 1504
27709 # 1504
27709 # 1504
27709 # 1504
27750 # 1504
27756 # 1504
27764 # 1504
27767 # 1504
27771 # 1504
27778 # 1504
27778 # 1504
27779 # 1504
27782 # 1504
27786 # 1504
27789 # 1504
27792 # 1504
27793 + 1504
27793 + 1504
27795 # 1504
27795 - 1504 2
27799 # 1504
27799 - 1504 6
27801 # 1504
27813 # 1504
27813 # 1504
27814 # 1504
27825 # 1504
27825 # 1504
27826 # 1504
27830 # 1504
27836 # 1504
27840 # 1504
27856 # 1504
27867 # 1504
27930 # 1504
27933 # 1504
27933 # 1504
27940 # 1504
27941 # 1504
27950 # 1504
27955 # 1504
27955 # 1504
27968 # 1504
28019 # 1504
28053 # 1504
28055 # 1504
28066 # 1504
28072 # 1504
28081 # 1504
28084 # 1504
28093 # 1504
28094 # 1504
28094 # 1504
28095 # 1504
28102 # 1504
28103 # 1504
28112 # 1504
28117 # 1504
28118 # 1504
28120 # 1504
28125 # 1504
28126 # 1504
28127 # 1504
28131 # 1504
28135 # 1504
28138 # 1504
28140 # 1504
28145 # 1504
28146 # 1504
28155 + 1504
28156 # 1504
28156 - 1504 1
28158 # 1504
28159 # 1504
28169 # 1504
28174 # 1504
28175 # 1504
28176 # 1504
28202 # 1504
28202 # 1504
28205 # 1504
28208 # 1504
28211 # 1504
28221 # 1504
28222 # 1504
28222 # 1504
28223 # 1504
28226 # 1504
28245 # 1504
28245 # 1504
28246 # 1504
28246 # 1504
28248 # 1504
28248 # 1504
28250 # 1504
28250 # 1504
28255 # 1504
28258 # 1504
28260 # 1504
28266 # 1504
28324 + 1504
28397 # 1504
28397 - 1504 73
28418 # 1504
28428 # 1504
28430 # 1504
28446 # 1504
28450 # 1504
28465 # 1504
28465 # 1504
28479 # 1504
28512 # 1504
28519 + 1504
28519 + 1504
28526 # 1504
28526 - 1504 7
28555 # 1504
28555 - 1504 36
28555 # 1504
28573 # 1504
28573 # 1504
28607 # 1504
28607 # 1504
28607 # 1504
28611 # 1504
28615 # 1504
28616 # 1504
28618 # 1504
28627 # 1504
28629 # 1504
28639 # 1504
28639 # 1504
28641 # 1504
28644 # 1504
28648 # 1504
28652 # 1504
28658 # 1504
28666 # 1504
28667 # 1504
28677 # 1504
28686 # 1504
28691 # 1504
28691 # 1504
28705 # 1504
28705 # 1504
28706 # 1504
28711 # 1504
28717 # 1504
28723 # 1504
28728 # 1504
28742 # 1504
28743 # 1504
28749 # 1504
28760 # 1504
28801 # 1504
28840 # 1504
28849 # 1504
28856 # 1504
28866 # 1504
28874 # 1504
28888 + 1504
28898 # 1504
28898 - 1504 10
28898 # 1504
29007 # 1504
29007 # 1504
29007 # 1504
29010 # 1504
29014 # 1504
29020 # 1504
29020 # 1504
29021 # 1504
29028 # 1504
29040 # 1504
29041 # 1504
29043 # 1504
29045 # 1504
29045 # 1504
29058 # 1504
29060 # 1504
29062 + 1504
29069 # 1504
29069 - 1504 7
29071 # 1504
29072 # 1504
29082 # 1504
29098 # 1504
29103 # 1504
29103 # 1504
29113 # 1504
29115 # 1504
29115 # 1504
29119 # 1504
29121 # 1504
29155 # 1504
29155 # 1504
29163 # 1504
29169 # 1504
29172 # 1504
29196 # 1504
29215 # 1504
29268 + 1504
29268 + 1504
29284 # 1504
29284 - 1504 16
29284 # 1504
29284 - 1504 16
29285 # 1504
29288 # 1504
29288 # 1504
29288 # 1504
29292 # 1504
29296 # 1504
29299 # 1504
29300 # 1504
29300 # 1504
29304 # 1504
29307 # 1504
29311 # 1504
29313 # 1504
29316 # 1504
29327 # 1504
29327 # 1504
29328 # 1504
29339 # 1504
29348 # 1504
29351 # 1504
29367 # 1504
29367 # 1504
29377 # 1504
29380 # 1504
29393 # 1504
29393 # 1504
29444 # 1504
29453 # 1504
29458 # 1504
29461 # 1504
29468 # 1504
29596 # 1504
29613 # 1504
29615 # 1504
29619 # 1504
29635 # 1504
29637 # 1504
29637 # 1504
29638 # 1504
29641 # 1504
29650 # 1504
29650 # 1504
29652 # 1504
29661 + 1504
29671 # 1504
29671 - 1504 10
29671 # 1504
29674 # 1504
29674 # 1504
29675 # 1504
29678 # 1504
29681 # 1504
29694 # 1504
29704 # 1504
29704 # 1504
29719 # 1504
29739 # 1504
29739 # 1504
29741 # 1504
29742 # 1504
29742 # 1504
29745 # 1504
29756 # 1504
29758 # 1504
29758 # 1504
29760 # 1504
29762 # 1504
29765 # 1504
29775 # 1504
29775 # 1504
29787 # 1504
29850 # 1504
29850 + 1504
29851 # 1504
29851 - 1504 1
29857 # 1504
29859 # 1504
29861 # 1504
29871 # 1504
29874 # 1504
29874 # 1504
29877 # 1504
29888 # 1504
29888 # 1504
29888 # 1504
29921 # 1504
29921 # 1504
29931 # 1504
29931 # 1504
29931 # 1504
29931 # 1504
29931 # 1504
29932 # 1504
29932 # 1504
29932 # 1504
29950 # 1504
29967 # 1504
29970 # 1504
29978 # 1504
29982 # 1504
30000 # 1504
30002 # 1504
30063 # 1504
30068 # 1504
30094 + 1504
30169 # 1504
30169 - 1504 75
30173 # 1504
30179 # 1504
30181 # 1504
30207 # 1504
30208 # 1504
30215 # 1504
30217 # 1504
30228 # 1504
30228 # 1504
30229 # 1504
30229 # 1504
30236 # 1504
30237 # 1504
30247 # 1504
30247 # 1504
30249 # 1504
30257 # 1504
30259 # 1504
30260 # 1504
30264 # 1504
30273 # 1504
30273 # 1504
30274 # 1504
30279 # 1504
30294 # 1504
30294 # 1504
30296 # 1504
30301 # 1504
30316 # 1504
30330 + 1504
30349 # 1504
30349 - 1504 19
30359 # 1504
30359 # 1504
30360 # 1504
30363 # 1504
30376 # 1504
30376 # 1504
30377 # 1504
30377 # 1504
30380 # 1504
30395 # 1504
30395 # 1504
30460 # 1504
30460 # 1504
30460 # 1504
30468 # 1504
30470 # 1504
30477 # 1504
30479 # 1504
30495 # 1504
30495 # 1504
30497 # 1504
30536 # 1504
30536 # 1504
30554 # 1504
30557 # 1504
30557 + 1504
30570 # 1504
30570 - 1504 13
30571 # 1504
30582 # 1504
30584 # 1504
30589 # 1504
30603 # 1504
30603 # 1504
30707 # 1504
30707 # 1504
30712 # 1504
30750 # 1504
30762 # 1504
30763 # 1504
30765 # 1504
30770 # 1504
30770 # 1504
30770 # 1504
30774 # 1504
30777 # 1504
30787 # 1504
30788 # 1504
30792 # 1504
30826 # 1504
30828 # 1504
30839 # 1504
30843 # 1504
30848 # 1504
30857 # 1504
30857 # 1504
30858 # 1504
30858 # 1504
30862 # 1504
30875 # 1504
30876 # 1504
30876 # 1504
30883 + 1504
30885 # 1504
30885 - 1504 2
30885 # 1504
30895 # 1504
30895 # 1504
30901 # 1504
30960 # 1504
30968 # 1504
30972 # 1504
30973 # 1504
30984 # 1504
30984 # 1504
30985 # 1504
30993 # 1504
30993 # 1504
30995 # 1504
30996 # 1504
31000 # 1504
31002 # 1504
31036 # 1504
31036 # 1504
31036 # 1504
31038 # 1504
31038 # 1504
31038 # 1504
31038 # 1504
31038 # 1504
31049 # 1504
31049 # 1504
31091 # 1504
31135 # 1504
31139 # 1504
31142 # 1504
31154 # 1504
31168 # 1504
31168 # 1504
31170 # 1504
31177 # 1504
31177 # 1504
31179 # 1504
31193 # 1504
31193 # 1504
31197 + 1504
31200 # 1504
31200 - 1504 3
31201 # 1504
31307 # 1504
31308 # 1504
31311 # 1504
31313 # 1504
31323 # 1504
31323 # 1504
31336 # 1504
31336 # 1504
31338 # 1504
31338 # 1504
31340 # 1504
31342 # 1504
31353 # 1504
31363 # 1504
31365 # 1504
31371 # 1504
31382 # 1504
31382 # 1504
31382 # 1504
31384 # 1504
31384 # 1504
31386 # 1504
31419 # 1504
31419 # 1504
31419 # 1504
31419 # 1504
31419 # 1504
31422 # 1504
31422 # 1504
31425 # 1504
31435 # 1504
31453 # 1504
31460 # 1504
31473 # 1504
31476 # 1504
31478 # 1504
31504 + 1504
31580 # 1504
31580 - 1504 76
31583 # 1504
31585 # 1504
31590 # 1504
31600 # 1504
31603 # 1504
31606 # 1504
31609 # 1504
31617 # 1504
31618 # 1504
31619 # 1504
31623 # 1504
31633 # 1504
31638 # 1504
31640 # 1504
31739 # 1504
31757 # 1504
31759 # 1504
31775 # 1504
31779 # 1504
31780 # 1504
31781 # 1504
31801 # 1504
31803 # 1504
31805 # 1504
31806 + 1504
31807 # 1504
31807 - 1504 1
31822 # 1504
31825 # 1504
31829 # 1504
31837 # 1504
31839 # 1504
31842 # 1504
31846 # 1504
31849 # 1504
31867 # 1504
31867 # 1504
31868 # 1504
31870 # 1504
31870 # 1504
31873 # 1504
31873 # 1504
31875 # 1504
31878 # 1504
31880 # 1504
31884 # 1504
31892 # 1504
31924 # 1504
31924 # 1504
31924 # 1504
31924 # 1504
31926 # 1504
31931 # 1504
31932 # 1504
31936 # 1504
31936 # 1504
31936 # 1504
31938 # 1504
31947 # 1504
32016 # 1504
32016 # 1504
32035 # 1504
32035 # 1504
32037 # 1504
32039 # 1504
32040 # 1504
32044 # 1504
32044 # 1504
32048 # 1504
32052 # 1504
32052 # 1504
32058 # 1504
32058 # 1504
32058 # 1504
32069 # 1504
32070 # 1504
32077 # 1504
32087 # 1504
32088 # 1504
32092 # 1504
32101 # 1504
32101 # 1504
32101 # 1504
32109 + 1504
32136 # 1504
32136 - 1504 27
32136 # 1504
32171 # 1504
32230 # 1504
32230 # 1504
32235 # 1504
32238 # 1504
32241 # 1504
32262 + 52
32277 # 1504
32277 - 52 15
32279 # 1504
32285 # 1504
32299 # 1504
32307 # 1504
32309 # 1504
32310 # 1504
32311 # 1504
32313 # 1504
32316 # 1504
32335 # 1504
32335 # 1504
32337 # 1504
32337 # 1504
32338 # 1504
32339 # 1504
32369 # 1504
32369 # 1504
32372 # 1504
32372 # 1504
32378 # 1504
32389 # 1504
32390 # 1504
32398 # 1504
32399 # 1504
32400 # 1504
32407 + 1504
32416 # 1504
32416 - 1504 9
32419 # 1504
32443 # 1504
32445 # 1504
32476 # 1504
32482 # 1504
32483 # 1504
32484 # 1504
32485 # 1504
32528 # 1504
32543 # 1504
32545 # 1504
32550 # 1504
32558 # 1504
32663 # 1504
32668 # 1504
32678 # 1504
32680 # 1504
32691 # 1504
32697 + 1504
32699 # 1504
32699 - 1504 2
32706 # 1504
32716 # 1504
32728 # 1504
32744 # 1504
32799 # 1504
32827 # 1504
32831 # 1504
32837 # 1504
32840 # 1504
32843 # 1504
32854 # 1504
32854 # 1504
32856 # 1504
32868 # 1504
32888 + 1504
32902 # 1504
32902 - 1504 14
32908 # 1504
32912 # 1504
32916 # 1504
32925 # 1504
32928 # 1504
32928 # 1504
32932 # 1504
32935 # 1504
32937 # 1504
32940 # 1504
32944 # 1504
32947 # 1504
32966 # 1504
32966 # 1504
32968 # 1504
32970 # 1504
32970 # 1504
32971 # 1504
32975 # 1504
32977 # 1504
32981 # 1504
32984 # 1504
32988 # 1504
32999 # 1504
32999 # 1504
33001 # 1504
33008 # 1504
33010 # 1504
33017 # 1504
33020 # 1504
33035 # 1504
33044 # 1504
33074 # 1504
33075 + 1504
33125 # 1504
33125 - 1504 50
33128 # 1504
33128 # 1504
33129 # 1504
33130 # 1504
33156 # 1504
33156 # 1504
33159 # 1504
33166 # 1504
33166 # 1504
33177 # 1504
33180 # 1504
33182 # 1504
33198 # 1504
