# mahimahi mm-link (Uplink) [/usr/share/mahimahi/traces/ATT-LTE-driving-2016.up] > /home/salma/pantheon/ATTDrivingLTE/webrtc_mm_datalink_run1.log
# command line: 'mm-link' '/usr/share/mahimahi/traces/ATT-LTE-driving-2016.up' '/usr/share/mahimahi/traces/ATT-LTE-driving-2016.down' '--uplink-log=/home/salma/pantheon/ATTDrivingLTE/webrtc_mm_datalink_run1.log' '--downlink-log=/home/salma/pantheon/ATTDrivingLTE/webrtc_mm_acklink_run1.log' 'python' '/home/salma/pantheon/src/experiments/tunnel_manager.py'
# queue: infinite
# init timestamp: 1564582982241
# base timestamp: 38
# mahimahi config: [delay 20 ms] 
38 # 1504
40 + 80
40 + 52
40 + 80
86 # 1504
86 - 80 46
86 - 52 46
86 - 80 46
95 # 1504
95 # 1504
96 # 1504
96 # 1504
96 # 1504
96 # 1504
98 # 1504
98 # 1504
98 # 1504
98 # 1504
99 # 1504
100 # 1504
100 # 1504
100 # 1504
101 # 1504
101 # 1504
101 # 1504
101 # 1504
102 # 1504
104 # 1504
104 # 1504
104 # 1504
105 # 1504
107 # 1504
109 # 1504
109 # 1504
109 # 1504
110 # 1504
110 # 1504
112 # 1504
114 # 1504
115 # 1504
115 # 1504
117 # 1504
117 # 1504
118 # 1504
118 # 1504
119 # 1504
121 # 1504
121 # 1504
122 # 1504
123 # 1504
133 # 1504
133 # 1504
133 # 1504
133 # 1504
134 # 1504
137 # 1504
137 # 1504
137 # 1504
137 # 1504
137 # 1504
137 # 1504
138 # 1504
138 # 1504
138 # 1504
138 # 1504
139 # 1504
140 # 1504
140 # 1504
140 # 1504
141 # 1504
143 # 1504
143 # 1504
145 # 1504
146 # 1504
146 # 1504
146 # 1504
146 # 1504
148 # 1504
148 # 1504
148 # 1504
158 # 1504
158 # 1504
158 # 1504
158 # 1504
158 # 1504
158 # 1504
158 # 1504
158 # 1504
159 # 1504
159 # 1504
159 # 1504
159 # 1504
160 # 1504
162 # 1504
163 + 40
166 # 1504
166 - 40 3
166 # 1504
166 # 1504
167 # 1504
169 # 1504
169 # 1504
172 # 1504
172 # 1504
181 # 1504
181 # 1504
181 # 1504
181 # 1504
181 # 1504
181 # 1504
181 # 1504
182 # 1504
183 # 1504
183 # 1504
183 # 1504
183 # 1504
184 # 1504
184 # 1504
185 # 1504
186 # 1504
188 # 1504
189 # 1504
189 # 1504
191 # 1504
191 # 1504
191 # 1504
194 # 1504
194 # 1504
195 # 1504
204 # 1504
204 # 1504
204 # 1504
204 # 1504
204 # 1504
204 # 1504
204 # 1504
205 # 1504
206 # 1504
206 # 1504
206 # 1504
206 # 1504
206 # 1504
206 # 1504
207 # 1504
207 # 1504
208 # 1504
209 # 1504
211 # 1504
211 # 1504
212 # 1504
213 # 1504
214 # 1504
214 # 1504
215 # 1504
215 # 1504
226 # 1504
226 # 1504
226 # 1504
226 # 1504
226 # 1504
226 # 1504
226 # 1504
226 # 1504
226 # 1504
226 # 1504
226 # 1504
226 # 1504
226 # 1504
226 # 1504
227 # 1504
229 # 1504
230 # 1504
231 # 1504
231 # 1504
232 # 1504
232 # 1504
233 # 1504
234 # 1504
234 # 1504
234 # 1504
236 # 1504
236 # 1504
237 # 1504
238 # 1504
238 # 1504
238 # 1504
239 # 1504
239 # 1504
240 # 1504
242 # 1504
245 # 1504
245 # 1504
245 # 1504
245 # 1504
245 # 1504
246 # 1504
246 # 1504
247 # 1504
248 # 1504
250 # 1504
250 # 1504
250 # 1504
250 # 1504
250 # 1504
252 # 1504
252 # 1504
253 # 1504
254 # 1504
254 # 1504
255 # 1504
255 # 1504
256 # 1504
256 # 1504
258 # 1504
258 # 1504
258 # 1504
259 # 1504
260 # 1504
260 # 1504
264 # 1504
264 # 1504
264 # 1504
264 # 1504
264 # 1504
266 # 1504
266 # 1504
266 # 1504
268 # 1504
268 # 1504
268 # 1504
269 # 1504
270 # 1504
271 # 1504
272 # 1504
272 # 1504
273 # 1504
273 # 1504
274 # 1504
274 # 1504
274 # 1504
274 # 1504
276 # 1504
276 # 1504
277 # 1504
277 # 1504
278 # 1504
278 # 1504
278 # 1504
280 # 1504
280 # 1504
280 # 1504
281 # 1504
281 # 1504
281 # 1504
283 # 1504
285 # 1504
285 # 1504
285 # 1504
285 # 1504
286 # 1504
286 # 1504
287 # 1504
287 # 1504
288 # 1504
288 # 1504
289 # 1504
290 # 1504
290 # 1504
290 # 1504
291 # 1504
292 # 1504
292 # 1504
292 # 1504
295 # 1504
295 # 1504
295 # 1504
295 # 1504
295 # 1504
297 # 1504
297 # 1504
297 # 1504
302 # 1504
302 # 1504
310 # 1504
310 # 1504
310 # 1504
310 # 1504
310 # 1504
313 # 1504
313 # 1504
313 # 1504
313 # 1504
320 # 1504
320 # 1504
322 # 1504
322 # 1504
324 # 1504
326 # 1504
329 # 1504
331 # 1504
335 # 1504
338 # 1504
339 # 1504
349 # 1504
351 # 1504
351 # 1504
352 # 1504
363 # 1504
365 # 1504
368 # 1504
368 # 1504
379 # 1504
383 # 1504
383 # 1504
383 # 1504
384 # 1504
388 # 1504
388 # 1504
391 # 1504
394 # 1504
394 # 1504
394 # 1504
395 # 1504
396 # 1504
398 # 1504
401 # 1504
404 # 1504
406 # 1504
408 # 1504
409 # 1504
420 # 1504
422 # 1504
422 # 1504
426 # 1504
426 # 1504
427 # 1504
427 # 1504
428 # 1504
430 # 1504
431 # 1504
433 # 1504
435 # 1504
435 # 1504
435 # 1504
436 # 1504
438 # 1504
438 # 1504
440 # 1504
444 # 1504
444 # 1504
444 # 1504
444 # 1504
446 # 1504
447 # 1504
447 # 1504
447 # 1504
449 # 1504
451 # 1504
454 # 1504
454 # 1504
454 # 1504
455 # 1504
456 # 1504
458 # 1504
459 # 1504
469 # 1504
472 # 1504
472 # 1504
472 # 1504
474 # 1504
474 # 1504
474 # 1504
476 # 1504
479 # 1504
480 # 1504
481 # 1504
483 # 1504
484 # 1504
484 # 1504
485 # 1504
487 # 1504
487 # 1504
487 # 1504
488 # 1504
498 # 1504
498 # 1504
498 # 1504
498 # 1504
498 # 1504
499 # 1504
499 # 1504
499 # 1504
500 # 1504
502 # 1504
504 # 1504
506 # 1504
507 # 1504
510 # 1504
520 # 1504
520 # 1504
520 # 1504
521 # 1504
521 # 1504
522 # 1504
525 # 1504
526 # 1504
709 + 80
715 + 108
997 + 80
1029 + 80
1093 + 80
1568 # 1504
1568 - 80 859
1568 - 108 853
1568 - 80 571
1568 - 80 539
1568 - 80 475
1608 # 1504
1610 # 1504
1610 # 1504
1610 # 1504
1610 # 1504
1611 # 1504
1611 # 1504
1612 # 1504
1612 # 1504
1613 # 1504
1614 # 1504
1623 # 1504
1623 # 1504
1623 # 1504
1623 # 1504
1626 # 1504
1626 # 1504
1626 # 1504
1626 # 1504
1626 # 1504
1626 # 1504
1626 # 1504
1626 # 1504
1627 # 1504
1627 # 1504
1627 # 1504
1634 # 1504
1634 # 1504
1634 # 1504
1634 # 1504
1634 # 1504
1634 # 1504
1634 # 1504
1636 # 1504
1636 # 1504
1636 # 1504
1636 # 1504
1636 # 1504
1636 # 1504
1636 # 1504
1636 # 1504
1637 # 1504
1638 # 1504
1648 # 1504
1648 # 1504
1648 # 1504
1648 # 1504
1648 # 1504
1648 # 1504
1650 # 1504
1650 # 1504
1650 # 1504
1650 # 1504
1650 # 1504
1650 # 1504
1650 # 1504
1652 # 1504
1653 # 1504
1654 # 1504
1655 # 1504
1655 # 1504
1657 # 1504
1657 # 1504
1658 # 1504
1660 # 1504
1660 # 1504
1660 # 1504
1661 # 1504
1663 # 1504
1663 # 1504
1663 # 1504
1664 # 1504
1665 # 1504
1665 # 1504
1666 # 1504
1666 # 1504
1676 # 1504
1676 # 1504
1676 # 1504
1676 # 1504
1676 # 1504
1676 # 1504
1678 # 1504
1678 # 1504
1678 # 1504
1678 # 1504
1678 # 1504
1678 # 1504
1678 # 1504
1678 # 1504
1679 # 1504
1680 # 1504
1682 # 1504
1683 # 1504
1684 # 1504
1685 # 1504
1685 # 1504
1686 # 1504
1687 # 1504
1688 # 1504
1688 # 1504
1688 # 1504
1690 # 1504
1690 # 1504
1691 # 1504
1700 # 1504
1700 # 1504
1700 # 1504
1700 # 1504
1700 # 1504
1700 # 1504
1702 # 1504
1702 # 1504
1702 # 1504
1702 # 1504
1702 # 1504
1702 # 1504
1703 # 1504
1703 # 1504
1703 # 1504
1705 # 1504
1705 # 1504
1706 # 1504
1715 # 1504
1715 # 1504
1716 # 1504
1716 # 1504
1716 # 1504
1716 # 1504
1716 + 108
1719 # 1504
1719 - 108 3
1719 # 1504
1719 # 1504
1719 # 1504
1719 # 1504
1719 # 1504
1720 # 1504
1720 # 1504
1720 # 1504
1720 # 1504
1722 # 1504
1723 # 1504
1723 # 1504
1725 # 1504
1725 # 1504
1725 # 1504
1726 # 1504
1727 # 1504
1729 # 1504
1729 # 1504
1730 # 1504
1731 # 1504
1732 # 1504
1732 # 1504
1733 # 1504
1733 # 1504
1734 # 1504
1736 # 1504
1736 # 1504
1737 # 1504
1738 # 1504
1744 # 1504
1744 # 1504
1744 # 1504
1755 # 1504
1755 # 1504
1755 # 1504
1758 # 1504
1758 # 1504
1758 # 1504
1758 # 1504
1758 # 1504
1758 # 1504
1758 # 1504
1758 # 1504
1758 # 1504
1758 # 1504
1758 # 1504
1758 # 1504
1758 # 1504
1758 # 1504
1759 # 1504
1759 # 1504
1759 # 1504
1759 # 1504
1759 # 1504
1759 # 1504
1761 # 1504
1768 # 1504
1768 # 1504
1768 # 1504
1768 # 1504
1768 # 1504
1768 # 1504
1768 # 1504
1769 # 1504
1769 # 1504
1769 # 1504
1770 # 1504
1770 # 1504
1770 # 1504
1779 # 1504
1779 # 1504
1779 # 1504
1779 # 1504
1779 # 1504
1779 # 1504
1779 # 1504
1781 # 1504
1781 # 1504
1781 # 1504
1781 # 1504
1781 # 1504
1781 # 1504
1781 # 1504
1782 # 1504
1782 # 1504
1782 # 1504
1784 # 1504
1784 # 1504
1784 # 1504
1785 # 1504
1785 # 1504
1787 # 1504
1788 # 1504
1788 # 1504
1789 # 1504
1789 # 1504
1790 # 1504
1790 # 1504
1790 # 1504
1793 # 1504
1796 # 1504
1796 # 1504
1798 # 1504
1798 # 1504
1798 # 1504
1798 # 1504
1798 # 1504
1798 # 1504
1798 # 1504
1801 # 1504
1801 # 1504
1801 # 1504
1801 # 1504
1801 # 1504
1803 # 1504
1803 # 1504
1803 # 1504
1804 # 1504
1804 # 1504
1806 # 1504
1807 # 1504
1809 # 1504
1809 # 1504
1809 # 1504
1809 # 1504
1809 # 1504
1810 # 1504
1810 # 1504
1811 # 1504
1811 # 1504
1812 # 1504
1812 # 1504
1813 # 1504
1813 # 1504
1813 # 1504
1815 # 1504
1816 # 1504
1817 # 1504
1817 # 1504
1819 # 1504
1819 # 1504
1819 # 1504
1819 # 1504
1819 # 1504
1819 # 1504
1820 # 1504
1820 # 1504
1823 # 1504
1824 # 1504
1824 # 1504
1824 # 1504
1825 # 1504
1833 # 1504
1833 # 1504
1833 # 1504
1835 # 1504
1835 # 1504
1835 # 1504
1835 # 1504
1835 # 1504
1835 # 1504
1835 # 1504
1835 # 1504
1835 # 1504
1837 # 1504
1837 # 1504
1837 # 1504
1837 # 1504
1837 # 1504
1840 # 1504
1841 # 1504
1844 # 1504
1847 # 1504
1847 # 1504
1850 # 1504
1854 # 1504
1858 # 1504
1858 # 1504
1868 # 1504
1868 # 1504
1873 # 1504
1874 # 1504
1874 # 1504
1874 # 1504
1876 # 1504
1876 # 1504
1881 # 1504
1890 # 1504
1890 # 1504
1891 # 1504
1891 # 1504
1891 # 1504
1893 # 1504
1893 # 1504
1894 # 1504
1896 # 1504
1897 # 1504
1898 # 1504
1898 # 1504
1899 # 1504
1900 # 1504
1901 # 1504
1903 # 1504
1905 # 1504
1906 # 1504
1906 # 1504
1907 # 1504
1908 # 1504
1908 # 1504
1908 # 1504
1910 # 1504
1910 # 1504
1911 # 1504
1912 # 1504
1912 # 1504
1914 # 1504
1915 # 1504
1925 # 1504
1925 # 1504
1925 # 1504
1928 # 1504
1928 # 1504
1928 # 1504
1928 # 1504
1928 # 1504
1928 # 1504
1928 # 1504
1930 # 1504
1930 # 1504
1930 # 1504
1930 # 1504
1930 # 1504
1932 # 1504
1932 # 1504
1933 # 1504
1933 # 1504
1933 # 1504
1934 # 1504
1934 # 1504
1936 # 1504
1936 # 1504
1936 # 1504
1937 # 1504
1937 # 1504
1937 # 1504
1939 # 1504
1939 # 1504
1939 # 1504
1940 # 1504
1942 # 1504
1942 # 1504
1942 # 1504
1944 # 1504
1944 # 1504
1944 # 1504
1944 # 1504
1944 # 1504
1955 # 1504
1955 # 1504
1955 # 1504
1955 # 1504
1956 # 1504
1956 # 1504
1960 # 1504
1960 # 1504
1960 # 1504
1960 # 1504
1960 # 1504
1962 # 1504
1962 # 1504
1962 # 1504
1962 # 1504
1962 # 1504
1962 # 1504
1962 # 1504
1963 # 1504
1963 # 1504
1963 # 1504
1963 # 1504
1965 # 1504
1965 # 1504
1966 # 1504
1968 # 1504
1968 # 1504
1968 # 1504
1969 # 1504
1969 # 1504
1970 # 1504
1970 # 1504
1972 # 1504
1972 # 1504
1973 # 1504
1974 # 1504
1974 # 1504
1975 # 1504
1975 # 1504
1976 # 1504
1977 # 1504
1977 # 1504
1978 # 1504
1988 # 1504
1988 # 1504
1988 # 1504
1988 # 1504
1988 # 1504
1988 # 1504
1988 # 1504
1988 # 1504
1991 # 1504
1991 # 1504
1991 # 1504
1991 # 1504
1991 # 1504
1991 # 1504
1991 # 1504
1991 # 1504
1991 # 1504
1991 # 1504
1993 # 1504
1994 # 1504
1994 # 1504
1995 # 1504
1995 # 1504
1996 # 1504
1996 # 1504
2006 # 1504
2006 # 1504
2006 # 1504
2006 # 1504
2010 # 1504
2010 # 1504
2011 # 1504
2012 # 1504
2012 # 1504
2012 # 1504
2012 # 1504
2012 # 1504
2012 # 1504
2012 # 1504
2013 # 1504
2014 # 1504
2014 # 1504
2014 # 1504
2014 # 1504
2015 # 1504
2017 # 1504
2018 # 1504
2018 # 1504
2018 # 1504
2018 # 1504
2020 # 1504
2020 # 1504
2020 # 1504
2022 # 1504
2022 # 1504
2022 # 1504
2023 # 1504
2023 # 1504
2025 # 1504
2026 # 1504
2026 # 1504
2026 # 1504
2029 # 1504
2029 # 1504
2029 # 1504
2029 # 1504
2029 # 1504
2031 # 1504
2031 # 1504
2032 # 1504
2032 # 1504
2033 # 1504
2033 # 1504
2034 # 1504
2034 # 1504
2034 # 1504
2036 # 1504
2036 # 1504
2037 # 1504
2037 # 1504
2037 # 1504
2038 # 1504
2048 # 1504
2048 # 1504
2048 # 1504
2048 # 1504
2048 # 1504
2053 # 1504
2053 # 1504
2053 # 1504
2053 # 1504
2053 # 1504
2053 # 1504
2053 # 1504
2053 # 1504
2054 # 1504
2054 # 1504
2054 # 1504
2054 # 1504
2054 # 1504
2054 # 1504
2054 # 1504
2054 # 1504
2054 # 1504
2054 # 1504
2055 # 1504
2055 # 1504
2056 # 1504
2056 # 1504
2065 # 1504
2065 # 1504
2065 # 1504
2065 # 1504
2066 # 1504
2066 # 1504
2066 # 1504
2069 # 1504
2069 # 1504
2069 # 1504
2069 # 1504
2069 # 1504
2069 # 1504
2069 # 1504
2069 # 1504
2069 # 1504
2069 # 1504
2069 # 1504
2078 # 1504
2078 # 1504
2078 # 1504
2078 # 1504
2078 # 1504
2078 # 1504
2078 # 1504
2078 # 1504
2079 # 1504
2079 # 1504
2084 # 1504
2084 # 1504
2084 # 1504
2084 # 1504
2084 # 1504
2085 # 1504
2089 # 1504
2089 # 1504
2089 # 1504
2089 # 1504
2089 # 1504
2089 # 1504
2089 # 1504
2089 # 1504
2089 # 1504
2090 # 1504
2090 # 1504
2090 # 1504
2090 # 1504
2091 # 1504
2100 # 1504
2100 # 1504
2100 # 1504
2100 # 1504
2100 # 1504
2100 # 1504
2100 # 1504
2100 # 1504
2101 # 1504
2101 # 1504
2107 # 1504
2107 # 1504
2107 # 1504
2107 # 1504
2111 # 1504
2111 # 1504
2111 # 1504
2111 # 1504
2111 # 1504
2111 # 1504
2111 # 1504
2111 # 1504
2112 # 1504
2112 # 1504
2112 # 1504
2112 # 1504
2113 # 1504
2114 # 1504
2122 # 1504
2122 # 1504
2123 # 1504
2123 # 1504
2123 # 1504
2123 # 1504
2123 # 1504
2123 # 1504
2129 # 1504
2129 # 1504
2129 # 1504
2132 # 1504
2132 # 1504
2132 # 1504
2132 # 1504
2132 # 1504
2133 # 1504
2133 # 1504
2133 # 1504
2133 # 1504
2134 # 1504
2136 # 1504
2136 # 1504
2137 # 1504
2137 # 1504
2139 # 1504
2139 # 1504
2147 # 1504
2147 # 1504
2149 # 1504
2149 # 1504
2149 # 1504
2149 # 1504
2149 # 1504
2149 # 1504
2149 # 1504
2149 # 1504
2150 # 1504
2150 # 1504
2151 # 1504
2152 # 1504
2153 # 1504
2153 # 1504
2153 # 1504
2163 # 1504
2163 # 1504
2165 # 1504
2165 # 1504
2165 # 1504
2165 # 1504
2166 # 1504
2166 # 1504
2166 # 1504
2174 # 1504
2174 # 1504
2174 # 1504
2174 # 1504
2174 # 1504
2175 # 1504
2175 # 1504
2175 # 1504
2177 # 1504
2177 # 1504
2178 # 1504
2178 # 1504
2180 # 1504
2181 # 1504
2181 # 1504
2181 # 1504
2183 # 1504
2184 # 1504
2185 # 1504
2185 # 1504
2186 # 1504
2188 # 1504
2189 # 1504
2192 # 1504
2192 # 1504
2194 # 1504
2194 # 1504
2196 # 1504
2196 # 1504
2196 # 1504
2197 # 1504
2197 # 1504
2198 # 1504
2200 # 1504
2201 # 1504
2201 # 1504
2202 # 1504
2203 # 1504
2204 # 1504
2206 # 1504
2206 # 1504
2206 # 1504
2209 # 1504
2209 # 1504
2210 # 1504
2210 # 1504
2210 # 1504
2210 # 1504
2212 # 1504
2221 # 1504
2221 # 1504
2221 # 1504
2221 # 1504
2221 # 1504
2221 # 1504
2224 # 1504
2224 # 1504
2224 # 1504
2224 # 1504
2224 # 1504
2224 # 1504
2224 # 1504
2224 # 1504
2224 # 1504
2230 # 1504
2230 # 1504
2230 # 1504
2230 # 1504
2230 # 1504
2230 # 1504
2233 # 1504
2233 # 1504
2233 # 1504
2233 # 1504
2234 # 1504
2234 # 1504
2234 # 1504
2235 # 1504
2235 # 1504
2235 # 1504
2236 # 1504
2236 # 1504
2237 # 1504
2238 # 1504
2239 # 1504
2240 # 1504
2241 # 1504
2241 # 1504
2244 # 1504
2244 # 1504
2245 # 1504
2247 # 1504
2248 # 1504
2249 # 1504
2249 # 1504
2249 # 1504
2250 # 1504
2252 # 1504
2252 # 1504
2254 # 1504
2254 # 1504
2254 # 1504
2254 # 1504
2257 # 1504
2257 # 1504
2258 # 1504
2258 # 1504
2259 # 1504
2260 # 1504
2261 # 1504
2262 # 1504
2263 # 1504
2263 # 1504
2264 # 1504
2264 # 1504
2265 # 1504
2265 # 1504
2266 # 1504
2267 # 1504
2268 # 1504
2270 # 1504
2270 # 1504
2271 # 1504
2272 # 1504
2272 # 1504
2273 # 1504
2274 # 1504
2275 # 1504
2276 # 1504
2276 # 1504
2278 # 1504
2278 # 1504
2280 # 1504
2280 # 1504
2282 # 1504
2282 # 1504
2284 # 1504
2284 # 1504
2293 # 1504
2293 # 1504
2293 # 1504
2297 # 1504
2297 # 1504
2297 # 1504
2301 # 1504
2301 # 1504
2301 # 1504
2301 # 1504
2301 # 1504
2301 # 1504
2301 # 1504
2302 # 1504
2302 # 1504
2302 # 1504
2302 # 1504
2304 # 1504
2304 # 1504
2306 # 1504
2308 # 1504
2310 # 1504
2312 # 1504
2312 # 1504
2312 # 1504
2312 # 1504
2314 # 1504
2315 # 1504
2316 # 1504
2318 # 1504
2319 # 1504
2321 # 1504
2321 # 1504
2329 # 1504
2329 # 1504
2329 # 1504
2329 # 1504
2331 # 1504
2331 # 1504
2331 # 1504
2331 # 1504
2333 # 1504
2334 # 1504
2334 # 1504
2336 # 1504
2336 # 1504
2338 # 1504
2339 # 1504
2339 # 1504
2340 # 1504
2341 # 1504
2342 # 1504
2342 # 1504
2342 # 1504
2354 # 1504
2357 # 1504
2357 # 1504
2357 # 1504
2357 # 1504
2357 # 1504
2357 # 1504
2357 # 1504
2357 # 1504
2357 # 1504
2357 # 1504
2358 # 1504
2358 # 1504
2358 # 1504
2358 # 1504
2358 # 1504
2359 # 1504
2359 # 1504
2359 # 1504
2360 # 1504
2362 # 1504
2372 # 1504
2372 # 1504
2372 # 1504
2372 # 1504
2372 # 1504
2372 # 1504
2373 # 1504
2373 # 1504
2373 # 1504
2373 # 1504
2373 # 1504
2373 # 1504
2375 # 1504
2375 # 1504
2376 # 1504
2376 # 1504
2376 # 1504
2376 # 1504
2376 # 1504
2376 # 1504
2378 # 1504
2379 # 1504
2379 # 1504
2380 # 1504
2381 # 1504
2382 # 1504
2383 # 1504
2383 # 1504
2383 # 1504
2383 # 1504
2384 # 1504
2384 # 1504
2386 # 1504
2386 # 1504
2386 # 1504
2388 # 1504
2388 # 1504
2389 # 1504
2390 # 1504
2390 # 1504
2391 # 1504
2392 # 1504
2393 # 1504
2393 # 1504
2394 # 1504
2394 # 1504
2395 # 1504
2395 # 1504
2396 # 1504
2397 # 1504
2397 # 1504
2398 # 1504
2398 # 1504
2407 # 1504
2407 # 1504
2408 # 1504
2408 # 1504
2408 # 1504
2408 # 1504
2410 # 1504
2410 # 1504
2411 # 1504
2411 # 1504
2411 # 1504
2411 # 1504
2411 # 1504
2412 # 1504
2412 # 1504
2420 # 1504
2420 # 1504
2420 # 1504
2420 # 1504
2420 # 1504
2420 # 1504
2421 # 1504
2421 # 1504
2421 # 1504
2421 # 1504
2421 # 1504
2421 # 1504
2423 # 1504
2423 # 1504
2424 # 1504
2424 # 1504
2424 # 1504
2425 # 1504
2426 # 1504
2427 # 1504
2427 # 1504
2440 # 1504
2440 # 1504
2440 # 1504
2440 # 1504
2443 # 1504
2443 # 1504
2443 # 1504
2443 # 1504
2443 # 1504
2443 # 1504
2443 # 1504
2446 # 1504
2446 # 1504
2446 # 1504
2446 # 1504
2446 # 1504
2457 # 1504
2457 # 1504
2457 # 1504
2457 # 1504
2457 # 1504
2457 # 1504
2457 # 1504
2458 # 1504
2458 # 1504
2458 # 1504
2458 # 1504
2458 # 1504
2458 # 1504
2458 # 1504
2459 # 1504
2459 # 1504
2459 # 1504
2459 # 1504
2459 # 1504
2459 # 1504
2459 # 1504
2459 # 1504
2460 # 1504
2460 # 1504
2462 # 1504
2462 # 1504
2462 # 1504
2462 # 1504
2464 # 1504
2464 # 1504
2464 # 1504
2466 # 1504
2466 # 1504
2467 # 1504
2468 # 1504
2468 # 1504
2468 # 1504
2470 # 1504
2471 # 1504
2472 # 1504
2472 # 1504
2472 # 1504
2473 # 1504
2474 # 1504
2475 # 1504
2476 # 1504
2476 # 1504
2477 # 1504
2487 # 1504
2487 # 1504
2487 # 1504
2488 # 1504
2488 # 1504
2488 # 1504
2488 # 1504
2489 # 1504
2489 # 1504
2489 # 1504
2489 # 1504
2489 # 1504
2490 # 1504
2490 # 1504
2491 # 1504
2492 # 1504
2502 # 1504
2502 # 1504
2502 # 1504
2504 # 1504
2504 # 1504
2504 # 1504
2506 # 1504
2506 # 1504
2506 # 1504
2506 # 1504
2506 # 1504
2506 # 1504
2506 # 1504
2506 # 1504
2507 # 1504
2508 # 1504
2508 # 1504
2508 # 1504
2509 # 1504
2512 # 1504
2512 # 1504
2512 # 1504
2513 # 1504
2515 # 1504
2515 # 1504
2515 # 1504
2518 # 1504
2518 # 1504
2518 # 1504
2518 # 1504
2520 # 1504
2520 # 1504
2529 # 1504
2529 # 1504
2529 # 1504
2529 # 1504
2531 # 1504
2531 # 1504
2531 # 1504
2531 # 1504
2534 # 1504
2534 # 1504
2534 # 1504
2534 # 1504
2535 # 1504
2535 # 1504
2535 # 1504
2540 # 1504
2540 # 1504
2540 # 1504
2540 # 1504
2540 # 1504
2546 # 1504
2546 # 1504
2546 # 1504
2546 # 1504
2546 # 1504
2546 # 1504
2547 # 1504
2547 # 1504
2547 # 1504
2548 # 1504
2548 # 1504
2549 # 1504
2549 # 1504
2551 # 1504
2553 # 1504
2553 # 1504
2570 # 1504
2570 # 1504
2570 # 1504
2570 # 1504
2570 # 1504
2570 # 1504
2571 # 1504
2571 # 1504
2571 # 1504
2571 # 1504
2571 # 1504
2571 # 1504
2574 # 1504
2574 # 1504
2574 # 1504
2574 # 1504
2574 # 1504
2574 # 1504
2575 # 1504
2575 # 1504
2575 # 1504
2575 # 1504
2582 # 1504
2582 # 1504
2582 # 1504
2582 # 1504
2582 # 1504
2582 # 1504
2583 # 1504
2583 # 1504
2584 # 1504
2584 # 1504
2584 # 1504
2585 # 1504
2585 # 1504
2585 # 1504
2587 # 1504
2588 # 1504
2588 # 1504
2588 # 1504
2589 # 1504
2592 # 1504
2594 # 1504
2594 # 1504
2595 # 1504
2598 # 1504
2598 # 1504
2599 # 1504
2609 # 1504
2609 # 1504
2609 # 1504
2609 # 1504
2609 # 1504
2610 # 1504
2610 # 1504
2610 # 1504
2610 # 1504
2610 # 1504
2618 # 1504
2618 # 1504
2618 # 1504
2620 # 1504
2620 # 1504
2620 # 1504
2620 # 1504
2620 # 1504
2621 # 1504
2621 # 1504
2621 # 1504
2622 # 1504
2632 # 1504
2632 # 1504
2632 # 1504
2632 # 1504
2632 # 1504
2632 # 1504
2633 # 1504
2633 # 1504
2633 # 1504
2634 # 1504
2635 # 1504
2636 # 1504
2637 # 1504
2637 # 1504
2639 # 1504
2639 # 1504
2640 # 1504
2643 # 1504
2644 # 1504
2645 # 1504
2646 # 1504
2647 # 1504
2649 # 1504
2651 # 1504
2652 # 1504
2661 # 1504
2661 # 1504
2661 # 1504
2663 # 1504
2663 # 1504
2663 # 1504
2664 # 1504
2664 # 1504
2666 # 1504
2666 # 1504
2666 # 1504
2666 # 1504
2667 # 1504
2669 # 1504
2669 # 1504
2669 # 1504
2671 # 1504
2672 # 1504
2682 # 1504
2682 # 1504
2685 # 1504
2685 # 1504
2685 # 1504
2685 # 1504
2685 # 1504
2689 # 1504
2689 # 1504
2689 # 1504
2689 # 1504
2689 # 1504
2690 # 1504
2691 # 1504
2692 # 1504
2693 # 1504
2693 # 1504
2696 # 1504
2698 # 1504
2699 # 1504
2699 # 1504
2699 # 1504
2699 # 1504
2701 # 1504
2702 # 1504
2703 # 1504
2703 # 1504
2706 # 1504
2707 # 1504
2708 # 1504
2708 # 1504
2710 # 1504
2710 # 1504
2712 # 1504
2713 # 1504
2713 # 1504
2714 # 1504
2717 # 1504
2717 # 1504
2726 # 1504
2726 # 1504
2728 # 1504
2728 # 1504
2728 # 1504
2728 # 1504
2728 # 1504
2728 # 1504
2736 # 1504
2736 # 1504
2736 # 1504
2736 # 1504
2738 # 1504
2738 # 1504
2738 # 1504
2738 # 1504
2740 # 1504
2740 # 1504
2741 # 1504
2743 # 1504
2744 # 1504
2745 # 1504
2747 # 1504
2747 # 1504
2750 # 1504
2750 # 1504
2750 # 1504
2750 # 1504
2752 # 1504
2753 # 1504
2762 # 1504
2762 # 1504
2763 # 1504
2763 # 1504
2765 # 1504
2765 # 1504
2765 # 1504
2765 # 1504
2765 # 1504
2765 # 1504
2766 # 1504
2774 # 1504
2774 # 1504
2774 # 1504
2774 # 1504
2774 # 1504
2779 # 1504
2779 # 1504
2779 # 1504
2779 # 1504
2780 # 1504
2781 # 1504
2781 # 1504
2781 # 1504
2782 # 1504
2783 # 1504
2783 # 1504
2783 # 1504
2783 # 1504
2783 # 1504
2783 # 1504
2785 # 1504
2785 # 1504
2785 # 1504
2786 # 1504
2787 # 1504
2787 # 1504
2788 # 1504
2788 # 1504
2790 # 1504
2790 # 1504
2790 # 1504
2791 # 1504
2793 # 1504
2794 # 1504
2794 # 1504
2795 # 1504
2796 # 1504
2799 # 1504
2808 # 1504
2809 # 1504
2810 # 1504
2810 # 1504
2810 # 1504
2810 # 1504
2810 # 1504
2811 # 1504
2811 # 1504
2811 # 1504
2811 # 1504
2812 # 1504
2814 # 1504
2814 # 1504
2814 # 1504
2815 # 1504
2816 # 1504
2816 # 1504
2817 # 1504
2818 # 1504
2818 # 1504
2819 # 1504
2820 # 1504
2821 # 1504
2821 # 1504
2822 # 1504
2822 # 1504
2822 # 1504
2822 # 1504
2823 # 1504
2823 # 1504
2823 # 1504
2825 # 1504
2826 # 1504
2826 # 1504
2826 # 1504
2835 # 1504
2835 # 1504
2835 # 1504
2835 # 1504
2835 # 1504
2835 # 1504
2835 # 1504
2835 # 1504
2835 # 1504
2835 # 1504
2835 # 1504
2836 # 1504
2836 # 1504
2836 # 1504
2837 # 1504
2837 # 1504
2837 # 1504
2837 # 1504
2846 # 1504
2846 # 1504
2846 # 1504
2846 # 1504
2846 # 1504
2846 # 1504
2846 # 1504
2846 # 1504
2846 # 1504
2846 # 1504
2847 # 1504
2847 # 1504
2849 # 1504
2849 # 1504
2851 # 1504
2851 # 1504
2851 # 1504
2851 # 1504
2851 # 1504
2851 # 1504
2851 # 1504
2851 # 1504
2851 # 1504
2851 # 1504
2852 # 1504
2852 # 1504
2852 # 1504
2854 # 1504
2854 # 1504
2857 # 1504
2857 # 1504
2859 # 1504
2859 # 1504
2859 # 1504
2861 # 1504
2862 # 1504
2863 # 1504
2864 # 1504
2865 # 1504
2865 # 1504
2866 # 1504
2866 # 1504
2867 # 1504
2868 # 1504
2869 # 1504
2869 # 1504
2869 # 1504
2878 # 1504
2879 # 1504
2879 # 1504
2879 # 1504
2879 # 1504
2887 # 1504
2887 # 1504
2887 # 1504
2887 # 1504
2888 # 1504
2888 # 1504
2888 # 1504
2888 # 1504
2888 # 1504
2889 # 1504
2889 # 1504
2889 # 1504
2891 # 1504
2892 # 1504
2893 # 1504
2893 # 1504
2894 # 1504
2895 # 1504
2905 # 1504
2905 # 1504
2905 # 1504
2905 # 1504
2905 # 1504
2905 # 1504
2905 # 1504
2906 # 1504
2907 # 1504
2907 # 1504
2907 # 1504
2907 # 1504
2907 # 1504
2907 # 1504
2907 # 1504
2915 # 1504
2916 # 1504
2916 # 1504
2916 # 1504
2916 # 1504
2918 # 1504
2918 # 1504
2918 # 1504
2918 # 1504
2930 # 1504
2930 # 1504
2930 # 1504
2930 # 1504
2930 # 1504
2930 # 1504
2930 # 1504
2930 # 1504
2931 # 1504
2931 # 1504
2933 # 1504
2933 # 1504
2934 # 1504
2936 # 1504
2938 # 1504
2949 # 1504
2949 # 1504
2949 # 1504
2949 # 1504
2953 # 1504
2954 # 1504
2954 # 1504
2954 # 1504
2956 # 1504
2958 # 1504
2960 # 1504
2960 # 1504
2961 # 1504
2963 # 1504
2972 # 1504
2972 # 1504
2975 # 1504
2975 # 1504
2975 # 1504
2977 # 1504
2982 # 1504
2982 # 1504
2982 # 1504
2982 # 1504
2982 # 1504
2982 # 1504
2984 # 1504
2984 # 1504
2987 # 1504
2988 # 1504
2991 # 1504
2991 # 1504
2994 # 1504
2994 # 1504
2996 # 1504
2996 # 1504
2999 # 1504
2999 # 1504
3001 # 1504
3002 # 1504
3003 # 1504
3006 # 1504
3007 # 1504
3007 # 1504
3009 # 1504
3011 # 1504
3012 # 1504
3013 # 1504
3014 # 1504
3016 # 1504
3019 # 1504
3020 # 1504
3020 # 1504
3021 # 1504
3023 # 1504
3025 # 1504
3025 # 1504
3026 # 1504
3027 # 1504
3027 # 1504
3028 # 1504
3030 # 1504
3032 # 1504
3041 # 1504
3041 # 1504
3041 # 1504
3041 # 1504
3041 # 1504
3045 # 1504
3045 # 1504
3045 # 1504
3697 + 100
3697 + 100
3717 + 108
3954 + 100
4261 + 52
4698 + 100
4699 + 100
4955 + 100
5266 # 1504
5266 - 100 1569
5266 - 100 1569
5266 - 108 1549
5266 - 100 1312
5266 - 52 1005
5266 - 100 568
5266 - 100 567
5266 - 100 311
5316 # 1504
5318 + 92
5324 # 1504
5324 - 92 6
5324 # 1504
5326 # 1504
5326 # 1504
5326 # 1504
5326 # 1504
5326 # 1504
5329 # 1504
5329 # 1504
5330 # 1504
5330 # 1504
5330 # 1504
5330 # 1504
5330 # 1504
5330 # 1504
5330 # 1504
5333 # 1504
5335 # 1504
5337 # 1504
5337 # 1504
5339 # 1504
5341 # 1504
5343 # 1504
5345 # 1504
5346 # 1504
5347 # 1504
5348 # 1504
5349 # 1504
5350 # 1504
5353 # 1504
5354 # 1504
5354 # 1504
5356 # 1504
5356 # 1504
5357 # 1504
5358 # 1504
5359 # 1504
5360 # 1504
5362 # 1504
5363 # 1504
5364 # 1504
5366 # 1504
5367 # 1504
5369 # 1504
5370 # 1504
5372 # 1504
5373 # 1504
5376 # 1504
5378 # 1504
5378 # 1504
5381 # 1504
5383 # 1504
5383 # 1504
5384 # 1504
5386 # 1504
5387 # 1504
5388 # 1504
5391 # 1504
5392 # 1504
5393 # 1504
5393 # 1504
5394 # 1504
5396 # 1504
5397 # 1504
5399 # 1504
5399 # 1504
5400 # 1504
5401 # 1504
5402 # 1504
5403 # 1504
5405 # 1504
5405 # 1504
5408 # 1504
5409 # 1504
5409 # 1504
5412 # 1504
5412 # 1504
5414 # 1504
5415 # 1504
5417 # 1504
5417 # 1504
5418 # 1504
5420 # 1504
5421 # 1504
5422 # 1504
5423 # 1504
5424 # 1504
5426 # 1504
5428 # 1504
5428 # 1504
5430 # 1504
5430 # 1504
5430 # 1504
5431 # 1504
5434 # 1504
5434 # 1504
5434 # 1504
5437 # 1504
5437 # 1504
5437 # 1504
5438 # 1504
5440 # 1504
5442 # 1504
5442 # 1504
5444 # 1504
5445 # 1504
5455 # 1504
5455 # 1504
5455 # 1504
5455 # 1504
5455 # 1504
5459 # 1504
5459 # 1504
5459 # 1504
5468 # 1504
5468 # 1504
5468 # 1504
5471 # 1504
5471 # 1504
5471 # 1504
5471 # 1504
5471 # 1504
5473 # 1504
5473 # 1504
5475 # 1504
5476 # 1504
5476 # 1504
5479 # 1504
5479 # 1504
5480 # 1504
5482 # 1504
5482 # 1504
5482 # 1504
5485 # 1504
5486 # 1504
5486 # 1504
5487 # 1504
5488 # 1504
5489 # 1504
5490 # 1504
5499 # 1504
5500 # 1504
5500 # 1504
5500 # 1504
5500 # 1504
5502 # 1504
5502 # 1504
5502 # 1504
5502 # 1504
5502 # 1504
5503 # 1504
5504 # 1504
5505 # 1504
5505 # 1504
5507 # 1504
5507 # 1504
5508 # 1504
5509 # 1504
5511 # 1504
5513 # 1504
5514 # 1504
5514 # 1504
5516 # 1504
5516 # 1504
5517 # 1504
5518 # 1504
5520 # 1504
5529 # 1504
5529 # 1504
5529 # 1504
5529 # 1504
5529 # 1504
5531 # 1504
5531 # 1504
5536 # 1504
5537 # 1504
5537 # 1504
5537 # 1504
5537 # 1504
5540 # 1504
5540 # 1504
5540 # 1504
5540 # 1504
5544 # 1504
5544 # 1504
5544 # 1504
5546 # 1504
5546 # 1504
5548 # 1504
5551 # 1504
5551 # 1504
5552 # 1504
5553 # 1504
5556 # 1504
5558 # 1504
5558 # 1504
5558 # 1504
5561 # 1504
5570 # 1504
5570 # 1504
5570 # 1504
5570 # 1504
5570 # 1504
5572 # 1504
5572 # 1504
5572 # 1504
5579 # 1504
5579 # 1504
5579 # 1504
5579 # 1504
5582 # 1504
5582 # 1504
5582 # 1504
5586 # 1504
5586 # 1504
5586 # 1504
5586 # 1504
5588 # 1504
5588 # 1504
5588 # 1504
5589 # 1504
5590 # 1504
5593 # 1504
5593 # 1504
5595 # 1504
5597 # 1504
5597 # 1504
5598 # 1504
5599 # 1504
5613 # 1504
5613 # 1504
5613 # 1504
5613 # 1504
5614 # 1504
5614 # 1504
5620 # 1504
5620 # 1504
5622 # 1504
5622 # 1504
5622 # 1504
5624 # 1504
5624 # 1504
5624 # 1504
5624 # 1504
5625 # 1504
5625 # 1504
5625 # 1504
5627 # 1504
5630 # 1504
5632 # 1504
5633 # 1504
5634 # 1504
5636 # 1504
5636 # 1504
5637 # 1504
5640 # 1504
5640 # 1504
5682 + 546
5727 # 1504
5727 - 546 45
5779 # 1504
5779 + 92
5779 + 92
5779 + 92
5780 + 1504
5786 + 1504
5786 + 1504
5787 + 1504
5787 + 1018
5794 # 1504
5794 - 92 15
5794 - 92 15
5794 - 92 15
5795 + 1504
5804 # 1504
5804 - 1504 24
5817 # 1504
5817 - 1504 31
5826 + 1504
5827 # 1504
5827 - 1504 41
5828 # 1504
5828 - 1504 41
5828 - 1018 41
5829 # 1504
5829 - 1504 34
5829 # 1504
5829 - 1504 3
5847 # 1504
5847 # 1504
5848 # 1504
5851 # 1504
5851 # 1504
5853 # 1504
5855 # 1504
5857 + 1504
5865 # 1504
5865 - 1504 8
5865 # 1504
5867 # 1504
5868 # 1504
5869 # 1504
5870 # 1504
5872 # 1504
5873 # 1504
5877 # 1504
5878 # 1504
5879 # 1504
5888 + 1504
5897 # 1504
5897 - 1504 9
5899 + 1504
5899 + 1504
5899 + 1504
5899 + 1504
5904 # 1504
5904 - 1504 5
5918 # 1504
5918 - 1504 19
5918 + 1504
5918 + 1504
5918 + 1504
5920 # 1504
5920 - 1504 21
5920 # 1504
5920 - 1504 21
5920 # 1504
5920 - 1504 2
5922 # 1504
5922 - 1504 4
5925 # 1504
5925 - 1504 7
5926 # 1504
5929 # 1504
5929 # 1504
5938 + 1504
5941 + 1504
5941 + 1504
5942 # 1504
5942 - 1504 4
5942 # 1504
5942 - 1504 1
5942 # 1504
5942 - 1504 1
5942 # 1504
5956 # 1504
5956 # 1504
5956 # 1504
5956 # 1504
5958 # 1504
5963 # 1504
5964 + 1504
5964 + 1504
5967 # 1504
5967 - 1504 3
5968 # 1504
5968 - 1504 4
5977 + 1504
5977 + 1504
5981 # 1504
5981 - 1504 4
5981 # 1504
5981 - 1504 4
5981 # 1504
5983 # 1504
5985 + 1504
5985 + 1504
5987 # 1504
5987 - 1504 2
5993 # 1504
5993 - 1504 8
5993 # 1504
5998 + 1504
5998 + 1504
6004 # 1504
6004 - 1504 6
6007 # 1504
6007 - 1504 9
6007 + 1504
6007 + 1504
6008 # 1504
6008 - 1504 1
6008 # 1504
6008 - 1504 1
6008 # 1504
6011 # 1504
6014 # 1504
6014 + 1504
6014 + 1504
6014 + 1504
6018 # 1504
6018 - 1504 4
6020 # 1504
6020 - 1504 6
6023 # 1504
6023 - 1504 9
6023 + 1504
6023 + 1504
6023 + 1504
6026 # 1504
6026 - 1504 3
6030 + 1504
6030 + 1504
6036 # 1504
6036 - 1504 13
6036 # 1504
6036 - 1504 13
6036 # 1504
6036 - 1504 6
6036 # 1504
6036 - 1504 6
6038 # 1504
6038 + 1504
6038 + 1504
6039 # 1504
6039 - 1504 1
6041 # 1504
6041 - 1504 3
6043 # 1504
6044 # 1504
6045 + 1504
6045 + 1504
6046 # 1504
6046 - 1504 1
6052 + 1504
6052 + 1504
6056 # 1504
6056 - 1504 11
6057 # 1504
6057 - 1504 5
6057 # 1504
6057 - 1504 5
6057 # 1504
6057 # 1504
6060 + 1504
6060 + 1504
6061 # 1504
6061 - 1504 1
6064 # 1504
6064 - 1504 4
6064 # 1504
6065 # 1504
6065 # 1504
6066 + 1504
6066 + 1504
6067 # 1504
6067 - 1504 1
6068 # 1504
6068 - 1504 2
6071 # 1504
6072 # 1504
6074 + 1504
6074 + 1504
6075 # 1504
6075 - 1504 1
6075 # 1504
6075 - 1504 1
6076 + 1504
6076 + 1504
6078 # 1504
6078 - 1504 2
6078 # 1504
6078 - 1504 2
6078 # 1504
6080 # 1504
6081 # 1504
6081 + 1504
6081 + 1504
6082 # 1504
6082 - 1504 1
6084 # 1504
6084 - 1504 3
6086 # 1504
6086 # 1504
6086 + 1504
6086 + 1504
6088 + 1504
6088 + 1504
6094 # 1504
6094 - 1504 8
6094 + 1504
6094 + 1504
6094 + 1504
6094 + 1504
6096 # 1504
6096 - 1504 10
6096 # 1504
6096 - 1504 8
6096 # 1504
6096 - 1504 8
6096 # 1504
6096 - 1504 2
6098 # 1504
6098 - 1504 4
6098 # 1504
6098 - 1504 4
6098 # 1504
6098 - 1504 4
6098 # 1504
6098 # 1504
6098 # 1504
6101 + 1504
6101 + 1504
6101 + 1504
6101 + 1504
6107 # 1504
6107 - 1504 6
6108 # 1504
6108 - 1504 7
6108 + 1504
6108 + 1504
6109 # 1504
6109 - 1504 8
6109 + 1504
6109 + 1504
6110 # 1504
6110 - 1504 9
6110 # 1504
6110 - 1504 2
6110 # 1504
6110 - 1504 2
6111 # 1504
6111 - 1504 2
6111 # 1504
6111 - 1504 2
6112 # 1504
6114 # 1504
6115 + 1504
6115 + 1504
6116 # 1504
6116 - 1504 1
6117 # 1504
6117 - 1504 2
6117 + 1504
6117 + 1504
6118 # 1504
6118 - 1504 1
6119 # 1504
6119 - 1504 2
6119 # 1504
6120 + 1504
6120 + 1504
6121 # 1504
6121 - 1504 1
6123 # 1504
6123 - 1504 3
6123 + 1504
6123 + 1504
6126 + 1504
6126 + 1504
6129 # 1504
6129 - 1504 6
6129 # 1504
6129 - 1504 6
6129 # 1504
6129 - 1504 3
6129 # 1504
6129 - 1504 3
6129 + 1504
6129 + 1504
6130 # 1504
6130 - 1504 1
6131 # 1504
6131 - 1504 2
6131 + 1504
6131 + 1504
6134 # 1504
6134 - 1504 3
6135 + 1504
6135 + 1504
6136 + 1504
6136 + 1504
6141 + 1504
6141 + 1504
6141 + 1504
6141 + 1504
6143 # 1504
6143 - 1504 12
6144 # 1504
6144 - 1504 9
6145 # 1504
6145 - 1504 10
6145 # 1504
6145 - 1504 9
6145 # 1504
6145 - 1504 9
6145 # 1504
6145 - 1504 4
6145 # 1504
6145 - 1504 4
6145 + 1504
6145 + 1504
6145 + 1504
6145 + 1504
6147 # 1504
6147 - 1504 6
6148 # 1504
6148 - 1504 7
6149 + 488
6150 # 1504
6150 - 1504 5
6150 + 1504
6150 + 1504
6154 + 1504
6154 + 1504
6159 + 1504
6159 + 1504
6162 # 1504
6162 - 1504 17
6162 # 1504
6162 - 1504 17
6162 # 1504
6162 - 1504 17
6162 # 1504
6162 - 488 13
6162 # 1504
6162 - 1504 12
6164 # 1504
6164 - 1504 14
6164 + 1504
6164 + 1504
6165 # 1504
6165 - 1504 11
6168 + 1504
6168 + 1504
6172 + 1504
6172 + 1504
6176 # 1504
6176 - 1504 22
6176 # 1504
6176 - 1504 17
6176 # 1504
6176 - 1504 17
6176 # 1504
6176 - 1504 12
6177 + 1504
6177 + 1504
6181 + 1504
6181 + 1504
6184 + 1504
6184 + 1504
6186 # 1504
6186 - 1504 22
6186 # 1504
6186 - 1504 18
6188 + 1504
6188 + 892
6201 # 1504
6201 - 1504 33
6204 # 1504
6204 - 1504 32
6206 # 1504
6206 - 1504 34
6208 # 1504
6208 - 1504 31
6262 # 1504
6262 - 1504 85
6316 # 1504
6316 - 1504 135
6329 # 1504
6329 - 1504 148
6344 # 1504
6344 - 1504 160
6345 # 1504
6345 - 1504 161
6345 # 1504
6345 - 1504 157
6345 - 892 157
6355 # 1504
6355 # 1504
6355 # 1504
6356 # 1504
6356 # 1504
6356 # 1504
6356 # 1504
6359 # 1504
6369 # 1504
6369 # 1504
6369 # 1504
6369 # 1504
6369 # 1504
6370 # 1504
6370 # 1504
6377 # 1504
6377 # 1504
6378 # 1504
6378 # 1504
6380 # 1504
6380 # 1504
6380 # 1504
6380 # 1504
6382 # 1504
6382 # 1504
6384 # 1504
6386 # 1504
6394 # 1504
6394 # 1504
6394 # 1504
6394 # 1504
6395 # 1504
6395 # 1504
6395 # 1504
6398 # 1504
6401 # 1504
6401 # 1504
6403 # 1504
6403 # 1504
6404 + 421
6407 # 1504
6407 - 421 3
6409 + 491
6415 # 1504
6415 - 491 6
6416 # 1504
6416 # 1504
6416 # 1504
6416 # 1504
6416 # 1504
6417 # 1504
6418 # 1504
6418 # 1504
6428 # 1504
6428 # 1504
6428 # 1504
6428 # 1504
6429 # 1504
6429 # 1504
6429 # 1504
6430 # 1504
6431 # 1504
6435 # 1504
6441 # 1504
6443 # 1504
6443 # 1504
6444 # 1504
6446 # 1504
6449 # 1504
6451 # 1504
6451 # 1504
6451 # 1504
6452 # 1504
6454 # 1504
6454 # 1504
6455 # 1504
6455 + 100
6457 # 1504
6457 - 100 2
6467 # 1504
6467 # 1504
6467 # 1504
6468 # 1504
6468 # 1504
6468 # 1504
6469 # 1504
6469 # 1504
6469 # 1504
6469 + 323
6471 # 1504
6471 - 323 2
6471 # 1504
6482 # 1504
6482 # 1504
6485 # 1504
6486 # 1504
6486 # 1504
6487 # 1504
6487 # 1504
6487 # 1504
6487 # 1504
6489 # 1504
6490 # 1504
6493 # 1504
6493 # 1504
6494 # 1504
6495 # 1504
6497 # 1504
6501 # 1504
6501 # 1504
6501 # 1504
6501 # 1504
6501 # 1504
6502 + 92
6503 # 1504
6503 - 92 1
6504 # 1504
6506 # 1504
6506 # 1504
6507 + 267
6508 # 1504
6508 - 267 1
6508 # 1504
6510 # 1504
6510 # 1504
6511 # 1504
6513 # 1504
6514 # 1504
6514 # 1504
6515 # 1504
6516 # 1504
6517 # 1504
6518 # 1504
6519 # 1504
6520 # 1504
6522 # 1504
6523 # 1504
6524 # 1504
6524 # 1504
6526 # 1504
6526 + 367
6527 # 1504
6527 - 367 1
6527 # 1504
6528 # 1504
6529 # 1504
6539 # 1504
6539 # 1504
6539 # 1504
6539 # 1504
6540 # 1504
6540 # 1504
6548 # 1504
6548 # 1504
6548 # 1504
6548 # 1504
6549 # 1504
6549 # 1504
6549 # 1504
6549 # 1504
6549 # 1504
6551 # 1504
6551 # 1504
6553 # 1504
6554 # 1504
6554 # 1504
6554 # 1504
6556 # 1504
6557 # 1504
6567 + 100
6569 + 92
6573 + 367
6657 # 1504
6657 - 100 90
6657 - 92 88
6657 - 367 84
6657 # 1504
6657 # 1504
6658 # 1504
6660 # 1504
6664 # 1504
6668 # 1504
6669 + 322
6685 # 1504
6685 - 322 16
6690 # 1504
6704 # 1504
6704 # 1504
6704 # 1504
6705 # 1504
6705 # 1504
6705 # 1504
6715 # 1504
6732 # 1504
6734 # 1504
6737 # 1504
6741 # 1504
6741 # 1504
6755 # 1504
6767 # 1504
6770 # 1504
6771 # 1504
6773 # 1504
6773 # 1504
6775 # 1504
6777 + 92
6779 # 1504
6779 - 92 2
6788 # 1504
6789 # 1504
6789 # 1504
6789 # 1504
6789 # 1504
6796 # 1504
6796 # 1504
6809 # 1504
6809 # 1504
6810 # 1504
6810 # 1504
6813 # 1504
6816 # 1504
6817 # 1504
6818 # 1504
6819 # 1504
6820 # 1504
6821 # 1504
6822 # 1504
6824 # 1504
6824 # 1504
6835 # 1504
6835 # 1504
6835 # 1504
6835 # 1504
6835 # 1504
6835 # 1504
6836 # 1504
6839 # 1504
6840 # 1504
6846 # 1504
6846 # 1504
6847 # 1504
6847 # 1504
6849 # 1504
6849 # 1504
6851 # 1504
6860 # 1504
6860 # 1504
6861 # 1504
6861 # 1504
6864 # 1504
6864 # 1504
6865 # 1504
6869 # 1504
6876 # 1504
6876 # 1504
6877 # 1504
6880 # 1504
6880 # 1504
6881 # 1504
6883 # 1504
6883 # 1504
6884 # 1504
6886 # 1504
6887 # 1504
6887 # 1504
6891 # 1504
6891 # 1504
6891 # 1504
6892 # 1504
6894 # 1504
6894 # 1504
6897 # 1504
6897 # 1504
6897 # 1504
6898 # 1504
6900 # 1504
6900 # 1504
6901 # 1504
6903 # 1504
6904 # 1504
6905 # 1504
6907 # 1504
6907 # 1504
6909 # 1504
6909 # 1504
6911 # 1504
6912 # 1504
6912 # 1504
6922 # 1504
6923 # 1504
6925 # 1504
6925 # 1504
6927 # 1504
6927 # 1504
6928 # 1504
6929 # 1504
6931 # 1504
6933 # 1504
6934 # 1504
6935 # 1504
6939 # 1504
6939 # 1504
6939 # 1504
6941 # 1504
6943 # 1504
6946 # 1504
6948 # 1504
6948 # 1504
6949 # 1504
6951 # 1504
6952 # 1504
6954 # 1504
6955 # 1504
6956 # 1504
6958 # 1504
6958 # 1504
6959 # 1504
6960 # 1504
6961 # 1504
6964 # 1504
6965 # 1504
6965 # 1504
6966 # 1504
6966 # 1504
6968 # 1504
6969 # 1504
6971 # 1504
6972 # 1504
6974 # 1504
6974 # 1504
6975 # 1504
6976 # 1504
6977 # 1504
6979 # 1504
6980 # 1504
6981 # 1504
6982 # 1504
6984 # 1504
6986 # 1504
6986 # 1504
6989 # 1504
7041 # 1504
7042 # 1504
7075 # 1504
7087 # 1504
7095 # 1504
7116 # 1504
7118 # 1504
7127 # 1504
7128 # 1504
7129 # 1504
7129 # 1504
7129 # 1504
7129 # 1504
7132 # 1504
7135 # 1504
7135 # 1504
7137 # 1504
7149 # 1504
7149 # 1504
7155 # 1504
7155 # 1504
7156 # 1504
7254 # 1504
7276 # 1504
7277 # 1504
7278 # 1504
7281 # 1504
7283 # 1504
7283 # 1504
7283 # 1504
7285 # 1504
7285 # 1504
7286 # 1504
7289 # 1504
7290 # 1504
7290 # 1504
7291 # 1504
7292 # 1504
7293 # 1504
7295 # 1504
7296 # 1504
7297 # 1504
7298 # 1504
7299 # 1504
7300 # 1504
7302 # 1504
7302 # 1504
7311 # 1504
7312 # 1504
7312 # 1504
7315 # 1504
7315 # 1504
7315 # 1504
7315 # 1504
7315 # 1504
7315 # 1504
7316 # 1504
7317 # 1504
7318 # 1504
7320 # 1504
7321 # 1504
7323 # 1504
7325 # 1504
7325 # 1504
7326 # 1504
7327 # 1504
7328 # 1504
7339 # 1504
7339 # 1504
7339 # 1504
7339 # 1504
7339 # 1504
7339 # 1504
7339 # 1504
7339 # 1504
7340 # 1504
7340 # 1504
7341 # 1504
7342 # 1504
7344 # 1504
7345 # 1504
7354 # 1504
7354 # 1504
7354 # 1504
7354 # 1504
7354 # 1504
7355 # 1504
7355 # 1504
7355 # 1504
7356 # 1504
7358 # 1504
7359 # 1504
7360 # 1504
7360 # 1504
7362 # 1504
7371 # 1504
7371 # 1504
7371 # 1504
7373 # 1504
7375 # 1504
7376 # 1504
7376 # 1504
7376 # 1504
7376 # 1504
7379 # 1504
7380 # 1504
7380 # 1504
7381 # 1504
7382 # 1504
7385 # 1504
7386 # 1504
7387 # 1504
7388 # 1504
7391 # 1504
7391 # 1504
7394 # 1504
7394 # 1504
7395 # 1504
7397 # 1504
7397 # 1504
7399 # 1504
7400 # 1504
7403 # 1504
7404 # 1504
7406 # 1504
7406 # 1504
7408 # 1504
7409 # 1504
7411 # 1504
7411 # 1504
7413 # 1504
7414 # 1504
7417 # 1504
7419 # 1504
7429 # 1504
7429 # 1504
7429 # 1504
7429 # 1504
7429 # 1504
7430 # 1504
7439 # 1504
7439 # 1504
7441 # 1504
7441 # 1504
7441 # 1504
7447 # 1504
7447 # 1504
7448 # 1504
7455 # 1504
7472 # 1504
7485 # 1504
7609 # 1504
7609 # 1504
7609 # 1504
7609 # 1504
7609 # 1504
7609 # 1504
7611 # 1504
7611 # 1504
7611 # 1504
7611 # 1504
7612 # 1504
7612 # 1504
7612 # 1504
7614 # 1504
7614 # 1504
7614 # 1504
7616 # 1504
7616 # 1504
7619 # 1504
7619 # 1504
7620 # 1504
7620 # 1504
7620 # 1504
7625 # 1504
7625 # 1504
7629 # 1504
7629 # 1504
7633 # 1504
7640 # 1504
7666 # 1504
7707 # 1504
7718 # 1504
7718 # 1504
7726 # 1504
7734 # 1504
7737 # 1504
7740 # 1504
7741 # 1504
7744 # 1504
7744 # 1504
7744 # 1504
7745 # 1504
7747 # 1504
7748 # 1504
7748 # 1504
7749 # 1504
7751 # 1504
7760 # 1504
7760 # 1504
7761 # 1504
7761 # 1504
7762 # 1504
7765 # 1504
7765 # 1504
7765 # 1504
7765 # 1504
7766 # 1504
7766 # 1504
7766 # 1504
7775 # 1504
7778 # 1504
7778 # 1504
7778 # 1504
7778 # 1504
7778 # 1504
7779 # 1504
7779 # 1504
7781 # 1504
7781 # 1504
7783 # 1504
7783 # 1504
7783 # 1504
7785 # 1504
7785 # 1504
7787 # 1504
7787 # 1504
7788 # 1504
7791 # 1504
7792 # 1504
7792 # 1504
7793 # 1504
7793 # 1504
7795 # 1504
7795 # 1504
7797 # 1504
7797 # 1504
7799 # 1504
7799 # 1504
7801 # 1504
7801 # 1504
7802 # 1504
7804 # 1504
7805 # 1504
7806 # 1504
7807 # 1504
7809 # 1504
7810 # 1504
7810 # 1504
7811 # 1504
7812 # 1504
7814 # 1504
7815 # 1504
7816 # 1504
7816 # 1504
7817 # 1504
7818 # 1504
7819 # 1504
7829 # 1504
7830 # 1504
7830 # 1504
7830 # 1504
7830 # 1504
7830 # 1504
7831 # 1504
7832 # 1504
7835 # 1504
7835 # 1504
7835 # 1504
7835 # 1504
7842 # 1504
7842 # 1504
7842 # 1504
7842 # 1504
7843 # 1504
7843 # 1504
7845 # 1504
7845 # 1504
7847 # 1504
7847 # 1504
7850 # 1504
7850 # 1504
7851 # 1504
7853 # 1504
7853 # 1504
7855 # 1504
7857 # 1504
7857 # 1504
7857 # 1504
7859 # 1504
7859 # 1504
7860 # 1504
7862 # 1504
7862 # 1504
7872 # 1504
7872 # 1504
7872 # 1504
7872 # 1504
7872 # 1504
7873 # 1504
7873 # 1504
7881 # 1504
7883 # 1504
7883 # 1504
7886 # 1504
7886 # 1504
7886 # 1504
7886 # 1504
7888 # 1504
7888 # 1504
7888 # 1504
7890 # 1504
7892 # 1504
7896 # 1504
7896 # 1504
7905 # 1504
7908 # 1504
7908 # 1504
7908 # 1504
7908 # 1504
7908 # 1504
7908 # 1504
7910 # 1504
7914 # 1504
7915 # 1504
7919 # 1504
7922 # 1504
7924 # 1504
7929 # 1504
7931 # 1504
7935 # 1504
7935 # 1504
7938 # 1504
7941 # 1504
7942 # 1504
7943 # 1504
7944 # 1504
7947 # 1504
7955 # 1504
7955 # 1504
7955 # 1504
7955 # 1504
7955 # 1504
7957 # 1504
7957 # 1504
7957 # 1504
7957 # 1504
7958 # 1504
7958 # 1504
7959 # 1504
7971 # 1504
7971 # 1504
7971 # 1504
7971 # 1504
7992 # 1504
7993 # 1504
7998 # 1504
8012 # 1504
8025 # 1504
8037 # 1504
8067 # 1504
8080 # 1504
8082 # 1504
8096 # 1504
8096 # 1504
8096 # 1504
8096 # 1504
8996 # 1504
9001 # 1504
9009 # 1504
9021 # 1504
9034 # 1504
9046 # 1504
9055 # 1504
9071 # 1504
9084 # 1504
9093 # 1504
9098 # 1504
9119 # 1504
9130 # 1504
9137 # 1504
9139 # 1504
9143 # 1504
9149 # 1504
9156 # 1504
9158 # 1504
9163 # 1504
9168 # 1504
9174 # 1504
9178 # 1504
9183 # 1504
9194 # 1504
9196 # 1504
9198 # 1504
9199 # 1504
9210 # 1504
9210 # 1504
9211 # 1504
9216 # 1504
9222 # 1504
9226 # 1504
9236 # 1504
9236 # 1504
9236 # 1504
9236 # 1504
9240 # 1504
9244 # 1504
9249 # 1504
9254 # 1504
9259 # 1504
9261 # 1504
9264 # 1504
9269 # 1504
9272 # 1504
9276 # 1504
9279 # 1504
9283 # 1504
9286 # 1504
9290 # 1504
9291 # 1504
9293 # 1504
9295 # 1504
9297 # 1504
9300 # 1504
9303 # 1504
9305 # 1504
9306 # 1504
9309 # 1504
9312 # 1504
9313 # 1504
9322 # 1504
9322 # 1504
9323 # 1504
9325 # 1504
9330 # 1504
9334 # 1504
9338 # 1504
9341 # 1504
9345 # 1504
9348 # 1504
9350 # 1504
9353 # 1504
9355 # 1504
9358 # 1504
9360 # 1504
9363 # 1504
9364 # 1504
9366 # 1504
9369 # 1504
9371 # 1504
9372 # 1504
9375 # 1504
9378 # 1504
9384 # 1504
9386 # 1504
9388 # 1504
9390 # 1504
9391 # 1504
9393 # 1504
9395 # 1504
9397 # 1504
9397 # 1504
9401 # 1504
9402 # 1504
9406 # 1504
9406 # 1504
9409 # 1504
9413 # 1504
9415 # 1504
9419 # 1504
9420 # 1504
9423 # 1504
9424 # 1504
9426 # 1504
9428 # 1504
9434 # 1504
9437 # 1504
9440 # 1504
9440 # 1504
9555 # 1504
9556 # 1504
9559 # 1504
9561 # 1504
9561 # 1504
9563 # 1504
9566 # 1504
9567 # 1504
9568 # 1504
9571 # 1504
9572 # 1504
9574 # 1504
9576 # 1504
9578 # 1504
9579 # 1504
9581 # 1504
9582 # 1504
9585 # 1504
9586 # 1504
9587 # 1504
9587 # 1504
9589 # 1504
9590 # 1504
9591 # 1504
9594 # 1504
9595 # 1504
9597 # 1504
9599 # 1504
9599 # 1504
9602 # 1504
9603 # 1504
9606 # 1504
9607 # 1504
9609 # 1504
9609 # 1504
9612 # 1504
9612 # 1504
9612 # 1504
9613 # 1504
9616 # 1504
9617 # 1504
9617 # 1504
9618 # 1504
9627 # 1504
9627 # 1504
9630 # 1504
9630 # 1504
9633 # 1504
9633 # 1504
9633 # 1504
9634 # 1504
9635 # 1504
9637 # 1504
9639 # 1504
9641 # 1504
9642 # 1504
9644 # 1504
9647 # 1504
9647 # 1504
9648 # 1504
9650 # 1504
9652 # 1504
9653 # 1504
9656 # 1504
9665 # 1504
9665 # 1504
9665 # 1504
9666 # 1504
9666 # 1504
9666 # 1504
9667 # 1504
9670 # 1504
9671 # 1504
9674 # 1504
9675 # 1504
9677 # 1504
9681 # 1504
9683 # 1504
9684 # 1504
9685 # 1504
9685 # 1504
9687 # 1504
9689 # 1504
9689 # 1504
9691 # 1504
9692 # 1504
9692 # 1504
9693 # 1504
9703 # 1504
9703 # 1504
9703 # 1504
9705 # 1504
9705 # 1504
9706 # 1504
9706 # 1504
9709 # 1504
9709 # 1504
9709 # 1504
9709 # 1504
9712 # 1504
9712 # 1504
9712 # 1504
9713 # 1504
9715 # 1504
9724 # 1504
9727 # 1504
9727 # 1504
9727 # 1504
9727 # 1504
9728 # 1504
9729 # 1504
9732 # 1504
9733 # 1504
9736 # 1504
9736 # 1504
9745 # 1504
9745 # 1504
9751 # 1504
9751 # 1504
9751 # 1504
9752 # 1504
9752 # 1504
9755 # 1504
9757 # 1504
9759 # 1504
9762 # 1504
9763 # 1504
9766 # 1504
9768 # 1504
9770 # 1504
9772 # 1504
9775 # 1504
9777 # 1504
9778 # 1504
9780 # 1504
9782 # 1504
9784 # 1504
9787 # 1504
9787 # 1504
9791 # 1504
9791 # 1504
9793 # 1504
9796 # 1504
9798 # 1504
9800 # 1504
9802 # 1504
9805 # 1504
9806 # 1504
9807 # 1504
9810 # 1504
9811 # 1504
9814 # 1504
9817 # 1504
9819 # 1504
9828 # 1504
9828 # 1504
9828 # 1504
9829 # 1504
9829 # 1504
9829 # 1504
9830 # 1504
9833 # 1504
9834 # 1504
9836 # 1504
9837 # 1504
9840 # 1504
9842 # 1504
9843 # 1504
9845 # 1504
9848 # 1504
9848 # 1504
9850 # 1504
9851 # 1504
9854 # 1504
9854 # 1504
9856 # 1504
9856 # 1504
9857 # 1504
9858 # 1504
9859 # 1504
9861 # 1504
9862 # 1504
9864 # 1504
9865 # 1504
9867 # 1504
9867 # 1504
9868 # 1504
9871 # 1504
9879 # 1504
9879 # 1504
9879 # 1504
9883 # 1504
9883 # 1504
9883 # 1504
9883 # 1504
9885 # 1504
9885 # 1504
9885 # 1504
9895 # 1504
9897 # 1504
9897 # 1504
9897 # 1504
9899 # 1504
9899 # 1504
9904 # 1504
9905 # 1504
9914 # 1504
9914 # 1504
9914 # 1504
9916 # 1504
10041 # 1504
10046 # 1504
10047 # 1504
10049 # 1504
10053 # 1504
10058 # 1504
10069 # 1504
10071 # 1504
10073 # 1504
10074 # 1504
10082 # 1504
10083 # 1504
10085 # 1504
10088 # 1504
10091 # 1504
10099 # 1504
10100 # 1504
10101 # 1504
10107 # 1504
10109 # 1504
10114 # 1504
10114 # 1504
10120 # 1504
10122 # 1504
10124 # 1504
10125 # 1504
10127 # 1504
10128 # 1504
10129 # 1504
10129 # 1504
10131 # 1504
10133 # 1504
10134 # 1504
10142 # 1504
10142 # 1504
10143 # 1504
10144 # 1504
10145 # 1504
10145 # 1504
10148 # 1504
10148 # 1504
10148 # 1504
10148 # 1504
10148 # 1504
10148 # 1504
10151 # 1504
10151 # 1504
10153 # 1504
10153 # 1504
10154 # 1504
10157 # 1504
10158 # 1504
10160 # 1504
10162 # 1504
10163 # 1504
10165 # 1504
10167 # 1504
10167 # 1504
10169 # 1504
10170 # 1504
10172 # 1504
10176 # 1504
10176 # 1504
10178 # 1504
10179 # 1504
10181 # 1504
10185 # 1504
10185 # 1504
10185 # 1504
10187 # 1504
10188 # 1504
10189 # 1504
10191 # 1504
10192 # 1504
10193 # 1504
10194 # 1504
10195 # 1504
10206 # 1504
10206 # 1504
10209 # 1504
10209 # 1504
10209 # 1504
10211 # 1504
10211 # 1504
10214 # 1504
10216 # 1504
10217 # 1504
10220 # 1504
10229 # 1504
10230 # 1504
10230 # 1504
10230 # 1504
10231 # 1504
10234 # 1504
10234 # 1504
10236 # 1504
10238 # 1504
10240 # 1504
10241 # 1504
10244 # 1504
10247 # 1504
10247 # 1504
10249 # 1504
10251 # 1504
10255 # 1504
10257 # 1504
10258 # 1504
10261 # 1504
10262 # 1504
10270 # 1504
10270 # 1504
10274 # 1504
10274 # 1504
10276 # 1504
10276 # 1504
10280 # 1504
10283 # 1504
10285 # 1504
10287 # 1504
10290 # 1504
10291 # 1504
10294 # 1504
10298 # 1504
10298 # 1504
10299 # 1504
10300 # 1504
10311 # 1504
10311 # 1504
10311 # 1504
10311 # 1504
10313 # 1504
10313 # 1504
10314 # 1504
10316 # 1504
10318 # 1504
10329 # 1504
10329 # 1504
10329 # 1504
10329 # 1504
10329 # 1504
10331 # 1504
10331 # 1504
10331 # 1504
10331 # 1504
10334 # 1504
10336 # 1504
10337 # 1504
10338 # 1504
10340 # 1504
10350 # 1504
10350 # 1504
10350 # 1504
10350 # 1504
10354 # 1504
10355 # 1504
10357 # 1504
10357 # 1504
10357 # 1504
10357 # 1504
10358 # 1504
10360 # 1504
10362 # 1504
10364 # 1504
10367 # 1504
10368 # 1504
10370 # 1504
10372 # 1504
10374 # 1504
10377 # 1504
10377 # 1504
10380 # 1504
10382 # 1504
10392 # 1504
10392 # 1504
10394 # 1504
10394 # 1504
10396 # 1504
10396 # 1504
10434 # 1504
10448 # 1504
10463 # 1504
10465 # 1504
10477 # 1504
10477 # 1504
10477 # 1504
10486 # 1504
10511 # 1504
10519 # 1504
10529 # 1504
10529 # 1504
10532 # 1504
10532 # 1504
10553 # 1504
10565 # 1504
10565 # 1504
10566 # 1504
10582 # 1504
10583 # 1504
10585 # 1504
10590 # 1504
10596 # 1504
10619 # 1504
10628 # 1504
10630 # 1504
10635 # 1504
10636 # 1504
10639 # 1504
10640 # 1504
10642 # 1504
10644 # 1504
10647 # 1504
10649 # 1504
10650 # 1504
10653 # 1504
10653 # 1504
10663 # 1504
10666 # 1504
10666 # 1504
10667 # 1504
10668 # 1504
10668 # 1504
10670 # 1504
10670 # 1504
10671 # 1504
10675 # 1504
10676 # 1504
10678 # 1504
10680 # 1504
10684 # 1504
10685 # 1504
10686 # 1504
10696 # 1504
10698 # 1504
10698 # 1504
10700 # 1504
10702 # 1504
10704 # 1504
10706 # 1504
10707 # 1504
10709 # 1504
10710 # 1504
10714 # 1504
10714 # 1504
10717 # 1504
10717 # 1504
10719 # 1504
10720 # 1504
10723 # 1504
10724 # 1504
10724 # 1504
10725 # 1504
10726 # 1504
10727 # 1504
10728 # 1504
10738 # 1504
10738 # 1504
10739 # 1504
10742 # 1504
10742 # 1504
10744 # 1504
10744 # 1504
10747 # 1504
10749 # 1504
10751 # 1504
10754 # 1504
10755 # 1504
10757 # 1504
10758 # 1504
10760 # 1504
10761 # 1504
10763 # 1504
10766 # 1504
10767 # 1504
10768 # 1504
10771 # 1504
10773 # 1504
10774 # 1504
10776 # 1504
10778 # 1504
10787 # 1504
10787 # 1504
10789 # 1504
10789 + 92
10815 # 1504
10815 - 92 26
10818 # 1504
10820 # 1504
10822 # 1504
10824 # 1504
10827 # 1504
10827 # 1504
10829 # 1504
10830 # 1504
10840 # 1504
10841 # 1504
10885 # 1504
10916 # 1504
10917 # 1504
10929 # 1504
10987 # 1504
10992 # 1504
10993 # 1504
10994 # 1504
10994 # 1504
10995 # 1504
10995 # 1504
10995 # 1504
10999 # 1504
11001 # 1504
11004 # 1504
11006 # 1504
11009 # 1504
11037 # 1504
11039 # 1504
11042 # 1504
11077 # 1504
11077 # 1504
11078 # 1504
11085 # 1504
11086 # 1504
11089 # 1504
11092 # 1504
11094 # 1504
11095 # 1504
11097 # 1504
11098 # 1504
11100 # 1504
11102 # 1504
11103 # 1504
11103 # 1504
11105 # 1504
11114 # 1504
11114 # 1504
11115 # 1504
11116 # 1504
11126 # 1504
11126 # 1504
11137 # 1504
11137 # 1504
11137 # 1504
11138 # 1504
11140 # 1504
11144 # 1504
11145 # 1504
11147 # 1504
11149 # 1504
11163 # 1504
11164 # 1504
11165 # 1504
11176 # 1504
11190 # 1504
11190 # 1504
11192 # 1504
11192 # 1504
11194 # 1504
11196 # 1504
11199 # 1504
11201 # 1504
11207 # 1504
11209 # 1504
11213 # 1504
11231 # 1504
11233 # 1504
11242 # 1504
11244 # 1504
11268 # 1504
11275 # 1504
11278 # 1504
11278 # 1504
11279 # 1504
11286 # 1504
11287 # 1504
11287 # 1504
11288 # 1504
11290 # 1504
11290 # 1504
11291 # 1504
11292 # 1504
11293 # 1504
11294 # 1504
11296 # 1504
11296 # 1504
11297 # 1504
11298 # 1504
11299 # 1504
11299 # 1504
11300 # 1504
11302 # 1504
11303 # 1504
11303 # 1504
11304 # 1504
11306 # 1504
11306 # 1504
11308 # 1504
11309 # 1504
11310 # 1504
11310 # 1504
11312 # 1504
11313 # 1504
11314 # 1504
11340 # 1504
11342 # 1504
11342 # 1504
11344 # 1504
11344 # 1504
11346 # 1504
11346 # 1504
11346 # 1504
11347 # 1504
11348 # 1504
11349 # 1504
11349 # 1504
11351 # 1504
11352 # 1504
11362 # 1504
11362 # 1504
11362 # 1504
11362 # 1504
11362 # 1504
11362 # 1504
11362 # 1504
11362 # 1504
11364 # 1504
11364 # 1504
11364 # 1504
11365 # 1504
11366 # 1504
11367 # 1504
11368 # 1504
11371 # 1504
11372 # 1504
11381 # 1504
11381 # 1504
11384 # 1504
11384 # 1504
11385 # 1504
11385 # 1504
11386 # 1504
11404 # 1504
11421 # 1504
11422 # 1504
11422 # 1504
11422 # 1504
11422 # 1504
11422 # 1504
11424 # 1504
11424 # 1504
11424 # 1504
11425 # 1504
11427 # 1504
11428 # 1504
11428 # 1504
11430 # 1504
11431 # 1504
11440 # 1504
11440 # 1504
11441 # 1504
11443 # 1504
11443 # 1504
11445 # 1504
11449 # 1504
11449 # 1504
11477 # 1504
11497 # 1504
11500 # 1504
11511 # 1504
11512 # 1504
11513 # 1504
11515 # 1504
11516 # 1504
11518 # 1504
11519 # 1504
11530 # 1504
11530 # 1504
11530 # 1504
11530 # 1504
11531 # 1504
11532 # 1504
11532 # 1504
11534 # 1504
11541 # 1504
11543 # 1504
11544 # 1504
11546 # 1504
11549 # 1504
11566 # 1504
11566 # 1504
11568 # 1504
11568 # 1504
11568 # 1504
11568 # 1504
11570 # 1504
11572 # 1504
11574 + 92
11580 # 1504
11580 - 92 6
11582 # 1504
11586 # 1504
11587 # 1504
11587 # 1504
11593 # 1504
11594 # 1504
11598 # 1504
11602 # 1504
11606 # 1504
11607 # 1504
11611 # 1504
11613 # 1504
11615 # 1504
11617 # 1504
11621 # 1504
11621 # 1504
11625 # 1504
11628 # 1504
11629 # 1504
11631 # 1504
11634 # 1504
11643 # 1504
11643 # 1504
11644 # 1504
11645 # 1504
11646 # 1504
11649 # 1504
11650 # 1504
11653 # 1504
11655 # 1504
11657 # 1504
11660 # 1504
11662 # 1504
11664 # 1504
11666 # 1504
11669 # 1504
11670 + 92
11672 # 1504
11672 - 92 2
11675 # 1504
11678 # 1504
11680 # 1504
11684 # 1504
11685 # 1504
11687 # 1504
11697 # 1504
11697 # 1504
11698 # 1504
11698 # 1504
11699 # 1504
11702 # 1504
11704 # 1504
11708 # 1504
11710 # 1504
11712 # 1504
11714 # 1504
11726 # 1504
11726 # 1504
11728 # 1504
11728 # 1504
11730 # 1504
11730 # 1504
11731 # 1504
11734 # 1504
11735 # 1504
11737 # 1504
11747 # 1504
11747 # 1504
11749 # 1504
11749 # 1504
11750 # 1504
11754 # 1504
11756 # 1504
11757 # 1504
11758 # 1504
11759 # 1504
11762 # 1504
11765 # 1504
11767 # 1504
11767 # 1504
11769 # 1504
11770 # 1504
11777 # 1504
11891 # 1504
11892 # 1504
11894 # 1504
11898 # 1504
11898 # 1504
11906 # 1504
11906 # 1504
11910 # 1504
11910 # 1504
11910 # 1504
12218 # 1504
12218 # 1504
12220 # 1504
12223 # 1504
12223 # 1504
12225 # 1504
12227 # 1504
12238 # 1504
12239 # 1504
12241 # 1504
12241 # 1504
12241 # 1504
12241 # 1504
12244 # 1504
12247 # 1504
12250 # 1504
12258 # 1504
12258 # 1504
12260 # 1504
12260 # 1504
12260 # 1504
12262 # 1504
12263 # 1504
12266 # 1504
12268 # 1504
12271 # 1504
12275 # 1504
12276 # 1504
12279 # 1504
12289 # 1504
12289 # 1504
12294 # 1504
12294 # 1504
12294 # 1504
12300 # 1504
12306 # 1504
12308 # 1504
12310 # 1504
12322 # 1504
12325 # 1504
12326 # 1504
12333 # 1504
12340 # 1504
12344 # 1504
12347 # 1504
12351 # 1504
12352 # 1504
12355 # 1504
12356 # 1504
12358 # 1504
12360 # 1504
12363 # 1504
12363 # 1504
12364 # 1504
12368 # 1504
12369 # 1504
12369 # 1504
12371 # 1504
12374 # 1504
12375 # 1504
12377 # 1504
12396 # 1504
12396 # 1504
12396 # 1504
12398 # 1504
12398 # 1504
12399 # 1504
12402 # 1504
12405 # 1504
12408 # 1504
12412 # 1504
12413 # 1504
12416 # 1504
12426 # 1504
12426 # 1504
12426 # 1504
12428 # 1504
12428 # 1504
12428 # 1504
12429 # 1504
12431 # 1504
12434 # 1504
12435 # 1504
12437 # 1504
12447 # 1504
12447 # 1504
12447 # 1504
12450 # 1504
12450 # 1504
12452 # 1504
12452 # 1504
12453 + 52
12454 # 1504
12454 - 52 1
12457 # 1504
12457 # 1504
12459 # 1504
12460 # 1504
12461 # 1504
12463 # 1504
12465 # 1504
12467 # 1504
12468 # 1504
12469 # 1504
12471 # 1504
12471 # 1504
12472 # 1504
12473 # 1504
12475 # 1504
12476 # 1504
12477 # 1504
12479 # 1504
12479 # 1504
12481 # 1504
12484 # 1504
12484 # 1504
12484 # 1504
12487 # 1504
12487 # 1504
12488 # 1504
12496 # 1504
12496 # 1504
12496 # 1504
12500 # 1504
12500 # 1504
12500 # 1504
12500 # 1504
12501 # 1504
12501 # 1504
12511 # 1504
12511 # 1504
12511 # 1504
12511 # 1504
12513 # 1504
12515 # 1504
12517 # 1504
12519 # 1504
12522 # 1504
12524 # 1504
12526 # 1504
12528 # 1504
12531 # 1504
12535 # 1504
12537 # 1504
12539 # 1504
12543 # 1504
12544 # 1504
12546 # 1504
12548 # 1504
12551 # 1504
12654 # 1504
12656 # 1504
12658 # 1504
12669 # 1504
12669 # 1504
12687 # 1504
12688 # 1504
12688 # 1504
12698 # 1504
12699 # 1504
12699 # 1504
12701 # 1504
12701 # 1504
12703 # 1504
12703 # 1504
12706 # 1504
12707 # 1504
12709 # 1504
12711 # 1504
12712 # 1504
12714 # 1504
12716 # 1504
12717 # 1504
12718 # 1504
12728 # 1504
12729 # 1504
12729 # 1504
12729 # 1504
12729 # 1504
12729 # 1504
12732 # 1504
12733 # 1504
12734 # 1504
12736 # 1504
12737 # 1504
12739 # 1504
12740 # 1504
12743 # 1504
12744 # 1504
12745 # 1504
12748 # 1504
12748 # 1504
12749 # 1504
12758 # 1504
12759 # 1504
12759 # 1504
12759 # 1504
12759 # 1504
12761 # 1504
12761 # 1504
12762 # 1504
12762 # 1504
12764 # 1504
12765 # 1504
12765 # 1504
12766 # 1504
12775 # 1504
12777 # 1504
12777 # 1504
12778 # 1504
12779 # 1504
12781 # 1504
12781 # 1504
12785 # 1504
12787 # 1504
12787 # 1504
12792 # 1504
12793 # 1504
12793 # 1504
12794 # 1504
12795 # 1504
12799 # 1504
12800 # 1504
12802 # 1504
12804 # 1504
12806 # 1504
12808 # 1504
12811 # 1504
12814 # 1504
12815 # 1504
12817 # 1504
12818 # 1504
12820 # 1504
12823 # 1504
12823 # 1504
12825 # 1504
12825 # 1504
12826 # 1504
12829 # 1504
12830 # 1504
12831 # 1504
12832 # 1504
12842 # 1504
12842 # 1504
12842 # 1504
12842 # 1504
12843 # 1504
12843 # 1504
12843 # 1504
12845 # 1504
12845 # 1504
12848 # 1504
12856 # 1504
12856 # 1504
12856 # 1504
12861 # 1504
12861 # 1504
12864 # 1504
12868 # 1504
12868 # 1504
12868 # 1504
12869 # 1504
12870 # 1504
12874 # 1504
12877 # 1504
12886 # 1504
12890 # 1504
12890 # 1504
12890 # 1504
12890 # 1504
12899 # 1504
12899 # 1504
12899 # 1504
12899 # 1504
12900 # 1504
12900 # 1504
12900 # 1504
12902 # 1504
12904 # 1504
12906 # 1504
12907 # 1504
12909 # 1504
12919 # 1504
12922 # 1504
12922 # 1504
12922 # 1504
12924 # 1504
12925 # 1504
12936 # 1504
12936 # 1504
12937 # 1504
12940 # 1504
12942 # 1504
12945 # 1504
12946 # 1504
12948 # 1504
12951 # 1504
12955 # 1504
12956 # 1504
12958 # 1504
12967 # 1504
12967 # 1504
12967 # 1504
12968 # 1504
12968 # 1504
12968 # 1504
12970 # 1504
12972 # 1504
12974 # 1504
12974 # 1504
12976 # 1504
12977 # 1504
12979 # 1504
12979 # 1504
12980 # 1504
12982 # 1504
12984 # 1504
12984 # 1504
12986 # 1504
12986 # 1504
12987 # 1504
12988 # 1504
12998 # 1504
12998 # 1504
12998 # 1504
13000 # 1504
13000 # 1504
13000 # 1504
13002 # 1504
13099 # 1504
13104 # 1504
13104 # 1504
13104 # 1504
13105 # 1504
13114 # 1504
13129 # 1504
13150 # 1504
13153 # 1504
13155 # 1504
13156 # 1504
13157 # 1504
13159 # 1504
13161 # 1504
13161 # 1504
13162 # 1504
13164 # 1504
13166 # 1504
13166 # 1504
13166 # 1504
13167 # 1504
13169 # 1504
13171 # 1504
13177 # 1504
13190 # 1504
13190 # 1504
13192 # 1504
13196 # 1504
13198 # 1504
13200 # 1504
13208 # 1504
13209 # 1504
13210 # 1504
13211 # 1504
13212 # 1504
13214 # 1504
13214 # 1504
13214 # 1504
13215 # 1504
13216 # 1504
13217 # 1504
13219 # 1504
13219 # 1504
13219 # 1504
13220 # 1504
13221 # 1504
13222 # 1504
13224 # 1504
13224 # 1504
13233 # 1504
13233 # 1504
13233 # 1504
13233 # 1504
13234 # 1504
13234 # 1504
13234 # 1504
13239 # 1504
13239 # 1504
13239 # 1504
13239 # 1504
13239 # 1504
13239 # 1504
13240 # 1504
13240 # 1504
13240 # 1504
13249 # 1504
13249 # 1504
13249 # 1504
13249 # 1504
13249 # 1504
13249 # 1504
13250 # 1504
13250 # 1504
13250 # 1504
13250 # 1504
13250 # 1504
13260 # 1504
13260 # 1504
13260 # 1504
13260 # 1504
13264 # 1504
13264 # 1504
13264 # 1504
13264 # 1504
13268 # 1504
13268 # 1504
13268 # 1504
13268 # 1504
13268 # 1504
13270 # 1504
13271 # 1504
13272 # 1504
13273 # 1504
13274 # 1504
13284 # 1504
13284 # 1504
13284 # 1504
13284 # 1504
13285 # 1504
13285 # 1504
13285 # 1504
13285 # 1504
13286 # 1504
13289 # 1504
13290 # 1504
13290 # 1504
13301 # 1504
13302 # 1504
13303 # 1504
13303 # 1504
13303 # 1504
13303 # 1504
13306 # 1504
13308 # 1504
13309 # 1504
13313 # 1504
13313 # 1504
13315 # 1504
13317 # 1504
13319 # 1504
13329 # 1504
13330 # 1504
13330 # 1504
13331 # 1504
13335 # 1504
13335 # 1504
13335 # 1504
13336 # 1504
13338 # 1504
13340 # 1504
13341 # 1504
13344 # 1504
13346 # 1504
13354 # 1504
13354 # 1504
13354 # 1504
13356 # 1504
13356 # 1504
13356 # 1504
13357 # 1504
13368 # 1504
13368 # 1504
13370 # 1504
13370 # 1504
13370 # 1504
13371 # 1504
13372 # 1504
13375 # 1504
13376 # 1504
13378 # 1504
13379 # 1504
13382 # 1504
13383 # 1504
13384 # 1504
13386 # 1504
13396 # 1504
13397 # 1504
13398 # 1504
13399 # 1504
13399 # 1504
13400 # 1504
13402 # 1504
13404 # 1504
13405 # 1504
13415 # 1504
13415 # 1504
13415 # 1504
13415 # 1504
13416 # 1504
13416 # 1504
13417 # 1504
13419 # 1504
13419 # 1504
13421 # 1504
13423 # 1504
13424 # 1504
13434 # 1504
13434 # 1504
13438 # 1504
13438 # 1504
13438 # 1504
13438 # 1504
13438 # 1504
13439 # 1504
13448 # 1504
13462 # 1504
13463 # 1504
13464 # 1504
13465 # 1504
13467 # 1504
13468 # 1504
13468 # 1504
13469 # 1504
13471 # 1504
13474 # 1504
13505 # 1504
13510 # 1504
13514 # 1504
13528 # 1504
13530 # 1504
13530 # 1504
13532 # 1504
13532 # 1504
13532 # 1504
13536 # 1504
13537 # 1504
13569 # 1504
13572 # 1504
13572 # 1504
13572 # 1504
13577 # 1504
13604 # 1504
13606 # 1504
13608 # 1504
13608 # 1504
13612 # 1504
13614 # 1504
13621 # 1504
13643 # 1504
13644 # 1504
13653 # 1504
13686 # 1504
13689 # 1504
13691 # 1504
13693 # 1504
13694 # 1504
13696 # 1504
13698 # 1504
13702 # 1504
13707 # 1504
13708 # 1504
13708 # 1504
13710 # 1504
13711 # 1504
13712 # 1504
13714 # 1504
13715 # 1504
13726 # 1504
13726 # 1504
13726 # 1504
13726 # 1504
13728 # 1504
13731 # 1504
13734 # 1504
13734 # 1504
13735 # 1504
13737 # 1504
13739 # 1504
13741 # 1504
13742 # 1504
13743 # 1504
13752 # 1504
13752 # 1504
13752 # 1504
13752 # 1504
13753 # 1504
13757 # 1504
13758 # 1504
13759 # 1504
13760 # 1504
13762 # 1504
13762 # 1504
13763 # 1504
13766 # 1504
13769 # 1504
13772 # 1504
13774 # 1504
13776 # 1504
13779 # 1504
13790 # 1504
13790 # 1504
13790 # 1504
13795 # 1504
13803 # 1504
13803 # 1504
13805 # 1504
13808 # 1504
13812 # 1504
13814 # 1504
13823 # 1504
13824 # 1504
13826 # 1504
13827 # 1504
13828 # 1504
13831 # 1504
13836 # 1504
13839 # 1504
13840 # 1504
13847 # 1504
13848 # 1504
13874 # 1504
13891 # 1504
13962 # 1504
13964 # 1504
13995 # 1504
14003 # 1504
14006 # 1504
14006 # 1504
14119 # 1504
14123 # 1504
14124 # 1504
14127 # 1504
14131 # 1504
14136 # 1504
14139 # 1504
14140 # 1504
14152 # 1504
14158 # 1504
14162 # 1504
14179 # 1504
14181 # 1504
14190 # 1504
14193 # 1504
14193 # 1504
14194 # 1504
14196 # 1504
14198 # 1504
14206 # 1504
14216 # 1504
14219 # 1504
14232 # 1504
14234 # 1504
14237 # 1504
14239 # 1504
14248 # 1504
14252 # 1504
14255 # 1504
14264 # 1504
14265 # 1504
14267 # 1504
14274 # 1504
14274 # 1504
14276 # 1504
14278 # 1504
14285 # 1504
14288 # 1504
14291 # 1504
14306 # 1504
14311 # 1504
14327 # 1504
14348 # 1504
14350 # 1504
14374 # 1504
14405 # 1504
14410 # 1504
14420 # 1504
14421 # 1504
14421 # 1504
14426 # 1504
14439 # 1504
14441 # 1504
14448 # 1504
14456 # 1504
14464 # 1504
14465 # 1504
14467 # 1504
14469 # 1504
14471 # 1504
14486 # 1504
14488 # 1504
14490 # 1504
14492 # 1504
14496 # 1504
14500 # 1504
14505 # 1504
14515 # 1504
14517 # 1504
14519 # 1504
14556 # 1504
14557 # 1504
14562 # 1504
14562 # 1504
14565 # 1504
14569 # 1504
14571 # 1504
14573 # 1504
14589 # 1504
14593 # 1504
14596 # 1504
14603 # 1504
14607 # 1504
14636 # 1504
14642 # 1504
14644 # 1504
14646 # 1504
14647 # 1504
14666 # 1504
14668 # 1504
14676 # 1504
14688 # 1504
14691 # 1504
14691 # 1504
14700 # 1504
14701 # 1504
14736 # 1504
14739 # 1504
14755 # 1504
14757 # 1504
14765 # 1504
14771 # 1504
14777 # 1504
14780 # 1504
14788 # 1504
14799 # 1504
14808 # 1504
14820 # 1504
14867 # 1504
14880 # 1504
14882 # 1504
14882 # 1504
14883 # 1504
14888 # 1504
14900 # 1504
14907 # 1504
14910 # 1504
14916 # 1504
14940 # 1504
14942 # 1504
14966 # 1504
14969 # 1504
14987 # 1504
14990 # 1504
14991 # 1504
15010 # 1504
15035 # 1504
15035 # 1504
15035 # 1504
15036 # 1504
15037 # 1504
15040 # 1504
15043 # 1504
15045 # 1504
15047 # 1504
15049 # 1504
15051 # 1504
15053 # 1504
15055 # 1504
15064 # 1504
15067 # 1504
15068 # 1504
15073 # 1504
15078 # 1504
15096 # 1504
15100 # 1504
15104 # 1504
15108 # 1504
15119 # 1504
15120 # 1504
15125 # 1504
15130 # 1504
15138 # 1504
15142 # 1504
15144 # 1504
15168 # 1504
15170 # 1504
15174 # 1504
15184 # 1504
15184 # 1504
15185 # 1504
15186 # 1504
15188 # 1504
15197 # 1504
15206 # 1504
15206 # 1504
15226 # 1504
15229 # 1504
15235 # 1504
15237 # 1504
15240 # 1504
15319 # 1504
15323 # 1504
15326 # 1504
15330 # 1504
15332 # 1504
15334 # 1504
15338 # 1504
15341 # 1504
15353 # 1504
15363 # 1504
15365 # 1504
15367 # 1504
15370 # 1504
15375 # 1504
15378 # 1504
15407 # 1504
15462 # 1504
15488 # 1504
15489 # 1504
15496 # 1504
15511 # 1504
15518 # 1504
15526 # 1504
15529 # 1504
15539 # 1504
15539 # 1504
15544 # 1504
15549 # 1504
15551 # 1504
15554 # 1504
15566 # 1504
15566 # 1504
15566 # 1504
15596 # 1504
15597 # 1504
15597 # 1504
15600 # 1504
15612 # 1504
15612 # 1504
15612 # 1504
15614 # 1504
15614 # 1504
15615 # 1504
15617 # 1504
15621 # 1504
15624 # 1504
15628 # 1504
15639 # 1504
15639 # 1504
15640 # 1504
15640 # 1504
15663 # 1504
15665 # 1504
15675 # 1504
15688 # 1504
15698 # 1504
15710 # 1504
15739 # 1504
15764 # 1504
15768 # 1504
15774 # 1504
15779 # 1504
15781 # 1504
15785 # 1504
15787 # 1504
15797 # 1504
15797 # 1504
15799 # 1504
15802 # 1504
15818 # 1504
15818 # 1504
15830 # 1504
15831 # 1504
15833 # 1504
15847 # 1504
15868 # 1504
15906 # 1504
15940 # 1504
15946 # 1504
15961 # 1504
15961 # 1504
15969 # 1504
15973 # 1504
15980 # 1504
15983 # 1504
15984 # 1504
15988 # 1504
15990 # 1504
15993 # 1504
16005 # 1504
16005 # 1504
16007 # 1504
16008 # 1504
16012 # 1504
16018 # 1504
16021 # 1504
16028 # 1504
16028 # 1504
16032 # 1504
16033 # 1504
16034 # 1504
16036 # 1504
16039 # 1504
16050 # 1504
16050 # 1504
16051 # 1504
16057 # 1504
16062 # 1504
16065 # 1504
16066 # 1504
16073 # 1504
16078 # 1504
16079 # 1504
16088 # 1504
16090 # 1504
16097 # 1504
16100 # 1504
16108 # 1504
16121 # 1504
16135 # 1504
16138 # 1504
16140 # 1504
16148 # 1504
16154 # 1504
16158 # 1504
16165 # 1504
16167 # 1504
16170 # 1504
16191 # 1504
16202 # 1504
16206 # 1504
16239 # 1504
16248 # 1504
16339 # 1504
16378 # 1504
16390 # 1504
16406 # 1504
16410 # 1504
16439 # 1504
16454 # 1504
16506 # 1504
16513 # 1504
16525 # 1504
16531 # 1504
16558 # 1504
16640 # 1504
16643 # 1504
16645 # 1504
16782 # 1504
16816 # 1504
16835 # 1504
16839 # 1504
16845 # 1504
16847 # 1504
16856 # 1504
16882 # 1504
16886 # 1504
16896 # 1504
16906 # 1504
16917 # 1504
16931 # 1504
16933 # 1504
16937 # 1504
16942 # 1504
16949 # 1504
16953 # 1504
16959 # 1504
16963 # 1504
16969 # 1504
16974 # 1504
16977 # 1504
16987 # 1504
16998 # 1504
17013 # 1504
17040 # 1504
17067 # 1504
17076 # 1504
17085 # 1504
17088 # 1504
17095 # 1504
17107 # 1504
17115 # 1504
17122 # 1504
17126 # 1504
17130 # 1504
17158 # 1504
17170 # 1504
17180 # 1504
17299 # 1504
17316 # 1504
17321 # 1504
17369 # 1504
17372 # 1504
17376 + 92
17376 + 92
17376 + 92
17382 # 1504
17382 - 92 6
17382 - 92 6
17382 - 92 6
17387 # 1504
17537 # 1504
17537 # 1504
17539 # 1504
17542 # 1504
17542 # 1504
17542 # 1504
17544 # 1504
17544 # 1504
17544 # 1504
17547 # 1504
17549 # 1504
17550 # 1504
17550 # 1504
17552 # 1504
17554 # 1504
17556 # 1504
17558 # 1504
17558 # 1504
17560 # 1504
17562 # 1504
17562 # 1504
17564 # 1504
17564 # 1504
17568 # 1504
17578 # 1504
17587 # 1504
17601 # 1504
17642 # 1504
17649 # 1504
17664 # 1504
17682 # 1504
17705 # 1504
17714 # 1504
17720 # 1504
17727 # 1504
17737 # 1504
17859 # 1504
17877 # 1504
17883 # 1504
17992 # 1504
17993 # 1504
18013 # 1504
18013 # 1504
18018 # 1504
18031 # 1504
18032 # 1504
18039 # 1504
18053 # 1504
18053 # 1504
18060 # 1504
18066 # 1504
18067 # 1504
18073 # 1504
18077 # 1504
18080 # 1504
18083 # 1504
18092 # 1504
18092 # 1504
18092 # 1504
18097 # 1504
18102 # 1504
18106 # 1504
18108 # 1504
18113 # 1504
18117 # 1504
18128 # 1504
18128 # 1504
18130 # 1504
18138 # 1504
18145 # 1504
18152 # 1504
18154 # 1504
18177 # 1504
18177 # 1504
18180 # 1504
18188 # 1504
18227 # 1504
18313 # 1504
18319 # 1504
18469 # 1504
18483 # 1504
18485 # 1504
18542 # 1504
18563 # 1504
18590 # 1504
18602 # 1504
18608 # 1504
18616 # 1504
18626 # 1504
18640 # 1504
18711 # 1504
18717 # 1504
18736 # 1504
18740 # 1504
18745 # 1504
18749 # 1504
18753 # 1504
18758 # 1504
18762 # 1504
18773 # 1504
18775 # 1504
18775 # 1504
18778 # 1504
18782 # 1504
18784 # 1504
18786 # 1504
18796 # 1504
18797 # 1504
18799 # 1504
18800 # 1504
18809 # 1504
18824 # 1504
18824 # 1504
18833 # 1504
18845 # 1504
18845 # 1504
18846 # 1504
18847 # 1504
18849 # 1504
18860 # 1504
18860 # 1504
18890 # 1504
18893 # 1504
18896 # 1504
18901 # 1504
18926 # 1504
18927 # 1504
18930 # 1504
18938 # 1504
18942 # 1504
18943 # 1504
18947 # 1504
18957 # 1504
18957 # 1504
18957 # 1504
18958 # 1504
18958 # 1504
18992 # 1504
19001 # 1504
19001 # 1504
19002 # 1504
19002 # 1504
19004 # 1504
19006 # 1504
19009 # 1504
19010 # 1504
19013 # 1504
19015 # 1504
19018 # 1504
19019 # 1504
19023 # 1504
19025 # 1504
19027 # 1504
19034 # 1504
19036 # 1504
19039 # 1504
19049 # 1504
19049 # 1504
19049 # 1504
19053 # 1504
19055 # 1504
19056 # 1504
19056 # 1504
19060 # 1504
19063 # 1504
19064 # 1504
19066 # 1504
19069 # 1504
19072 # 1504
19075 # 1504
19077 # 1504
19080 # 1504
19082 # 1504
19092 # 1504
19093 # 1504
19093 # 1504
19094 # 1504
19095 # 1504
19097 # 1504
19100 # 1504
19101 # 1504
19103 # 1504
19105 # 1504
19107 # 1504
19108 # 1504
19114 # 1504
19115 # 1504
19117 # 1504
19117 # 1504
19119 # 1504
19120 # 1504
19139 # 1504
19139 # 1504
19139 # 1504
19141 # 1504
19141 # 1504
19141 # 1504
19141 # 1504
19152 # 1504
19153 # 1504
19155 # 1504
19157 # 1504
19158 # 1504
19160 # 1504
19199 # 1504
19201 # 1504
19202 # 1504
19262 # 1504
19265 # 1504
19267 # 1504
19317 # 1504
20584 # 1504
20784 # 1504
20874 # 1504
24935 # 1504
24993 # 1504
25007 # 1504
25015 # 1504
25026 # 1504
25039 # 1504
25049 # 1504
25058 # 1504
25069 # 1504
25080 # 1504
25094 # 1504
25104 # 1504
25113 # 1504
25121 # 1504
25132 # 1504
25141 # 1504
25146 # 1504
25154 # 1504
25164 # 1504
25172 # 1504
25202 # 1504
25202 # 1504
25204 # 1504
25214 # 1504
25222 # 1504
25230 # 1504
25238 # 1504
25247 # 1504
25256 # 1504
25264 # 1504
25278 # 1504
25306 # 1504
25468 # 1504
25493 # 1504
25493 # 1504
25493 # 1504
25494 # 1504
25497 # 1504
25500 # 1504
25505 # 1504
25510 # 1504
25516 # 1504
25521 # 1504
25526 # 1504
25530 # 1504
25537 # 1504
25543 # 1504
25547 # 1504
25553 # 1504
25556 # 1504
25566 # 1504
25567 # 1504
25572 # 1504
25576 # 1504
25580 # 1504
25586 # 1504
25590 # 1504
25594 # 1504
25598 # 1504
25606 # 1504
25610 # 1504
25618 # 1504
25630 # 1504
25631 # 1504
25637 # 1504
25640 # 1504
25649 # 1504
25658 # 1504
25667 # 1504
25669 # 1504
25672 # 1504
25677 # 1504
25681 # 1504
25686 # 1504
25698 # 1504
25699 # 1504
25700 # 1504
25717 # 1504
25718 # 1504
25718 # 1504
25720 # 1504
25724 # 1504
25729 # 1504
25735 # 1504
25739 # 1504
25744 # 1504
25755 # 1504
25763 # 1504
25766 # 1504
25767 # 1504
25772 # 1504
25778 # 1504
25790 # 1504
25791 # 1504
25805 # 1504
25809 # 1504
25914 # 1504
25914 # 1504
25915 # 1504
25938 # 1504
25960 # 1504
25962 # 1504
26071 # 1504
26073 # 1504
26074 # 1504
26076 # 1504
26078 # 1504
26081 # 1504
26088 # 1504
26106 # 1504
26106 # 1504
26107 # 1504
26109 # 1504
26111 # 1504
26119 # 1504
26119 # 1504
26121 # 1504
26126 # 1504
26129 # 1504
26139 # 1504
26145 # 1504
26148 # 1504
26152 # 1504
26155 # 1504
26158 # 1504
26175 # 1504
26177 # 1504
26177 # 1504
26177 # 1504
26177 # 1504
26181 # 1504
26185 # 1504
26187 # 1504
26195 # 1504
26195 # 1504
26204 # 1504
26204 # 1504
26210 # 1504
26211 # 1504
26211 # 1504
26215 # 1504
26218 # 1504
26239 # 1504
26239 # 1504
26240 # 1504
26240 # 1504
26241 # 1504
26255 # 1504
26256 # 1504
26295 # 1504
26295 # 1504
26373 # 1504
26375 # 1504
26378 # 1504
26388 # 1504
26433 # 1504
26444 # 1504
26509 # 1504
26544 # 1504
26545 # 1504
26570 # 1504
26572 # 1504
26591 # 1504
26595 # 1504
26599 # 1504
26602 # 1504
26606 # 1504
26608 # 1504
26611 # 1504
26633 # 1504
26634 # 1504
26635 # 1504
26641 # 1504
26641 # 1504
26648 # 1504
26654 # 1504
26654 # 1504
26667 # 1504
26670 # 1504
26671 # 1504
26674 # 1504
26674 # 1504
26715 # 1504
26715 # 1504
26717 # 1504
26721 # 1504
26724 # 1504
26727 # 1504
26738 # 1504
26739 # 1504
26739 # 1504
26756 # 1504
26757 # 1504
26783 # 1504
26835 # 1504
26875 # 1504
26875 # 1504
26875 # 1504
26875 # 1504
26875 # 1504
26876 # 1504
26876 # 1504
26878 # 1504
26880 # 1504
27006 # 1504
27006 # 1504
27008 # 1504
27011 # 1504
27014 # 1504
27025 # 1504
27025 # 1504
27031 # 1504
27031 # 1504
27040 # 1504
27041 # 1504
27041 # 1504
27046 # 1504
27059 # 1504
27079 # 1504
27082 # 1504
27084 # 1504
27093 # 1504
27128 # 1504
27136 # 1504
27139 # 1504
27140 # 1504
27142 # 1504
27149 # 1504
27168 # 1504
27175 # 1504
27175 # 1504
27175 # 1504
27176 # 1504
27176 # 1504
27176 # 1504
27179 # 1504
27183 # 1504
27186 # 1504
27195 # 1504
27195 # 1504
27198 # 1504
27200 # 1504
27200 # 1504
27207 # 1504
27214 # 1504
27218 # 1504
27227 # 1504
27231 # 1504
27232 # 1504
27242 # 1504
27271 # 1504
27276 # 1504
27279 # 1504
27279 # 1504
27280 # 1504
27284 # 1504
27287 # 1504
27298 # 1504
27299 # 1504
27299 # 1504
27306 # 1504
27306 # 1504
27308 # 1504
27318 # 1504
27324 # 1504
27328 # 1504
27339 # 1504
27340 # 1504
27341 # 1504
27342 # 1504
27348 # 1504
27350 # 1504
27380 # 1504
27399 # 1504
27494 # 1504
27496 # 1504
27504 # 1504
27506 # 1504
27508 # 1504
27525 # 1504
27527 # 1504
27529 # 1504
27531 # 1504
27533 # 1504
27623 # 1504
27631 # 1504
27642 # 1504
27644 # 1504
27654 # 1504
27658 # 1504
27667 # 1504
27669 # 1504
27675 # 1504
27683 # 1504
27692 # 1504
27692 # 1504
27708 # 1504
27708 # 1504
27708 # 1504
27749 # 1504
27755 # 1504
27763 # 1504
27766 # 1504
27770 # 1504
27777 # 1504
27777 # 1504
27778 # 1504
27781 # 1504
27785 # 1504
27788 # 1504
27791 # 1504
27794 # 1504
27798 # 1504
27800 # 1504
27812 # 1504
27812 # 1504
27813 # 1504
27824 # 1504
27824 # 1504
27825 # 1504
27829 # 1504
27835 # 1504
27839 # 1504
27855 # 1504
27866 # 1504
27929 # 1504
27932 # 1504
27932 # 1504
27939 # 1504
27940 # 1504
27949 # 1504
27954 # 1504
27954 # 1504
27967 # 1504
28018 # 1504
28052 # 1504
28054 # 1504
28065 # 1504
28071 # 1504
28080 # 1504
28083 # 1504
28092 # 1504
28093 # 1504
28093 # 1504
28094 # 1504
28101 # 1504
28102 # 1504
28111 # 1504
28116 # 1504
28117 # 1504
28119 # 1504
28124 # 1504
28125 # 1504
28126 # 1504
28130 # 1504
28134 # 1504
28137 # 1504
28139 # 1504
28144 # 1504
28145 # 1504
28155 # 1504
28157 # 1504
28158 # 1504
28168 # 1504
28173 # 1504
28174 # 1504
28175 # 1504
28201 # 1504
28201 # 1504
28204 # 1504
28207 # 1504
28210 # 1504
28220 # 1504
28221 # 1504
28221 # 1504
28222 # 1504
28225 # 1504
28244 # 1504
28244 # 1504
28245 # 1504
28245 # 1504
28247 # 1504
28247 # 1504
28249 # 1504
28249 # 1504
28254 # 1504
28257 # 1504
28259 # 1504
28265 # 1504
28396 # 1504
28417 # 1504
28427 # 1504
28429 # 1504
28445 # 1504
28449 # 1504
28464 # 1504
28464 # 1504
28478 # 1504
28511 # 1504
28525 # 1504
28554 # 1504
28554 # 1504
28572 # 1504
28572 # 1504
28606 # 1504
28606 # 1504
28606 # 1504
28610 # 1504
28614 # 1504
28615 # 1504
28617 # 1504
28626 # 1504
28628 # 1504
28638 # 1504
28638 # 1504
28640 # 1504
28643 # 1504
28647 # 1504
28651 # 1504
28657 # 1504
28665 # 1504
28666 # 1504
28676 # 1504
28685 # 1504
28690 # 1504
28690 # 1504
28704 # 1504
28704 # 1504
28705 # 1504
28710 # 1504
28716 # 1504
28722 # 1504
28727 # 1504
28741 # 1504
28742 # 1504
28748 # 1504
28759 # 1504
28800 # 1504
28839 # 1504
28848 # 1504
28855 # 1504
28865 # 1504
28873 # 1504
28897 # 1504
28897 # 1504
29006 # 1504
29006 # 1504
29006 # 1504
29009 # 1504
29013 # 1504
29019 # 1504
29019 # 1504
29020 # 1504
29027 # 1504
29039 # 1504
29040 # 1504
29042 # 1504
29044 # 1504
29044 # 1504
29057 # 1504
29059 # 1504
29068 # 1504
29070 # 1504
29071 # 1504
29081 # 1504
29097 # 1504
29102 # 1504
29102 # 1504
29112 # 1504
29114 # 1504
29114 # 1504
29118 # 1504
29120 # 1504
29154 # 1504
29154 # 1504
29162 # 1504
29168 # 1504
29171 # 1504
29195 # 1504
29214 # 1504
29283 # 1504
29283 # 1504
29284 # 1504
29287 # 1504
29287 # 1504
29287 # 1504
29291 # 1504
29295 # 1504
29298 # 1504
29299 # 1504
29299 # 1504
29303 # 1504
29306 # 1504
29310 # 1504
29312 # 1504
29315 # 1504
29326 # 1504
29326 # 1504
29327 # 1504
29338 # 1504
29347 # 1504
29350 # 1504
29366 # 1504
29366 # 1504
29376 # 1504
29379 # 1504
29392 # 1504
29392 # 1504
29443 # 1504
29452 # 1504
29457 # 1504
29460 # 1504
29467 # 1504
29595 # 1504
29612 # 1504
29614 # 1504
29618 # 1504
29634 # 1504
29636 # 1504
29636 # 1504
29637 # 1504
29640 # 1504
29649 # 1504
29649 # 1504
29651 # 1504
29670 # 1504
29670 # 1504
29673 # 1504
29673 # 1504
29674 # 1504
29677 # 1504
29680 # 1504
29693 # 1504
29703 # 1504
29703 # 1504
29718 # 1504
29738 # 1504
29738 # 1504
29740 # 1504
29741 # 1504
29741 # 1504
29744 # 1504
29755 # 1504
29757 # 1504
29757 # 1504
29759 # 1504
29761 # 1504
29764 # 1504
29774 # 1504
29774 # 1504
29786 # 1504
29849 # 1504
29850 # 1504
29856 # 1504
29858 # 1504
29860 # 1504
29870 # 1504
29873 # 1504
29873 # 1504
29876 # 1504
29887 # 1504
29887 # 1504
29887 # 1504
29920 # 1504
29920 # 1504
29930 # 1504
29930 # 1504
29930 # 1504
29930 # 1504
29930 # 1504
29931 # 1504
29931 # 1504
29931 # 1504
29949 # 1504
29966 # 1504
29969 # 1504
29977 # 1504
29981 # 1504
29999 # 1504
30001 # 1504
30062 # 1504
30067 # 1504
30117 + 52
30168 # 1504
30168 - 52 51
30172 # 1504
30178 # 1504
30180 # 1504
30206 # 1504
30207 # 1504
30214 # 1504
30216 # 1504
30227 # 1504
30227 # 1504
30228 # 1504
30228 # 1504
30235 # 1504
30236 # 1504
30246 # 1504
30246 # 1504
30248 # 1504
30256 # 1504
30258 # 1504
30259 # 1504
30263 # 1504
30272 # 1504
30272 # 1504
30273 # 1504
30278 # 1504
30293 # 1504
30293 # 1504
30295 # 1504
30300 # 1504
30315 # 1504
30348 # 1504
30358 # 1504
30358 # 1504
30359 # 1504
30362 # 1504
30375 # 1504
30375 # 1504
30376 # 1504
30376 # 1504
30379 # 1504
30394 # 1504
30394 # 1504
30459 # 1504
30459 # 1504
30459 # 1504
30467 # 1504
30469 # 1504
30476 # 1504
30478 # 1504
30494 # 1504
30494 # 1504
30496 # 1504
30535 # 1504
30535 # 1504
30553 # 1504
30556 # 1504
30569 # 1504
30570 # 1504
30581 # 1504
30583 # 1504
30588 # 1504
30602 # 1504
30602 # 1504
30706 # 1504
30706 # 1504
30711 # 1504
30749 # 1504
30761 # 1504
30762 # 1504
30764 # 1504
30769 # 1504
30769 # 1504
30769 # 1504
30773 # 1504
30776 # 1504
30786 # 1504
30787 # 1504
30791 # 1504
30825 # 1504
30827 # 1504
30838 # 1504
30842 # 1504
30847 # 1504
30856 # 1504
30856 # 1504
30857 # 1504
30857 # 1504
30861 # 1504
30874 # 1504
30875 # 1504
30875 # 1504
30884 # 1504
30884 # 1504
30894 # 1504
30894 # 1504
30900 # 1504
30959 # 1504
30967 # 1504
30971 # 1504
30972 # 1504
30983 # 1504
30983 # 1504
30984 # 1504
30992 # 1504
30992 # 1504
30994 # 1504
30995 # 1504
30999 # 1504
31001 # 1504
31035 # 1504
31035 # 1504
31035 # 1504
31037 # 1504
31037 # 1504
31037 # 1504
31037 # 1504
31037 # 1504
31048 # 1504
31048 # 1504
31090 # 1504
31134 # 1504
31138 # 1504
31141 # 1504
31153 # 1504
31167 # 1504
31167 # 1504
31169 # 1504
31176 # 1504
31176 # 1504
31178 # 1504
31192 # 1504
31192 # 1504
31199 # 1504
31200 # 1504
31306 # 1504
31307 # 1504
31310 # 1504
31312 # 1504
31322 # 1504
31322 # 1504
31335 # 1504
31335 # 1504
31337 # 1504
31337 # 1504
31339 # 1504
31341 # 1504
31352 # 1504
31362 # 1504
31364 # 1504
31370 # 1504
31381 # 1504
31381 # 1504
31381 # 1504
31383 # 1504
31383 # 1504
31385 # 1504
31418 # 1504
31418 # 1504
31418 # 1504
31418 # 1504
31418 # 1504
31421 # 1504
31421 # 1504
31424 # 1504
31434 # 1504
31452 # 1504
31459 # 1504
31461 + 92
31463 + 95
31472 # 1504
31472 - 92 11
31472 - 95 9
31475 # 1504
31477 # 1504
31579 # 1504
31582 # 1504
31584 # 1504
31589 # 1504
31599 # 1504
31602 # 1504
31605 # 1504
31608 # 1504
31616 # 1504
31617 # 1504
31618 # 1504
31622 # 1504
31632 # 1504
31637 # 1504
31639 # 1504
31738 # 1504
31756 # 1504
31758 # 1504
31774 # 1504
31778 # 1504
31779 # 1504
31780 # 1504
31800 # 1504
31802 # 1504
31804 # 1504
31806 # 1504
31821 # 1504
31824 # 1504
31828 # 1504
31836 # 1504
31838 # 1504
31841 # 1504
31845 # 1504
31848 # 1504
31866 # 1504
31866 # 1504
31867 # 1504
31869 # 1504
31869 # 1504
31872 # 1504
31872 # 1504
31874 # 1504
31877 # 1504
31879 # 1504
31883 # 1504
31891 # 1504
31923 # 1504
31923 # 1504
31923 # 1504
31923 # 1504
31925 # 1504
31930 # 1504
31931 # 1504
31935 # 1504
31935 # 1504
31935 # 1504
31937 # 1504
31946 # 1504
32015 # 1504
32015 # 1504
32034 # 1504
32034 # 1504
32036 # 1504
32038 # 1504
32039 # 1504
32043 # 1504
32043 # 1504
32047 # 1504
32051 # 1504
32051 # 1504
32057 # 1504
32057 # 1504
32057 # 1504
32068 # 1504
32069 # 1504
32076 # 1504
32086 # 1504
32087 # 1504
32091 # 1504
32100 # 1504
32100 # 1504
32100 # 1504
32135 # 1504
32135 # 1504
32170 # 1504
32229 # 1504
32229 # 1504
32234 # 1504
32237 # 1504
32240 # 1504
32276 # 1504
32278 # 1504
32284 # 1504
32298 # 1504
32306 # 1504
32308 # 1504
32309 # 1504
32310 # 1504
32312 # 1504
32315 # 1504
32334 # 1504
32334 # 1504
32336 # 1504
32336 # 1504
32337 # 1504
32338 # 1504
32368 # 1504
32368 # 1504
32371 # 1504
32371 # 1504
32377 # 1504
32388 # 1504
32389 # 1504
32397 # 1504
32398 # 1504
32399 # 1504
32415 # 1504
32418 # 1504
32442 # 1504
32444 # 1504
32475 # 1504
32481 # 1504
32482 # 1504
32483 # 1504
32484 # 1504
32527 # 1504
32542 # 1504
32544 # 1504
32549 # 1504
32557 # 1504
32662 # 1504
32667 # 1504
32677 # 1504
32679 # 1504
32690 # 1504
32698 # 1504
32705 # 1504
32715 # 1504
32727 # 1504
32743 # 1504
32798 # 1504
32826 # 1504
32830 # 1504
32836 # 1504
32839 # 1504
32842 # 1504
32853 # 1504
32853 # 1504
32855 # 1504
32867 # 1504
32901 # 1504
32907 # 1504
32911 # 1504
32915 # 1504
32924 # 1504
32927 # 1504
32927 # 1504
32931 # 1504
32934 # 1504
32936 # 1504
32939 # 1504
32943 # 1504
32946 # 1504
32965 # 1504
32965 # 1504
32967 # 1504
32969 # 1504
32969 # 1504
32970 # 1504
32974 # 1504
32976 # 1504
32980 # 1504
32983 # 1504
32987 # 1504
32998 # 1504
32998 # 1504
33000 # 1504
33007 # 1504
33009 # 1504
33016 # 1504
33019 # 1504
33034 # 1504
33043 # 1504
33073 # 1504
33124 # 1504
33127 # 1504
33127 # 1504
33128 # 1504
33129 # 1504
33155 # 1504
33155 # 1504
33158 # 1504
33165 # 1504
33165 # 1504
33176 # 1504
33179 # 1504
33181 # 1504
33197 # 1504
