Scheme	Traffic	Time (s)	Throughput (Mbit/s)
aurora	egress	3.30	0.00
aurora	egress	3.45	0.01
aurora	egress	3.60	2.71
aurora	egress	3.75	6.09
aurora	egress	3.90	6.26
aurora	egress	4.05	7.53
aurora	egress	4.20	9.20
aurora	egress	4.35	6.93
aurora	egress	4.50	6.26
aurora	egress	4.65	6.34
aurora	egress	4.80	5.32
aurora	egress	4.95	7.02
aurora	egress	5.10	4.98
aurora	egress	5.25	5.49
aurora	egress	5.40	5.41
aurora	egress	5.55	5.49
aurora	egress	5.70	4.99
aurora	egress	5.85	4.39
aurora	egress	6.00	5.24
aurora	egress	6.15	5.01
aurora	egress	6.30	4.39
aurora	egress	6.45	5.49
aurora	egress	6.60	5.57
aurora	egress	6.75	5.41
aurora	egress	6.90	4.98
aurora	egress	7.05	4.81
aurora	egress	7.20	4.90
aurora	egress	7.35	4.84
aurora	egress	7.50	4.90
aurora	egress	7.65	4.90
aurora	egress	7.80	4.30
aurora	egress	7.95	4.30
aurora	egress	8.10	4.58
aurora	egress	8.25	4.31
aurora	egress	8.40	4.39
aurora	egress	8.55	4.13
aurora	egress	8.70	4.83
aurora	egress	8.85	4.31
aurora	egress	9.00	5.07
aurora	egress	9.15	4.73
aurora	egress	9.30	4.73
aurora	egress	9.45	5.09
aurora	egress	9.60	4.90
aurora	egress	9.75	5.24
aurora	egress	9.90	4.05
aurora	egress	10.05	4.13
aurora	egress	10.20	5.92
aurora	egress	10.35	6.59
aurora	egress	10.50	4.90
aurora	egress	10.65	4.08
aurora	egress	10.80	4.47
aurora	egress	10.95	4.30
aurora	egress	11.10	2.55
aurora	egress	11.25	2.01
aurora	egress	11.40	3.57
aurora	egress	11.55	3.62
aurora	egress	11.70	4.73
aurora	egress	11.85	5.92
aurora	egress	12.00	4.50
aurora	egress	12.15	3.70
aurora	egress	12.30	3.46
aurora	egress	12.45	4.16
aurora	egress	12.60	0.85
aurora	egress	12.75	1.50
aurora	egress	12.90	5.32
aurora	egress	13.05	6.65
aurora	egress	13.20	3.06
aurora	egress	13.35	2.77
aurora	egress	13.50	2.80
aurora	egress	13.65	2.52
aurora	egress	13.80	0.34
aurora	egress	13.95	2.29
aurora	egress	14.10	3.57
aurora	egress	14.25	2.52
aurora	egress	14.40	2.63
aurora	egress	14.55	3.37
aurora	egress	14.70	2.38
aurora	egress	14.85	2.26
aurora	egress	15.00	2.21
aurora	egress	15.15	2.04
aurora	egress	15.30	2.51
aurora	egress	15.45	2.30
aurora	egress	15.60	2.18
aurora	egress	15.75	2.04
aurora	egress	15.90	1.78
aurora	egress	16.05	3.02
aurora	egress	16.20	2.04
aurora	egress	16.35	2.38
aurora	egress	16.50	2.09
aurora	egress	16.65	1.87
aurora	egress	16.80	2.04
aurora	egress	16.95	1.41
aurora	egress	17.10	1.79
aurora	egress	17.25	2.55
aurora	egress	17.40	2.01
aurora	egress	17.55	2.72
aurora	egress	17.70	2.35
aurora	egress	17.85	0.93
aurora	egress	18.00	1.10
aurora	egress	18.15	0.76
aurora	egress	18.30	1.36
aurora	egress	18.45	8.44
aurora	egress	18.60	2.21
aurora	egress	18.75	2.18
aurora	egress	18.90	2.12
aurora	egress	19.05	2.37
aurora	egress	19.20	2.10
aurora	egress	19.35	2.29
aurora	egress	19.50	2.35
aurora	egress	19.65	2.12
aurora	egress	19.80	2.38
aurora	egress	19.95	2.17
aurora	egress	20.10	2.12
aurora	egress	20.25	2.47
aurora	egress	20.40	2.09
aurora	egress	20.55	2.29
aurora	egress	20.70	2.26
aurora	egress	20.85	2.21
aurora	egress	21.00	2.29
aurora	egress	21.15	2.35
aurora	egress	21.30	2.12
aurora	egress	21.45	2.35
aurora	egress	21.60	2.29
aurora	egress	21.75	2.29
aurora	egress	21.90	2.18
aurora	egress	22.05	2.46
aurora	egress	22.20	2.94
aurora	egress	22.35	3.48
aurora	egress	22.50	3.20
aurora	egress	22.65	3.65
aurora	egress	22.80	3.79
aurora	egress	22.95	3.54
aurora	egress	23.10	4.25
aurora	egress	23.25	4.73
aurora	egress	23.40	5.74
aurora	egress	23.55	5.67
aurora	egress	23.70	5.57
aurora	egress	23.85	5.33
aurora	egress	24.00	5.66
aurora	egress	24.15	5.58
aurora	egress	24.30	5.75
aurora	egress	24.45	6.00
aurora	egress	24.60	6.51
aurora	egress	24.75	6.68
aurora	egress	24.90	6.59
aurora	egress	25.05	6.68
aurora	egress	25.20	6.82
aurora	egress	25.35	6.51
aurora	egress	25.50	7.10
aurora	egress	25.65	7.45
aurora	egress	25.80	7.19
aurora	egress	25.95	7.42
aurora	egress	26.10	7.44
aurora	egress	26.25	6.43
aurora	egress	26.40	6.76
aurora	egress	26.55	9.02
aurora	egress	26.70	7.45
aurora	egress	26.85	5.66
aurora	egress	27.00	8.18
aurora	egress	27.15	7.69
aurora	egress	27.30	6.85
aurora	egress	27.45	7.44
aurora	egress	27.60	7.25
aurora	egress	27.75	6.76
aurora	egress	27.90	7.10
aurora	egress	28.05	6.42
aurora	egress	28.20	6.68
aurora	egress	28.35	6.77
aurora	egress	28.50	6.25
aurora	egress	28.65	7.76
aurora	egress	28.80	7.10
aurora	egress	28.95	9.79
aurora	egress	29.10	7.96
aurora	egress	29.25	8.38
aurora	egress	29.40	8.69
aurora	egress	29.55	8.46
aurora	egress	29.70	7.93
aurora	egress	29.85	8.72
aurora	egress	30.00	8.61
aurora	egress	30.15	6.93
aurora	egress	30.30	9.40
aurora	egress	30.45	8.10
aurora	egress	30.60	8.12
aurora	egress	30.75	8.01
aurora	egress	30.90	7.44
aurora	egress	31.05	7.78
aurora	egress	31.20	6.59
aurora	egress	31.35	5.41
aurora	egress	31.50	4.73
aurora	egress	31.65	5.58
aurora	egress	31.80	5.15
aurora	egress	31.95	7.44
aurora	egress	32.10	6.09
aurora	egress	32.25	4.98
aurora	egress	32.40	5.75
aurora	egress	32.55	4.98
aurora	egress	32.70	4.98
aurora	egress	32.85	3.40
aurora	egress	33.00	3.88
aurora	egress	33.15	3.37
aurora	egress	33.30	1.19
aurora	ingress	3.15	0.01
aurora	ingress	3.30	0.01
aurora	ingress	3.45	9.48
aurora	ingress	3.60	5.83
aurora	ingress	3.75	6.17
aurora	ingress	3.90	6.26
aurora	ingress	4.05	6.17
aurora	ingress	4.20	5.66
aurora	ingress	4.35	6.34
aurora	ingress	4.50	6.34
aurora	ingress	4.65	6.31
aurora	ingress	4.80	6.00
aurora	ingress	4.95	4.92
aurora	ingress	5.10	5.67
aurora	ingress	5.25	5.32
aurora	ingress	5.40	5.41
aurora	ingress	5.55	4.90
aurora	ingress	5.70	4.64
aurora	ingress	5.85	5.07
aurora	ingress	6.00	4.81
aurora	ingress	6.15	4.92
aurora	ingress	6.30	5.32
aurora	ingress	6.45	5.32
aurora	ingress	6.60	5.41
aurora	ingress	6.75	4.98
aurora	ingress	6.90	4.81
aurora	ingress	7.05	4.90
aurora	ingress	7.20	4.75
aurora	ingress	7.35	5.07
aurora	ingress	7.50	4.73
aurora	ingress	7.65	4.39
aurora	ingress	7.80	4.39
aurora	ingress	7.95	4.41
aurora	ingress	8.10	4.31
aurora	ingress	8.25	4.39
aurora	ingress	8.40	4.39
aurora	ingress	8.55	4.58
aurora	ingress	8.70	4.47
aurora	ingress	8.85	5.07
aurora	ingress	9.00	4.56
aurora	ingress	9.15	4.98
aurora	ingress	9.30	4.98
aurora	ingress	9.45	4.75
aurora	ingress	9.60	5.32
aurora	ingress	9.75	5.32
aurora	ingress	9.90	5.49
aurora	ingress	10.05	5.07
aurora	ingress	10.20	5.07
aurora	ingress	10.35	4.56
aurora	ingress	10.50	4.33
aurora	ingress	10.65	4.30
aurora	ingress	10.80	4.22
aurora	ingress	10.95	3.71
aurora	ingress	11.10	3.74
aurora	ingress	11.25	4.05
aurora	ingress	11.40	3.88
aurora	ingress	11.55	3.65
aurora	ingress	11.70	3.79
aurora	ingress	11.85	3.99
aurora	ingress	12.00	3.79
aurora	ingress	12.15	3.79
aurora	ingress	12.30	3.74
aurora	ingress	12.45	3.88
aurora	ingress	12.60	3.77
aurora	ingress	12.75	3.31
aurora	ingress	12.90	3.28
aurora	ingress	13.05	2.97
aurora	ingress	13.20	2.77
aurora	ingress	13.35	2.72
aurora	ingress	13.50	2.69
aurora	ingress	13.65	2.89
aurora	ingress	13.80	2.72
aurora	ingress	13.95	2.60
aurora	ingress	14.10	2.21
aurora	ingress	14.25	2.18
aurora	ingress	14.40	2.21
aurora	ingress	14.55	2.21
aurora	ingress	14.70	2.26
aurora	ingress	14.85	2.29
aurora	ingress	15.00	2.26
aurora	ingress	15.15	2.29
aurora	ingress	15.30	2.21
aurora	ingress	15.45	2.09
aurora	ingress	15.60	2.29
aurora	ingress	15.75	2.21
aurora	ingress	15.90	2.35
aurora	ingress	16.05	2.21
aurora	ingress	16.20	2.18
aurora	ingress	16.35	2.29
aurora	ingress	16.50	2.21
aurora	ingress	16.65	2.35
aurora	ingress	16.80	2.29
aurora	ingress	16.95	2.21
aurora	ingress	17.10	2.35
aurora	ingress	17.25	2.29
aurora	ingress	17.40	2.09
aurora	ingress	17.55	2.29
aurora	ingress	17.70	2.21
aurora	ingress	17.85	2.18
aurora	ingress	18.00	2.21
aurora	ingress	18.15	2.21
aurora	ingress	18.30	2.26
aurora	ingress	18.45	2.21
aurora	ingress	18.60	2.18
aurora	ingress	18.75	2.21
aurora	ingress	18.90	2.21
aurora	ingress	19.05	2.26
aurora	ingress	19.20	2.29
aurora	ingress	19.35	2.26
aurora	ingress	19.50	2.21
aurora	ingress	19.65	2.29
aurora	ingress	19.80	2.18
aurora	ingress	19.95	2.20
aurora	ingress	20.10	2.38
aurora	ingress	20.25	2.09
aurora	ingress	20.40	2.29
aurora	ingress	20.55	2.26
aurora	ingress	20.70	2.38
aurora	ingress	20.85	2.21
aurora	ingress	21.00	2.26
aurora	ingress	21.15	2.21
aurora	ingress	21.30	2.26
aurora	ingress	21.45	2.29
aurora	ingress	21.60	2.29
aurora	ingress	21.75	2.18
aurora	ingress	21.90	2.46
aurora	ingress	22.05	3.20
aurora	ingress	22.20	3.31
aurora	ingress	22.35	3.28
aurora	ingress	22.50	3.65
aurora	ingress	22.65	3.79
aurora	ingress	22.80	3.79
aurora	ingress	22.95	4.16
aurora	ingress	23.10	4.98
aurora	ingress	23.25	5.75
aurora	ingress	23.40	5.66
aurora	ingress	23.55	5.49
aurora	ingress	23.70	5.49
aurora	ingress	23.85	5.66
aurora	ingress	24.00	5.58
aurora	ingress	24.15	5.66
aurora	ingress	24.30	6.00
aurora	ingress	24.45	6.68
aurora	ingress	24.60	6.68
aurora	ingress	24.75	6.74
aurora	ingress	24.90	6.59
aurora	ingress	25.05	6.85
aurora	ingress	25.20	6.76
aurora	ingress	25.35	7.10
aurora	ingress	25.50	7.10
aurora	ingress	25.65	7.42
aurora	ingress	25.80	7.36
aurora	ingress	25.95	7.87
aurora	ingress	26.10	7.33
aurora	ingress	26.25	7.53
aurora	ingress	26.40	7.19
aurora	ingress	26.55	7.61
aurora	ingress	26.70	7.08
aurora	ingress	26.85	6.76
aurora	ingress	27.00	7.44
aurora	ingress	27.15	6.93
aurora	ingress	27.30	7.10
aurora	ingress	27.45	7.08
aurora	ingress	27.60	7.02
aurora	ingress	27.75	6.76
aurora	ingress	27.90	6.51
aurora	ingress	28.05	6.85
aurora	ingress	28.20	6.51
aurora	ingress	28.35	6.82
aurora	ingress	28.50	7.44
aurora	ingress	28.65	8.21
aurora	ingress	28.80	8.69
aurora	ingress	28.95	8.29
aurora	ingress	29.10	8.44
aurora	ingress	29.25	8.46
aurora	ingress	29.40	8.61
aurora	ingress	29.55	8.55
aurora	ingress	29.70	8.52
aurora	ingress	29.85	8.12
aurora	ingress	30.00	7.87
aurora	ingress	30.15	8.10
aurora	ingress	30.30	8.29
aurora	ingress	30.45	7.95
aurora	ingress	30.60	8.18
aurora	ingress	30.75	7.70
aurora	ingress	30.90	7.70
aurora	ingress	31.05	7.50
aurora	ingress	31.20	7.70
aurora	ingress	31.35	8.12
aurora	ingress	31.50	7.33
aurora	ingress	31.65	7.44
aurora	ingress	31.80	7.70
aurora	ingress	31.95	7.50
aurora	ingress	32.10	7.10
aurora	ingress	32.25	7.10
aurora	ingress	32.40	7.19
aurora	ingress	32.55	7.08
aurora	ingress	32.70	7.19
aurora	ingress	32.85	7.10
aurora	ingress	33.00	7.10
aurora	ingress	33.15	2.52
bbr	egress	3.15	0.00
bbr	egress	3.30	1.29
bbr	egress	3.45	4.64
bbr	egress	3.60	3.44
bbr	egress	3.75	6.16
bbr	egress	3.90	6.24
bbr	egress	4.05	7.44
bbr	egress	4.20	9.36
bbr	egress	4.35	7.68
bbr	egress	4.50	8.56
bbr	egress	4.65	7.68
bbr	egress	4.80	5.92
bbr	egress	4.95	7.60
bbr	egress	5.10	10.24
bbr	egress	5.25	9.36
bbr	egress	5.40	5.92
bbr	egress	5.55	8.56
bbr	egress	5.70	8.48
bbr	egress	5.85	8.08
bbr	egress	6.00	9.12
bbr	egress	6.15	6.40
bbr	egress	6.30	6.96
bbr	egress	6.45	7.68
bbr	egress	6.60	10.16
bbr	egress	6.75	9.28
bbr	egress	6.90	7.60
bbr	egress	7.05	8.56
bbr	egress	7.20	8.32
bbr	egress	7.35	8.56
bbr	egress	7.50	9.12
bbr	egress	7.65	9.28
bbr	egress	7.80	9.12
bbr	egress	7.95	8.16
bbr	egress	8.10	9.28
bbr	egress	8.25	7.36
bbr	egress	8.40	7.04
bbr	egress	8.55	5.76
bbr	egress	8.70	7.36
bbr	egress	8.85	7.36
bbr	egress	9.00	6.56
bbr	egress	9.15	7.60
bbr	egress	9.30	6.88
bbr	egress	9.45	5.52
bbr	egress	9.60	6.80
bbr	egress	9.75	8.00
bbr	egress	9.90	4.24
bbr	egress	10.05	4.00
bbr	egress	10.20	5.92
bbr	egress	10.35	6.64
bbr	egress	10.50	8.24
bbr	egress	10.65	4.48
bbr	egress	10.80	4.80
bbr	egress	10.95	4.88
bbr	egress	11.10	2.72
bbr	egress	11.25	2.00
bbr	egress	11.40	3.52
bbr	egress	11.55	3.60
bbr	egress	11.70	4.72
bbr	egress	11.85	6.00
bbr	egress	12.00	5.76
bbr	egress	12.15	5.12
bbr	egress	12.30	3.76
bbr	egress	12.45	5.04
bbr	egress	12.60	1.76
bbr	egress	12.75	1.44
bbr	egress	12.90	5.28
bbr	egress	13.05	8.40
bbr	egress	13.20	6.80
bbr	egress	13.35	2.48
bbr	egress	13.50	1.12
bbr	egress	13.65	7.84
bbr	egress	13.80	0.32
bbr	egress	13.95	2.32
bbr	egress	14.10	3.60
bbr	egress	14.25	2.56
bbr	egress	14.40	2.64
bbr	egress	14.55	3.36
bbr	egress	14.70	2.96
bbr	egress	14.85	3.04
bbr	egress	15.00	2.80
bbr	egress	15.15	2.16
bbr	egress	15.30	3.44
bbr	egress	15.45	3.68
bbr	egress	15.60	3.52
bbr	egress	15.75	3.44
bbr	egress	15.90	1.76
bbr	egress	16.05	3.12
bbr	egress	16.20	2.88
bbr	egress	16.35	3.36
bbr	egress	16.50	3.04
bbr	egress	16.65	1.84
bbr	egress	16.80	1.92
bbr	egress	16.95	1.36
bbr	egress	17.10	1.84
bbr	egress	17.25	2.56
bbr	egress	17.40	2.00
bbr	egress	17.55	2.72
bbr	egress	17.70	2.32
bbr	egress	17.85	0.96
bbr	egress	18.00	1.12
bbr	egress	18.15	0.80
bbr	egress	18.30	1.36
bbr	egress	18.45	5.04
bbr	egress	18.60	4.32
bbr	egress	18.75	4.48
bbr	egress	18.90	5.44
bbr	egress	19.05	4.32
bbr	egress	19.20	7.52
bbr	egress	19.35	7.52
bbr	egress	19.50	8.56
bbr	egress	19.65	9.28
bbr	egress	19.80	10.64
bbr	egress	19.95	10.48
bbr	egress	20.10	12.00
bbr	egress	20.25	10.08
bbr	egress	20.40	9.52
bbr	egress	20.55	8.88
bbr	egress	20.70	9.36
bbr	egress	20.85	12.80
bbr	egress	21.00	12.00
bbr	egress	21.15	12.96
bbr	egress	21.30	11.12
bbr	egress	21.45	12.72
bbr	egress	21.60	13.04
bbr	egress	21.75	13.28
bbr	egress	21.90	14.72
bbr	egress	22.05	13.92
bbr	egress	22.20	12.88
bbr	egress	22.35	10.00
bbr	egress	22.50	11.04
bbr	egress	22.65	11.68
bbr	egress	22.80	9.20
bbr	egress	22.95	12.08
bbr	egress	23.10	11.92
bbr	egress	23.25	11.84
bbr	egress	23.40	12.00
bbr	egress	23.55	10.64
bbr	egress	23.70	5.68
bbr	egress	23.85	0.88
bbr	egress	24.00	6.08
bbr	egress	24.15	9.84
bbr	egress	24.30	8.96
bbr	egress	24.45	9.76
bbr	egress	24.60	10.88
bbr	egress	24.75	10.56
bbr	egress	24.90	8.32
bbr	egress	25.05	8.88
bbr	egress	25.20	9.36
bbr	egress	25.35	9.52
bbr	egress	25.50	10.00
bbr	egress	25.65	9.12
bbr	egress	25.80	8.00
bbr	egress	25.95	8.00
bbr	egress	26.10	7.68
bbr	egress	26.25	6.48
bbr	egress	26.40	6.72
bbr	egress	26.55	9.04
bbr	egress	26.70	7.60
bbr	egress	26.85	5.76
bbr	egress	27.00	8.24
bbr	egress	27.15	8.48
bbr	egress	27.30	8.16
bbr	egress	27.45	8.24
bbr	egress	27.60	7.84
bbr	egress	27.75	9.20
bbr	egress	27.90	11.20
bbr	egress	28.05	8.48
bbr	egress	28.20	7.84
bbr	egress	28.35	10.56
bbr	egress	28.50	9.36
bbr	egress	28.65	10.40
bbr	egress	28.80	8.72
bbr	egress	28.95	10.64
bbr	egress	29.10	9.60
bbr	egress	29.25	10.32
bbr	egress	29.40	9.12
bbr	egress	29.55	8.64
bbr	egress	29.70	8.00
bbr	egress	29.85	8.56
bbr	egress	30.00	9.84
bbr	egress	30.15	9.76
bbr	egress	30.30	10.40
bbr	egress	30.45	10.40
bbr	egress	30.60	11.36
bbr	egress	30.75	11.52
bbr	egress	30.90	12.24
bbr	egress	31.05	9.84
bbr	egress	31.20	6.96
bbr	egress	31.35	5.44
bbr	egress	31.50	4.72
bbr	egress	31.65	5.60
bbr	egress	31.80	5.20
bbr	egress	31.95	7.44
bbr	egress	32.10	6.08
bbr	egress	32.25	5.04
bbr	egress	32.40	5.76
bbr	egress	32.55	4.96
bbr	egress	32.70	4.88
bbr	egress	32.85	3.52
bbr	egress	33.00	3.76
bbr	egress	33.15	3.52
bbr	egress	33.30	0.32
bbr	ingress	3.15	2.41
bbr	ingress	3.30	5.52
bbr	ingress	3.45	5.52
bbr	ingress	3.60	6.08
bbr	ingress	3.75	7.04
bbr	ingress	3.90	8.64
bbr	ingress	4.05	10.72
bbr	ingress	4.20	7.84
bbr	ingress	4.35	8.64
bbr	ingress	4.50	7.68
bbr	ingress	4.65	3.84
bbr	ingress	4.80	3.52
bbr	ingress	4.95	10.96
bbr	ingress	5.10	12.24
bbr	ingress	5.25	7.52
bbr	ingress	5.40	8.00
bbr	ingress	5.55	8.48
bbr	ingress	5.70	8.80
bbr	ingress	5.85	8.32
bbr	ingress	6.00	7.20
bbr	ingress	6.15	6.24
bbr	ingress	6.30	6.40
bbr	ingress	6.45	8.64
bbr	ingress	6.60	9.12
bbr	ingress	6.75	9.12
bbr	ingress	6.90	8.16
bbr	ingress	7.05	8.32
bbr	ingress	7.20	8.80
bbr	ingress	7.35	9.28
bbr	ingress	7.50	8.80
bbr	ingress	7.65	8.80
bbr	ingress	7.80	9.28
bbr	ingress	7.95	7.04
bbr	ingress	8.10	8.48
bbr	ingress	8.25	8.00
bbr	ingress	8.40	6.56
bbr	ingress	8.55	6.56
bbr	ingress	8.70	7.52
bbr	ingress	8.85	6.56
bbr	ingress	9.00	5.60
bbr	ingress	9.15	9.12
bbr	ingress	9.30	4.32
bbr	ingress	9.45	6.08
bbr	ingress	9.60	6.24
bbr	ingress	9.75	7.20
bbr	ingress	9.90	4.00
bbr	ingress	10.05	4.48
bbr	ingress	10.20	6.56
bbr	ingress	10.35	7.52
bbr	ingress	10.50	6.72
bbr	ingress	10.65	4.48
bbr	ingress	10.80	4.64
bbr	ingress	10.95	3.68
bbr	ingress	11.10	0.64
bbr	ingress	11.25	3.20
bbr	ingress	11.40	4.80
bbr	ingress	11.55	4.32
bbr	ingress	11.70	4.64
bbr	ingress	11.85	6.88
bbr	ingress	12.00	5.76
bbr	ingress	12.15	4.00
bbr	ingress	12.30	1.92
bbr	ingress	12.45	4.64
bbr	ingress	12.60	0.96
bbr	ingress	12.75	4.48
bbr	ingress	12.90	6.24
bbr	ingress	13.05	7.04
bbr	ingress	13.20	1.28
bbr	ingress	13.35	2.24
bbr	ingress	13.50	8.32
bbr	ingress	13.65	4.48
bbr	ingress	13.80	1.92
bbr	ingress	13.95	3.36
bbr	ingress	14.10	3.04
bbr	ingress	14.25	2.40
bbr	ingress	14.40	2.88
bbr	ingress	14.55	3.52
bbr	ingress	14.70	2.72
bbr	ingress	14.85	3.20
bbr	ingress	15.00	2.08
bbr	ingress	15.15	0.32
bbr	ingress	15.30	6.72
bbr	ingress	15.45	3.36
bbr	ingress	15.60	2.88
bbr	ingress	15.75	1.60
bbr	ingress	15.90	3.84
bbr	ingress	16.05	3.04
bbr	ingress	16.20	3.04
bbr	ingress	16.35	0.48
bbr	ingress	16.50	0.00
bbr	ingress	16.65	3.04
bbr	ingress	16.80	0.80
bbr	ingress	16.95	3.12
bbr	ingress	17.10	2.48
bbr	ingress	17.25	1.92
bbr	ingress	17.40	2.56
bbr	ingress	17.55	2.56
bbr	ingress	17.70	1.28
bbr	ingress	17.85	1.12
bbr	ingress	18.00	0.96
bbr	ingress	18.15	0.40
bbr	ingress	18.30	3.76
bbr	ingress	18.45	4.32
bbr	ingress	18.60	4.64
bbr	ingress	18.75	5.28
bbr	ingress	18.90	6.08
bbr	ingress	19.05	6.24
bbr	ingress	19.20	7.84
bbr	ingress	19.35	8.64
bbr	ingress	19.50	9.44
bbr	ingress	19.65	11.04
bbr	ingress	19.80	11.36
bbr	ingress	19.95	11.84
bbr	ingress	20.10	12.80
bbr	ingress	20.25	10.40
bbr	ingress	20.40	8.64
bbr	ingress	20.55	9.12
bbr	ingress	20.70	11.04
bbr	ingress	20.85	12.96
bbr	ingress	21.00	12.80
bbr	ingress	21.15	12.32
bbr	ingress	21.30	11.84
bbr	ingress	21.45	12.48
bbr	ingress	21.60	13.44
bbr	ingress	21.75	12.80
bbr	ingress	21.90	13.76
bbr	ingress	22.05	14.72
bbr	ingress	22.20	12.64
bbr	ingress	22.35	10.56
bbr	ingress	22.50	12.16
bbr	ingress	22.65	9.60
bbr	ingress	22.80	10.40
bbr	ingress	22.95	12.32
bbr	ingress	23.10	12.16
bbr	ingress	23.25	10.72
bbr	ingress	23.40	10.56
bbr	ingress	23.55	0.56
bbr	ingress	23.70	0.96
bbr	ingress	23.85	11.60
bbr	ingress	24.00	8.16
bbr	ingress	24.15	9.28
bbr	ingress	24.30	8.16
bbr	ingress	24.45	10.48
bbr	ingress	24.60	11.44
bbr	ingress	24.75	10.40
bbr	ingress	24.90	9.28
bbr	ingress	25.05	8.96
bbr	ingress	25.20	9.28
bbr	ingress	25.35	10.56
bbr	ingress	25.50	8.56
bbr	ingress	25.65	8.40
bbr	ingress	25.80	7.20
bbr	ingress	25.95	6.08
bbr	ingress	26.10	9.28
bbr	ingress	26.25	6.40
bbr	ingress	26.40	8.32
bbr	ingress	26.55	8.00
bbr	ingress	26.70	5.76
bbr	ingress	26.85	6.88
bbr	ingress	27.00	8.48
bbr	ingress	27.15	8.96
bbr	ingress	27.30	5.44
bbr	ingress	27.45	8.80
bbr	ingress	27.60	9.12
bbr	ingress	27.75	9.44
bbr	ingress	27.90	10.56
bbr	ingress	28.05	9.60
bbr	ingress	28.20	8.64
bbr	ingress	28.35	10.88
bbr	ingress	28.50	9.12
bbr	ingress	28.65	9.92
bbr	ingress	28.80	10.72
bbr	ingress	28.95	9.12
bbr	ingress	29.10	10.72
bbr	ingress	29.25	9.76
bbr	ingress	29.40	8.80
bbr	ingress	29.55	8.32
bbr	ingress	29.70	8.32
bbr	ingress	29.85	9.76
bbr	ingress	30.00	8.96
bbr	ingress	30.15	10.72
bbr	ingress	30.30	10.08
bbr	ingress	30.45	10.40
bbr	ingress	30.60	11.04
bbr	ingress	30.75	11.36
bbr	ingress	30.90	12.80
bbr	ingress	31.05	8.80
bbr	ingress	31.20	5.60
bbr	ingress	31.35	4.32
bbr	ingress	31.50	5.44
bbr	ingress	31.65	5.44
bbr	ingress	31.80	7.04
bbr	ingress	31.95	5.92
bbr	ingress	32.10	5.76
bbr	ingress	32.25	5.76
bbr	ingress	32.40	4.80
bbr	ingress	32.55	3.28
bbr	ingress	32.70	3.92
bbr	ingress	32.85	3.84
bbr	ingress	33.00	3.36
bbr	ingress	33.15	0.32
pareto	egress	3.15	0.00
pareto	egress	3.30	0.16
pareto	egress	3.45	0.80
pareto	egress	3.60	0.56
pareto	egress	3.75	0.56
pareto	egress	3.90	0.64
pareto	egress	4.05	0.40
pareto	egress	4.20	0.40
pareto	egress	4.35	0.32
pareto	egress	4.50	0.24
pareto	egress	4.65	0.24
pareto	egress	4.80	0.16
pareto	egress	4.95	0.40
pareto	egress	5.10	0.24
pareto	egress	5.25	0.32
pareto	egress	5.40	0.24
pareto	egress	5.55	0.32
pareto	egress	5.70	0.32
pareto	egress	5.85	0.40
pareto	egress	6.00	0.80
pareto	egress	6.15	0.48
pareto	egress	6.30	0.16
pareto	egress	6.45	0.16
pareto	egress	6.60	0.16
pareto	egress	6.75	0.16
pareto	egress	6.90	0.16
pareto	egress	7.05	0.16
pareto	egress	7.20	0.08
pareto	egress	7.35	0.16
pareto	egress	7.50	0.08
pareto	egress	7.65	0.08
pareto	egress	7.80	0.16
pareto	egress	7.95	0.16
pareto	egress	8.10	0.08
pareto	egress	8.25	0.16
pareto	egress	8.40	0.16
pareto	egress	8.55	0.08
pareto	egress	8.70	0.16
pareto	egress	8.85	0.16
pareto	egress	9.00	0.16
pareto	egress	9.15	0.16
pareto	egress	9.30	0.24
pareto	egress	9.45	0.24
pareto	egress	9.60	0.24
pareto	egress	9.75	0.16
pareto	egress	9.90	0.16
pareto	egress	10.05	0.16
pareto	egress	10.20	0.16
pareto	egress	10.35	0.16
pareto	egress	10.50	0.24
pareto	egress	10.65	0.16
pareto	egress	10.80	0.16
pareto	egress	10.95	0.16
pareto	egress	11.10	0.16
pareto	egress	11.25	0.16
pareto	egress	11.40	0.16
pareto	egress	11.55	0.16
pareto	egress	11.70	0.24
pareto	egress	11.85	0.16
pareto	egress	12.00	0.16
pareto	egress	12.15	0.16
pareto	egress	12.30	0.08
pareto	egress	12.45	0.16
pareto	egress	12.60	0.08
pareto	egress	12.75	0.16
pareto	egress	12.90	0.08
pareto	egress	13.05	0.08
pareto	egress	13.20	0.16
pareto	egress	13.35	0.08
pareto	egress	13.50	0.16
pareto	egress	13.65	0.08
pareto	egress	13.80	0.16
pareto	egress	13.95	0.08
pareto	egress	14.10	0.08
pareto	egress	14.25	0.16
pareto	egress	14.40	0.16
pareto	egress	14.55	0.16
pareto	egress	14.70	0.08
pareto	egress	14.85	0.08
pareto	egress	15.00	0.08
pareto	egress	15.15	0.16
pareto	egress	15.30	0.08
pareto	egress	15.45	0.16
pareto	egress	15.60	0.08
pareto	egress	15.75	0.08
pareto	egress	15.90	0.16
pareto	egress	16.05	0.08
pareto	egress	16.20	0.08
pareto	egress	16.35	0.16
pareto	egress	16.50	0.16
pareto	egress	16.65	0.08
pareto	egress	16.80	0.16
pareto	egress	16.95	0.08
pareto	egress	17.10	0.08
pareto	egress	17.25	0.16
pareto	egress	17.40	0.08
pareto	egress	17.55	0.16
pareto	egress	17.70	0.08
pareto	egress	17.85	0.16
pareto	egress	18.00	0.08
pareto	egress	18.15	0.16
pareto	egress	18.30	0.08
pareto	egress	18.45	0.16
pareto	egress	18.60	0.08
pareto	egress	18.75	0.08
pareto	egress	18.90	0.16
pareto	egress	19.05	0.08
pareto	egress	19.20	0.16
pareto	egress	19.35	0.08
pareto	egress	19.50	0.08
pareto	egress	19.65	0.16
pareto	egress	19.80	0.16
pareto	egress	19.95	0.16
pareto	egress	20.10	0.16
pareto	egress	20.25	0.24
pareto	egress	20.40	0.24
pareto	egress	20.55	0.16
pareto	egress	20.70	0.24
pareto	egress	20.85	0.16
pareto	egress	21.00	0.24
pareto	egress	21.15	0.24
pareto	egress	21.30	0.16
pareto	egress	21.45	0.16
pareto	egress	21.60	0.24
pareto	egress	21.75	0.16
pareto	egress	21.90	0.08
pareto	egress	22.05	0.08
pareto	egress	22.20	0.16
pareto	egress	22.35	0.32
pareto	egress	22.50	0.24
pareto	egress	22.65	0.24
pareto	egress	22.80	0.24
pareto	egress	22.95	0.32
pareto	egress	23.10	0.64
pareto	egress	23.25	0.80
pareto	egress	23.40	0.88
pareto	egress	23.55	1.04
pareto	egress	23.70	0.72
pareto	egress	23.85	0.64
pareto	egress	24.00	0.80
pareto	egress	24.15	0.88
pareto	egress	24.30	0.96
pareto	egress	24.45	1.04
pareto	egress	24.60	1.04
pareto	egress	24.75	0.88
pareto	egress	24.90	0.64
pareto	egress	25.05	0.80
pareto	egress	25.20	0.80
pareto	egress	25.35	0.88
pareto	egress	25.50	0.88
pareto	egress	25.65	1.04
pareto	egress	25.80	1.04
pareto	egress	25.95	1.20
pareto	egress	26.10	0.80
pareto	egress	26.25	0.80
pareto	egress	26.40	0.96
pareto	egress	26.55	0.96
pareto	egress	26.70	1.04
pareto	egress	26.85	1.12
pareto	egress	27.00	1.20
pareto	egress	27.15	0.88
pareto	egress	27.30	0.72
pareto	egress	27.45	0.48
pareto	egress	27.60	0.48
pareto	egress	27.75	0.72
pareto	egress	27.90	0.80
pareto	egress	28.05	0.80
pareto	egress	28.20	0.56
pareto	egress	28.35	0.40
pareto	egress	28.50	0.24
pareto	egress	28.65	0.24
pareto	egress	28.80	0.24
pareto	egress	28.95	0.24
pareto	egress	29.10	0.32
pareto	egress	29.25	0.16
pareto	egress	29.40	0.24
pareto	egress	29.55	0.16
pareto	egress	29.70	0.24
pareto	egress	29.85	0.16
pareto	egress	30.00	0.08
pareto	egress	30.15	0.16
pareto	egress	30.30	0.08
pareto	egress	30.45	0.16
pareto	egress	30.60	0.16
pareto	egress	30.75	0.08
pareto	egress	30.90	0.16
pareto	egress	31.05	0.08
pareto	egress	31.20	0.16
pareto	egress	31.35	0.16
pareto	egress	31.50	0.16
pareto	egress	31.65	0.08
pareto	egress	31.80	0.16
pareto	egress	31.95	0.48
pareto	egress	32.10	1.04
pareto	egress	32.25	0.80
pareto	egress	32.40	0.72
pareto	egress	32.55	0.48
pareto	egress	32.70	0.40
pareto	egress	32.85	0.32
pareto	egress	33.00	0.24
pareto	egress	33.15	0.32
pareto	ingress	3.15	0.24
pareto	ingress	3.30	0.88
pareto	ingress	3.45	0.48
pareto	ingress	3.60	0.56
pareto	ingress	3.75	0.64
pareto	ingress	3.90	0.40
pareto	ingress	4.05	0.40
pareto	ingress	4.20	0.24
pareto	ingress	4.35	0.24
pareto	ingress	4.50	0.24
pareto	ingress	4.65	0.16
pareto	ingress	4.80	0.40
pareto	ingress	4.95	0.32
pareto	ingress	5.10	0.24
pareto	ingress	5.25	0.32
pareto	ingress	5.40	0.24
pareto	ingress	5.55	0.32
pareto	ingress	5.70	0.56
pareto	ingress	5.85	0.72
pareto	ingress	6.00	0.40
pareto	ingress	6.15	0.24
pareto	ingress	6.30	0.16
pareto	ingress	6.45	0.08
pareto	ingress	6.60	0.16
pareto	ingress	6.75	0.16
pareto	ingress	6.90	0.16
pareto	ingress	7.05	0.16
pareto	ingress	7.20	0.08
pareto	ingress	7.35	0.08
pareto	ingress	7.50	0.16
pareto	ingress	7.65	0.08
pareto	ingress	7.80	0.16
pareto	ingress	7.95	0.16
pareto	ingress	8.10	0.16
pareto	ingress	8.25	0.08
pareto	ingress	8.40	0.16
pareto	ingress	8.55	0.08
pareto	ingress	8.70	0.16
pareto	ingress	8.85	0.16
pareto	ingress	9.00	0.16
pareto	ingress	9.15	0.32
pareto	ingress	9.30	0.24
pareto	ingress	9.45	0.16
pareto	ingress	9.60	0.24
pareto	ingress	9.75	0.08
pareto	ingress	9.90	0.16
pareto	ingress	10.05	0.16
pareto	ingress	10.20	0.24
pareto	ingress	10.35	0.16
pareto	ingress	10.50	0.24
pareto	ingress	10.65	0.08
pareto	ingress	10.80	0.16
pareto	ingress	10.95	0.16
pareto	ingress	11.10	0.16
pareto	ingress	11.25	0.16
pareto	ingress	11.40	0.24
pareto	ingress	11.55	0.16
pareto	ingress	11.70	0.24
pareto	ingress	11.85	0.16
pareto	ingress	12.00	0.08
pareto	ingress	12.15	0.16
pareto	ingress	12.30	0.08
pareto	ingress	12.45	0.08
pareto	ingress	12.60	0.16
pareto	ingress	12.75	0.08
pareto	ingress	12.90	0.08
pareto	ingress	13.05	0.16
pareto	ingress	13.20	0.16
pareto	ingress	13.35	0.08
pareto	ingress	13.50	0.08
pareto	ingress	13.65	0.16
pareto	ingress	13.80	0.08
pareto	ingress	13.95	0.16
pareto	ingress	14.10	0.08
pareto	ingress	14.25	0.16
pareto	ingress	14.40	0.16
pareto	ingress	14.55	0.08
pareto	ingress	14.70	0.08
pareto	ingress	14.85	0.16
pareto	ingress	15.00	0.08
pareto	ingress	15.15	0.08
pareto	ingress	15.30	0.16
pareto	ingress	15.45	0.08
pareto	ingress	15.60	0.08
pareto	ingress	15.75	0.16
pareto	ingress	15.90	0.08
pareto	ingress	16.05	0.16
pareto	ingress	16.20	0.08
pareto	ingress	16.35	0.16
pareto	ingress	16.50	0.08
pareto	ingress	16.65	0.16
pareto	ingress	16.80	0.08
pareto	ingress	16.95	0.16
pareto	ingress	17.10	0.08
pareto	ingress	17.25	0.08
pareto	ingress	17.40	0.16
pareto	ingress	17.55	0.16
pareto	ingress	17.70	0.08
pareto	ingress	17.85	0.16
pareto	ingress	18.00	0.08
pareto	ingress	18.15	0.16
pareto	ingress	18.30	0.08
pareto	ingress	18.45	0.08
pareto	ingress	18.60	0.16
pareto	ingress	18.75	0.08
pareto	ingress	18.90	0.08
pareto	ingress	19.05	0.16
pareto	ingress	19.20	0.08
pareto	ingress	19.35	0.16
pareto	ingress	19.50	0.08
pareto	ingress	19.65	0.16
pareto	ingress	19.80	0.16
pareto	ingress	19.95	0.24
pareto	ingress	20.10	0.24
pareto	ingress	20.25	0.16
pareto	ingress	20.40	0.24
pareto	ingress	20.55	0.16
pareto	ingress	20.70	0.24
pareto	ingress	20.85	0.16
pareto	ingress	21.00	0.24
pareto	ingress	21.15	0.16
pareto	ingress	21.30	0.24
pareto	ingress	21.45	0.16
pareto	ingress	21.60	0.16
pareto	ingress	21.75	0.08
pareto	ingress	21.90	0.16
pareto	ingress	22.05	0.16
pareto	ingress	22.20	0.32
pareto	ingress	22.35	0.24
pareto	ingress	22.50	0.24
pareto	ingress	22.65	0.24
pareto	ingress	22.80	0.24
pareto	ingress	22.95	0.72
pareto	ingress	23.10	0.88
pareto	ingress	23.25	0.88
pareto	ingress	23.40	0.96
pareto	ingress	23.55	0.72
pareto	ingress	23.70	0.72
pareto	ingress	23.85	0.80
pareto	ingress	24.00	0.88
pareto	ingress	24.15	0.96
pareto	ingress	24.30	1.04
pareto	ingress	24.45	1.04
pareto	ingress	24.60	0.80
pareto	ingress	24.75	0.72
pareto	ingress	24.90	0.72
pareto	ingress	25.05	0.80
pareto	ingress	25.20	0.88
pareto	ingress	25.35	0.96
pareto	ingress	25.50	1.04
pareto	ingress	25.65	1.04
pareto	ingress	25.80	1.20
pareto	ingress	25.95	0.80
pareto	ingress	26.10	0.88
pareto	ingress	26.25	0.88
pareto	ingress	26.40	0.96
pareto	ingress	26.55	1.04
pareto	ingress	26.70	1.12
pareto	ingress	26.85	1.28
pareto	ingress	27.00	0.80
pareto	ingress	27.15	0.64
pareto	ingress	27.30	0.48
pareto	ingress	27.45	0.56
pareto	ingress	27.60	0.72
pareto	ingress	27.75	0.80
pareto	ingress	27.90	0.72
pareto	ingress	28.05	0.56
pareto	ingress	28.20	0.32
pareto	ingress	28.35	0.32
pareto	ingress	28.50	0.24
pareto	ingress	28.65	0.24
pareto	ingress	28.80	0.24
pareto	ingress	28.95	0.24
pareto	ingress	29.10	0.24
pareto	ingress	29.25	0.16
pareto	ingress	29.40	0.16
pareto	ingress	29.55	0.24
pareto	ingress	29.70	0.16
pareto	ingress	29.85	0.16
pareto	ingress	30.00	0.08
pareto	ingress	30.15	0.16
pareto	ingress	30.30	0.08
pareto	ingress	30.45	0.16
pareto	ingress	30.60	0.16
pareto	ingress	30.75	0.08
pareto	ingress	30.90	0.16
pareto	ingress	31.05	0.08
pareto	ingress	31.20	0.16
pareto	ingress	31.35	0.16
pareto	ingress	31.50	0.08
pareto	ingress	31.65	0.24
pareto	ingress	31.80	0.56
pareto	ingress	31.95	1.12
pareto	ingress	32.10	0.64
pareto	ingress	32.25	0.72
pareto	ingress	32.40	0.48
pareto	ingress	32.55	0.40
pareto	ingress	32.70	0.24
pareto	ingress	32.85	0.32
pareto	ingress	33.00	0.32
pcc	egress	3.30	0.00
pcc	egress	3.45	0.01
pcc	egress	3.60	0.82
pcc	egress	3.75	3.08
pcc	egress	3.90	4.88
pcc	egress	4.05	7.51
pcc	egress	4.20	9.35
pcc	egress	4.35	5.55
pcc	egress	4.50	4.09
pcc	egress	4.65	4.14
pcc	egress	4.80	3.85
pcc	egress	4.95	4.41
pcc	egress	5.10	4.01
pcc	egress	5.25	3.97
pcc	egress	5.40	4.33
pcc	egress	5.55	3.85
pcc	egress	5.70	4.21
pcc	egress	5.85	3.68
pcc	egress	6.00	4.17
pcc	egress	6.15	4.09
pcc	egress	6.30	3.73
pcc	egress	6.45	4.09
pcc	egress	6.60	4.25
pcc	egress	6.75	3.98
pcc	egress	6.90	4.17
pcc	egress	7.05	4.08
pcc	egress	7.20	4.25
pcc	egress	7.35	4.38
pcc	egress	7.50	4.17
pcc	egress	7.65	4.25
pcc	egress	7.80	4.12
pcc	egress	7.95	4.17
pcc	egress	8.10	4.33
pcc	egress	8.25	4.34
pcc	egress	8.40	4.42
pcc	egress	8.55	4.13
pcc	egress	8.70	4.57
pcc	egress	8.85	4.25
pcc	egress	9.00	4.41
pcc	egress	9.15	4.45
pcc	egress	9.30	4.18
pcc	egress	9.45	4.57
pcc	egress	9.60	4.33
pcc	egress	9.75	4.37
pcc	egress	9.90	4.09
pcc	egress	10.05	3.93
pcc	egress	10.20	5.06
pcc	egress	10.35	4.36
pcc	egress	10.50	4.42
pcc	egress	10.65	3.93
pcc	egress	10.80	4.57
pcc	egress	10.95	4.45
pcc	egress	11.10	2.46
pcc	egress	11.25	2.01
pcc	egress	11.40	3.57
pcc	egress	11.55	3.61
pcc	egress	11.70	4.45
pcc	egress	11.85	6.28
pcc	egress	12.00	5.87
pcc	egress	12.15	4.97
pcc	egress	12.30	3.60
pcc	egress	12.45	4.81
pcc	egress	12.60	0.97
pcc	egress	12.75	1.37
pcc	egress	12.90	5.34
pcc	egress	13.05	8.42
pcc	egress	13.20	4.95
pcc	egress	13.35	4.25
pcc	egress	13.50	4.17
pcc	egress	13.65	4.09
pcc	egress	13.80	0.25
pcc	egress	13.95	2.33
pcc	egress	14.10	3.58
pcc	egress	14.25	2.59
pcc	egress	14.40	2.63
pcc	egress	14.55	3.40
pcc	egress	14.70	2.95
pcc	egress	14.85	3.00
pcc	egress	15.00	2.79
pcc	egress	15.15	2.16
pcc	egress	15.30	3.45
pcc	egress	15.45	3.72
pcc	egress	15.60	3.52
pcc	egress	15.75	3.44
pcc	egress	15.90	1.70
pcc	egress	16.05	3.11
pcc	egress	16.20	2.80
pcc	egress	16.35	3.48
pcc	egress	16.50	3.07
pcc	egress	16.65	1.78
pcc	egress	16.80	2.14
pcc	egress	16.95	1.29
pcc	egress	17.10	1.87
pcc	egress	17.25	2.53
pcc	egress	17.40	2.00
pcc	egress	17.55	2.73
pcc	egress	17.70	2.35
pcc	egress	17.85	0.97
pcc	egress	18.00	1.12
pcc	egress	18.15	0.77
pcc	egress	18.30	1.36
pcc	egress	18.45	9.52
pcc	egress	18.60	10.98
pcc	egress	18.75	12.96
pcc	egress	18.90	14.46
pcc	egress	19.05	6.89
pcc	egress	19.20	12.64
pcc	egress	19.35	14.24
pcc	egress	19.50	12.07
pcc	egress	19.65	4.17
pcc	egress	19.80	4.33
pcc	egress	19.95	4.14
pcc	egress	20.10	4.33
pcc	egress	20.25	4.33
pcc	egress	20.40	4.09
pcc	egress	20.55	4.41
pcc	egress	20.70	4.21
pcc	egress	20.85	3.93
pcc	egress	21.00	4.33
pcc	egress	21.15	4.45
pcc	egress	21.30	4.01
pcc	egress	21.45	4.33
pcc	egress	21.60	4.49
pcc	egress	21.75	4.57
pcc	egress	21.90	4.78
pcc	egress	22.05	4.89
pcc	egress	22.20	4.57
pcc	egress	22.35	4.81
pcc	egress	22.50	4.49
pcc	egress	22.65	4.89
pcc	egress	22.80	4.85
pcc	egress	22.95	4.64
pcc	egress	23.10	5.06
pcc	egress	23.25	4.81
pcc	egress	23.40	4.73
pcc	egress	23.55	4.97
pcc	egress	23.70	4.94
pcc	egress	23.85	4.73
pcc	egress	24.00	4.81
pcc	egress	24.15	4.97
pcc	egress	24.30	4.89
pcc	egress	24.45	4.80
pcc	egress	24.60	4.57
pcc	egress	24.75	5.10
pcc	egress	24.90	4.65
pcc	egress	25.05	4.81
pcc	egress	25.20	4.89
pcc	egress	25.35	4.65
pcc	egress	25.50	4.65
pcc	egress	25.65	4.86
pcc	egress	25.80	4.73
pcc	egress	25.95	4.57
pcc	egress	26.10	4.70
pcc	egress	26.25	3.86
pcc	egress	26.40	5.53
pcc	egress	26.55	4.45
pcc	egress	26.70	4.42
pcc	egress	26.85	4.57
pcc	egress	27.00	4.41
pcc	egress	27.15	4.61
pcc	egress	27.30	4.73
pcc	egress	27.45	4.58
pcc	egress	27.60	4.65
pcc	egress	27.75	4.41
pcc	egress	27.90	4.73
pcc	egress	28.05	4.54
pcc	egress	28.20	4.41
pcc	egress	28.35	4.74
pcc	egress	28.50	4.33
pcc	egress	28.65	4.89
pcc	egress	28.80	4.38
pcc	egress	28.95	4.74
pcc	egress	29.10	4.73
pcc	egress	29.25	4.90
pcc	egress	29.40	5.13
pcc	egress	29.55	5.37
pcc	egress	29.70	5.21
pcc	egress	29.85	5.26
pcc	egress	30.00	4.97
pcc	egress	30.15	5.06
pcc	egress	30.30	5.29
pcc	egress	30.45	5.21
pcc	egress	30.60	5.05
pcc	egress	30.75	4.81
pcc	egress	30.90	5.05
pcc	egress	31.05	4.97
pcc	egress	31.20	4.21
pcc	egress	31.35	4.55
pcc	egress	31.50	4.72
pcc	egress	31.65	5.61
pcc	egress	31.80	5.22
pcc	egress	31.95	5.13
pcc	egress	32.10	4.41
pcc	egress	32.25	4.53
pcc	egress	32.40	4.89
pcc	egress	32.55	4.25
pcc	egress	32.70	4.97
pcc	egress	32.85	3.48
pcc	egress	33.00	3.92
pcc	egress	33.15	3.21
pcc	ingress	3.30	0.01
pcc	ingress	3.45	1.30
pcc	ingress	3.60	3.17
pcc	ingress	3.75	7.16
pcc	ingress	3.90	11.89
pcc	ingress	4.05	4.14
pcc	ingress	4.20	4.09
pcc	ingress	4.35	4.09
pcc	ingress	4.50	4.17
pcc	ingress	4.65	4.14
pcc	ingress	4.80	4.09
pcc	ingress	4.95	4.09
pcc	ingress	5.10	4.13
pcc	ingress	5.25	4.09
pcc	ingress	5.40	4.01
pcc	ingress	5.55	4.00
pcc	ingress	5.70	3.97
pcc	ingress	5.85	4.01
pcc	ingress	6.00	4.09
pcc	ingress	6.15	3.97
pcc	ingress	6.30	4.01
pcc	ingress	6.45	4.10
pcc	ingress	6.60	3.97
pcc	ingress	6.75	4.09
pcc	ingress	6.90	4.16
pcc	ingress	7.05	4.26
pcc	ingress	7.20	4.37
pcc	ingress	7.35	4.17
pcc	ingress	7.50	4.17
pcc	ingress	7.65	4.24
pcc	ingress	7.80	4.22
pcc	ingress	7.95	4.24
pcc	ingress	8.10	4.35
pcc	ingress	8.25	4.41
pcc	ingress	8.40	4.45
pcc	ingress	8.55	4.25
pcc	ingress	8.70	4.33
pcc	ingress	8.85	4.33
pcc	ingress	9.00	4.45
pcc	ingress	9.15	4.42
pcc	ingress	9.30	4.33
pcc	ingress	9.45	4.34
pcc	ingress	9.60	4.32
pcc	ingress	9.75	4.37
pcc	ingress	9.90	4.33
pcc	ingress	10.05	4.41
pcc	ingress	10.20	4.33
pcc	ingress	10.35	4.46
pcc	ingress	10.50	4.17
pcc	ingress	10.65	4.41
pcc	ingress	10.80	4.32
pcc	ingress	10.95	4.20
pcc	ingress	11.10	4.13
pcc	ingress	11.25	4.17
pcc	ingress	11.40	4.27
pcc	ingress	11.55	4.21
pcc	ingress	11.70	4.17
pcc	ingress	11.85	4.09
pcc	ingress	12.00	4.21
pcc	ingress	12.15	4.08
pcc	ingress	12.30	4.17
pcc	ingress	12.45	4.14
pcc	ingress	12.60	4.27
pcc	ingress	12.75	4.18
pcc	ingress	12.90	4.18
pcc	ingress	13.05	4.25
pcc	ingress	13.20	4.22
pcc	ingress	13.35	4.17
pcc	ingress	13.50	4.33
pcc	ingress	13.65	4.30
pcc	ingress	13.80	4.28
pcc	ingress	13.95	4.41
pcc	ingress	14.10	4.33
pcc	ingress	14.25	4.41
pcc	ingress	14.40	4.44
pcc	ingress	14.55	4.33
pcc	ingress	14.70	4.25
pcc	ingress	14.85	4.33
pcc	ingress	15.00	4.36
pcc	ingress	15.15	4.29
pcc	ingress	15.30	4.37
pcc	ingress	15.45	4.32
pcc	ingress	15.60	4.37
pcc	ingress	15.75	4.29
pcc	ingress	15.90	4.27
pcc	ingress	16.05	3.91
pcc	ingress	16.20	4.61
pcc	ingress	16.35	4.24
pcc	ingress	16.50	4.20
pcc	ingress	16.65	4.29
pcc	ingress	16.80	4.29
pcc	ingress	16.95	4.24
pcc	ingress	17.10	4.33
pcc	ingress	17.25	4.31
pcc	ingress	17.40	4.33
pcc	ingress	17.55	4.37
pcc	ingress	17.70	4.32
pcc	ingress	17.85	4.31
pcc	ingress	18.00	4.31
pcc	ingress	18.15	4.33
pcc	ingress	18.30	4.34
pcc	ingress	18.45	4.33
pcc	ingress	18.60	4.33
pcc	ingress	18.75	4.39
pcc	ingress	18.90	4.39
pcc	ingress	19.05	4.33
pcc	ingress	19.20	4.25
pcc	ingress	19.35	4.30
pcc	ingress	19.50	4.25
pcc	ingress	19.65	4.26
pcc	ingress	19.80	4.25
pcc	ingress	19.95	4.29
pcc	ingress	20.10	4.25
pcc	ingress	20.25	4.25
pcc	ingress	20.40	4.25
pcc	ingress	20.55	4.22
pcc	ingress	20.70	4.16
pcc	ingress	20.85	4.34
pcc	ingress	21.00	4.25
pcc	ingress	21.15	4.29
pcc	ingress	21.30	4.25
pcc	ingress	21.45	4.41
pcc	ingress	21.60	4.56
pcc	ingress	21.75	4.70
pcc	ingress	21.90	4.97
pcc	ingress	22.05	4.66
pcc	ingress	22.20	4.65
pcc	ingress	22.35	4.65
pcc	ingress	22.50	4.73
pcc	ingress	22.65	4.85
pcc	ingress	22.80	4.89
pcc	ingress	22.95	4.89
pcc	ingress	23.10	4.89
pcc	ingress	23.25	4.73
pcc	ingress	23.40	4.89
pcc	ingress	23.55	4.90
pcc	ingress	23.70	4.93
pcc	ingress	23.85	4.81
pcc	ingress	24.00	4.89
pcc	ingress	24.15	4.89
pcc	ingress	24.30	4.72
pcc	ingress	24.45	4.73
pcc	ingress	24.60	4.81
pcc	ingress	24.75	4.85
pcc	ingress	24.90	4.81
pcc	ingress	25.05	4.81
pcc	ingress	25.20	4.73
pcc	ingress	25.35	4.65
pcc	ingress	25.50	4.73
pcc	ingress	25.65	4.69
pcc	ingress	25.80	4.73
pcc	ingress	25.95	4.73
pcc	ingress	26.10	4.63
pcc	ingress	26.25	4.57
pcc	ingress	26.40	4.54
pcc	ingress	26.55	4.49
pcc	ingress	26.70	4.57
pcc	ingress	26.85	4.57
pcc	ingress	27.00	4.49
pcc	ingress	27.15	4.61
pcc	ingress	27.30	4.58
pcc	ingress	27.45	4.65
pcc	ingress	27.60	4.58
pcc	ingress	27.75	4.49
pcc	ingress	27.90	4.54
pcc	ingress	28.05	4.49
pcc	ingress	28.20	4.65
pcc	ingress	28.35	4.66
pcc	ingress	28.50	4.56
pcc	ingress	28.65	4.46
pcc	ingress	28.80	4.73
pcc	ingress	28.95	4.81
pcc	ingress	29.10	4.89
pcc	ingress	29.25	5.13
pcc	ingress	29.40	5.29
pcc	ingress	29.55	5.29
pcc	ingress	29.70	5.13
pcc	ingress	29.85	5.13
pcc	ingress	30.00	5.18
pcc	ingress	30.15	5.13
pcc	ingress	30.30	5.13
pcc	ingress	30.45	4.97
pcc	ingress	30.60	4.98
pcc	ingress	30.75	4.97
pcc	ingress	30.90	4.97
pcc	ingress	31.05	4.73
pcc	ingress	31.20	5.40
pcc	ingress	31.35	4.96
pcc	ingress	31.50	4.82
pcc	ingress	31.65	4.81
pcc	ingress	31.80	4.65
pcc	ingress	31.95	4.57
pcc	ingress	32.10	4.69
pcc	ingress	32.25	4.73
pcc	ingress	32.40	4.65
pcc	ingress	32.55	4.73
pcc	ingress	32.70	4.73
pcc	ingress	32.85	4.73
pcc	ingress	33.00	4.62
