# mahimahi mm-link (Downlink) [/home/salma/gold-IRL/sender-receiver/sender-receiver/sender_receiver/envs/10mbps.trace] > /home/salma/pantheon/ShortFlow/aurora_mm_acklink_run1.log
# command line: 'mm-link' '/home/salma/gold-IRL/sender-receiver/sender-receiver/sender_receiver/envs/10mbps.trace' '/home/salma/gold-IRL/sender-receiver/sender-receiver/sender_receiver/envs/10mbps.trace' '--uplink-log=/home/salma/pantheon/ShortFlow/aurora_mm_datalink_run1.log' '--downlink-log=/home/salma/pantheon/ShortFlow/aurora_mm_acklink_run1.log' 'python' '/home/salma/pantheon/src/experiments/tunnel_manager.py'
# queue: infinite
# init timestamp: 1564585186249
# base timestamp: 40
# mahimahi config: [delay 50 ms] 
40 # 1504
41 # 1504
42 # 1504
43 # 1504
44 # 1504
46 # 1504
47 # 1504
47 + 80
47 + 52
47 + 80
48 # 1504
48 - 80 1
48 - 52 1
48 - 80 1
49 # 1504
50 # 1504
52 # 1504
53 # 1504
54 # 1504
55 # 1504
56 # 1504
58 # 1504
59 # 1504
60 # 1504
61 # 1504
62 # 1504
64 # 1504
65 # 1504
66 # 1504
67 # 1504
68 # 1504
70 # 1504
71 # 1504
72 # 1504
73 # 1504
74 # 1504
76 # 1504
77 # 1504
78 # 1504
79 # 1504
80 # 1504
82 # 1504
83 # 1504
84 # 1504
85 # 1504
86 # 1504
88 # 1504
89 # 1504
90 # 1504
91 # 1504
92 # 1504
94 # 1504
95 # 1504
96 # 1504
97 # 1504
98 # 1504
100 # 1504
101 # 1504
102 # 1504
103 # 1504
104 # 1504
106 # 1504
107 # 1504
108 # 1504
109 # 1504
110 # 1504
112 # 1504
113 # 1504
114 # 1504
115 # 1504
116 # 1504
118 # 1504
119 # 1504
120 # 1504
121 # 1504
122 # 1504
124 # 1504
125 # 1504
126 # 1504
127 # 1504
128 # 1504
130 # 1504
131 # 1504
132 # 1504
133 # 1504
134 # 1504
136 # 1504
137 # 1504
138 # 1504
139 # 1504
140 # 1504
142 # 1504
143 # 1504
144 # 1504
145 # 1504
146 # 1504
148 # 1504
149 # 1504
150 # 1504
151 # 1504
152 # 1504
154 # 1504
155 # 1504
156 # 1504
157 # 1504
158 # 1504
160 # 1504
161 # 1504
162 # 1504
163 # 1504
164 # 1504
166 # 1504
167 # 1504
168 # 1504
169 # 1504
170 # 1504
172 # 1504
173 # 1504
174 # 1504
175 # 1504
176 # 1504
178 # 1504
179 # 1504
180 # 1504
181 # 1504
182 # 1504
184 # 1504
185 # 1504
186 # 1504
187 # 1504
188 # 1504
190 # 1504
191 # 1504
192 # 1504
193 # 1504
194 # 1504
196 # 1504
197 # 1504
198 # 1504
199 # 1504
200 # 1504
202 # 1504
203 # 1504
204 # 1504
205 # 1504
206 # 1504
208 # 1504
209 # 1504
210 # 1504
211 # 1504
212 # 1504
214 # 1504
215 # 1504
216 # 1504
217 # 1504
218 # 1504
220 # 1504
221 # 1504
222 # 1504
223 # 1504
224 # 1504
226 # 1504
227 # 1504
228 # 1504
229 # 1504
230 # 1504
232 # 1504
233 # 1504
234 # 1504
235 # 1504
236 # 1504
238 # 1504
239 # 1504
240 # 1504
241 # 1504
242 # 1504
244 # 1504
245 # 1504
246 # 1504
247 # 1504
248 # 1504
250 # 1504
251 # 1504
252 # 1504
253 # 1504
254 # 1504
256 # 1504
257 # 1504
258 # 1504
259 # 1504
260 # 1504
262 # 1504
263 # 1504
264 # 1504
265 # 1504
266 # 1504
268 # 1504
269 # 1504
270 # 1504
271 # 1504
272 # 1504
274 # 1504
275 # 1504
276 # 1504
277 # 1504
277 + 40
278 # 1504
278 - 40 1
280 # 1504
281 # 1504
282 # 1504
283 # 1504
284 # 1504
286 # 1504
287 # 1504
288 # 1504
289 # 1504
290 # 1504
292 # 1504
293 # 1504
294 # 1504
295 # 1504
296 # 1504
298 # 1504
299 # 1504
300 # 1504
301 # 1504
302 # 1504
304 # 1504
305 # 1504
306 # 1504
307 # 1504
308 # 1504
310 # 1504
311 # 1504
312 # 1504
313 # 1504
314 # 1504
316 # 1504
317 # 1504
318 # 1504
319 # 1504
320 # 1504
322 # 1504
323 # 1504
324 # 1504
325 # 1504
326 # 1504
328 # 1504
329 # 1504
330 # 1504
331 # 1504
332 # 1504
334 # 1504
335 # 1504
336 # 1504
337 # 1504
338 # 1504
340 # 1504
341 # 1504
342 # 1504
343 # 1504
344 # 1504
346 # 1504
347 # 1504
348 # 1504
349 # 1504
349 + 80
350 # 1504
350 - 80 1
352 # 1504
353 # 1504
354 # 1504
355 # 1504
356 # 1504
358 # 1504
359 # 1504
360 # 1504
361 # 1504
362 # 1504
364 # 1504
365 # 1504
366 # 1504
367 # 1504
368 # 1504
370 # 1504
371 # 1504
372 # 1504
373 # 1504
374 # 1504
376 # 1504
377 # 1504
378 # 1504
379 # 1504
380 # 1504
382 # 1504
383 # 1504
384 # 1504
385 # 1504
386 # 1504
388 # 1504
389 # 1504
390 # 1504
391 # 1504
392 # 1504
394 # 1504
395 # 1504
396 # 1504
397 # 1504
398 # 1504
400 # 1504
401 # 1504
402 # 1504
403 # 1504
404 # 1504
406 # 1504
407 # 1504
408 # 1504
409 # 1504
410 # 1504
412 # 1504
413 # 1504
414 # 1504
415 # 1504
416 # 1504
418 # 1504
419 # 1504
420 # 1504
421 # 1504
422 # 1504
424 # 1504
425 # 1504
426 # 1504
427 # 1504
428 # 1504
430 # 1504
431 # 1504
432 # 1504
433 # 1504
434 # 1504
436 # 1504
437 # 1504
438 # 1504
439 # 1504
440 # 1504
442 # 1504
443 # 1504
444 # 1504
445 # 1504
446 # 1504
448 # 1504
449 # 1504
450 # 1504
451 # 1504
452 # 1504
454 # 1504
455 # 1504
456 # 1504
457 # 1504
458 # 1504
460 # 1504
461 # 1504
462 # 1504
463 # 1504
464 # 1504
466 # 1504
467 # 1504
468 # 1504
469 # 1504
470 # 1504
472 # 1504
473 # 1504
474 # 1504
475 # 1504
476 # 1504
478 # 1504
479 # 1504
480 # 1504
481 # 1504
482 # 1504
484 # 1504
485 # 1504
486 # 1504
487 # 1504
488 # 1504
490 # 1504
491 # 1504
492 # 1504
493 # 1504
494 # 1504
496 # 1504
497 # 1504
498 # 1504
499 # 1504
500 # 1504
502 # 1504
503 # 1504
504 # 1504
505 # 1504
506 # 1504
508 # 1504
509 # 1504
510 # 1504
511 # 1504
512 # 1504
514 # 1504
515 # 1504
516 # 1504
517 # 1504
518 # 1504
520 # 1504
521 # 1504
522 # 1504
523 # 1504
524 # 1504
526 # 1504
527 # 1504
528 # 1504
529 # 1504
530 # 1504
532 # 1504
533 # 1504
534 # 1504
535 # 1504
536 # 1504
538 # 1504
539 # 1504
540 # 1504
541 # 1504
542 # 1504
544 # 1504
545 # 1504
546 # 1504
547 # 1504
548 # 1504
550 # 1504
551 # 1504
552 # 1504
553 # 1504
554 # 1504
556 # 1504
557 # 1504
558 # 1504
559 # 1504
560 # 1504
562 # 1504
563 # 1504
564 # 1504
565 # 1504
566 # 1504
568 # 1504
569 # 1504
570 # 1504
571 # 1504
572 # 1504
574 # 1504
575 # 1504
576 # 1504
577 # 1504
578 # 1504
580 # 1504
581 # 1504
582 # 1504
583 # 1504
584 # 1504
586 # 1504
587 # 1504
588 # 1504
589 # 1504
590 # 1504
592 # 1504
593 # 1504
594 # 1504
595 # 1504
596 # 1504
598 # 1504
599 # 1504
600 # 1504
601 # 1504
602 # 1504
604 # 1504
605 # 1504
606 # 1504
607 # 1504
608 # 1504
610 # 1504
611 # 1504
612 # 1504
613 # 1504
614 # 1504
616 # 1504
617 # 1504
618 # 1504
619 # 1504
620 # 1504
622 # 1504
623 # 1504
624 # 1504
625 # 1504
626 # 1504
628 # 1504
629 # 1504
630 # 1504
631 # 1504
632 # 1504
634 # 1504
635 # 1504
636 # 1504
637 # 1504
638 # 1504
640 # 1504
641 # 1504
642 # 1504
643 # 1504
644 # 1504
646 # 1504
647 # 1504
648 # 1504
649 # 1504
650 # 1504
652 # 1504
653 # 1504
654 # 1504
655 # 1504
656 # 1504
658 # 1504
659 # 1504
660 # 1504
661 # 1504
662 # 1504
664 # 1504
665 # 1504
666 # 1504
667 # 1504
668 # 1504
670 # 1504
671 # 1504
672 # 1504
673 # 1504
674 # 1504
676 # 1504
677 # 1504
678 # 1504
679 # 1504
680 # 1504
682 # 1504
683 # 1504
684 # 1504
685 # 1504
686 # 1504
688 # 1504
689 # 1504
690 # 1504
691 # 1504
692 # 1504
694 # 1504
695 # 1504
696 # 1504
697 # 1504
698 # 1504
700 # 1504
701 # 1504
702 # 1504
703 # 1504
704 # 1504
706 # 1504
707 # 1504
708 # 1504
709 # 1504
710 # 1504
712 # 1504
713 # 1504
714 # 1504
715 # 1504
716 # 1504
718 # 1504
719 # 1504
720 # 1504
721 # 1504
722 # 1504
724 # 1504
725 # 1504
726 # 1504
727 # 1504
728 # 1504
730 # 1504
731 # 1504
732 # 1504
733 # 1504
733 + 80
734 # 1504
734 - 80 1
736 # 1504
737 # 1504
738 # 1504
739 # 1504
740 # 1504
742 # 1504
743 # 1504
744 # 1504
745 # 1504
746 # 1504
748 # 1504
749 # 1504
750 # 1504
751 # 1504
752 # 1504
754 # 1504
755 # 1504
756 # 1504
757 # 1504
758 # 1504
760 # 1504
761 # 1504
762 # 1504
763 # 1504
764 # 1504
766 # 1504
767 # 1504
768 # 1504
769 # 1504
770 # 1504
772 # 1504
773 # 1504
774 # 1504
775 # 1504
776 # 1504
778 # 1504
779 # 1504
780 # 1504
781 # 1504
782 # 1504
784 # 1504
785 # 1504
786 # 1504
787 # 1504
788 # 1504
790 # 1504
791 # 1504
792 # 1504
793 # 1504
794 # 1504
796 # 1504
797 # 1504
798 # 1504
799 # 1504
800 # 1504
802 # 1504
803 # 1504
804 # 1504
805 # 1504
806 # 1504
808 # 1504
809 # 1504
810 # 1504
811 # 1504
812 # 1504
814 # 1504
815 # 1504
816 # 1504
817 # 1504
818 # 1504
820 # 1504
821 # 1504
822 # 1504
823 # 1504
824 # 1504
826 # 1504
827 # 1504
828 # 1504
829 # 1504
830 # 1504
832 # 1504
833 # 1504
834 # 1504
835 # 1504
836 # 1504
838 # 1504
839 # 1504
840 # 1504
841 # 1504
842 # 1504
844 # 1504
845 # 1504
846 # 1504
847 # 1504
848 # 1504
850 # 1504
851 # 1504
852 # 1504
853 # 1504
854 # 1504
856 # 1504
857 # 1504
858 # 1504
859 # 1504
860 # 1504
862 # 1504
863 # 1504
864 # 1504
865 # 1504
866 # 1504
868 # 1504
869 # 1504
870 # 1504
871 # 1504
872 # 1504
874 # 1504
875 # 1504
876 # 1504
877 # 1504
878 # 1504
880 # 1504
881 # 1504
882 # 1504
883 # 1504
884 # 1504
886 # 1504
887 # 1504
888 # 1504
889 # 1504
890 # 1504
892 # 1504
893 # 1504
894 # 1504
895 # 1504
896 # 1504
898 # 1504
899 # 1504
900 # 1504
901 # 1504
902 # 1504
904 # 1504
905 # 1504
906 # 1504
907 # 1504
908 # 1504
910 # 1504
911 # 1504
912 # 1504
913 # 1504
914 # 1504
916 # 1504
917 # 1504
918 # 1504
919 # 1504
920 # 1504
922 # 1504
923 # 1504
924 # 1504
925 # 1504
926 # 1504
928 # 1504
929 # 1504
930 # 1504
931 # 1504
932 # 1504
934 # 1504
935 # 1504
936 # 1504
937 # 1504
938 # 1504
940 # 1504
941 # 1504
942 # 1504
943 # 1504
944 # 1504
946 # 1504
947 # 1504
948 # 1504
949 # 1504
950 # 1504
952 # 1504
953 # 1504
954 # 1504
955 # 1504
956 # 1504
958 # 1504
959 # 1504
960 # 1504
961 # 1504
962 # 1504
964 # 1504
965 # 1504
966 # 1504
967 # 1504
968 # 1504
970 # 1504
971 # 1504
972 # 1504
973 # 1504
974 # 1504
976 # 1504
977 # 1504
978 # 1504
979 # 1504
980 # 1504
982 # 1504
983 # 1504
984 # 1504
985 # 1504
986 # 1504
988 # 1504
989 # 1504
990 # 1504
991 # 1504
992 # 1504
994 # 1504
995 # 1504
996 # 1504
997 # 1504
998 # 1504
1000 # 1504
1001 # 1504
1002 # 1504
1003 # 1504
1004 # 1504
1006 # 1504
1007 # 1504
1008 # 1504
1009 # 1504
1010 # 1504
1012 # 1504
1013 # 1504
1014 # 1504
1015 # 1504
1016 # 1504
1018 # 1504
1019 # 1504
1020 # 1504
1021 # 1504
1022 # 1504
1024 # 1504
1025 # 1504
1026 # 1504
1027 # 1504
1028 # 1504
1030 # 1504
1031 # 1504
1032 # 1504
1033 # 1504
1034 # 1504
1036 # 1504
1037 # 1504
1038 # 1504
1039 # 1504
1040 # 1504
1042 # 1504
1043 # 1504
1044 # 1504
1045 # 1504
1046 # 1504
1048 # 1504
1049 # 1504
1050 # 1504
1051 # 1504
1052 # 1504
1054 # 1504
1055 # 1504
1056 # 1504
1057 # 1504
1058 # 1504
1060 # 1504
1061 # 1504
1062 # 1504
1063 # 1504
1064 # 1504
1066 # 1504
1067 # 1504
1068 # 1504
1069 # 1504
1070 # 1504
1072 # 1504
1073 # 1504
1074 # 1504
1075 # 1504
1076 # 1504
1078 # 1504
1079 # 1504
1080 # 1504
1081 # 1504
1082 # 1504
1084 # 1504
1085 # 1504
1086 # 1504
1087 # 1504
1088 # 1504
1090 # 1504
1091 # 1504
1092 # 1504
1093 # 1504
1094 # 1504
1096 # 1504
1097 # 1504
1098 # 1504
1099 # 1504
1100 # 1504
1102 # 1504
1103 # 1504
1104 # 1504
1105 # 1504
1106 # 1504
1108 # 1504
1109 # 1504
1110 # 1504
1111 # 1504
1112 # 1504
1114 # 1504
1115 # 1504
1116 # 1504
1117 # 1504
1118 # 1504
1120 # 1504
1121 # 1504
1122 # 1504
1123 # 1504
1124 # 1504
1126 # 1504
1127 # 1504
1128 # 1504
1129 # 1504
1130 # 1504
1132 # 1504
1133 # 1504
1134 # 1504
1135 # 1504
1136 # 1504
1138 # 1504
1139 # 1504
1140 # 1504
1141 # 1504
1142 # 1504
1144 # 1504
1145 # 1504
1146 # 1504
1147 # 1504
1148 # 1504
1150 # 1504
1151 # 1504
1152 # 1504
1153 # 1504
1154 # 1504
1156 # 1504
1157 # 1504
1158 # 1504
1159 # 1504
1160 # 1504
1162 # 1504
1163 # 1504
1164 # 1504
1165 # 1504
1166 # 1504
1168 # 1504
1169 # 1504
1170 # 1504
1171 # 1504
1172 # 1504
1174 # 1504
1175 # 1504
1176 # 1504
1177 # 1504
1178 # 1504
1180 # 1504
1181 # 1504
1182 # 1504
1183 # 1504
1184 # 1504
1186 # 1504
1187 # 1504
1188 # 1504
1189 # 1504
1190 # 1504
1192 # 1504
1193 # 1504
1194 # 1504
1195 # 1504
1196 # 1504
1198 # 1504
1199 # 1504
1200 # 1504
1201 # 1504
1202 # 1504
1204 # 1504
1205 # 1504
1206 # 1504
1207 # 1504
1208 # 1504
1210 # 1504
1211 # 1504
1212 # 1504
1213 # 1504
1214 # 1504
1216 # 1504
1217 # 1504
1218 # 1504
1219 # 1504
1220 # 1504
1222 # 1504
1223 # 1504
1224 # 1504
1225 # 1504
1226 # 1504
1228 # 1504
1229 # 1504
1230 # 1504
1231 # 1504
1232 # 1504
1234 # 1504
1235 # 1504
1236 # 1504
1237 # 1504
1238 # 1504
1240 # 1504
1241 # 1504
1242 # 1504
1243 # 1504
1244 # 1504
1246 # 1504
1247 # 1504
1248 # 1504
1249 # 1504
1250 # 1504
1252 # 1504
1253 # 1504
1254 # 1504
1255 # 1504
1256 # 1504
1258 # 1504
1259 # 1504
1260 # 1504
1261 # 1504
1262 # 1504
1264 # 1504
1265 # 1504
1266 # 1504
1267 # 1504
1268 # 1504
1270 # 1504
1271 # 1504
1272 # 1504
1273 # 1504
1274 # 1504
1276 # 1504
1277 # 1504
1278 # 1504
1279 # 1504
1280 # 1504
1282 # 1504
1283 # 1504
1284 # 1504
1285 # 1504
1286 # 1504
1288 # 1504
1289 # 1504
1290 # 1504
1291 # 1504
1292 # 1504
1294 # 1504
1295 # 1504
1296 # 1504
1297 # 1504
1298 # 1504
1300 # 1504
1301 # 1504
1302 # 1504
1303 # 1504
1304 # 1504
1306 # 1504
1307 # 1504
1308 # 1504
1309 # 1504
1310 # 1504
1312 # 1504
1313 # 1504
1314 # 1504
1315 # 1504
1316 # 1504
1318 # 1504
1319 # 1504
1320 # 1504
1321 # 1504
1322 # 1504
1324 # 1504
1325 # 1504
1326 # 1504
1327 # 1504
1328 # 1504
1330 # 1504
1331 # 1504
1332 # 1504
1333 # 1504
1334 # 1504
1336 # 1504
1337 # 1504
1338 # 1504
1339 # 1504
1340 # 1504
1342 # 1504
1343 # 1504
1344 # 1504
1345 # 1504
1346 # 1504
1348 # 1504
1349 # 1504
1350 # 1504
1351 # 1504
1352 # 1504
1354 # 1504
1355 # 1504
1356 # 1504
1357 # 1504
1358 # 1504
1360 # 1504
1361 # 1504
1362 # 1504
1363 # 1504
1364 # 1504
1366 # 1504
1367 # 1504
1368 # 1504
1369 # 1504
1370 # 1504
1372 # 1504
1373 # 1504
1374 # 1504
1375 # 1504
1376 # 1504
1378 # 1504
1379 # 1504
1380 # 1504
1381 # 1504
1382 # 1504
1384 # 1504
1385 # 1504
1386 # 1504
1387 # 1504
1388 # 1504
1390 # 1504
1391 # 1504
1392 # 1504
1393 # 1504
1394 # 1504
1396 # 1504
1397 # 1504
1398 # 1504
1399 # 1504
1400 # 1504
1402 # 1504
1403 # 1504
1404 # 1504
1405 # 1504
1406 # 1504
1408 # 1504
1409 # 1504
1410 # 1504
1411 # 1504
1412 # 1504
1414 # 1504
1415 # 1504
1416 # 1504
1417 # 1504
1418 # 1504
1420 # 1504
1421 # 1504
1422 # 1504
1423 # 1504
1424 # 1504
1426 # 1504
1427 # 1504
1428 # 1504
1429 # 1504
1430 # 1504
1432 # 1504
1433 # 1504
1434 # 1504
1435 # 1504
1436 # 1504
1438 # 1504
1439 # 1504
1440 # 1504
1441 # 1504
1442 # 1504
1444 # 1504
1445 # 1504
1446 # 1504
1447 # 1504
1448 # 1504
1450 # 1504
1451 # 1504
1452 # 1504
1453 # 1504
1454 # 1504
1456 # 1504
1457 # 1504
1458 # 1504
1459 # 1504
1460 # 1504
1462 # 1504
1463 # 1504
1464 # 1504
1465 # 1504
1466 # 1504
1468 # 1504
1469 # 1504
1470 # 1504
1471 # 1504
1472 # 1504
1474 # 1504
1475 # 1504
1476 # 1504
1477 # 1504
1478 # 1504
1480 # 1504
1481 # 1504
1482 # 1504
1483 # 1504
1484 # 1504
1486 # 1504
1487 # 1504
1488 # 1504
1489 # 1504
1490 # 1504
1492 # 1504
1493 # 1504
1494 # 1504
1495 # 1504
1496 # 1504
1498 # 1504
1499 # 1504
1500 # 1504
1501 # 1504
1502 # 1504
1504 # 1504
1505 # 1504
1506 # 1504
1507 # 1504
1508 # 1504
1510 # 1504
1511 # 1504
1512 # 1504
1513 # 1504
1514 # 1504
1516 # 1504
1517 # 1504
1518 # 1504
1519 # 1504
1520 # 1504
1522 # 1504
1523 # 1504
1524 # 1504
1525 # 1504
1526 # 1504
1528 # 1504
1529 # 1504
1530 # 1504
1531 # 1504
1532 # 1504
1534 # 1504
1535 # 1504
1536 # 1504
1537 # 1504
1538 # 1504
1540 # 1504
1541 # 1504
1542 # 1504
1543 # 1504
1544 # 1504
1546 # 1504
1547 # 1504
1548 # 1504
1549 # 1504
1550 # 1504
1552 # 1504
1553 # 1504
1554 # 1504
1555 # 1504
1556 # 1504
1558 # 1504
1559 # 1504
1560 # 1504
1561 # 1504
1562 # 1504
1564 # 1504
1565 # 1504
1566 # 1504
1567 # 1504
1568 # 1504
1570 # 1504
1571 # 1504
1572 # 1504
1573 # 1504
1574 # 1504
1576 # 1504
1577 # 1504
1578 # 1504
1579 # 1504
1580 # 1504
1582 # 1504
1583 # 1504
1584 # 1504
1585 # 1504
1586 # 1504
1588 # 1504
1589 # 1504
1590 # 1504
1591 # 1504
1592 # 1504
1594 # 1504
1595 # 1504
1596 # 1504
1597 # 1504
1598 # 1504
1600 # 1504
1601 # 1504
1602 # 1504
1603 # 1504
1604 # 1504
1606 # 1504
1607 # 1504
1608 # 1504
1609 # 1504
1610 # 1504
1612 # 1504
1613 # 1504
1614 # 1504
1615 # 1504
1616 # 1504
1618 # 1504
1619 # 1504
1620 # 1504
1621 # 1504
1622 # 1504
1624 # 1504
1625 # 1504
1626 # 1504
1627 # 1504
1628 # 1504
1630 # 1504
1631 # 1504
1632 # 1504
1633 # 1504
1634 # 1504
1636 # 1504
1637 # 1504
1638 # 1504
1639 # 1504
1640 # 1504
1642 # 1504
1643 # 1504
1644 # 1504
1645 # 1504
1646 # 1504
1648 # 1504
1649 # 1504
1650 # 1504
1651 # 1504
1652 # 1504
1654 # 1504
1655 # 1504
1656 # 1504
1657 # 1504
1658 # 1504
1660 # 1504
1661 # 1504
1662 # 1504
1663 # 1504
1664 # 1504
1666 # 1504
1667 # 1504
1668 # 1504
1669 # 1504
1670 # 1504
1672 # 1504
1673 # 1504
1674 # 1504
1675 # 1504
1676 # 1504
1678 # 1504
1679 # 1504
1680 # 1504
1681 # 1504
1682 # 1504
1684 # 1504
1685 # 1504
1686 # 1504
1687 # 1504
1688 # 1504
1690 # 1504
1691 # 1504
1692 # 1504
1693 # 1504
1694 # 1504
1696 # 1504
1697 # 1504
1698 # 1504
1699 # 1504
1700 # 1504
1702 # 1504
1703 # 1504
1704 # 1504
1705 # 1504
1706 # 1504
1708 # 1504
1709 # 1504
1710 # 1504
1711 # 1504
1712 # 1504
1714 # 1504
1715 # 1504
1716 # 1504
1717 # 1504
1718 # 1504
1720 # 1504
1721 # 1504
1722 # 1504
1723 # 1504
1724 # 1504
1726 # 1504
1727 # 1504
1728 # 1504
1729 # 1504
1730 # 1504
1732 # 1504
1733 # 1504
1734 # 1504
1735 # 1504
1736 # 1504
1738 # 1504
1739 # 1504
1740 # 1504
1741 # 1504
1742 # 1504
1744 # 1504
1745 # 1504
1746 # 1504
1747 # 1504
1748 # 1504
1750 # 1504
1751 # 1504
1752 # 1504
1753 # 1504
1754 # 1504
1756 # 1504
1757 # 1504
1758 # 1504
1759 # 1504
1760 # 1504
1762 # 1504
1763 # 1504
1764 # 1504
1765 # 1504
1766 # 1504
1768 # 1504
1769 # 1504
1770 # 1504
1771 # 1504
1772 # 1504
1774 # 1504
1775 # 1504
1776 # 1504
1777 # 1504
1778 # 1504
1780 # 1504
1781 # 1504
1782 # 1504
1783 # 1504
1784 # 1504
1786 # 1504
1787 # 1504
1788 # 1504
1789 # 1504
1790 # 1504
1792 # 1504
1793 # 1504
1794 # 1504
1795 # 1504
1796 # 1504
1798 # 1504
1799 # 1504
1800 # 1504
1801 # 1504
1802 # 1504
1804 # 1504
1805 # 1504
1806 # 1504
1807 # 1504
1808 # 1504
1810 # 1504
1811 # 1504
1812 # 1504
1813 # 1504
1814 # 1504
1816 # 1504
1817 # 1504
1818 # 1504
1819 # 1504
1820 # 1504
1822 # 1504
1823 # 1504
1824 # 1504
1825 # 1504
1826 # 1504
1828 # 1504
1829 # 1504
1830 # 1504
1831 # 1504
1832 # 1504
1834 # 1504
1835 # 1504
1836 # 1504
1837 # 1504
1838 # 1504
1840 # 1504
1841 # 1504
1842 # 1504
1843 # 1504
1844 # 1504
1846 # 1504
1847 # 1504
1848 # 1504
1849 # 1504
1850 # 1504
1852 # 1504
1853 # 1504
1854 # 1504
1855 # 1504
1856 # 1504
1858 # 1504
1859 # 1504
1860 # 1504
1861 # 1504
1862 # 1504
1864 # 1504
1865 # 1504
1866 # 1504
1867 # 1504
1868 # 1504
1870 # 1504
1871 # 1504
1872 # 1504
1873 # 1504
1874 # 1504
1876 # 1504
1877 # 1504
1878 # 1504
1879 # 1504
1880 # 1504
1882 # 1504
1883 # 1504
1884 # 1504
1885 # 1504
1886 # 1504
1888 # 1504
1889 # 1504
1890 # 1504
1891 # 1504
1892 # 1504
1894 # 1504
1895 # 1504
1896 # 1504
1897 # 1504
1898 # 1504
1900 # 1504
1901 # 1504
1902 # 1504
1903 # 1504
1904 # 1504
1906 # 1504
1907 # 1504
1908 # 1504
1909 # 1504
1910 # 1504
1912 # 1504
1913 # 1504
1914 # 1504
1915 # 1504
1916 # 1504
1918 # 1504
1919 # 1504
1920 # 1504
1921 # 1504
1922 # 1504
1924 # 1504
1925 # 1504
1926 # 1504
1927 # 1504
1928 # 1504
1930 # 1504
1931 # 1504
1932 # 1504
1933 # 1504
1934 # 1504
1936 # 1504
1937 # 1504
1938 # 1504
1939 # 1504
1940 # 1504
1942 # 1504
1943 # 1504
1944 # 1504
1945 # 1504
1946 # 1504
1948 # 1504
1949 # 1504
1950 # 1504
1951 # 1504
1952 # 1504
1954 # 1504
1955 # 1504
1956 # 1504
1957 # 1504
1958 # 1504
1960 # 1504
1961 # 1504
1962 # 1504
1963 # 1504
1964 # 1504
1966 # 1504
1967 # 1504
1968 # 1504
1969 # 1504
1970 # 1504
1972 # 1504
1973 # 1504
1974 # 1504
1975 # 1504
1976 # 1504
1978 # 1504
1979 # 1504
1980 # 1504
1981 # 1504
1982 # 1504
1984 # 1504
1985 # 1504
1986 # 1504
1987 # 1504
1988 # 1504
1990 # 1504
1991 # 1504
1992 # 1504
1993 # 1504
1994 # 1504
1996 # 1504
1997 # 1504
1998 # 1504
1999 # 1504
2000 # 1504
2002 # 1504
2003 # 1504
2004 # 1504
2005 # 1504
2006 # 1504
2008 # 1504
2009 # 1504
2010 # 1504
2011 # 1504
2012 # 1504
2014 # 1504
2015 # 1504
2016 # 1504
2017 # 1504
2018 # 1504
2020 # 1504
2021 # 1504
2022 # 1504
2023 # 1504
2024 # 1504
2026 # 1504
2027 # 1504
2028 # 1504
2029 # 1504
2030 # 1504
2032 # 1504
2033 # 1504
2034 # 1504
2035 # 1504
2036 # 1504
2038 # 1504
2039 # 1504
2040 # 1504
2041 # 1504
2042 # 1504
2044 # 1504
2045 # 1504
2046 # 1504
2047 # 1504
2048 # 1504
2050 # 1504
2051 # 1504
2052 # 1504
2053 # 1504
2054 # 1504
2056 # 1504
2057 # 1504
2058 # 1504
2059 # 1504
2060 # 1504
2062 # 1504
2063 # 1504
2064 # 1504
2065 # 1504
2066 # 1504
2068 # 1504
2069 # 1504
2070 # 1504
2071 # 1504
2072 # 1504
2074 # 1504
2075 # 1504
2076 # 1504
2077 # 1504
2078 # 1504
2080 # 1504
2081 # 1504
2082 # 1504
2083 # 1504
2084 # 1504
2086 # 1504
2087 # 1504
2088 # 1504
2089 # 1504
2090 # 1504
2092 # 1504
2093 # 1504
2094 # 1504
2095 # 1504
2096 # 1504
2098 # 1504
2099 # 1504
2100 # 1504
2101 # 1504
2102 # 1504
2104 # 1504
2105 # 1504
2106 # 1504
2107 # 1504
2108 # 1504
2110 # 1504
2111 # 1504
2112 # 1504
2113 # 1504
2114 # 1504
2116 # 1504
2117 # 1504
2118 # 1504
2119 # 1504
2120 # 1504
2122 # 1504
2123 # 1504
2124 # 1504
2125 # 1504
2126 # 1504
2128 # 1504
2129 # 1504
2130 # 1504
2131 # 1504
2132 # 1504
2134 # 1504
2135 # 1504
2136 # 1504
2137 # 1504
2138 # 1504
2140 # 1504
2141 # 1504
2142 # 1504
2143 # 1504
2144 # 1504
2146 # 1504
2147 # 1504
2148 # 1504
2149 # 1504
2150 # 1504
2152 # 1504
2153 # 1504
2154 # 1504
2155 # 1504
2156 # 1504
2158 # 1504
2159 # 1504
2160 # 1504
2161 # 1504
2162 # 1504
2164 # 1504
2165 # 1504
2166 # 1504
2167 # 1504
2168 # 1504
2170 # 1504
2171 # 1504
2172 # 1504
2173 # 1504
2174 # 1504
2176 # 1504
2177 # 1504
2178 # 1504
2179 # 1504
2180 # 1504
2182 # 1504
2183 # 1504
2184 # 1504
2185 # 1504
2186 # 1504
2188 # 1504
2189 # 1504
2190 # 1504
2191 # 1504
2192 # 1504
2194 # 1504
2195 # 1504
2196 # 1504
2197 # 1504
2198 # 1504
2200 # 1504
2201 # 1504
2202 # 1504
2203 # 1504
2204 # 1504
2206 # 1504
2207 # 1504
2208 # 1504
2209 # 1504
2210 # 1504
2212 # 1504
2213 # 1504
2214 # 1504
2215 # 1504
2216 # 1504
2218 # 1504
2219 # 1504
2220 # 1504
2221 # 1504
2222 # 1504
2224 # 1504
2225 # 1504
2226 # 1504
2227 # 1504
2228 # 1504
2230 # 1504
2231 # 1504
2232 # 1504
2233 # 1504
2234 # 1504
2236 # 1504
2237 # 1504
2238 # 1504
2239 # 1504
2240 # 1504
2242 # 1504
2243 # 1504
2244 # 1504
2245 # 1504
2246 # 1504
2248 # 1504
2249 # 1504
2250 # 1504
2251 # 1504
2252 # 1504
2254 # 1504
2255 # 1504
2256 # 1504
2257 # 1504
2258 # 1504
2260 # 1504
2261 # 1504
2262 # 1504
2263 # 1504
2264 # 1504
2266 # 1504
2267 # 1504
2268 # 1504
2269 # 1504
2270 # 1504
2272 # 1504
2273 # 1504
2274 # 1504
2275 # 1504
2276 # 1504
2278 # 1504
2279 # 1504
2280 # 1504
2281 # 1504
2282 # 1504
2284 # 1504
2285 # 1504
2286 # 1504
2287 # 1504
2288 # 1504
2290 # 1504
2291 # 1504
2292 # 1504
2293 # 1504
2294 # 1504
2296 # 1504
2297 # 1504
2298 # 1504
2299 # 1504
2300 # 1504
2302 # 1504
2303 # 1504
2304 # 1504
2305 # 1504
2306 # 1504
2308 # 1504
2309 # 1504
2310 # 1504
2311 # 1504
2312 # 1504
2314 # 1504
2315 # 1504
2316 # 1504
2317 # 1504
2318 # 1504
2320 # 1504
2321 # 1504
2322 # 1504
2323 # 1504
2324 # 1504
2326 # 1504
2327 # 1504
2328 # 1504
2329 # 1504
2330 # 1504
2332 # 1504
2333 # 1504
2334 # 1504
2335 # 1504
2336 # 1504
2338 # 1504
2339 # 1504
2340 # 1504
2341 # 1504
2342 # 1504
2344 # 1504
2345 # 1504
2346 # 1504
2347 # 1504
2348 # 1504
2350 # 1504
2351 # 1504
2352 # 1504
2353 # 1504
2354 # 1504
2356 # 1504
2357 # 1504
2358 # 1504
2359 # 1504
2360 # 1504
2362 # 1504
2363 # 1504
2364 # 1504
2365 # 1504
2366 # 1504
2368 # 1504
2369 # 1504
2370 # 1504
2371 # 1504
2372 # 1504
2374 # 1504
2375 # 1504
2376 # 1504
2377 # 1504
2378 # 1504
2380 # 1504
2381 # 1504
2382 # 1504
2383 # 1504
2384 # 1504
2386 # 1504
2387 # 1504
2388 # 1504
2389 # 1504
2390 # 1504
2392 # 1504
2393 # 1504
2394 # 1504
2395 # 1504
2396 # 1504
2398 # 1504
2399 # 1504
2400 # 1504
2401 # 1504
2402 # 1504
2404 # 1504
2405 # 1504
2406 # 1504
2407 # 1504
2408 # 1504
2410 # 1504
2411 # 1504
2412 # 1504
2413 # 1504
2414 # 1504
2416 # 1504
2417 # 1504
2418 # 1504
2419 # 1504
2420 # 1504
2422 # 1504
2423 # 1504
2424 # 1504
2425 # 1504
2426 # 1504
2428 # 1504
2429 # 1504
2430 # 1504
2431 # 1504
2432 # 1504
2434 # 1504
2435 # 1504
2436 # 1504
2437 # 1504
2438 # 1504
2440 # 1504
2441 # 1504
2442 # 1504
2443 # 1504
2444 # 1504
2446 # 1504
2447 # 1504
2448 # 1504
2449 # 1504
2450 # 1504
2452 # 1504
2453 # 1504
2454 # 1504
2455 # 1504
2456 # 1504
2458 # 1504
2459 # 1504
2460 # 1504
2461 # 1504
2462 # 1504
2464 # 1504
2465 # 1504
2466 # 1504
2467 # 1504
2468 # 1504
2470 # 1504
2471 # 1504
2472 # 1504
2473 # 1504
2474 # 1504
2476 # 1504
2477 # 1504
2478 # 1504
2479 # 1504
2480 # 1504
2482 # 1504
2483 # 1504
2484 # 1504
2485 # 1504
2486 # 1504
2488 # 1504
2489 # 1504
2490 # 1504
2491 # 1504
2492 # 1504
2494 # 1504
2495 # 1504
2496 # 1504
2497 # 1504
2498 # 1504
2500 # 1504
2501 # 1504
2502 # 1504
2503 # 1504
2504 # 1504
2506 # 1504
2507 # 1504
2508 # 1504
2509 # 1504
2510 # 1504
2512 # 1504
2513 # 1504
2514 # 1504
2515 # 1504
2516 # 1504
2518 # 1504
2519 # 1504
2520 # 1504
2521 # 1504
2522 # 1504
2524 # 1504
2525 # 1504
2526 # 1504
2527 # 1504
2528 # 1504
2530 # 1504
2531 # 1504
2532 # 1504
2533 # 1504
2534 # 1504
2536 # 1504
2537 # 1504
2538 # 1504
2539 # 1504
2540 # 1504
2542 # 1504
2543 # 1504
2544 # 1504
2545 # 1504
2546 # 1504
2548 # 1504
2549 # 1504
2550 # 1504
2551 # 1504
2552 # 1504
2554 # 1504
2555 # 1504
2556 # 1504
2557 # 1504
2558 # 1504
2560 # 1504
2561 # 1504
2562 # 1504
2563 # 1504
2564 # 1504
2566 # 1504
2567 # 1504
2568 # 1504
2569 # 1504
2570 # 1504
2572 # 1504
2573 # 1504
2574 # 1504
2575 # 1504
2576 # 1504
2578 # 1504
2579 # 1504
2580 # 1504
2581 # 1504
2582 # 1504
2584 # 1504
2585 # 1504
2586 # 1504
2587 # 1504
2588 # 1504
2590 # 1504
2591 # 1504
2592 # 1504
2593 # 1504
2594 # 1504
2596 # 1504
2597 # 1504
2598 # 1504
2599 # 1504
2600 # 1504
2602 # 1504
2603 # 1504
2604 # 1504
2605 # 1504
2606 # 1504
2608 # 1504
2609 # 1504
2610 # 1504
2611 # 1504
2612 # 1504
2614 # 1504
2615 # 1504
2616 # 1504
2617 # 1504
2618 # 1504
2620 # 1504
2621 # 1504
2622 # 1504
2623 # 1504
2624 # 1504
2626 # 1504
2627 # 1504
2628 # 1504
2629 # 1504
2630 # 1504
2632 # 1504
2633 # 1504
2634 # 1504
2635 # 1504
2636 # 1504
2638 # 1504
2639 # 1504
2640 # 1504
2641 # 1504
2642 # 1504
2644 # 1504
2645 # 1504
2646 # 1504
2647 # 1504
2648 # 1504
2650 # 1504
2651 # 1504
2652 # 1504
2653 # 1504
2654 # 1504
2656 # 1504
2657 # 1504
2658 # 1504
2659 # 1504
2660 # 1504
2662 # 1504
2663 # 1504
2664 # 1504
2665 # 1504
2666 # 1504
2668 # 1504
2669 # 1504
2670 # 1504
2671 # 1504
2672 # 1504
2674 # 1504
2675 # 1504
2676 # 1504
2677 # 1504
2678 # 1504
2680 # 1504
2681 # 1504
2682 # 1504
2683 # 1504
2684 # 1504
2686 # 1504
2687 # 1504
2688 # 1504
2689 # 1504
2690 # 1504
2692 # 1504
2693 # 1504
2694 # 1504
2695 # 1504
2696 # 1504
2698 # 1504
2699 # 1504
2700 # 1504
2701 # 1504
2702 # 1504
2704 # 1504
2705 # 1504
2706 # 1504
2707 # 1504
2708 # 1504
2710 # 1504
2711 # 1504
2712 # 1504
2713 # 1504
2714 # 1504
2716 # 1504
2717 # 1504
2718 # 1504
2719 # 1504
2720 # 1504
2722 # 1504
2723 # 1504
2724 # 1504
2725 # 1504
2726 # 1504
2728 # 1504
2729 # 1504
2730 # 1504
2731 # 1504
2732 # 1504
2734 # 1504
2735 # 1504
2736 # 1504
2737 # 1504
2738 # 1504
2740 # 1504
2741 # 1504
2742 # 1504
2743 # 1504
2744 # 1504
2746 # 1504
2747 # 1504
2748 # 1504
2749 # 1504
2750 # 1504
2752 # 1504
2753 # 1504
2754 # 1504
2755 # 1504
2756 # 1504
2758 # 1504
2759 # 1504
2760 # 1504
2761 # 1504
2762 # 1504
2764 # 1504
2765 # 1504
2766 # 1504
2767 # 1504
2768 # 1504
2770 # 1504
2771 # 1504
2772 # 1504
2773 # 1504
2774 # 1504
2776 # 1504
2777 # 1504
2778 # 1504
2779 # 1504
2780 # 1504
2782 # 1504
2783 # 1504
2784 # 1504
2785 # 1504
2786 # 1504
2788 # 1504
2789 # 1504
2790 # 1504
2791 # 1504
2792 # 1504
2794 # 1504
2795 # 1504
2796 # 1504
2797 # 1504
2798 # 1504
2800 # 1504
2801 # 1504
2802 # 1504
2803 # 1504
2804 # 1504
2806 # 1504
2807 # 1504
2808 # 1504
2809 # 1504
2810 # 1504
2812 # 1504
2813 # 1504
2814 # 1504
2815 # 1504
2816 # 1504
2818 # 1504
2819 # 1504
2820 # 1504
2821 # 1504
2822 # 1504
2824 # 1504
2825 # 1504
2826 # 1504
2827 # 1504
2828 # 1504
2830 # 1504
2831 # 1504
2832 # 1504
2833 # 1504
2834 # 1504
2836 # 1504
2837 # 1504
2838 # 1504
2839 # 1504
2840 # 1504
2842 # 1504
2843 # 1504
2844 # 1504
2845 # 1504
2846 # 1504
2848 # 1504
2849 # 1504
2850 # 1504
2851 # 1504
2852 # 1504
2854 # 1504
2855 # 1504
2856 # 1504
2857 # 1504
2858 # 1504
2860 # 1504
2861 # 1504
2862 # 1504
2863 # 1504
2864 # 1504
2866 # 1504
2867 # 1504
2868 # 1504
2869 # 1504
2870 # 1504
2872 # 1504
2873 # 1504
2874 # 1504
2875 # 1504
2876 # 1504
2878 # 1504
2879 # 1504
2880 # 1504
2881 # 1504
2882 # 1504
2884 # 1504
2885 # 1504
2886 # 1504
2887 # 1504
2888 # 1504
2890 # 1504
2891 # 1504
2892 # 1504
2893 # 1504
2894 # 1504
2896 # 1504
2897 # 1504
2898 # 1504
2899 # 1504
2900 # 1504
2902 # 1504
2903 # 1504
2904 # 1504
2905 # 1504
2906 # 1504
2908 # 1504
2909 # 1504
2910 # 1504
2911 # 1504
2912 # 1504
2914 # 1504
2915 # 1504
2916 # 1504
2917 # 1504
2918 # 1504
2920 # 1504
2921 # 1504
2922 # 1504
2923 # 1504
2924 # 1504
2926 # 1504
2927 # 1504
2928 # 1504
2929 # 1504
2930 # 1504
2932 # 1504
2933 # 1504
2934 # 1504
2935 # 1504
2936 # 1504
2938 # 1504
2939 # 1504
2940 # 1504
2941 # 1504
2942 # 1504
2944 # 1504
2945 # 1504
2946 # 1504
2947 # 1504
2948 # 1504
2950 # 1504
2951 # 1504
2952 # 1504
2953 # 1504
2954 # 1504
2956 # 1504
2957 # 1504
2958 # 1504
2959 # 1504
2960 # 1504
2962 # 1504
2963 # 1504
2964 # 1504
2965 # 1504
2966 # 1504
2968 # 1504
2969 # 1504
2970 # 1504
2971 # 1504
2972 # 1504
2974 # 1504
2975 # 1504
2976 # 1504
2977 # 1504
2978 # 1504
2980 # 1504
2981 # 1504
2982 # 1504
2983 # 1504
2984 # 1504
2986 # 1504
2987 # 1504
2988 # 1504
2989 # 1504
2990 # 1504
2992 # 1504
2993 # 1504
2994 # 1504
2995 # 1504
2996 # 1504
2998 # 1504
2999 # 1504
3000 # 1504
3001 # 1504
3002 # 1504
3004 # 1504
3005 # 1504
3006 # 1504
3007 # 1504
3008 # 1504
3010 # 1504
3011 # 1504
3012 # 1504
3013 # 1504
3014 # 1504
3016 # 1504
3017 # 1504
3018 # 1504
3019 # 1504
3020 # 1504
3022 # 1504
3023 # 1504
3024 # 1504
3025 # 1504
3026 # 1504
3028 # 1504
3029 # 1504
3030 # 1504
3031 # 1504
3032 # 1504
3034 # 1504
3035 # 1504
3036 # 1504
3037 # 1504
3038 # 1504
3040 # 1504
3041 # 1504
3042 # 1504
3043 # 1504
3044 # 1504
3046 # 1504
3047 # 1504
3048 # 1504
3049 # 1504
3050 # 1504
3052 # 1504
3053 # 1504
3054 # 1504
3055 # 1504
3056 # 1504
3058 # 1504
3059 # 1504
3060 # 1504
3061 # 1504
3062 # 1504
3064 # 1504
3065 # 1504
3066 # 1504
3067 # 1504
3068 # 1504
3070 # 1504
3071 # 1504
3072 # 1504
3073 # 1504
3074 # 1504
3076 # 1504
3077 # 1504
3078 # 1504
3079 # 1504
3080 # 1504
3082 # 1504
3083 # 1504
3084 # 1504
3085 # 1504
3086 # 1504
3088 # 1504
3089 # 1504
3090 # 1504
3091 # 1504
3092 # 1504
3094 # 1504
3095 # 1504
3096 # 1504
3097 # 1504
3098 # 1504
3100 # 1504
3101 # 1504
3102 # 1504
3103 # 1504
3104 # 1504
3106 # 1504
3107 # 1504
3108 # 1504
3109 # 1504
3110 # 1504
3112 # 1504
3113 # 1504
3114 # 1504
3115 # 1504
3116 # 1504
3118 # 1504
3119 # 1504
3120 # 1504
3121 # 1504
3122 # 1504
3124 # 1504
3125 # 1504
3126 # 1504
3127 # 1504
3128 # 1504
3130 # 1504
3131 # 1504
3132 # 1504
3133 # 1504
3134 # 1504
3136 # 1504
3137 # 1504
3138 # 1504
3139 # 1504
3140 # 1504
3142 # 1504
3143 # 1504
3144 # 1504
3145 # 1504
3146 # 1504
3148 # 1504
3149 # 1504
3150 # 1504
3151 # 1504
3152 # 1504
3154 # 1504
3155 # 1504
3156 # 1504
3157 # 1504
3158 # 1504
3160 # 1504
3161 # 1504
3162 # 1504
3163 # 1504
3164 # 1504
3166 # 1504
3167 # 1504
3168 # 1504
3169 # 1504
3170 # 1504
3172 # 1504
3173 # 1504
3174 # 1504
3175 # 1504
3176 # 1504
3178 # 1504
3179 # 1504
3180 # 1504
3181 # 1504
3182 # 1504
3184 # 1504
3185 # 1504
3186 # 1504
3187 # 1504
3188 # 1504
3190 # 1504
3191 # 1504
3192 # 1504
3193 # 1504
3194 # 1504
3196 # 1504
3197 # 1504
3198 # 1504
3199 # 1504
3200 # 1504
3202 # 1504
3203 # 1504
3204 # 1504
3205 # 1504
3206 # 1504
3208 # 1504
3209 # 1504
3210 # 1504
3211 # 1504
3212 # 1504
3214 # 1504
3215 # 1504
3216 # 1504
3217 # 1504
3218 # 1504
3220 # 1504
3221 # 1504
3222 # 1504
3223 # 1504
3224 # 1504
3226 # 1504
3227 # 1504
3228 # 1504
3229 # 1504
3230 # 1504
3232 # 1504
3233 # 1504
3234 # 1504
3235 # 1504
3236 # 1504
3238 # 1504
3239 # 1504
3240 # 1504
3241 # 1504
3242 # 1504
3244 # 1504
3245 # 1504
3246 # 1504
3247 # 1504
3248 # 1504
3250 # 1504
3251 # 1504
3252 # 1504
3253 # 1504
3254 # 1504
3256 # 1504
3257 # 1504
3258 # 1504
3259 # 1504
3260 # 1504
3262 # 1504
3263 # 1504
3264 # 1504
3265 # 1504
3266 # 1504
3268 # 1504
3269 # 1504
3270 # 1504
3271 # 1504
3272 # 1504
3274 # 1504
3275 # 1504
3276 # 1504
3277 # 1504
3278 # 1504
3280 # 1504
3281 # 1504
3282 # 1504
3283 # 1504
3284 # 1504
3286 # 1504
3287 # 1504
3288 # 1504
3289 # 1504
3290 # 1504
3292 # 1504
3293 # 1504
3294 # 1504
3295 # 1504
3296 # 1504
3298 # 1504
3299 # 1504
3300 # 1504
3301 # 1504
3302 # 1504
3304 # 1504
3305 # 1504
3306 # 1504
3307 # 1504
3308 # 1504
3310 # 1504
3311 # 1504
3312 # 1504
3313 # 1504
3314 # 1504
3316 # 1504
3317 # 1504
3318 # 1504
3319 # 1504
3320 # 1504
3322 # 1504
3323 # 1504
3324 # 1504
3325 # 1504
3326 # 1504
3328 # 1504
3329 # 1504
3330 # 1504
3331 # 1504
3332 # 1504
3334 # 1504
3335 # 1504
3336 # 1504
3337 # 1504
3338 # 1504
3340 # 1504
3341 # 1504
3342 # 1504
3343 # 1504
3344 # 1504
3346 # 1504
3347 # 1504
3348 # 1504
3349 # 1504
3350 # 1504
3352 # 1504
3353 # 1504
3354 # 1504
3355 # 1504
3356 # 1504
3358 # 1504
3359 # 1504
3360 # 1504
3361 # 1504
3362 # 1504
3364 # 1504
3365 # 1504
3366 # 1504
3367 # 1504
3368 # 1504
3370 # 1504
3371 # 1504
3372 # 1504
3373 # 1504
3374 # 1504
3376 # 1504
3377 # 1504
3378 # 1504
3379 # 1504
3380 # 1504
3382 # 1504
3383 # 1504
3384 # 1504
3385 # 1504
3386 # 1504
3388 # 1504
3389 # 1504
3390 # 1504
3391 # 1504
3392 # 1504
3394 # 1504
3395 # 1504
3396 # 1504
3397 # 1504
3398 # 1504
3400 # 1504
3401 # 1504
3402 # 1504
3403 # 1504
3404 # 1504
3406 # 1504
3407 # 1504
3408 # 1504
3409 # 1504
3410 # 1504
3412 # 1504
3413 # 1504
3414 # 1504
3415 # 1504
3416 # 1504
3418 # 1504
3419 # 1504
3420 # 1504
3421 # 1504
3422 # 1504
3424 # 1504
3425 # 1504
3426 # 1504
3427 # 1504
3428 # 1504
3430 # 1504
3431 # 1504
3432 # 1504
3433 # 1504
3434 # 1504
3436 # 1504
3437 # 1504
3438 # 1504
3439 # 1504
3440 # 1504
3442 # 1504
3443 # 1504
3444 # 1504
3445 # 1504
3446 # 1504
3448 # 1504
3449 # 1504
3450 # 1504
3451 # 1504
3452 # 1504
3454 # 1504
3455 # 1504
3456 # 1504
3457 # 1504
3458 # 1504
3460 # 1504
3461 # 1504
3462 # 1504
3463 # 1504
3464 # 1504
3466 # 1504
3467 # 1504
3468 # 1504
3469 # 1504
3470 # 1504
3472 # 1504
3473 # 1504
3474 # 1504
3475 # 1504
3476 # 1504
3478 # 1504
3479 # 1504
3480 # 1504
3481 # 1504
3482 # 1504
3484 # 1504
3485 # 1504
3486 # 1504
3487 # 1504
3488 # 1504
3490 # 1504
3491 # 1504
3492 # 1504
3493 # 1504
3494 # 1504
3496 # 1504
3497 # 1504
3498 # 1504
3499 # 1504
3500 # 1504
3502 # 1504
3503 # 1504
3504 # 1504
3505 # 1504
3506 # 1504
3508 # 1504
3509 # 1504
3510 # 1504
3511 # 1504
3512 # 1504
3513 + 132
3514 # 1504
3514 - 132 1
3515 # 1504
3516 # 1504
3517 # 1504
3518 # 1504
3520 # 1504
3521 # 1504
3522 # 1504
3523 # 1504
3524 # 1504
3526 # 1504
3527 # 1504
3528 # 1504
3529 # 1504
3530 # 1504
3532 # 1504
3533 # 1504
3534 # 1504
3535 # 1504
3536 # 1504
3538 # 1504
3539 # 1504
3540 # 1504
3541 # 1504
3542 # 1504
3544 # 1504
3545 # 1504
3546 # 1504
3547 # 1504
3548 # 1504
3550 # 1504
3551 # 1504
3552 # 1504
3553 # 1504
3554 # 1504
3556 # 1504
3557 # 1504
3558 # 1504
3559 # 1504
3560 # 1504
3562 # 1504
3563 # 1504
3564 # 1504
3565 # 1504
3566 # 1504
3568 # 1504
3569 # 1504
3570 # 1504
3571 # 1504
3572 # 1504
3574 # 1504
3575 # 1504
3576 # 1504
3577 # 1504
3578 # 1504
3580 # 1504
3581 # 1504
3582 # 1504
3583 # 1504
3584 # 1504
3586 # 1504
3587 # 1504
3588 # 1504
3589 # 1504
3590 # 1504
3592 # 1504
3593 # 1504
3594 # 1504
3595 # 1504
3596 # 1504
3598 # 1504
3599 # 1504
3600 # 1504
3601 # 1504
3602 # 1504
3604 # 1504
3605 # 1504
3606 # 1504
3607 # 1504
3608 # 1504
3610 # 1504
3611 # 1504
3612 # 1504
3613 # 1504
3614 # 1504
3616 # 1504
3617 # 1504
3618 # 1504
3619 # 1504
3620 # 1504
3622 # 1504
3623 # 1504
3624 # 1504
3625 # 1504
3626 # 1504
3628 # 1504
3629 # 1504
3630 # 1504
3631 # 1504
3632 # 1504
3634 # 1504
3635 # 1504
3636 # 1504
3637 # 1504
3638 # 1504
3640 # 1504
3641 # 1504
3642 # 1504
3643 # 1504
3644 # 1504
3645 + 52
3646 # 1504
3646 - 52 1
3646 + 132
3647 # 1504
3647 - 132 1
3648 # 1504
3649 # 1504
3650 # 1504
3652 # 1504
3653 # 1504
3654 # 1504
3655 # 1504
3656 # 1504
3658 # 1504
3659 # 1504
3660 # 1504
3661 # 1504
3662 # 1504
3664 # 1504
3665 # 1504
3666 # 1504
3667 # 1504
3668 # 1504
3670 # 1504
3671 # 1504
3672 # 1504
3673 # 1504
3674 # 1504
3676 # 1504
3677 # 1504
3678 # 1504
3679 # 1504
3680 # 1504
3682 # 1504
3683 # 1504
3684 # 1504
3685 # 1504
3686 # 1504
3688 # 1504
3689 # 1504
3690 # 1504
3691 # 1504
3692 # 1504
3694 # 1504
3695 # 1504
3696 # 1504
3697 # 1504
3698 # 1504
3700 # 1504
3701 # 1504
3702 # 1504
3703 # 1504
3704 # 1504
3706 # 1504
3707 # 1504
3708 # 1504
3709 # 1504
3710 # 1504
3712 # 1504
3713 # 1504
3714 # 1504
3715 # 1504
3716 # 1504
3718 # 1504
3719 # 1504
3720 # 1504
3721 # 1504
3722 # 1504
3724 # 1504
3725 # 1504
3726 # 1504
3727 # 1504
3728 # 1504
3730 # 1504
3731 # 1504
3732 # 1504
3733 # 1504
3734 # 1504
3736 # 1504
3737 # 1504
3738 # 1504
3739 # 1504
3740 # 1504
3742 # 1504
3743 # 1504
3744 # 1504
3745 # 1504
3746 # 1504
3748 # 1504
3749 # 1504
3750 # 1504
3751 # 1504
3752 # 1504
3754 # 1504
3755 # 1504
3756 # 1504
3757 # 1504
3758 # 1504
3760 # 1504
3761 # 1504
3762 # 1504
3763 # 1504
3764 # 1504
3766 # 1504
3767 # 1504
3768 # 1504
3769 # 1504
3770 # 1504
3772 # 1504
3773 # 1504
3774 # 1504
3775 # 1504
3776 # 1504
3778 # 1504
3779 # 1504
3780 # 1504
3781 # 1504
3782 # 1504
3783 + 88
3784 # 1504
3784 - 88 1
3784 + 88
3784 + 88
3785 # 1504
3785 - 88 1
3785 - 88 1
3785 + 88
3786 # 1504
3786 - 88 1
3786 + 88
3787 # 1504
3787 - 88 1
3788 # 1504
3789 + 88
3790 # 1504
3790 - 88 1
3790 + 88
3790 + 88
3791 # 1504
3791 - 88 1
3791 - 88 1
3791 + 88
3792 # 1504
3792 - 88 1
3792 + 88
3793 # 1504
3793 - 88 1
3794 # 1504
3794 + 88
3795 + 88
3796 # 1504
3796 - 88 2
3796 - 88 1
3797 # 1504
3797 + 88
3798 # 1504
3798 - 88 1
3798 + 88
3798 + 88
3799 # 1504
3799 - 88 1
3799 - 88 1
3800 # 1504
3801 + 88
3802 # 1504
3802 - 88 1
3802 + 88
3803 # 1504
3803 - 88 1
3804 # 1504
3804 + 88
3804 + 88
3805 # 1504
3805 - 88 1
3805 - 88 1
3806 # 1504
3807 + 88
3807 + 88
3808 # 1504
3808 - 88 1
3808 - 88 1
3808 + 88
3809 # 1504
3809 - 88 1
3809 + 88
3810 # 1504
3810 - 88 1
3811 # 1504
3811 + 88
3812 # 1504
3812 - 88 1
3812 + 88
3813 + 88
3814 # 1504
3814 - 88 2
3814 - 88 1
3814 + 88
3815 # 1504
3815 - 88 1
3815 + 88
3816 # 1504
3816 - 88 1
3816 + 88
3817 # 1504
3817 - 88 1
3818 # 1504
3818 + 88
3820 # 1504
3820 - 88 2
3820 + 88
3821 # 1504
3821 - 88 1
3821 + 88
3822 # 1504
3822 - 88 1
3822 + 88
3823 # 1504
3823 - 88 1
3824 # 1504
3824 + 88
3826 # 1504
3826 - 88 2
3826 + 88
3827 # 1504
3827 - 88 1
3827 + 88
3828 # 1504
3828 - 88 1
3828 + 88
3828 + 88
3829 # 1504
3829 - 88 1
3829 - 88 1
3830 # 1504
3830 + 88
3831 + 88
3832 # 1504
3832 - 88 2
3832 - 88 1
3832 + 88
3833 # 1504
3833 - 88 1
3834 # 1504
3834 + 88
3834 + 88
3835 # 1504
3835 - 88 1
3835 - 88 1
3836 # 1504
3836 + 88
3837 + 88
3838 # 1504
3838 - 88 2
3838 - 88 1
3838 + 88
3839 # 1504
3839 - 88 1
3840 # 1504
3840 + 88
3841 # 1504
3841 - 88 1
3842 # 1504
3843 + 88
3843 + 88
3844 # 1504
3844 - 88 1
3844 - 88 1
3844 + 88
3845 # 1504
3845 - 88 1
3845 + 88
3846 # 1504
3846 - 88 1
3846 + 88
3847 # 1504
3847 - 88 1
3848 # 1504
3850 # 1504
3850 + 88
3850 + 88
3850 + 88
3851 # 1504
3851 - 88 1
3851 - 88 1
3851 - 88 1
3851 + 88
3852 # 1504
3852 - 88 1
3852 + 88
3853 # 1504
3853 - 88 1
3854 # 1504
3854 + 88
3855 + 88
3856 # 1504
3856 - 88 2
3856 - 88 1
3857 # 1504
3857 + 88
3858 # 1504
3858 - 88 1
3858 + 88
3858 + 88
3859 # 1504
3859 - 88 1
3859 - 88 1
3860 # 1504
3861 + 88
3862 # 1504
3862 - 88 1
3862 + 88
3863 # 1504
3863 - 88 1
3864 # 1504
3865 # 1504
3865 + 88
3865 + 88
3866 # 1504
3866 - 88 1
3866 - 88 1
3866 + 88
3867 + 88
3868 # 1504
3868 - 88 2
3868 - 88 1
3868 + 88
3869 # 1504
3869 - 88 1
3870 # 1504
3870 + 88
3871 # 1504
3871 - 88 1
3871 + 88
3872 # 1504
3872 - 88 1
3873 + 88
3873 + 88
3874 # 1504
3874 - 88 1
3874 - 88 1
3874 + 88
3875 # 1504
3875 - 88 1
3875 + 88
3876 # 1504
3876 - 88 1
3876 + 88
3877 # 1504
3877 - 88 1
3878 # 1504
3880 # 1504
3880 + 88
3880 + 88
3880 + 88
3881 # 1504
3881 - 88 1
3881 - 88 1
3881 - 88 1
3881 + 88
3882 # 1504
3882 - 88 1
3882 + 88
3883 # 1504
3883 - 88 1
3884 # 1504
3885 + 88
3886 # 1504
3886 - 88 1
3886 + 88
3887 # 1504
3887 - 88 1
3888 # 1504
3888 + 88
3888 + 88
3889 # 1504
3889 - 88 1
3889 - 88 1
3890 # 1504
3890 + 88
3891 + 88
3892 # 1504
3892 - 88 2
3892 - 88 1
3893 # 1504
3894 # 1504
3894 + 88
3894 + 88
3895 # 1504
3895 - 88 1
3895 - 88 1
3895 + 88
3896 # 1504
3896 - 88 1
3897 + 88
3897 + 88
3898 # 1504
3898 - 88 1
3898 - 88 1
3898 + 88
3899 # 1504
3899 - 88 1
3900 # 1504
3900 + 88
3900 + 88
3901 # 1504
3901 - 88 1
3901 - 88 1
3902 # 1504
3903 + 88
3903 + 88
3904 # 1504
3904 - 88 1
3904 - 88 1
3904 + 88
3905 # 1504
3905 - 88 1
3905 + 88
3906 # 1504
3906 - 88 1
3907 # 1504
3908 # 1504
3909 + 88
3910 # 1504
3910 - 88 1
3910 + 88
3910 + 88
3911 # 1504
3911 - 88 1
3911 - 88 1
3912 # 1504
3912 + 88
3912 + 88
3913 # 1504
3913 - 88 1
3913 - 88 1
3914 # 1504
3914 + 88
3916 # 1504
3916 - 88 2
3916 + 88
3916 + 88
3917 # 1504
3917 - 88 1
3917 - 88 1
3917 + 88
3918 # 1504
3918 - 88 1
3918 + 88
3919 # 1504
3919 - 88 1
3920 # 1504
3920 + 88
3921 + 88
3922 # 1504
3922 - 88 2
3922 - 88 1
3923 # 1504
3924 # 1504
3924 + 88
3924 + 88
3924 + 88
3925 # 1504
3925 - 88 1
3925 - 88 1
3925 - 88 1
3926 # 1504
3926 + 88
3928 # 1504
3928 - 88 2
3928 + 88
3929 # 1504
3929 - 88 1
3930 # 1504
3930 + 88
3931 # 1504
3931 - 88 1
3931 + 88
3932 # 1504
3932 - 88 1
3932 + 88
3933 + 88
3934 # 1504
3934 - 88 2
3934 - 88 1
3934 + 88
3935 # 1504
3935 - 88 1
3935 + 88
3936 # 1504
3936 - 88 1
3936 + 88
3937 # 1504
3937 - 88 1
3938 # 1504
3939 + 88
3939 + 88
3940 # 1504
3940 - 88 1
3940 - 88 1
3940 + 88
3941 # 1504
3941 - 88 1
3941 + 88
3942 # 1504
3942 - 88 1
3942 + 88
3943 # 1504
3943 - 88 1
3944 # 1504
3945 + 88
3945 + 88
3946 # 1504
3946 - 88 1
3946 - 88 1
3947 # 1504
3947 + 88
3948 # 1504
3948 - 88 1
3948 + 88
3949 # 1504
3949 - 88 1
3950 # 1504
3950 + 88
3951 + 88
3952 # 1504
3952 - 88 2
3952 - 88 1
3953 # 1504
3954 # 1504
3954 + 88
3954 + 88
3954 + 88
3955 # 1504
3955 - 88 1
3955 - 88 1
3955 - 88 1
3956 # 1504
3956 + 88
3957 + 88
3958 # 1504
3958 - 88 2
3958 - 88 1
3958 + 88
3959 # 1504
3959 - 88 1
3960 # 1504
3960 + 88
3960 + 88
3961 # 1504
3961 - 88 1
3961 - 88 1
3962 # 1504
3962 + 88
3963 + 88
3964 # 1504
3964 - 88 2
3964 - 88 1
3964 + 88
3965 # 1504
3965 - 88 1
3965 + 88
3966 # 1504
3966 - 88 1
3967 # 1504
3967 + 88
3968 # 1504
3968 - 88 1
3969 + 88
3969 + 88
3970 # 1504
3970 - 88 1
3970 - 88 1
3970 + 88
3971 # 1504
3971 - 88 1
3971 + 88
3972 # 1504
3972 - 88 1
3973 # 1504
3974 # 1504
3975 + 88
3975 + 88
3976 # 1504
3976 - 88 1
3976 - 88 1
3976 + 88
3977 # 1504
3977 - 88 1
3977 + 88
3978 # 1504
3978 - 88 1
3978 + 88
3979 # 1504
3979 - 88 1
3980 # 1504
3980 + 88
3982 # 1504
3982 - 88 2
3982 + 88
3983 # 1504
3983 - 88 1
3983 + 88
3983 + 88
3984 # 1504
3984 - 88 1
3984 - 88 1
3984 + 88
3985 # 1504
3985 - 88 1
3986 # 1504
3986 + 88
3987 + 88
3988 # 1504
3988 - 88 2
3988 - 88 1
3989 # 1504
3989 + 88
3990 # 1504
3990 - 88 1
3990 + 88
3990 + 88
3991 # 1504
3991 - 88 1
3991 - 88 1
3992 # 1504
3992 + 88
3994 # 1504
3994 - 88 2
3995 # 1504
3995 + 88
3995 + 88
3996 # 1504
3996 - 88 1
3996 - 88 1
3997 # 1504
3998 # 1504
3998 + 88
3999 + 88
4000 # 1504
4000 - 88 2
4000 - 88 1
4000 + 88
4000 + 88
4001 # 1504
4001 - 88 1
4001 - 88 1
4001 + 88
4002 # 1504
4002 - 88 1
4002 + 88
4003 # 1504
4003 - 88 1
4004 # 1504
4005 + 88
4006 # 1504
4006 - 88 1
4006 + 88
4006 + 88
4007 # 1504
4007 - 88 1
4007 - 88 1
4007 + 88
4008 # 1504
4008 - 88 1
4008 + 88
4009 # 1504
4009 - 88 1
4010 # 1504
4011 + 88
4012 # 1504
4012 - 88 1
4013 # 1504
4013 + 88
4013 + 88
4014 # 1504
4014 - 88 1
4014 - 88 1
4014 + 88
4015 # 1504
4015 - 88 1
4016 # 1504
4016 + 88
4017 + 88
4018 # 1504
4018 - 88 2
4018 - 88 1
4019 # 1504
4019 + 88
4020 # 1504
4020 - 88 1
4020 + 88
4020 + 88
4021 # 1504
4021 - 88 1
4021 - 88 1
4022 # 1504
4022 + 88
4023 + 88
4024 # 1504
4024 - 88 2
4024 - 88 1
4025 # 1504
4025 + 88
4026 # 1504
4026 - 88 1
4027 # 1504
4027 + 88
4027 + 88
4028 # 1504
4028 - 88 1
4028 - 88 1
4029 + 88
4029 + 88
4030 # 1504
4030 - 88 1
4030 - 88 1
4030 + 88
4031 # 1504
4031 - 88 1
4032 # 1504
4032 + 88
4033 # 1504
4033 - 88 1
4034 # 1504
4035 + 88
4035 + 88
4036 # 1504
4036 - 88 1
4036 - 88 1
4036 + 88
4037 # 1504
4037 - 88 1
4037 + 88
4038 # 1504
4038 - 88 1
4038 + 88
4039 # 1504
4039 - 88 1
4040 # 1504
4040 + 88
4042 # 1504
4042 - 88 2
4043 # 1504
4043 + 88
4043 + 88
4043 + 88
4044 # 1504
4044 - 88 1
4044 - 88 1
4044 - 88 1
4044 + 88
4045 # 1504
4045 - 88 1
4046 # 1504
4046 + 88
4047 + 88
4048 # 1504
4048 - 88 2
4048 - 88 1
4048 + 88
4049 # 1504
4049 - 88 1
4050 # 1504
4050 + 88
4051 # 1504
4051 - 88 1
4051 + 88
4052 # 1504
4052 - 88 1
4052 + 88
4053 + 88
4054 # 1504
4054 - 88 2
4054 - 88 1
4054 + 88
4055 # 1504
4055 - 88 1
4056 # 1504
4057 # 1504
4057 + 88
4057 + 88
4058 # 1504
4058 - 88 1
4058 - 88 1
4059 + 88
4060 # 1504
4060 - 88 1
4060 + 88
4061 # 1504
4061 - 88 1
4061 + 88
4062 # 1504
4062 - 88 1
4063 # 1504
4063 + 88
4064 # 1504
4064 - 88 1
4065 + 88
4066 # 1504
4066 - 88 1
4066 + 88
4066 + 88
4067 # 1504
4067 - 88 1
4067 - 88 1
4067 + 88
4068 # 1504
4068 - 88 1
4068 + 88
4069 # 1504
4069 - 88 1
4070 # 1504
4070 + 88
4072 # 1504
4072 - 88 2
4073 # 1504
4073 + 88
4073 + 88
4073 + 88
4074 # 1504
4074 - 88 1
4074 - 88 1
4074 - 88 1
4074 + 88
4075 # 1504
4075 - 88 1
4076 # 1504
4076 + 88
4077 + 88
4078 # 1504
4078 - 88 2
4078 - 88 1
4079 # 1504
4079 + 88
4080 # 1504
4080 - 88 1
4081 # 1504
4081 + 88
4082 # 1504
4082 - 88 1
4082 + 88
4083 + 88
4084 # 1504
4084 - 88 2
4084 - 88 1
4085 # 1504
4086 # 1504
4086 + 88
4086 + 88
4087 # 1504
4087 - 88 1
4087 - 88 1
4087 + 88
4088 # 1504
4088 - 88 1
4088 + 88
4089 + 88
4090 # 1504
4090 - 88 2
4090 - 88 1
4090 + 88
4091 # 1504
4091 - 88 1
4091 + 88
4092 # 1504
4092 - 88 1
4092 + 88
4093 # 1504
4093 - 88 1
4094 # 1504
4095 + 88
4096 # 1504
4096 - 88 1
4096 + 88
4096 + 88
4097 # 1504
4097 - 88 1
4097 - 88 1
4097 + 88
4098 # 1504
4098 - 88 1
4099 # 1504
4100 # 1504
4100 + 88
4102 # 1504
4102 - 88 2
4102 + 88
4102 + 88
4103 # 1504
4103 - 88 1
4103 - 88 1
4104 # 1504
4104 + 88
4104 + 88
4105 # 1504
4105 - 88 1
4105 - 88 1
4106 # 1504
4107 + 88
4107 + 88
4108 # 1504
4108 - 88 1
4108 - 88 1
4109 # 1504
4109 + 88
4110 # 1504
4110 - 88 1
4110 + 88
4110 + 88
4111 # 1504
4111 - 88 1
4111 - 88 1
4112 # 1504
4112 + 88
4113 + 88
4114 # 1504
4114 - 88 2
4114 - 88 1
4114 + 88
4115 # 1504
4115 - 88 1
4116 # 1504
4116 + 88
4116 + 88
4117 # 1504
4117 - 88 1
4117 - 88 1
4118 # 1504
4118 + 88
4120 # 1504
4120 - 88 2
4120 + 88
4121 # 1504
4121 - 88 1
4121 + 88
4122 # 1504
4122 - 88 1
4123 # 1504
4123 + 88
4124 # 1504
4124 - 88 1
4125 + 88
4125 + 88
4126 # 1504
4126 - 88 1
4126 - 88 1
4126 + 88
4127 # 1504
4127 - 88 1
4127 + 88
4128 # 1504
4128 - 88 1
4128 + 88
4129 # 1504
4129 - 88 1
4130 # 1504
4131 + 88
4131 + 88
4132 # 1504
4132 - 88 1
4132 - 88 1
4132 + 88
4133 # 1504
4133 - 88 1
4133 + 88
4134 # 1504
4134 - 88 1
4134 + 88
4135 # 1504
4135 - 88 1
4136 # 1504
4137 + 88
4138 # 1504
4138 - 88 1
4138 + 88
4139 # 1504
4139 - 88 1
4139 + 88
4139 + 88
4140 # 1504
4140 - 88 1
4140 - 88 1
4140 + 88
4141 # 1504
4141 - 88 1
4142 # 1504
4142 + 88
4143 + 88
4144 # 1504
4144 - 88 2
4144 - 88 1
4144 + 88
4145 # 1504
4145 - 88 1
4146 # 1504
4146 + 88
4147 # 1504
4147 - 88 1
4148 # 1504
4148 + 88
4150 # 1504
4150 - 88 2
4150 + 88
4150 + 88
4151 # 1504
4151 - 88 1
4151 - 88 1
4152 # 1504
4153 # 1504
4153 + 88
4153 + 88
4154 # 1504
4154 - 88 1
4154 - 88 1
4154 + 88
4156 # 1504
4156 - 88 2
4156 + 88
4157 # 1504
4157 - 88 1
4157 + 88
4158 # 1504
4158 - 88 1
4158 + 88
4158 + 88
4159 # 1504
4159 - 88 1
4159 - 88 1
4160 # 1504
4161 + 88
4161 + 88
4162 # 1504
4162 - 88 1
4162 - 88 1
4163 # 1504
4163 + 88
4163 + 88
4164 # 1504
4164 - 88 1
4164 - 88 1
4164 + 88
4165 # 1504
4165 - 88 1
4166 # 1504
4167 + 88
4168 # 1504
4168 - 88 1
4168 + 88
4169 # 1504
4169 - 88 1
4169 + 88
4170 # 1504
4170 - 88 1
4170 + 88
4171 # 1504
4171 - 88 1
4172 # 1504
4172 + 88
4173 + 88
4174 # 1504
4174 - 88 2
4174 - 88 1
4175 # 1504
4175 + 88
4175 + 88
4176 # 1504
4176 - 88 1
4176 - 88 1
4176 + 88
4177 # 1504
4177 - 88 1
4178 # 1504
4178 + 88
4179 + 88
4180 # 1504
4180 - 88 2
4180 - 88 1
4180 + 88
4181 # 1504
4181 - 88 1
4181 + 88
4182 # 1504
4182 - 88 1
4183 # 1504
4183 + 88
4184 # 1504
4184 - 88 1
4184 + 88
4186 # 1504
4186 - 88 2
4187 # 1504
4188 # 1504
4188 + 88
4188 + 88
4188 + 88
4189 # 1504
4189 - 88 1
4189 - 88 1
4189 - 88 1
4190 # 1504
4190 + 88
4192 # 1504
4192 - 88 2
4192 + 88
4192 + 88
4193 # 1504
4193 - 88 1
4193 - 88 1
4194 # 1504
4194 + 88
4194 + 88
4195 # 1504
4195 - 88 1
4195 - 88 1
4196 # 1504
4196 + 88
4198 # 1504
4198 - 88 2
4198 + 88
4198 + 88
4199 # 1504
4199 - 88 1
4199 - 88 1
4200 # 1504
4200 + 88
4200 + 88
4201 # 1504
4201 - 88 1
4201 - 88 1
4202 # 1504
4202 + 88
4204 # 1504
4204 - 88 2
4204 + 88
4204 + 88
4205 # 1504
4205 - 88 1
4205 - 88 1
4206 # 1504
4207 # 1504
4207 + 88
4208 # 1504
4208 - 88 1
4208 + 88
4209 + 88
4210 # 1504
4210 - 88 2
4210 - 88 1
4211 # 1504
4212 # 1504
4212 + 88
4212 + 88
4213 # 1504
4213 - 88 1
4213 - 88 1
4214 # 1504
4214 + 88
4215 + 88
4215 + 88
4216 # 1504
4216 - 88 2
4216 - 88 1
4216 - 88 1
4217 # 1504
4217 + 88
4217 + 88
4218 # 1504
4218 - 88 1
4218 - 88 1
4219 # 1504
4219 + 88
4220 # 1504
4220 - 88 1
4220 + 88
4221 + 88
4222 # 1504
4222 - 88 2
4222 - 88 1
4222 + 88
4223 # 1504
4223 - 88 1
4223 + 88
4224 # 1504
4224 - 88 1
4224 + 88
4225 # 1504
4225 - 88 1
4226 # 1504
4226 + 88
4227 + 88
4228 # 1504
4228 - 88 2
4228 - 88 1
4228 + 88
4229 # 1504
4229 - 88 1
4229 + 88
4230 # 1504
4230 - 88 1
4230 + 88
4231 # 1504
4231 - 88 1
4232 # 1504
4233 + 88
4234 # 1504
4234 - 88 1
4234 + 88
4235 # 1504
4235 - 88 1
4235 + 88
4236 # 1504
4236 - 88 1
4236 + 88
4237 # 1504
4237 - 88 1
4238 # 1504
4238 + 88
4239 + 88
4240 # 1504
4240 - 88 2
4240 - 88 1
4240 + 88
4241 # 1504
4241 - 88 1
4242 # 1504
4242 + 88
4242 + 88
4243 # 1504
4243 - 88 1
4243 - 88 1
4244 # 1504
4244 + 88
4245 + 88
4246 # 1504
4246 - 88 2
4246 - 88 1
4246 + 88
4247 # 1504
4247 - 88 1
4248 # 1504
4249 # 1504
4249 + 88
4249 + 88
4250 # 1504
4250 - 88 1
4250 - 88 1
4251 + 88
4252 # 1504
4252 - 88 1
4252 + 88
4253 # 1504
4253 - 88 1
4254 # 1504
4254 + 88
4254 + 88
4255 # 1504
4255 - 88 1
4255 - 88 1
4256 # 1504
4257 + 88
4258 # 1504
4258 - 88 1
4258 + 88
4258 + 88
4259 # 1504
4259 - 88 1
4259 - 88 1
4259 + 88
4260 # 1504
4260 - 88 1
4260 + 88
4261 # 1504
4261 - 88 1
4262 # 1504
4262 + 88
4264 # 1504
4264 - 88 2
4264 + 88
4264 + 88
4265 # 1504
4265 - 88 1
4265 - 88 1
4265 + 88
4266 # 1504
4266 - 88 1
4266 + 88
4267 # 1504
4267 - 88 1
4268 # 1504
4268 + 88
4269 + 88
4270 # 1504
4270 - 88 2
4270 - 88 1
4270 + 88
4271 # 1504
4271 - 88 1
4271 + 88
4272 # 1504
4272 - 88 1
4273 # 1504
4274 # 1504
4274 + 88
4275 + 88
4276 # 1504
4276 - 88 2
4276 - 88 1
4276 + 88
4277 # 1504
4277 - 88 1
4277 + 88
4278 # 1504
4278 - 88 1
4278 + 88
4279 # 1504
4279 - 88 1
4280 # 1504
4280 + 88
4281 + 88
4282 # 1504
4282 - 88 2
4282 - 88 1
4282 + 88
4283 # 1504
4283 - 88 1
4283 + 88
4284 # 1504
4284 - 88 1
4284 + 88
4285 # 1504
4285 - 88 1
4286 # 1504
4286 + 88
4288 # 1504
4288 - 88 2
4288 + 88
4289 # 1504
4289 - 88 1
4289 + 88
4289 + 88
4290 # 1504
4290 - 88 1
4290 - 88 1
4290 + 88
4291 # 1504
4291 - 88 1
4292 # 1504
4294 # 1504
4294 + 88
4294 + 88
4295 # 1504
4295 - 88 1
4295 - 88 1
4295 + 88
4296 # 1504
4296 - 88 1
4296 + 88
4297 # 1504
4297 - 88 1
4298 # 1504
4299 + 88
4300 # 1504
4300 - 88 1
4300 + 88
4301 # 1504
4301 - 88 1
4301 + 88
4302 # 1504
4302 - 88 1
4302 + 88
4302 + 88
4303 # 1504
4303 - 88 1
4303 - 88 1
4304 # 1504
4305 + 88
4305 + 88
4306 # 1504
4306 - 88 1
4306 - 88 1
4307 # 1504
4308 # 1504
4308 + 88
4308 + 88
4309 # 1504
4309 - 88 1
4309 - 88 1
4309 + 88
4310 # 1504
4310 - 88 1
4311 + 88
4311 + 88
4312 # 1504
4312 - 88 1
4312 - 88 1
4313 # 1504
4313 + 88
4313 + 88
4314 # 1504
4314 - 88 1
4314 - 88 1
4314 + 88
4315 # 1504
4315 - 88 1
4316 # 1504
4316 + 88
4317 + 88
4318 # 1504
4318 - 88 2
4318 - 88 1
4319 # 1504
4319 + 88
4320 # 1504
4320 - 88 1
4320 + 88
4321 # 1504
4321 - 88 1
4322 # 1504
4322 + 88
4323 + 88
4324 # 1504
4324 - 88 2
4324 - 88 1
4324 + 88
4325 # 1504
4325 - 88 1
4325 + 88
4326 # 1504
4326 - 88 1
4326 + 88
4327 # 1504
4327 - 88 1
4328 # 1504
4328 + 88
4329 + 88
4330 # 1504
4330 - 88 2
4330 - 88 1
4330 + 88
4331 # 1504
4331 - 88 1
4331 + 88
4332 # 1504
4332 - 88 1
4332 + 88
4333 # 1504
4333 - 88 1
4334 # 1504
4334 + 88
4335 + 88
4336 # 1504
4336 - 88 2
4336 - 88 1
4336 + 88
4337 # 1504
4337 - 88 1
4337 + 88
4338 # 1504
4338 - 88 1
4339 # 1504
4340 # 1504
4340 + 88
4341 + 88
4342 # 1504
4342 - 88 2
4342 - 88 1
4343 # 1504
4343 + 88
4344 # 1504
4344 - 88 1
4344 + 88
4345 # 1504
4345 - 88 1
4345 + 88
4346 # 1504
4346 - 88 1
4347 + 88
4347 + 88
4348 # 1504
4348 - 88 1
4348 - 88 1
4349 # 1504
4349 + 88
4350 # 1504
4350 - 88 1
4350 + 88
4350 + 88
4351 # 1504
4351 - 88 1
4351 - 88 1
4352 # 1504
4353 + 88
4354 # 1504
4354 - 88 1
4354 + 88
4354 + 88
4355 # 1504
4355 - 88 1
4355 - 88 1
4356 # 1504
4356 + 88
4356 + 88
4357 # 1504
4357 - 88 1
4357 - 88 1
4358 # 1504
4360 # 1504
4360 + 88
4360 + 88
4361 # 1504
4361 - 88 1
4361 - 88 1
4362 # 1504
4362 + 88
4362 + 88
4363 # 1504
4363 - 88 1
4363 - 88 1
4364 # 1504
4364 + 88
4365 + 88
4366 # 1504
4366 - 88 2
4366 - 88 1
4366 + 88
4367 # 1504
4367 - 88 1
4367 + 88
4368 # 1504
4368 - 88 1
4368 + 88
4369 # 1504
4369 - 88 1
4370 # 1504
4370 + 88
4371 + 88
4372 # 1504
4372 - 88 2
4372 - 88 1
4372 + 88
4373 # 1504
4373 - 88 1
4373 + 88
4374 # 1504
4374 - 88 1
4374 + 88
4375 # 1504
4375 - 88 1
4376 # 1504
4377 + 88
4377 + 88
4378 # 1504
4378 - 88 1
4378 - 88 1
4379 # 1504
4379 + 88
4380 # 1504
4380 - 88 1
4380 + 88
4381 # 1504
4381 - 88 1
4382 # 1504
4382 + 88
4384 # 1504
4384 - 88 2
4384 + 88
4385 # 1504
4385 - 88 1
4385 + 88
4385 + 88
4386 # 1504
4386 - 88 1
4386 - 88 1
4387 # 1504
4387 + 88
4388 # 1504
4388 - 88 1
4388 + 88
4389 + 88
4390 # 1504
4390 - 88 2
4390 - 88 1
4390 + 88
4391 # 1504
4391 - 88 1
4391 + 88
4392 # 1504
4392 - 88 1
4393 # 1504
4393 + 88
4394 # 1504
4394 - 88 1
4394 + 88
4396 # 1504
4396 - 88 2
4396 + 88
4396 + 88
4397 # 1504
4397 - 88 1
4397 - 88 1
4397 + 88
4398 # 1504
4398 - 88 1
4398 + 88
4399 # 1504
4399 - 88 1
4400 # 1504
4401 + 88
4402 # 1504
4402 - 88 1
4402 + 88
4403 # 1504
4403 - 88 1
4404 # 1504
4404 + 88
4404 + 88
4405 # 1504
4405 - 88 1
4405 - 88 1
4406 # 1504
4406 + 88
4407 + 88
4408 # 1504
4408 - 88 2
4408 - 88 1
4408 + 88
4409 # 1504
4409 - 88 1
4409 + 88
4410 # 1504
4410 - 88 1
4411 # 1504
4412 # 1504
4412 + 88
4413 + 88
4414 # 1504
4414 - 88 2
4414 - 88 1
4414 + 88
4415 # 1504
4415 - 88 1
4416 # 1504
4416 + 88
4417 # 1504
4417 - 88 1
4418 # 1504
4420 # 1504
4420 + 88
4421 # 1504
4421 - 88 1
4421 + 88
4422 # 1504
4422 - 88 1
4423 # 1504
4423 + 88
4424 # 1504
4424 - 88 1
4425 + 88
4426 # 1504
4426 - 88 1
4427 # 1504
4427 + 88
4428 # 1504
4428 - 88 1
4429 # 1504
4429 + 88
4430 # 1504
4430 - 88 1
4431 + 88
4432 # 1504
4432 - 88 1
4432 + 88
4433 # 1504
4433 - 88 1
4434 # 1504
4434 + 88
4435 # 1504
4435 - 88 1
4436 # 1504
4438 # 1504
4438 + 88
4439 # 1504
4439 - 88 1
4439 + 88
4440 # 1504
4440 - 88 1
4441 # 1504
4442 # 1504
4442 + 88
4444 # 1504
4444 - 88 2
4444 + 88
4445 # 1504
4445 - 88 1
4446 # 1504
4446 + 88
4447 # 1504
4447 - 88 1
4448 # 1504
4449 + 88
4450 # 1504
4450 - 88 1
4450 + 88
4451 # 1504
4451 - 88 1
4452 # 1504
4452 + 88
4453 # 1504
4453 - 88 1
4454 # 1504
4456 # 1504
4456 + 88
4457 # 1504
4457 - 88 1
4458 # 1504
4458 + 88
4459 # 1504
4459 - 88 1
4460 # 1504
4460 + 88
4462 # 1504
4462 - 88 2
4463 # 1504
4463 + 88
4464 # 1504
4464 - 88 1
4464 + 88
4465 # 1504
4465 - 88 1
4466 # 1504
4467 + 88
4468 # 1504
4468 - 88 1
4468 + 88
4469 # 1504
4469 - 88 1
4470 # 1504
4471 # 1504
4471 + 88
4472 # 1504
4472 - 88 1
4473 + 88
4474 # 1504
4474 - 88 1
4475 # 1504
4475 + 88
4476 # 1504
4476 - 88 1
4477 # 1504
4478 # 1504
4480 # 1504
4480 + 88
4481 # 1504
4481 - 88 1
4481 + 88
4482 # 1504
4482 - 88 1
4482 + 88
4483 # 1504
4483 - 88 1
4484 # 1504
4485 + 88
4486 # 1504
4486 - 88 1
4486 + 88
4487 # 1504
4487 - 88 1
4488 # 1504
4489 # 1504
4489 + 88
4490 # 1504
4490 - 88 1
4491 + 88
4492 # 1504
4492 - 88 1
4493 # 1504
4493 + 88
4494 # 1504
4494 - 88 1
4495 # 1504
4496 # 1504
4498 # 1504
4498 + 88
4498 + 88
4499 # 1504
4499 - 88 1
4499 - 88 1
4500 # 1504
4500 + 88
4501 # 1504
4501 - 88 1
4502 # 1504
4503 + 88
4504 # 1504
4504 - 88 1
4504 + 88
4505 # 1504
4505 - 88 1
4506 # 1504
4506 + 88
4507 # 1504
4507 - 88 1
4508 # 1504
4509 + 88
4510 # 1504
4510 - 88 1
4511 # 1504
4511 + 88
4512 # 1504
4512 - 88 1
4513 # 1504
4514 # 1504
4516 # 1504
4516 + 88
4516 + 88
4517 # 1504
4517 - 88 1
4517 - 88 1
4518 # 1504
4518 + 88
4519 # 1504
4519 - 88 1
4520 # 1504
4521 + 88
4522 # 1504
4522 - 88 1
4523 # 1504
4524 # 1504
4524 + 88
4525 # 1504
4525 - 88 1
4526 # 1504
4526 + 88
4527 + 88
4528 # 1504
4528 - 88 2
4528 - 88 1
4529 # 1504
4529 + 88
4530 # 1504
4530 - 88 1
4531 # 1504
4532 # 1504
4533 + 88
4534 # 1504
4534 - 88 1
4534 + 88
4535 # 1504
4535 - 88 1
4536 # 1504
4536 + 88
4537 # 1504
4537 - 88 1
4538 # 1504
4540 # 1504
4541 # 1504
4541 + 88
4541 + 88
4542 # 1504
4542 - 88 1
4542 - 88 1
4543 # 1504
4544 # 1504
4544 + 88
4545 + 88
4546 # 1504
4546 - 88 2
4546 - 88 1
4547 # 1504
4547 + 88
4548 # 1504
4548 - 88 1
4549 # 1504
4550 # 1504
4551 + 88
4552 # 1504
4552 - 88 1
4552 + 88
4553 # 1504
4553 - 88 1
4554 # 1504
4555 # 1504
4555 + 88
4556 # 1504
4556 - 88 1
4558 # 1504
4558 + 88
4559 # 1504
4559 - 88 1
4559 + 88
4560 # 1504
4560 - 88 1
4561 # 1504
4562 # 1504
4562 + 88
4563 + 88
4564 # 1504
4564 - 88 2
4564 - 88 1
4565 # 1504
4566 # 1504
4566 + 88
4567 # 1504
4567 - 88 1
4568 # 1504
4569 + 88
4570 # 1504
4570 - 88 1
4571 # 1504
4571 + 88
4572 # 1504
4572 - 88 1
4572 + 88
4573 # 1504
4573 - 88 1
4574 # 1504
4576 # 1504
4577 # 1504
4577 + 88
4577 + 88
4578 # 1504
4578 - 88 1
4578 - 88 1
4579 # 1504
4580 # 1504
4580 + 88
4581 + 88
4582 # 1504
4582 - 88 2
4582 - 88 1
4583 # 1504
4583 + 88
4584 # 1504
4584 - 88 1
4585 # 1504
4586 # 1504
4586 + 88
4588 # 1504
4588 - 88 2
4588 + 88
4589 # 1504
4589 - 88 1
4590 # 1504
4590 + 88
4591 # 1504
4591 - 88 1
4592 # 1504
4594 # 1504
4594 + 88
4595 # 1504
4595 - 88 1
4596 # 1504
4596 + 88
4597 # 1504
4597 - 88 1
4598 # 1504
4598 + 88
4599 + 88
4600 # 1504
4600 - 88 2
4600 - 88 1
4601 # 1504
4602 # 1504
4602 + 88
4603 # 1504
4603 - 88 1
4604 # 1504
4606 # 1504
4606 + 88
4606 + 88
4607 # 1504
4607 - 88 1
4607 - 88 1
4608 # 1504
4608 + 88
4609 # 1504
4609 - 88 1
4610 # 1504
4612 # 1504
4612 + 88
4613 # 1504
4613 - 88 1
4613 + 88
4614 # 1504
4614 - 88 1
4615 # 1504
4616 # 1504
4616 + 88
4617 + 88
4618 # 1504
4618 - 88 2
4618 - 88 1
4619 # 1504
4620 # 1504
4621 # 1504
4621 + 88
4622 # 1504
4622 - 88 1
4623 + 88
4624 # 1504
4624 - 88 1
4624 + 88
4625 # 1504
4625 - 88 1
4626 # 1504
4626 + 88
4627 # 1504
4627 - 88 1
4628 # 1504
4630 # 1504
4630 + 88
4631 # 1504
4631 - 88 1
4631 + 88
4632 # 1504
4632 - 88 1
4633 # 1504
4634 # 1504
4634 + 88
4636 # 1504
4636 - 88 2
4636 + 88
4637 # 1504
4637 - 88 1
4638 # 1504
4638 + 88
4639 # 1504
4639 - 88 1
4640 # 1504
4642 # 1504
4642 + 88
4642 + 88
4643 # 1504
4643 - 88 1
4643 - 88 1
4644 # 1504
4644 + 88
4645 # 1504
4645 - 88 1
4646 # 1504
4648 # 1504
4648 + 88
4649 # 1504
4649 - 88 1
4650 # 1504
4650 + 88
4651 # 1504
4651 - 88 1
4652 # 1504
4652 + 88
4654 # 1504
4654 - 88 2
4654 + 88
4655 # 1504
4655 - 88 1
4656 # 1504
4656 + 88
4657 # 1504
4657 - 88 1
4658 # 1504
4659 + 88
4660 # 1504
4660 - 88 1
4660 + 88
4661 # 1504
4661 - 88 1
4662 # 1504
4663 # 1504
4663 + 88
4664 # 1504
4664 - 88 1
4666 # 1504
4666 + 88
4667 # 1504
4667 - 88 1
4667 + 88
4668 # 1504
4668 - 88 1
4669 # 1504
4670 # 1504
4670 + 88
4672 # 1504
4672 - 88 2
4673 # 1504
4673 + 88
4674 # 1504
4674 - 88 1
4674 + 88
4675 # 1504
4675 - 88 1
4676 # 1504
4677 + 88
4678 # 1504
4678 - 88 1
4678 + 88
4679 # 1504
4679 - 88 1
4680 # 1504
4681 # 1504
4681 + 88
4682 # 1504
4682 - 88 1
4684 # 1504
4684 + 88
4685 # 1504
4685 - 88 1
4686 # 1504
4686 + 88
4687 # 1504
4687 - 88 1
4688 # 1504
4688 + 88
4688 + 88
4690 # 1504
4690 - 88 2
4690 - 88 2
4691 # 1504
4692 # 1504
4692 + 88
4693 # 1504
4693 - 88 1
4694 # 1504
4695 + 88
4696 # 1504
4696 - 88 1
4696 + 88
4697 # 1504
4697 - 88 1
4698 # 1504
4698 + 88
4699 # 1504
4699 - 88 1
4700 # 1504
4702 # 1504
4702 + 88
4703 # 1504
4703 - 88 1
4703 + 88
4704 # 1504
4704 - 88 1
4705 # 1504
4706 # 1504
4708 # 1504
4708 + 88
4708 + 88
4709 # 1504
4709 - 88 1
4709 - 88 1
4710 # 1504
4710 + 88
4711 # 1504
4711 - 88 1
4712 # 1504
4713 + 88
4714 # 1504
4714 - 88 1
4714 + 88
4715 # 1504
4715 - 88 1
4716 # 1504
4717 # 1504
4717 + 88
4718 # 1504
4718 - 88 1
4719 + 88
4720 # 1504
4720 - 88 1
4721 # 1504
4721 + 88
4722 # 1504
4722 - 88 1
4723 # 1504
4724 # 1504
4726 # 1504
4727 # 1504
4727 + 88
4727 + 88
4728 # 1504
4728 - 88 1
4728 - 88 1
4728 + 88
4729 # 1504
4729 - 88 1
4730 # 1504
4732 # 1504
4732 + 88
4732 + 88
4733 # 1504
4733 - 88 1
4733 - 88 1
4734 # 1504
4735 # 1504
4736 # 1504
4736 + 88
4737 + 88
4738 # 1504
4738 - 88 2
4738 - 88 1
4739 # 1504
4739 + 88
4740 # 1504
4740 - 88 1
4741 # 1504
4742 # 1504
4743 + 88
4744 # 1504
4744 - 88 1
4745 # 1504
4745 + 88
4746 # 1504
4746 - 88 1
4746 + 88
4747 # 1504
4747 - 88 1
4748 # 1504
4750 # 1504
4750 + 88
4750 + 88
4751 # 1504
4751 - 88 1
4751 - 88 1
4752 # 1504
4753 # 1504
4754 # 1504
4754 + 88
4755 + 88
4756 # 1504
4756 - 88 2
4756 - 88 1
4757 # 1504
4757 + 88
4758 # 1504
4758 - 88 1
4759 # 1504
4760 # 1504
4761 + 88
4762 # 1504
4762 - 88 1
4762 + 88
4763 # 1504
4763 - 88 1
4764 # 1504
4764 + 88
4765 # 1504
4765 - 88 1
4766 # 1504
4768 # 1504
4769 # 1504
4769 + 88
4769 + 88
4770 # 1504
4770 - 88 1
4770 - 88 1
4771 # 1504
4772 # 1504
4773 + 88
4773 + 88
4774 # 1504
4774 - 88 1
4774 - 88 1
4775 # 1504
4776 # 1504
4776 + 88
4777 # 1504
4777 - 88 1
4778 # 1504
4778 + 88
4780 # 1504
4780 - 88 2
4781 # 1504
4781 + 88
4782 # 1504
4782 - 88 1
4783 # 1504
4784 # 1504
4784 + 88
4786 # 1504
4786 - 88 2
4787 # 1504
4787 + 88
4787 + 88
4788 # 1504
4788 - 88 1
4788 - 88 1
4789 # 1504
4790 # 1504
4791 + 88
4792 # 1504
4792 - 88 1
4792 + 88
4793 # 1504
4793 - 88 1
4793 + 88
4794 # 1504
4794 - 88 1
4795 # 1504
4796 # 1504
4796 + 88
4798 # 1504
4798 - 88 2
4798 + 88
4799 # 1504
4799 - 88 1
4800 # 1504
4800 + 88
4801 # 1504
4801 - 88 1
4802 # 1504
4803 + 88
4804 # 1504
4804 - 88 1
4805 # 1504
4805 + 88
4806 # 1504
4806 - 88 1
4807 # 1504
4808 # 1504
4808 + 88
4809 + 88
4810 # 1504
4810 - 88 2
4810 - 88 1
4811 # 1504
4812 # 1504
4812 + 88
4813 # 1504
4813 - 88 1
4814 # 1504
4815 + 88
4816 # 1504
4816 - 88 1
4816 + 88
4817 # 1504
4817 - 88 1
4818 # 1504
4818 + 88
4819 # 1504
4819 - 88 1
4820 # 1504
4821 + 88
4822 # 1504
4822 - 88 1
4823 # 1504
4823 + 88
4824 # 1504
4824 - 88 1
4825 # 1504
4826 # 1504
4826 + 88
4828 # 1504
4828 - 88 2
4829 # 1504
4829 + 88
4829 + 88
4830 # 1504
4830 - 88 1
4830 - 88 1
4831 # 1504
4832 # 1504
4833 + 88
4834 # 1504
4834 - 88 1
4834 + 88
4835 # 1504
4835 - 88 1
4836 # 1504
4836 + 88
4837 # 1504
4837 - 88 1
4838 # 1504
4839 + 88
4840 # 1504
4840 - 88 1
4840 + 88
4841 # 1504
4841 - 88 1
4841 + 88
4842 # 1504
4842 - 88 1
4843 # 1504
4843 + 88
4844 # 1504
4844 - 88 1
4845 + 88
4846 # 1504
4846 - 88 1
4847 # 1504
4847 + 88
4848 # 1504
4848 - 88 1
4849 # 1504
4850 # 1504
4850 + 88
4852 # 1504
4852 - 88 2
4852 + 88
4853 # 1504
4853 - 88 1
4854 # 1504
4854 + 88
4855 # 1504
4855 - 88 1
4856 # 1504
4857 + 88
4858 # 1504
4858 - 88 1
4858 + 88
4859 # 1504
4859 - 88 1
4860 # 1504
4860 + 88
4861 # 1504
4861 - 88 1
4862 # 1504
4863 + 88
4864 # 1504
4864 - 88 1
4864 + 88
4865 # 1504
4865 - 88 1
4866 # 1504
4866 + 88
4867 # 1504
4867 - 88 1
4868 # 1504
4869 + 88
4870 # 1504
4870 - 88 1
4871 # 1504
4871 + 88
4872 # 1504
4872 - 88 1
4872 + 88
4873 # 1504
4873 - 88 1
4874 # 1504
4876 # 1504
4876 + 88
4876 + 88
4877 # 1504
4877 - 88 1
4877 - 88 1
4878 # 1504
4879 # 1504
4880 # 1504
4880 + 88
4881 + 88
4882 # 1504
4882 - 88 2
4882 - 88 1
4883 # 1504
4883 + 88
4884 # 1504
4884 - 88 1
4884 + 88
4885 # 1504
4885 - 88 1
4886 # 1504
4887 + 88
4888 # 1504
4888 - 88 1
4889 # 1504
4889 + 88
4890 # 1504
4890 - 88 1
4890 + 88
4891 # 1504
4891 - 88 1
4892 # 1504
4894 # 1504
4894 + 88
4894 + 88
4895 # 1504
4895 - 88 1
4895 - 88 1
4896 # 1504
4897 # 1504
4897 + 88
4898 # 1504
4898 - 88 1
4899 + 88
4900 # 1504
4900 - 88 1
4901 # 1504
4901 + 88
4902 # 1504
4902 - 88 1
4903 # 1504
4904 # 1504
4904 + 88
4905 + 88
4906 # 1504
4906 - 88 2
4906 - 88 1
4907 # 1504
4907 + 88
4908 # 1504
4908 - 88 1
4909 # 1504
4910 # 1504
4910 + 88
4911 + 88
4912 # 1504
4912 - 88 2
4912 - 88 1
4913 # 1504
4913 + 88
4914 # 1504
4914 - 88 1
4915 # 1504
4916 # 1504
4916 + 88
4917 + 88
4918 # 1504
4918 - 88 2
4918 - 88 1
4919 # 1504
4919 + 88
4920 # 1504
4920 - 88 1
4921 # 1504
4922 # 1504
4922 + 88
4923 + 88
4924 # 1504
4924 - 88 2
4924 - 88 1
4925 # 1504
4926 # 1504
4927 # 1504
4927 + 88
4928 # 1504
4928 - 88 1
4928 + 88
4930 # 1504
4930 - 88 2
4930 + 88
4931 # 1504
4931 - 88 1
4932 # 1504
4932 + 88
4933 # 1504
4933 - 88 1
4934 # 1504
4935 + 88
4935 + 88
4936 # 1504
4936 - 88 1
4936 - 88 1
4937 # 1504
4937 + 88
4938 # 1504
4938 - 88 1
4939 # 1504
4940 # 1504
4942 # 1504
4942 + 88
4942 + 88
4943 # 1504
4943 - 88 1
4943 - 88 1
4943 + 88
4944 # 1504
4944 - 88 1
4945 # 1504
4946 # 1504
4947 + 88
4948 # 1504
4948 - 88 1
4949 # 1504
4949 + 88
4950 # 1504
4950 - 88 1
4950 + 88
4951 # 1504
4951 - 88 1
4952 # 1504
4953 + 88
4954 # 1504
4954 - 88 1
4954 + 88
4955 # 1504
4955 - 88 1
4956 # 1504
4956 + 88
4957 # 1504
4957 - 88 1
4958 # 1504
4960 # 1504
4960 + 88
4961 # 1504
4961 - 88 1
4961 + 88
4962 # 1504
4962 - 88 1
4963 # 1504
4963 + 88
4964 # 1504
4964 - 88 1
4965 + 88
4966 # 1504
4966 - 88 1
4966 + 88
4967 # 1504
4967 - 88 1
4968 # 1504
4968 + 88
4969 # 1504
4969 - 88 1
4970 # 1504
4971 + 88
4972 # 1504
4972 - 88 1
4972 + 88
4973 # 1504
4973 - 88 1
4974 # 1504
4974 + 88
4975 # 1504
4975 - 88 1
4976 # 1504
4978 # 1504
4978 + 88
4979 # 1504
4979 - 88 1
4979 + 88
4980 # 1504
4980 - 88 1
4980 + 88
4981 # 1504
4981 - 88 1
4982 # 1504
4983 + 88
4983 + 88
4984 # 1504
4984 - 88 1
4984 - 88 1
4985 # 1504
4986 # 1504
4986 + 88
4987 # 1504
4987 - 88 1
4988 # 1504
4989 + 88
4990 # 1504
4990 - 88 1
4991 # 1504
4992 # 1504
4992 + 88
4993 # 1504
4993 - 88 1
4994 # 1504
4994 + 88
4996 # 1504
4996 - 88 2
4996 + 88
4997 # 1504
4997 - 88 1
4997 + 88
4998 # 1504
4998 - 88 1
4999 # 1504
5000 # 1504
5001 + 88
5001 + 88
5002 # 1504
5002 - 88 1
5002 - 88 1
5003 # 1504
5004 # 1504
5005 # 1504
5005 + 88
5006 # 1504
5006 - 88 1
5008 # 1504
5008 + 88
5009 # 1504
5009 - 88 1
5010 # 1504
5010 + 88
5010 + 88
5011 # 1504
5011 - 88 1
5011 - 88 1
5012 # 1504
5014 # 1504
5014 + 88
5014 + 88
5015 # 1504
5015 - 88 1
5015 - 88 1
5016 # 1504
5016 + 88
5017 # 1504
5017 - 88 1
5018 # 1504
5020 # 1504
5020 + 88
5021 # 1504
5021 - 88 1
5022 # 1504
5022 + 88
5023 # 1504
5023 - 88 1
5024 # 1504
5024 + 88
5025 + 88
5026 # 1504
5026 - 88 2
5026 - 88 1
5027 # 1504
5027 + 88
5028 # 1504
5028 - 88 1
5029 # 1504
5030 # 1504
5031 + 88
5031 + 88
5032 # 1504
5032 - 88 1
5032 - 88 1
5033 # 1504
5034 # 1504
5035 # 1504
5035 + 88
5036 # 1504
5036 - 88 1
5037 + 88
5038 # 1504
5038 - 88 1
5039 # 1504
5039 + 88
5040 # 1504
5040 - 88 1
5041 # 1504
5042 # 1504
5042 + 88
5044 # 1504
5044 - 88 2
5044 + 88
5044 + 88
5045 # 1504
5045 - 88 1
5045 - 88 1
5046 # 1504
5047 # 1504
5048 # 1504
5049 + 88
5049 + 88
5050 # 1504
5050 - 88 1
5050 - 88 1
5051 # 1504
5052 # 1504
5052 + 88
5053 # 1504
5053 - 88 1
5054 # 1504
5054 + 88
5055 + 88
5056 # 1504
5056 - 88 2
5056 - 88 1
5057 # 1504
5057 + 88
5058 # 1504
5058 - 88 1
5059 # 1504
5060 # 1504
5060 + 88
5062 # 1504
5062 - 88 2
5062 + 88
5063 # 1504
5063 - 88 1
5064 # 1504
5064 + 88
5065 # 1504
5065 - 88 1
5066 # 1504
5067 + 88
5068 # 1504
5068 - 88 1
5068 + 88
5069 # 1504
5069 - 88 1
5070 # 1504
5070 + 88
5071 # 1504
5071 - 88 1
5072 # 1504
5074 # 1504
5074 + 88
5074 + 88
5075 # 1504
5075 - 88 1
5075 - 88 1
5076 # 1504
5077 # 1504
5078 # 1504
5078 + 88
5079 + 88
5080 # 1504
5080 - 88 2
5080 - 88 1
5081 # 1504
5081 + 88
5082 # 1504
5082 - 88 1
5083 # 1504
5084 # 1504
5085 + 88
5086 # 1504
5086 - 88 1
5086 + 88
5087 # 1504
5087 - 88 1
5088 # 1504
5088 + 88
5089 # 1504
5089 - 88 1
5090 # 1504
5091 + 88
5092 # 1504
5092 - 88 1
5092 + 88
5093 # 1504
5093 - 88 1
5094 # 1504
5094 + 88
5095 # 1504
5095 - 88 1
5096 # 1504
5097 + 88
5097 + 88
5098 # 1504
5098 - 88 1
5098 - 88 1
5099 # 1504
5100 # 1504
5100 + 88
5101 # 1504
5101 - 88 1
5102 # 1504
5102 + 88
5104 # 1504
5104 - 88 2
5104 + 88
5105 # 1504
5105 - 88 1
5105 + 88
5106 # 1504
5106 - 88 1
5107 # 1504
5108 # 1504
5108 + 88
5109 + 88
5110 # 1504
5110 - 88 2
5110 - 88 1
5111 # 1504
5111 + 88
5112 # 1504
5112 - 88 1
5113 # 1504
5114 # 1504
5114 + 88
5115 + 88
5116 # 1504
5116 - 88 2
5116 - 88 1
5117 # 1504
5117 + 88
5118 # 1504
5118 - 88 1
5119 # 1504
5120 # 1504
5120 + 88
5121 + 88
5122 # 1504
5122 - 88 2
5122 - 88 1
5123 # 1504
5123 + 88
5124 # 1504
5124 - 88 1
5125 # 1504
5126 # 1504
5126 + 88
5128 # 1504
5128 - 88 2
5128 + 88
5128 + 88
5129 # 1504
5129 - 88 1
5129 - 88 1
5130 # 1504
5130 + 88
5131 # 1504
5131 - 88 1
5132 # 1504
5133 + 88
5134 # 1504
5134 - 88 1
5135 # 1504
5135 + 88
5136 # 1504
5136 - 88 1
5136 + 88
5137 # 1504
5137 - 88 1
5138 # 1504
5139 + 88
5140 # 1504
5140 - 88 1
5141 # 1504
5141 + 88
5142 # 1504
5142 - 88 1
5142 + 88
5143 # 1504
5143 - 88 1
5144 # 1504
5146 # 1504
5146 + 88
5147 # 1504
5147 - 88 1
5148 # 1504
5148 + 88
5148 + 88
5149 # 1504
5149 - 88 1
5149 - 88 1
5150 # 1504
5151 + 88
5152 # 1504
5152 - 88 1
5153 # 1504
5153 + 88
5154 # 1504
5154 - 88 1
5154 + 88
5155 # 1504
5155 - 88 1
5156 # 1504
5157 + 88
5158 # 1504
5158 - 88 1
5158 + 88
5159 # 1504
5159 - 88 1
5160 # 1504
5160 + 88
5161 # 1504
5161 - 88 1
5162 # 1504
5163 + 88
5164 # 1504
5164 - 88 1
5164 + 88
5165 # 1504
5165 - 88 1
5166 # 1504
5166 + 88
5167 # 1504
5167 - 88 1
5168 # 1504
5169 + 88
5170 # 1504
5170 - 88 1
5170 + 88
5171 # 1504
5171 - 88 1
5172 # 1504
5172 + 88
5173 # 1504
5173 - 88 1
5174 # 1504
5175 + 88
5176 # 1504
5176 - 88 1
5177 # 1504
5177 + 88
5177 + 88
5178 # 1504
5178 - 88 1
5178 - 88 1
5179 # 1504
5180 # 1504
5181 + 88
5181 + 88
5182 # 1504
5182 - 88 1
5182 - 88 1
5183 # 1504
5184 # 1504
5184 + 88
5185 # 1504
5185 - 88 1
5186 # 1504
5187 + 88
5188 # 1504
5188 - 88 1
5188 + 88
5189 # 1504
5189 - 88 1
5190 # 1504
5190 + 88
5191 # 1504
5191 - 88 1
5192 # 1504
5192 + 88
5193 + 88
5194 # 1504
5194 - 88 2
5194 - 88 1
5195 # 1504
5195 + 88
5196 # 1504
5196 - 88 1
5197 # 1504
5198 # 1504
5198 + 88
5200 # 1504
5200 - 88 2
5200 + 88
5201 # 1504
5201 - 88 1
5202 # 1504
5202 + 88
5203 # 1504
5203 - 88 1
5204 # 1504
5204 + 88
5206 # 1504
5206 - 88 2
5206 + 88
5207 # 1504
5207 - 88 1
5207 + 88
5208 # 1504
5208 - 88 1
5209 # 1504
5210 # 1504
5210 + 88
5211 + 88
5212 # 1504
5212 - 88 2
5212 - 88 1
5213 # 1504
5213 + 88
5214 # 1504
5214 - 88 1
5215 # 1504
5216 # 1504
5216 + 88
5217 + 88
5218 # 1504
5218 - 88 2
5218 - 88 1
5219 # 1504
5219 + 88
5220 # 1504
5220 - 88 1
5221 # 1504
5222 # 1504
5222 + 88
5223 + 88
5224 # 1504
5224 - 88 2
5224 - 88 1
5225 # 1504
5226 # 1504
5226 + 88
5226 + 88
5227 # 1504
5227 - 88 1
5227 - 88 1
5228 # 1504
5230 # 1504
5230 + 88
5230 + 88
5231 # 1504
5231 - 88 1
5231 - 88 1
5232 # 1504
5232 + 88
5233 # 1504
5233 - 88 1
5234 # 1504
5235 + 88
5236 # 1504
5236 - 88 1
5237 # 1504
5237 + 88
5238 # 1504
5238 - 88 1
5238 + 88
5239 # 1504
5239 - 88 1
5240 # 1504
5241 + 88
5242 # 1504
5242 - 88 1
5242 + 88
5243 # 1504
5243 - 88 1
5244 # 1504
5245 # 1504
5245 + 88
5246 # 1504
5246 - 88 1
5247 + 88
5248 # 1504
5248 - 88 1
5248 + 88
5249 # 1504
5249 - 88 1
5250 # 1504
5250 + 88
5251 # 1504
5251 - 88 1
5252 # 1504
5253 + 88
5254 # 1504
5254 - 88 1
5254 + 88
5255 # 1504
5255 - 88 1
5256 # 1504
5256 + 88
5257 # 1504
5257 - 88 1
5258 # 1504
5260 # 1504
5260 + 88
5261 # 1504
5261 - 88 1
5261 + 88
5262 # 1504
5262 - 88 1
5262 + 88
5263 # 1504
5263 - 88 1
5264 # 1504
5264 + 88
5266 # 1504
5266 - 88 2
5267 # 1504
5267 + 88
5268 # 1504
5268 - 88 1
5268 + 88
5269 # 1504
5269 - 88 1
5270 # 1504
5271 + 88
5272 # 1504
5272 - 88 1
5272 + 88
5273 # 1504
5273 - 88 1
5274 # 1504
5274 + 88
5275 # 1504
5275 - 88 1
5276 # 1504
5277 + 88
5278 # 1504
5278 - 88 1
5279 # 1504
5280 # 1504
5280 + 88
5280 + 88
5281 # 1504
5281 - 88 1
5281 - 88 1
5282 # 1504
5284 # 1504
5284 + 88
5284 + 88
5285 # 1504
5285 - 88 1
5285 - 88 1
5285 + 88
5286 # 1504
5286 - 88 1
5287 # 1504
5288 # 1504
5289 + 88
5290 # 1504
5290 - 88 1
5290 + 88
5291 # 1504
5291 - 88 1
5292 # 1504
5292 + 88
5293 # 1504
5293 - 88 1
5294 # 1504
5296 # 1504
5296 + 88
5296 + 88
5297 # 1504
5297 - 88 1
5297 - 88 1
5297 + 88
5298 # 1504
5298 - 88 1
5299 # 1504
5300 # 1504
5300 + 88
5301 + 88
5302 # 1504
5302 - 88 2
5302 - 88 1
5303 # 1504
5303 + 88
5304 # 1504
5304 - 88 1
5305 # 1504
5306 # 1504
5306 + 88
5307 + 88
5308 # 1504
5308 - 88 2
5308 - 88 1
5309 # 1504
5309 + 88
5310 # 1504
5310 - 88 1
5311 # 1504
5312 # 1504
5312 + 88
5314 # 1504
5314 - 88 2
5314 + 88
5315 # 1504
5315 - 88 1
5315 + 88
5316 # 1504
5316 - 88 1
5317 # 1504
5318 # 1504
5318 + 88
5319 + 88
5320 # 1504
5320 - 88 2
5320 - 88 1
5321 # 1504
5321 + 88
5322 # 1504
5322 - 88 1
5323 # 1504
5324 # 1504
5324 + 88
5325 + 88
5326 # 1504
5326 - 88 2
5326 - 88 1
5327 # 1504
5327 + 88
5328 # 1504
5328 - 88 1
5329 # 1504
5330 # 1504
5331 + 88
5332 # 1504
5332 - 88 1
5332 + 88
5332 + 88
5333 # 1504
5333 - 88 1
5333 - 88 1
5334 # 1504
5334 + 88
5335 # 1504
5335 - 88 1
5336 # 1504
5337 + 88
5338 # 1504
5338 - 88 1
5338 + 88
5339 # 1504
5339 - 88 1
5340 # 1504
5340 + 88
5341 # 1504
5341 - 88 1
5342 # 1504
5343 + 88
5344 # 1504
5344 - 88 1
5344 + 88
5345 # 1504
5345 - 88 1
5346 # 1504
5346 + 88
5347 # 1504
5347 - 88 1
5348 # 1504
5350 # 1504
5350 + 88
5350 + 88
5351 # 1504
5351 - 88 1
5351 - 88 1
5352 # 1504
5353 # 1504
5353 + 88
5354 # 1504
5354 - 88 1
5354 + 88
5355 + 88
5356 # 1504
5356 - 88 2
5356 - 88 1
5357 # 1504
5358 # 1504
5358 + 88
5359 # 1504
5359 - 88 1
5360 # 1504
5360 + 88
5362 # 1504
5362 - 88 2
5362 + 88
5362 + 88
5363 # 1504
5363 - 88 1
5363 - 88 1
5364 # 1504
5364 + 88
5365 # 1504
5365 - 88 1
5366 # 1504
5367 + 88
5368 # 1504
5368 - 88 1
5368 + 88
5369 # 1504
5369 - 88 1
5370 # 1504
5371 # 1504
5372 # 1504
5372 + 88
5372 + 88
5373 + 88
5374 # 1504
5374 - 88 2
5374 - 88 2
5374 - 88 1
5375 # 1504
5375 + 88
5376 # 1504
5376 - 88 1
5377 # 1504
5378 # 1504
5378 + 88
5379 + 88
5380 # 1504
5380 - 88 2
5380 - 88 1
5381 # 1504
5382 # 1504
5382 + 88
5382 + 88
5383 # 1504
5383 - 88 1
5383 - 88 1
5384 # 1504
5385 + 88
5386 # 1504
5386 - 88 1
5386 + 88
5387 # 1504
5387 - 88 1
5388 # 1504
5388 + 88
5389 # 1504
5389 - 88 1
5390 # 1504
5391 + 88
5392 # 1504
5392 - 88 1
5392 + 88
5393 # 1504
5393 - 88 1
5393 + 88
5394 # 1504
5394 - 88 1
5394 + 88
5395 # 1504
5395 - 88 1
5396 # 1504
5397 + 88
5398 # 1504
5398 - 88 1
5399 # 1504
5400 # 1504
5400 + 88
5400 + 88
5401 # 1504
5401 - 88 1
5401 - 88 1
5402 # 1504
5403 + 88
5404 # 1504
5404 - 88 1
5404 + 88
5405 # 1504
5405 - 88 1
5406 # 1504
5406 + 88
5407 # 1504
5407 - 88 1
5408 # 1504
5409 + 88
5410 # 1504
5410 - 88 1
5410 + 88
5411 # 1504
5411 - 88 1
5411 + 88
5412 # 1504
5412 - 88 1
5413 # 1504
5414 # 1504
5414 + 88
5415 + 88
5416 # 1504
5416 - 88 2
5416 - 88 1
5417 # 1504
5418 # 1504
5418 + 88
5419 # 1504
5419 - 88 1
5419 + 88
5420 # 1504
5420 - 88 1
5421 + 88
5422 # 1504
5422 - 88 1
5422 + 88
5423 # 1504
5423 - 88 1
5424 # 1504
5424 + 88
5425 # 1504
5425 - 88 1
5426 # 1504
5427 + 88
5428 # 1504
5428 - 88 1
5428 + 88
5429 # 1504
5429 - 88 1
5429 + 88
5430 # 1504
5430 - 88 1
5431 # 1504
5432 # 1504
5432 + 88
5433 + 88
5434 # 1504
5434 - 88 2
5434 - 88 1
5435 # 1504
5436 # 1504
5436 + 88
5436 + 88
5437 # 1504
5437 - 88 1
5437 - 88 1
5438 # 1504
5440 # 1504
5440 + 88
5440 + 88
5441 # 1504
5441 - 88 1
5441 - 88 1
5442 # 1504
5442 + 88
5443 # 1504
5443 - 88 1
5444 # 1504
5445 + 88
5446 # 1504
5446 - 88 1
5446 + 88
5447 # 1504
5447 - 88 1
5447 + 88
5448 # 1504
5448 - 88 1
5449 # 1504
5450 # 1504
5450 + 88
5451 + 88
5452 # 1504
5452 - 88 2
5452 - 88 1
5453 # 1504
5454 # 1504
5454 + 88
5455 # 1504
5455 - 88 1
5456 # 1504
5456 + 88
5458 # 1504
5458 - 88 2
5458 + 88
5458 + 88
5459 # 1504
5459 - 88 1
5459 - 88 1
5460 # 1504
5460 + 88
5461 # 1504
5461 - 88 1
5462 # 1504
5464 # 1504
5464 + 88
5465 # 1504
5465 - 88 1
5465 + 88
5465 + 88
5466 # 1504
5466 - 88 1
5466 - 88 1
5467 # 1504
5468 # 1504
5468 + 88
5469 + 88
5470 # 1504
5470 - 88 2
5470 - 88 1
5471 # 1504
5471 + 88
5472 # 1504
5472 - 88 1
5473 # 1504
5474 # 1504
5474 + 88
5476 # 1504
5476 - 88 2
5476 + 88
5476 + 88
5477 # 1504
5477 - 88 1
5477 - 88 1
5478 # 1504
5478 + 88
5479 # 1504
5479 - 88 1
5480 # 1504
5481 + 88
5482 # 1504
5482 - 88 1
5483 # 1504
5483 + 88
5483 + 88
5484 # 1504
5484 - 88 1
5484 - 88 1
5485 # 1504
5486 # 1504
5486 + 88
5487 + 88
5488 # 1504
5488 - 88 2
5488 - 88 1
5489 # 1504
5489 + 88
5490 # 1504
5490 - 88 1
5491 # 1504
5492 # 1504
5492 + 88
5494 # 1504
5494 - 88 2
5494 + 88
5494 + 88
5495 # 1504
5495 - 88 1
5495 - 88 1
5496 # 1504
5496 + 88
5497 # 1504
5497 - 88 1
5498 # 1504
5499 + 88
5500 # 1504
5500 - 88 1
5501 # 1504
5501 + 88
5501 + 88
5502 # 1504
5502 - 88 1
5502 - 88 1
5503 # 1504
5504 # 1504
5504 + 88
5505 + 88
5506 # 1504
5506 - 88 2
5506 - 88 1
5507 # 1504
5507 + 88
5508 # 1504
5508 - 88 1
5509 # 1504
5510 # 1504
5511 + 88
5512 # 1504
5512 - 88 1
5512 + 88
5512 + 88
5513 # 1504
5513 - 88 1
5513 - 88 1
5514 # 1504
5514 + 88
5515 # 1504
5515 - 88 1
5516 # 1504
5517 + 88
5518 # 1504
5518 - 88 1
5518 + 88
5519 # 1504
5519 - 88 1
5519 + 88
5520 # 1504
5520 - 88 1
5521 # 1504
5522 # 1504
5522 + 88
5523 + 88
5524 # 1504
5524 - 88 2
5524 - 88 1
5525 # 1504
5525 + 88
5526 # 1504
5526 - 88 1
5527 # 1504
5528 # 1504
5528 + 88
5530 # 1504
5530 - 88 2
5530 + 88
5530 + 88
5531 # 1504
5531 - 88 1
5531 - 88 1
5532 # 1504
5532 + 88
5533 # 1504
5533 - 88 1
5534 # 1504
5535 + 88
5536 # 1504
5536 - 88 1
5536 + 88
5537 # 1504
5537 - 88 1
5538 # 1504
5539 # 1504
5540 # 1504
5540 + 88
5540 + 88
5541 + 88
5542 # 1504
5542 - 88 2
5542 - 88 2
5542 - 88 1
5543 # 1504
5543 + 88
5544 # 1504
5544 - 88 1
5545 # 1504
5546 # 1504
5546 + 88
5547 + 88
5548 # 1504
5548 - 88 2
5548 - 88 1
5549 # 1504
5549 + 88
5550 # 1504
5550 - 88 1
5550 + 88
5551 # 1504
5551 - 88 1
5552 # 1504
5553 + 88
5554 # 1504
5554 - 88 1
5554 + 88
5555 # 1504
5555 - 88 1
5556 # 1504
5556 + 88
5557 # 1504
5557 - 88 1
5558 # 1504
5558 + 88
5559 + 88
5560 # 1504
5560 - 88 2
5560 - 88 1
5561 # 1504
5562 # 1504
5562 + 88
5563 # 1504
5563 - 88 1
5564 # 1504
5564 + 88
5566 # 1504
5566 - 88 2
5566 + 88
5567 # 1504
5567 - 88 1
5568 # 1504
5568 + 88
5568 + 88
5569 # 1504
5569 - 88 1
5569 - 88 1
5570 # 1504
5571 + 88
5572 # 1504
5572 - 88 1
5572 + 88
5573 # 1504
5573 - 88 1
5574 # 1504
5574 + 88
5575 # 1504
5575 - 88 1
5576 # 1504
5577 + 88
5578 # 1504
5578 - 88 1
5579 # 1504
5579 + 88
5580 # 1504
5580 - 88 1
5580 + 88
5581 # 1504
5581 - 88 1
5582 # 1504
5582 + 88
5583 + 88
5584 # 1504
5584 - 88 2
5584 - 88 1
5585 # 1504
5586 # 1504
5586 + 88
5587 # 1504
5587 - 88 1
5587 + 88
5588 # 1504
5588 - 88 1
5589 + 88
5590 # 1504
5590 - 88 1
5590 + 88
5591 # 1504
5591 - 88 1
5592 # 1504
5593 # 1504
5593 + 88
5594 # 1504
5594 - 88 1
5595 + 88
5596 # 1504
5596 - 88 1
5596 + 88
5597 # 1504
5597 - 88 1
5598 # 1504
5598 + 88
5599 # 1504
5599 - 88 1
5600 # 1504
5600 + 88
5601 + 88
5602 # 1504
5602 - 88 2
5602 - 88 1
5603 # 1504
5603 + 88
5604 # 1504
5604 - 88 1
5604 + 88
5605 # 1504
5605 - 88 1
5606 # 1504
5607 + 88
5608 # 1504
5608 - 88 1
5608 + 88
5609 # 1504
5609 - 88 1
5610 # 1504
5610 + 88
5611 # 1504
5611 - 88 1
5612 # 1504
5612 + 88
5614 # 1504
5614 - 88 2
5614 + 88
5614 + 88
5615 # 1504
5615 - 88 1
5615 - 88 1
5616 # 1504
5616 + 88
5617 # 1504
5617 - 88 1
5618 # 1504
5619 + 88
5620 # 1504
5620 - 88 1
5620 + 88
5621 # 1504
5621 - 88 1
5621 + 88
5622 # 1504
5622 - 88 1
5623 # 1504
5624 # 1504
5624 + 88
5625 + 88
5626 # 1504
5626 - 88 2
5626 - 88 1
5627 # 1504
5627 + 88
5627 + 88
5628 # 1504
5628 - 88 1
5628 - 88 1
5629 # 1504
5630 # 1504
5630 + 88
5632 # 1504
5632 - 88 2
5632 + 88
5632 + 88
5633 # 1504
5633 - 88 1
5633 - 88 1
5634 # 1504
5634 + 88
5635 # 1504
5635 - 88 1
5636 # 1504
5637 + 88
5638 # 1504
5638 - 88 1
5638 + 88
5639 # 1504
5639 - 88 1
5640 # 1504
5640 + 88
5640 + 88
5641 # 1504
5641 - 88 1
5641 - 88 1
5642 # 1504
5643 + 88
5644 # 1504
5644 - 88 1
5645 # 1504
5645 + 88
5645 + 88
5646 # 1504
5646 - 88 1
5646 - 88 1
5647 # 1504
5648 # 1504
5648 + 88
5650 # 1504
5650 - 88 2
5650 + 88
5650 + 88
5651 # 1504
5651 - 88 1
5651 - 88 1
5652 # 1504
5653 # 1504
5653 + 88
5654 # 1504
5654 - 88 1
5654 + 88
5655 + 88
5656 # 1504
5656 - 88 2
5656 - 88 1
5657 # 1504
5658 # 1504
5658 + 88
5658 + 88
5659 # 1504
5659 - 88 1
5659 - 88 1
5660 # 1504
5661 + 88
5662 # 1504
5662 - 88 1
5662 + 88
5663 # 1504
5663 - 88 1
5663 + 88
5664 # 1504
5664 - 88 1
5665 # 1504
5666 # 1504
5666 + 88
5667 + 88
5668 # 1504
5668 - 88 2
5668 - 88 1
5668 + 88
5669 # 1504
5669 - 88 1
5670 # 1504
5671 # 1504
5671 + 88
5672 # 1504
5672 - 88 1
5672 + 88
5673 + 88
5674 # 1504
5674 - 88 2
5674 - 88 1
5675 # 1504
5676 # 1504
5676 + 88
5676 + 88
5677 # 1504
5677 - 88 1
5677 - 88 1
5678 # 1504
5680 # 1504
5680 + 88
5680 + 88
5681 # 1504
5681 - 88 1
5681 - 88 1
5681 + 88
5682 # 1504
5682 - 88 1
5683 # 1504
5684 # 1504
5684 + 88
5685 + 88
5686 # 1504
5686 - 88 2
5686 - 88 1
5686 + 88
5687 # 1504
5687 - 88 1
5688 # 1504
5688 + 88
5689 # 1504
5689 - 88 1
5690 # 1504
5690 + 88
5691 + 88
5692 # 1504
5692 - 88 2
5692 - 88 1
5693 # 1504
5694 # 1504
5694 + 88
5694 + 88
5695 # 1504
5695 - 88 1
5695 - 88 1
5696 # 1504
5697 + 88
5698 # 1504
5698 - 88 1
5698 + 88
5699 # 1504
5699 - 88 1
5699 + 88
5700 # 1504
5700 - 88 1
5701 # 1504
5702 # 1504
5702 + 88
5703 + 88
5704 # 1504
5704 - 88 2
5704 - 88 1
5704 + 88
5705 # 1504
5705 - 88 1
5706 # 1504
5706 + 88
5707 # 1504
5707 - 88 1
5708 # 1504
5708 + 88
5710 # 1504
5710 - 88 2
5710 + 88
5710 + 88
5711 # 1504
5711 - 88 1
5711 - 88 1
5712 # 1504
5712 + 88
5713 # 1504
5713 - 88 1
5714 # 1504
5715 + 88
5716 # 1504
5716 - 88 1
5716 + 88
5717 # 1504
5717 - 88 1
5717 + 88
5718 # 1504
5718 - 88 1
5719 # 1504
5720 # 1504
5720 + 88
5721 + 88
5722 # 1504
5722 - 88 2
5722 - 88 1
5723 # 1504
5723 + 88
5723 + 88
5724 # 1504
5724 - 88 1
5724 - 88 1
5725 # 1504
5726 # 1504
5726 + 88
5728 # 1504
5728 - 88 2
5728 + 88
5728 + 88
5729 # 1504
5729 - 88 1
5729 - 88 1
5730 # 1504
5730 + 88
5731 # 1504
5731 - 88 1
5732 # 1504
5733 + 88
5734 # 1504
5734 - 88 1
5734 + 88
5735 # 1504
5735 - 88 1
5736 # 1504
5736 + 88
5736 + 88
5737 # 1504
5737 - 88 1
5737 - 88 1
5738 # 1504
5739 + 88
5740 # 1504
5740 - 88 1
5740 + 88
5741 # 1504
5741 - 88 1
5741 + 88
5742 # 1504
5742 - 88 1
5743 # 1504
5744 # 1504
5744 + 88
5745 + 88
5746 # 1504
5746 - 88 2
5746 - 88 1
5746 + 88
5747 # 1504
5747 - 88 1
5748 # 1504
5749 # 1504
5749 + 88
5750 # 1504
5750 - 88 1
5750 + 88
5751 + 88
5752 # 1504
5752 - 88 2
5752 - 88 1
5752 + 88
5753 # 1504
5753 - 88 1
5754 # 1504
5754 + 88
5755 # 1504
5755 - 88 1
5756 # 1504
5757 + 88
5758 # 1504
5758 - 88 1
5758 + 88
5759 # 1504
5759 - 88 1
5759 + 88
5760 # 1504
5760 - 88 1
5761 # 1504
5762 # 1504
5762 + 88
5763 + 88
5764 # 1504
5764 - 88 2
5764 - 88 1
5764 + 88
5765 # 1504
5765 - 88 1
5766 # 1504
5767 # 1504
5767 + 88
5768 # 1504
5768 - 88 1
5768 + 88
5769 + 88
5770 # 1504
5770 - 88 2
5770 - 88 1
5771 # 1504
5772 # 1504
5772 + 88
5772 + 88
5773 # 1504
5773 - 88 1
5773 - 88 1
5774 # 1504
5775 + 88
5776 # 1504
5776 - 88 1
5776 + 88
5777 # 1504
5777 - 88 1
5777 + 88
5778 # 1504
5778 - 88 1
5779 # 1504
5780 # 1504
5780 + 88
5781 + 88
5782 # 1504
5782 - 88 2
5782 - 88 1
5782 + 88
5783 # 1504
5783 - 88 1
5784 # 1504
5784 + 88
5785 # 1504
5785 - 88 1
5786 # 1504
5786 + 88
5787 + 88
5788 # 1504
5788 - 88 2
5788 - 88 1
5789 # 1504
5790 # 1504
5790 + 88
5790 + 88
5791 # 1504
5791 - 88 1
5791 - 88 1
5792 # 1504
5793 + 88
5794 # 1504
5794 - 88 1
5794 + 88
5795 # 1504
5795 - 88 1
5795 + 88
5796 # 1504
5796 - 88 1
5797 # 1504
5798 # 1504
5798 + 88
5799 + 88
5800 # 1504
5800 - 88 2
5800 - 88 1
5800 + 88
5801 # 1504
5801 - 88 1
5802 # 1504
5802 + 88
5803 # 1504
5803 - 88 1
5804 # 1504
5804 + 88
5805 + 88
5806 # 1504
5806 - 88 2
5806 - 88 1
5807 # 1504
5807 + 88
5808 # 1504
5808 - 88 1
5808 + 88
5809 # 1504
5809 - 88 1
5810 # 1504
5811 + 88
5812 # 1504
5812 - 88 1
5812 + 88
5813 # 1504
5813 - 88 1
5813 + 88
5814 # 1504
5814 - 88 1
5815 # 1504
5816 # 1504
5816 + 88
5817 + 88
5818 # 1504
5818 - 88 2
5818 - 88 1
5818 + 88
5819 # 1504
5819 - 88 1
5820 # 1504
5820 + 88
5821 # 1504
5821 - 88 1
5822 # 1504
5822 + 88
5824 # 1504
5824 - 88 2
5824 + 88
5824 + 88
5825 # 1504
5825 - 88 1
5825 - 88 1
5826 # 1504
5826 + 88
5827 # 1504
5827 - 88 1
5828 # 1504
5829 + 88
5830 # 1504
5830 - 88 1
5831 # 1504
5831 + 88
5832 # 1504
5832 - 88 1
5832 + 88
5832 + 88
5833 # 1504
5833 - 88 1
5833 - 88 1
5834 # 1504
5835 + 88
5836 # 1504
5836 - 88 1
5837 # 1504
5837 + 88
5837 + 88
5838 # 1504
5838 - 88 1
5838 - 88 1
5839 # 1504
5840 # 1504
5840 + 88
5841 + 88
5842 # 1504
5842 - 88 2
5842 - 88 1
5842 + 88
5843 # 1504
5843 - 88 1
5844 # 1504
5844 + 88
5845 # 1504
5845 - 88 1
5846 # 1504
5847 + 88
5847 + 88
5848 # 1504
5848 - 88 1
5848 - 88 1
5849 # 1504
5850 # 1504
5850 + 88
5851 # 1504
5851 - 88 1
5852 # 1504
5852 + 88
5853 + 88
5854 # 1504
5854 - 88 2
5854 - 88 1
5854 + 88
5855 # 1504
5855 - 88 1
5855 + 88
5856 # 1504
5856 - 88 1
5857 # 1504
5858 # 1504
5858 + 88
5859 + 88
5860 # 1504
5860 - 88 2
5860 - 88 1
5860 + 88
5861 # 1504
5861 - 88 1
5862 # 1504
5863 # 1504
5864 # 1504
5864 + 88
5864 + 88
5864 + 88
5866 # 1504
5866 - 88 2
5866 - 88 2
5866 - 88 2
5867 # 1504
5867 + 88
5868 # 1504
5868 - 88 1
5868 + 88
5869 # 1504
5869 - 88 1
5870 # 1504
5871 + 88
5872 # 1504
5872 - 88 1
5872 + 88
5873 # 1504
5873 - 88 1
5874 # 1504
5874 + 88
5874 + 88
5875 # 1504
5875 - 88 1
5875 - 88 1
5876 # 1504
5876 + 88
5877 + 88
5878 # 1504
5878 - 88 2
5878 - 88 1
5879 # 1504
5879 + 88
5879 + 88
5880 # 1504
5880 - 88 1
5880 - 88 1
5881 # 1504
5882 # 1504
5882 + 88
5883 + 88
5884 # 1504
5884 - 88 2
5884 - 88 1
5885 # 1504
5885 + 88
5885 + 88
5886 # 1504
5886 - 88 1
5886 - 88 1
5886 + 88
5887 # 1504
5887 - 88 1
5888 # 1504
5889 + 88
5890 # 1504
5890 - 88 1
5890 + 88
5891 # 1504
5891 - 88 1
5891 + 88
5892 # 1504
5892 - 88 1
5892 + 88
5893 # 1504
5893 - 88 1
5894 # 1504
5896 # 1504
5896 + 88
5896 + 88
5897 # 1504
5897 - 88 1
5897 - 88 1
5897 + 88
5898 # 1504
5898 - 88 1
5898 + 88
5899 # 1504
5899 - 88 1
5900 # 1504
5900 + 88
5901 + 88
5902 # 1504
5902 - 88 2
5902 - 88 1
5902 + 88
5903 # 1504
5903 - 88 1
5904 # 1504
5904 + 88
5905 # 1504
5905 - 88 1
5906 # 1504
5906 + 88
5907 + 88
5908 # 1504
5908 - 88 2
5908 - 88 1
5909 # 1504
5909 + 88
5909 + 88
5910 # 1504
5910 - 88 1
5910 - 88 1
5911 # 1504
5912 # 1504
5913 + 88
5913 + 88
5914 # 1504
5914 - 88 1
5914 - 88 1
5914 + 88
5915 # 1504
5915 - 88 1
5915 + 88
5916 # 1504
5916 - 88 1
5916 + 88
5917 # 1504
5917 - 88 1
5918 # 1504
5920 # 1504
5920 + 88
5920 + 88
5921 # 1504
5921 - 88 1
5921 - 88 1
5921 + 88
5922 # 1504
5922 - 88 1
5922 + 88
5923 # 1504
5923 - 88 1
5924 # 1504
5924 + 88
5925 + 88
5926 # 1504
5926 - 88 2
5926 - 88 1
5926 + 88
5927 # 1504
5927 - 88 1
5928 # 1504
5928 + 88
5929 # 1504
5929 - 88 1
5930 # 1504
5931 + 88
5931 + 88
5932 # 1504
5932 - 88 1
5932 - 88 1
5933 # 1504
5933 + 88
5933 + 88
5934 # 1504
5934 - 88 1
5934 - 88 1
5935 # 1504
5936 # 1504
5936 + 88
5938 # 1504
5938 - 88 2
5938 + 88
5938 + 88
5939 # 1504
5939 - 88 1
5939 - 88 1
5939 + 88
5940 # 1504
5940 - 88 1
5940 + 88
5941 # 1504
5941 - 88 1
5942 # 1504
5943 + 88
5944 # 1504
5944 - 88 1
5944 + 88
5945 # 1504
5945 - 88 1
5945 + 88
5946 # 1504
5946 - 88 1
5947 # 1504
5948 # 1504
5948 + 88
5948 + 88
5949 + 88
5950 # 1504
5950 - 88 2
5950 - 88 2
5950 - 88 1
5950 + 88
5951 # 1504
5951 - 88 1
5952 # 1504
5952 + 88
5953 # 1504
5953 - 88 1
5954 # 1504
5955 + 88
5955 + 88
5956 # 1504
5956 - 88 1
5956 - 88 1
5957 # 1504
5957 + 88
5957 + 88
5958 # 1504
5958 - 88 1
5958 - 88 1
5959 # 1504
5960 # 1504
5960 + 88
5961 + 88
5962 # 1504
5962 - 88 2
5962 - 88 1
5962 + 88
5962 + 88
5963 # 1504
5963 - 88 1
5963 - 88 1
5964 # 1504
5965 # 1504
5965 + 88
5966 # 1504
5966 - 88 1
5967 + 88
5968 # 1504
5968 - 88 1
5968 + 88
5969 # 1504
5969 - 88 1
5969 + 88
5970 # 1504
5970 - 88 1
5970 + 88
5971 # 1504
5971 - 88 1
5972 # 1504
5974 # 1504
5974 + 88
5974 + 88
5975 # 1504
5975 - 88 1
5975 - 88 1
5976 # 1504
5976 + 88
5976 + 88
5977 # 1504
5977 - 88 1
5977 - 88 1
5978 # 1504
5978 + 88
5979 + 88
5980 # 1504
5980 - 88 2
5980 - 88 1
5981 # 1504
5981 + 88
5981 + 88
5982 # 1504
5982 - 88 1
5982 - 88 1
5983 # 1504
5984 # 1504
5984 + 88
5985 + 88
5986 # 1504
5986 - 88 2
5986 - 88 1
5986 + 88
5987 # 1504
5987 - 88 1
5988 # 1504
5988 + 88
5988 + 88
5989 # 1504
5989 - 88 1
5989 - 88 1
5990 # 1504
5992 # 1504
5992 + 88
5992 + 88
5993 # 1504
5993 - 88 1
5993 - 88 1
5993 + 88
5994 # 1504
5994 - 88 1
5994 + 88
5995 # 1504
5995 - 88 1
5996 # 1504
5998 # 1504
5999 # 1504
5999 + 88
5999 + 88
5999 + 88
6000 # 1504
6000 - 88 1
6000 - 88 1
6000 - 88 1
6000 + 88
6001 # 1504
6001 - 88 1
6002 # 1504
6002 + 88
6004 # 1504
6004 - 88 2
6004 + 88
6005 # 1504
6005 - 88 1
6006 # 1504
6006 + 88
6006 + 88
6007 # 1504
6007 - 88 1
6007 - 88 1
6008 # 1504
6008 + 88
6009 + 88
6010 # 1504
6010 - 88 2
6010 - 88 1
6010 + 88
6011 # 1504
6011 - 88 1
6011 + 88
6012 # 1504
6012 - 88 1
6013 # 1504
6014 # 1504
6016 # 1504
6016 + 88
6016 + 88
6016 + 88
6017 # 1504
6017 - 88 1
6017 - 88 1
6017 - 88 1
6017 + 88
6018 # 1504
6018 - 88 1
6018 + 88
6019 # 1504
6019 - 88 1
6020 # 1504
6022 # 1504
6022 + 88
6022 + 88
6023 # 1504
6023 - 88 1
6023 - 88 1
6023 + 88
6024 # 1504
6024 - 88 1
6024 + 88
6025 # 1504
6025 - 88 1
6026 # 1504
6026 + 88
6027 + 88
6028 # 1504
6028 - 88 2
6028 - 88 1
6028 + 88
6029 # 1504
6029 - 88 1
6030 # 1504
6030 + 88
6031 # 1504
6031 - 88 1
6032 # 1504
6033 + 88
6033 + 88
6034 # 1504
6034 - 88 1
6034 - 88 1
6034 + 88
6035 # 1504
6035 - 88 1
6035 + 88
6036 # 1504
6036 - 88 1
6037 # 1504
6038 # 1504
6038 + 88
6040 # 1504
6040 - 88 2
6040 + 88
6040 + 88
6041 # 1504
6041 - 88 1
6041 - 88 1
6042 # 1504
6043 # 1504
6043 + 88
6043 + 88
6044 # 1504
6044 - 88 1
6044 - 88 1
6045 + 88
6046 # 1504
6046 - 88 1
6046 + 88
6047 # 1504
6047 - 88 1
6047 + 88
6048 # 1504
6048 - 88 1
6049 # 1504
6049 + 88
6050 # 1504
6050 - 88 1
6050 + 88
6051 + 88
6052 # 1504
6052 - 88 2
6052 - 88 1
6052 + 88
6053 # 1504
6053 - 88 1
6054 # 1504
6054 + 88
6055 # 1504
6055 - 88 1
6056 # 1504
6056 + 88
6057 + 88
6058 # 1504
6058 - 88 2
6058 - 88 1
6058 + 88
6059 # 1504
6059 - 88 1
6060 # 1504
6060 + 88
6060 + 88
6061 # 1504
6061 - 88 1
6061 - 88 1
6062 # 1504
6063 + 88
6064 # 1504
6064 - 88 1
6064 + 88
6065 # 1504
6065 - 88 1
6066 # 1504
6066 + 88
6066 + 88
6067 # 1504
6067 - 88 1
6067 - 88 1
6068 # 1504
6069 + 88
6070 # 1504
6070 - 88 1
6070 + 88
6071 # 1504
6071 - 88 1
6071 + 88
6072 # 1504
6072 - 88 1
6072 + 88
6073 # 1504
6073 - 88 1
6074 # 1504
6075 + 88
6076 # 1504
6076 - 88 1
6076 + 88
6077 # 1504
6077 - 88 1
6078 # 1504
6078 + 88
6078 + 88
6079 # 1504
6079 - 88 1
6079 - 88 1
6080 # 1504
6080 + 88
6082 # 1504
6082 - 88 2
6082 + 88
6083 # 1504
6083 - 88 1
6084 # 1504
6084 + 88
6084 + 88
6085 # 1504
6085 - 88 1
6085 - 88 1
6086 # 1504
6086 + 88
6088 # 1504
6088 - 88 2
6088 + 88
6088 + 88
6089 # 1504
6089 - 88 1
6089 - 88 1
6090 # 1504
6090 + 88
6090 + 88
6091 # 1504
6091 - 88 1
6091 - 88 1
6092 # 1504
6093 + 88
6094 # 1504
6094 - 88 1
6095 # 1504
6095 + 88
6096 # 1504
6096 - 88 1
6096 + 88
6096 + 88
6097 # 1504
6097 - 88 1
6097 - 88 1
6098 # 1504
6100 # 1504
6100 + 88
6100 + 88
6101 # 1504
6101 - 88 1
6101 - 88 1
6101 + 88
6102 # 1504
6102 - 88 1
6102 + 88
6103 # 1504
6103 - 88 1
6104 # 1504
6105 + 88
6105 + 88
6106 # 1504
6106 - 88 1
6106 - 88 1
6106 + 88
6107 # 1504
6107 - 88 1
6107 + 88
6108 # 1504
6108 - 88 1
6109 # 1504
6110 # 1504
6110 + 88
6111 + 88
6112 # 1504
6112 - 88 2
6112 - 88 1
6112 + 88
6113 # 1504
6113 - 88 1
6114 # 1504
6114 + 88
6115 # 1504
6115 - 88 1
6116 # 1504
6118 # 1504
6118 + 88
6118 + 88
6119 # 1504
6119 - 88 1
6119 - 88 1
6119 + 88
6119 + 88
6120 # 1504
6120 - 88 1
6120 - 88 1
6120 + 88
6121 # 1504
6121 - 88 1
6122 # 1504
6124 # 1504
6124 + 88
6124 + 88
6125 # 1504
6125 - 88 1
6125 - 88 1
6125 + 88
6126 # 1504
6126 - 88 1
6126 + 88
6127 # 1504
6127 - 88 1
6128 # 1504
6128 + 88
6129 + 88
6130 # 1504
6130 - 88 2
6130 - 88 1
6130 + 88
6131 # 1504
6131 - 88 1
6132 # 1504
6132 + 88
6132 + 88
6133 # 1504
6133 - 88 1
6133 - 88 1
6134 # 1504
6135 + 88
6136 # 1504
6136 - 88 1
6136 + 88
6137 # 1504
6137 - 88 1
6138 # 1504
6138 + 88
6138 + 88
6139 # 1504
6139 - 88 1
6139 - 88 1
6140 # 1504
6142 # 1504
6142 + 88
6142 + 88
6142 + 88
6143 # 1504
6143 - 88 1
6143 - 88 1
6143 - 88 1
6143 + 88
6144 # 1504
6144 - 88 1
6144 + 88
6145 # 1504
6145 - 88 1
6146 # 1504
6147 + 88
6147 + 88
6148 # 1504
6148 - 88 1
6148 - 88 1
6148 + 88
6149 # 1504
6149 - 88 1
6150 # 1504
6150 + 88
6150 + 88
6151 # 1504
6151 - 88 1
6151 - 88 1
6152 # 1504
6153 + 88
6154 # 1504
6154 - 88 1
6155 # 1504
6156 # 1504
6156 + 88
6156 + 88
6156 + 88
6157 # 1504
6157 - 88 1
6157 - 88 1
6157 - 88 1
6158 # 1504
6158 + 88
6159 + 88
6160 # 1504
6160 - 88 2
6160 - 88 1
6160 + 88
6161 # 1504
6161 - 88 1
6162 # 1504
6162 + 88
6162 + 88
6163 # 1504
6163 - 88 1
6163 - 88 1
6164 # 1504
6165 + 88
6165 + 88
6166 # 1504
6166 - 88 1
6166 - 88 1
6166 + 88
6167 # 1504
6167 - 88 1
6167 + 88
6168 # 1504
6168 - 88 1
6169 # 1504
6170 # 1504
6170 + 88
6170 + 88
6171 + 88
6172 # 1504
6172 - 88 2
6172 - 88 2
6172 - 88 1
6172 + 88
6173 # 1504
6173 - 88 1
6174 # 1504
6174 + 88
6175 # 1504
6175 - 88 1
6176 # 1504
6176 + 88
6178 # 1504
6178 - 88 2
6179 # 1504
6179 + 88
6179 + 88
6179 + 88
6180 # 1504
6180 - 88 1
6180 - 88 1
6180 - 88 1
6180 + 88
6181 # 1504
6181 - 88 1
6182 # 1504
6183 + 88
6183 + 88
6184 # 1504
6184 - 88 1
6184 - 88 1
6184 + 88
6185 # 1504
6185 - 88 1
6185 + 88
6186 # 1504
6186 - 88 1
6186 + 88
6187 # 1504
6187 - 88 1
6188 # 1504
6188 + 88
6189 + 88
6190 # 1504
6190 - 88 2
6190 - 88 1
6190 + 88
6191 # 1504
6191 - 88 1
6192 # 1504
6192 + 88
6192 + 88
6193 # 1504
6193 - 88 1
6193 - 88 1
6194 # 1504
6195 + 88
6196 # 1504
6196 - 88 1
6197 # 1504
6197 + 88
6198 # 1504
6198 - 88 1
6198 + 88
6198 + 88
6199 # 1504
6199 - 88 1
6199 - 88 1
6200 # 1504
6202 # 1504
6202 + 88
6202 + 88
6202 + 88
6203 # 1504
6203 - 88 1
6203 - 88 1
6203 - 88 1
6203 + 88
6204 # 1504
6204 - 88 1
6205 # 1504
6205 + 88
6206 # 1504
6206 - 88 1
6207 + 88
6207 + 88
6208 # 1504
6208 - 88 1
6208 - 88 1
6208 + 88
6209 # 1504
6209 - 88 1
6209 + 88
6210 # 1504
6210 - 88 1
6210 + 88
6211 # 1504
6211 - 88 1
6212 # 1504
6213 + 88
6214 # 1504
6214 - 88 1
6215 # 1504
6216 # 1504
6216 + 88
6216 + 88
6216 + 88
6217 # 1504
6217 - 88 1
6217 - 88 1
6217 - 88 1
6218 # 1504
6218 + 88
6220 # 1504
6220 - 88 2
6220 + 88
6220 + 88
6221 # 1504
6221 - 88 1
6221 - 88 1
6221 + 88
6222 # 1504
6222 - 88 1
6223 # 1504
6223 + 88
6224 # 1504
6224 - 88 1
6225 + 88
6225 + 88
6226 # 1504
6226 - 88 1
6226 - 88 1
6226 + 88
6227 # 1504
6227 - 88 1
6227 + 88
6228 # 1504
6228 - 88 1
6229 # 1504
6230 # 1504
6230 + 88
6230 + 88
6232 # 1504
6232 - 88 2
6232 - 88 2
6232 + 88
6233 # 1504
6233 - 88 1
6233 + 88
6234 # 1504
6234 - 88 1
6234 + 88
6235 # 1504
6235 - 88 1
6236 # 1504
6236 + 88
6238 # 1504
6238 - 88 2
6238 + 88
6239 # 1504
6239 - 88 1
6239 + 88
6239 + 88
6240 # 1504
6240 - 88 1
6240 - 88 1
6240 + 88
6241 # 1504
6241 - 88 1
6242 # 1504
6242 + 88
6244 # 1504
6244 - 88 2
6244 + 88
6244 + 88
6245 # 1504
6245 - 88 1
6245 - 88 1
6245 + 88
6246 # 1504
6246 - 88 1
6246 + 88
6247 # 1504
6247 - 88 1
6248 # 1504
6248 + 88
6249 + 88
6250 # 1504
6250 - 88 2
6250 - 88 1
6250 + 88
6251 # 1504
6251 - 88 1
6252 # 1504
6252 + 88
6252 + 88
6253 # 1504
6253 - 88 1
6253 - 88 1
6254 # 1504
6255 + 88
6256 # 1504
6256 - 88 1
6257 # 1504
6258 # 1504
6258 + 88
6258 + 88
6258 + 88
6259 # 1504
6259 - 88 1
6259 - 88 1
6259 - 88 1
6260 # 1504
6262 # 1504
6262 + 88
6262 + 88
6263 # 1504
6263 - 88 1
6263 - 88 1
6263 + 88
6263 + 88
6264 # 1504
6264 - 88 1
6264 - 88 1
6264 + 88
6265 # 1504
6265 - 88 1
6266 # 1504
6266 + 88
6267 + 88
6268 # 1504
6268 - 88 2
6268 - 88 1
6268 + 88
6269 # 1504
6269 - 88 1
6270 # 1504
6270 + 88
6270 + 88
6271 # 1504
6271 - 88 1
6271 - 88 1
6272 # 1504
6273 + 88
6274 # 1504
6274 - 88 1
6275 # 1504
6276 # 1504
6276 + 88
6276 + 88
6276 + 88
6277 # 1504
6277 - 88 1
6277 - 88 1
6277 - 88 1
6278 # 1504
6278 + 88
6280 # 1504
6280 - 88 2
6280 + 88
6280 + 88
6281 # 1504
6281 - 88 1
6281 - 88 1
6282 # 1504
6282 + 88
6282 + 88
6283 # 1504
6283 - 88 1
6283 - 88 1
6284 # 1504
6285 + 88
6285 + 88
6286 # 1504
6286 - 88 1
6286 - 88 1
6287 # 1504
6288 # 1504
6289 # 1504
6290 # 1504
6292 # 1504
6293 # 1504
6294 # 1504
6295 # 1504
6296 # 1504
6297 + 88
6297 + 88
6297 + 88
6297 + 88
6297 + 88
6297 + 88
6297 + 88
6297 + 88
6298 # 1504
6298 - 88 1
6298 - 88 1
6298 - 88 1
6298 - 88 1
6298 - 88 1
6298 - 88 1
6298 - 88 1
6298 - 88 1
6299 # 1504
6300 # 1504
6300 + 88
6300 + 88
6300 + 88
6300 + 88
6301 # 1504
6301 - 88 1
6301 - 88 1
6301 - 88 1
6301 - 88 1
6302 # 1504
6303 + 88
6303 + 88
6304 # 1504
6304 - 88 1
6304 - 88 1
6304 + 88
6305 # 1504
6305 - 88 1
6305 + 88
6306 # 1504
6306 - 88 1
6306 + 88
6307 # 1504
6307 - 88 1
6308 # 1504
6308 + 88
6309 + 88
6310 # 1504
6310 - 88 2
6310 - 88 1
6310 + 88
6311 # 1504
6311 - 88 1
6312 # 1504
6313 # 1504
6314 # 1504
6314 + 88
6314 + 88
6316 # 1504
6316 - 88 2
6316 - 88 2
6316 + 88
6317 # 1504
6317 - 88 1
6318 # 1504
6318 + 88
6318 + 88
6318 + 88
6319 # 1504
6319 - 88 1
6319 - 88 1
6319 - 88 1
6320 # 1504
6320 + 88
6322 # 1504
6322 - 88 2
6322 + 88
6322 + 88
6323 # 1504
6323 - 88 1
6323 - 88 1
6324 # 1504
6325 # 1504
6325 + 88
6325 + 88
6326 # 1504
6326 - 88 1
6326 - 88 1
6327 + 88
6327 + 88
6328 # 1504
6328 - 88 1
6328 - 88 1
6328 + 88
