# init timestamp: 1564585172120.000
39.000 # 1500
40.000 # 1500
41.000 # 1500
42.000 # 1500
43.000 # 1500
45.000 # 1500
46.000 # 1500
47.000 # 1500
48.000 # 1500
49.000 # 1500
51.000 # 1500
52.000 # 1500
53.000 # 1500
54.000 # 1500
55.000 # 1500
57.000 # 1500
58.000 # 1500
59.000 # 1500
60.000 # 1500
61.000 # 1500
63.000 # 1500
64.000 # 1500
65.000 # 1500
66.000 # 1500
67.000 # 1500
69.000 # 1500
70.000 # 1500
71.000 # 1500
72.000 # 1500
73.000 # 1500
75.000 # 1500
76.000 # 1500
77.000 # 1500
78.000 # 1500
79.000 # 1500
81.000 # 1500
82.000 # 1500
83.000 # 1500
84.000 # 1500
85.000 # 1500
87.000 # 1500
88.000 # 1500
89.000 # 1500
90.000 # 1500
91.000 # 1500
93.000 # 1500
94.000 # 1500
95.000 # 1500
96.000 # 1500
97.000 # 1500
99.000 # 1500
100.000 # 1500
101.000 # 1500
102.000 # 1500
103.000 # 1500
105.000 # 1500
106.000 # 1500
107.000 # 1500
108.000 # 1500
109.000 # 1500
111.000 # 1500
112.000 # 1500
113.000 # 1500
114.000 # 1500
115.000 # 1500
117.000 # 1500
118.000 # 1500
119.000 # 1500
120.000 # 1500
121.000 # 1500
123.000 # 1500
124.000 # 1500
125.000 # 1500
126.000 # 1500
127.000 # 1500
129.000 # 1500
130.000 # 1500
131.000 # 1500
132.000 # 1500
133.000 # 1500
135.000 # 1500
136.000 # 1500
137.000 # 1500
138.000 # 1500
139.000 # 1500
141.000 # 1500
142.000 # 1500
143.000 # 1500
144.000 # 1500
145.000 # 1500
147.000 # 1500
148.000 # 1500
149.000 # 1500
150.000 # 1500
151.000 # 1500
153.000 # 1500
154.000 # 1500
155.000 # 1500
156.000 # 1500
157.000 # 1500
159.000 # 1500
160.000 # 1500
161.000 # 1500
162.000 # 1500
163.000 # 1500
165.000 # 1500
166.000 # 1500
167.000 # 1500
168.000 # 1500
169.000 # 1500
171.000 # 1500
172.000 # 1500
173.000 # 1500
174.000 # 1500
175.000 # 1500
177.000 # 1500
178.000 # 1500
179.000 # 1500
180.000 # 1500
181.000 # 1500
183.000 # 1500
184.000 # 1500
185.000 # 1500
186.000 # 1500
187.000 # 1500
189.000 # 1500
190.000 # 1500
191.000 # 1500
192.000 # 1500
193.000 # 1500
195.000 # 1500
196.000 # 1500
197.000 # 1500
198.000 # 1500
199.000 # 1500
201.000 # 1500
202.000 # 1500
203.000 # 1500
204.000 # 1500
205.000 # 1500
207.000 # 1500
208.000 # 1500
209.000 # 1500
210.000 # 1500
211.000 # 1500
213.000 # 1500
214.000 # 1500
215.000 # 1500
216.000 # 1500
217.000 # 1500
219.000 # 1500
220.000 # 1500
221.000 # 1500
222.000 # 1500
223.000 # 1500
225.000 # 1500
226.000 # 1500
227.000 # 1500
228.000 # 1500
229.000 # 1500
231.000 # 1500
232.000 # 1500
233.000 # 1500
234.000 # 1500
235.000 # 1500
237.000 # 1500
238.000 # 1500
239.000 # 1500
240.000 # 1500
241.000 # 1500
243.000 # 1500
244.000 # 1500
245.000 # 1500
246.000 # 1500
247.000 # 1500
249.000 # 1500
250.000 # 1500
251.000 # 1500
252.000 # 1500
253.000 # 1500
255.000 # 1500
256.000 # 1500
257.000 # 1500
258.000 # 1500
259.000 # 1500
261.000 # 1500
262.000 # 1500
263.000 # 1500
264.000 # 1500
265.000 # 1500
267.000 # 1500
268.000 # 1500
269.000 # 1500
270.000 # 1500
271.000 # 1500
273.000 # 1500
274.000 # 1500
275.000 # 1500
276.000 # 1500
277.000 # 1500
279.000 # 1500
280.000 # 1500
281.000 # 1500
282.000 # 1500
283.000 # 1500
285.000 # 1500
286.000 # 1500
287.000 # 1500
288.000 # 1500
289.000 # 1500
291.000 # 1500
292.000 # 1500
293.000 # 1500
294.000 # 1500
295.000 # 1500
297.000 # 1500
298.000 # 1500
299.000 # 1500
300.000 # 1500
301.000 # 1500
303.000 # 1500
304.000 # 1500
305.000 # 1500
306.000 # 1500
307.000 # 1500
309.000 # 1500
310.000 # 1500
311.000 # 1500
312.000 # 1500
313.000 # 1500
315.000 # 1500
316.000 # 1500
317.000 # 1500
318.000 # 1500
319.000 # 1500
321.000 # 1500
322.000 # 1500
323.000 # 1500
324.000 # 1500
325.000 # 1500
327.000 # 1500
328.000 # 1500
329.000 # 1500
330.000 # 1500
331.000 # 1500
333.000 # 1500
334.000 # 1500
335.000 # 1500
336.000 # 1500
337.000 # 1500
339.000 # 1500
340.000 # 1500
341.000 # 1500
342.000 # 1500
343.000 # 1500
345.000 # 1500
346.000 # 1500
347.000 # 1500
348.000 # 1500
349.000 # 1500
351.000 # 1500
352.000 # 1500
353.000 # 1500
354.000 # 1500
355.000 # 1500
357.000 # 1500
358.000 # 1500
359.000 # 1500
360.000 # 1500
361.000 # 1500
363.000 # 1500
364.000 # 1500
365.000 # 1500
366.000 # 1500
367.000 # 1500
369.000 # 1500
370.000 # 1500
371.000 # 1500
372.000 # 1500
373.000 # 1500
375.000 # 1500
376.000 # 1500
377.000 # 1500
378.000 # 1500
379.000 # 1500
381.000 # 1500
382.000 # 1500
383.000 # 1500
384.000 # 1500
385.000 # 1500
387.000 # 1500
388.000 # 1500
389.000 # 1500
390.000 # 1500
391.000 # 1500
393.000 # 1500
394.000 # 1500
395.000 # 1500
396.000 # 1500
397.000 # 1500
399.000 # 1500
400.000 # 1500
401.000 # 1500
402.000 # 1500
403.000 # 1500
405.000 # 1500
406.000 # 1500
407.000 # 1500
408.000 # 1500
409.000 # 1500
411.000 # 1500
412.000 # 1500
413.000 # 1500
414.000 # 1500
415.000 # 1500
417.000 # 1500
418.000 # 1500
419.000 # 1500
420.000 # 1500
421.000 # 1500
423.000 # 1500
424.000 # 1500
425.000 # 1500
426.000 # 1500
427.000 # 1500
429.000 # 1500
430.000 # 1500
431.000 # 1500
432.000 # 1500
433.000 # 1500
435.000 # 1500
436.000 # 1500
437.000 # 1500
438.000 # 1500
439.000 # 1500
441.000 # 1500
442.000 # 1500
443.000 # 1500
444.000 # 1500
445.000 # 1500
447.000 # 1500
448.000 # 1500
449.000 # 1500
450.000 # 1500
451.000 # 1500
453.000 # 1500
454.000 # 1500
455.000 # 1500
456.000 # 1500
457.000 # 1500
459.000 # 1500
460.000 # 1500
461.000 # 1500
462.000 # 1500
463.000 # 1500
465.000 # 1500
466.000 # 1500
467.000 # 1500
468.000 # 1500
469.000 # 1500
471.000 # 1500
472.000 # 1500
473.000 # 1500
474.000 # 1500
475.000 # 1500
477.000 # 1500
478.000 # 1500
479.000 # 1500
480.000 # 1500
481.000 # 1500
483.000 # 1500
484.000 # 1500
485.000 # 1500
486.000 # 1500
487.000 # 1500
489.000 # 1500
490.000 # 1500
491.000 # 1500
492.000 # 1500
493.000 # 1500
495.000 # 1500
496.000 # 1500
497.000 # 1500
498.000 # 1500
499.000 # 1500
501.000 # 1500
502.000 # 1500
503.000 # 1500
504.000 # 1500
505.000 # 1500
507.000 # 1500
508.000 # 1500
509.000 # 1500
510.000 # 1500
511.000 # 1500
513.000 # 1500
514.000 # 1500
515.000 # 1500
516.000 # 1500
517.000 # 1500
519.000 # 1500
520.000 # 1500
521.000 # 1500
522.000 # 1500
523.000 # 1500
525.000 # 1500
526.000 # 1500
527.000 # 1500
528.000 # 1500
529.000 # 1500
531.000 # 1500
532.000 # 1500
533.000 # 1500
534.000 # 1500
535.000 # 1500
537.000 # 1500
538.000 # 1500
539.000 # 1500
540.000 # 1500
541.000 # 1500
543.000 # 1500
544.000 # 1500
545.000 # 1500
546.000 # 1500
547.000 # 1500
549.000 # 1500
550.000 # 1500
551.000 # 1500
552.000 # 1500
553.000 # 1500
555.000 # 1500
556.000 # 1500
557.000 # 1500
558.000 # 1500
559.000 # 1500
561.000 # 1500
562.000 # 1500
563.000 # 1500
564.000 # 1500
565.000 # 1500
567.000 # 1500
568.000 # 1500
569.000 # 1500
570.000 # 1500
571.000 # 1500
573.000 # 1500
574.000 # 1500
575.000 # 1500
576.000 # 1500
577.000 # 1500
579.000 # 1500
580.000 # 1500
581.000 # 1500
582.000 # 1500
583.000 # 1500
585.000 # 1500
586.000 # 1500
587.000 # 1500
588.000 # 1500
589.000 # 1500
591.000 # 1500
592.000 # 1500
593.000 # 1500
594.000 # 1500
595.000 # 1500
597.000 # 1500
598.000 # 1500
599.000 # 1500
600.000 # 1500
601.000 # 1500
603.000 # 1500
604.000 # 1500
605.000 # 1500
606.000 # 1500
607.000 # 1500
609.000 # 1500
610.000 # 1500
611.000 # 1500
612.000 # 1500
613.000 # 1500
615.000 # 1500
616.000 # 1500
617.000 # 1500
618.000 # 1500
619.000 # 1500
621.000 # 1500
622.000 # 1500
623.000 # 1500
624.000 # 1500
625.000 # 1500
627.000 # 1500
628.000 # 1500
629.000 # 1500
630.000 # 1500
631.000 # 1500
633.000 # 1500
634.000 # 1500
635.000 # 1500
636.000 # 1500
637.000 # 1500
639.000 # 1500
640.000 # 1500
641.000 # 1500
642.000 # 1500
643.000 # 1500
645.000 # 1500
646.000 # 1500
647.000 # 1500
648.000 # 1500
649.000 # 1500
651.000 # 1500
652.000 # 1500
653.000 # 1500
654.000 # 1500
655.000 # 1500
657.000 # 1500
658.000 # 1500
659.000 # 1500
660.000 # 1500
661.000 # 1500
663.000 # 1500
664.000 # 1500
665.000 # 1500
666.000 # 1500
667.000 # 1500
669.000 # 1500
670.000 # 1500
671.000 # 1500
672.000 # 1500
673.000 # 1500
675.000 # 1500
676.000 # 1500
677.000 # 1500
678.000 # 1500
679.000 # 1500
681.000 # 1500
682.000 # 1500
683.000 # 1500
684.000 # 1500
685.000 # 1500
687.000 # 1500
688.000 # 1500
689.000 # 1500
690.000 # 1500
691.000 # 1500
693.000 # 1500
694.000 # 1500
695.000 # 1500
696.000 # 1500
697.000 # 1500
699.000 # 1500
700.000 # 1500
701.000 # 1500
702.000 # 1500
703.000 # 1500
705.000 # 1500
706.000 # 1500
707.000 # 1500
708.000 # 1500
709.000 # 1500
711.000 # 1500
712.000 # 1500
713.000 # 1500
714.000 # 1500
715.000 # 1500
717.000 # 1500
718.000 # 1500
719.000 # 1500
720.000 # 1500
721.000 # 1500
723.000 # 1500
724.000 # 1500
725.000 # 1500
726.000 # 1500
727.000 # 1500
729.000 # 1500
730.000 # 1500
731.000 # 1500
732.000 # 1500
733.000 # 1500
735.000 # 1500
736.000 # 1500
737.000 # 1500
738.000 # 1500
739.000 # 1500
741.000 # 1500
742.000 # 1500
743.000 # 1500
744.000 # 1500
745.000 # 1500
747.000 # 1500
748.000 # 1500
749.000 # 1500
750.000 # 1500
751.000 # 1500
753.000 # 1500
754.000 # 1500
755.000 # 1500
756.000 # 1500
757.000 # 1500
759.000 # 1500
760.000 # 1500
761.000 # 1500
762.000 # 1500
763.000 # 1500
765.000 # 1500
766.000 # 1500
767.000 # 1500
768.000 # 1500
769.000 # 1500
771.000 # 1500
772.000 # 1500
773.000 # 1500
774.000 # 1500
775.000 # 1500
777.000 # 1500
778.000 # 1500
779.000 # 1500
780.000 # 1500
781.000 # 1500
783.000 # 1500
784.000 # 1500
785.000 # 1500
786.000 # 1500
787.000 # 1500
789.000 # 1500
790.000 # 1500
791.000 # 1500
792.000 # 1500
793.000 # 1500
795.000 # 1500
796.000 # 1500
797.000 # 1500
798.000 # 1500
799.000 # 1500
801.000 # 1500
802.000 # 1500
803.000 # 1500
804.000 # 1500
805.000 # 1500
807.000 # 1500
808.000 # 1500
809.000 # 1500
810.000 # 1500
811.000 # 1500
813.000 # 1500
814.000 # 1500
815.000 # 1500
816.000 # 1500
817.000 # 1500
819.000 # 1500
820.000 # 1500
821.000 # 1500
822.000 # 1500
823.000 # 1500
825.000 # 1500
826.000 # 1500
827.000 # 1500
828.000 # 1500
829.000 # 1500
831.000 # 1500
832.000 # 1500
833.000 # 1500
834.000 # 1500
835.000 # 1500
837.000 # 1500
838.000 # 1500
839.000 # 1500
840.000 # 1500
841.000 # 1500
843.000 # 1500
844.000 # 1500
845.000 # 1500
846.000 # 1500
847.000 # 1500
849.000 # 1500
850.000 # 1500
851.000 # 1500
852.000 # 1500
853.000 # 1500
855.000 # 1500
856.000 # 1500
857.000 # 1500
858.000 # 1500
859.000 # 1500
861.000 # 1500
862.000 # 1500
863.000 # 1500
864.000 # 1500
865.000 # 1500
867.000 # 1500
868.000 # 1500
869.000 # 1500
870.000 # 1500
871.000 # 1500
873.000 # 1500
874.000 # 1500
875.000 # 1500
876.000 # 1500
877.000 # 1500
879.000 # 1500
880.000 # 1500
881.000 # 1500
882.000 # 1500
883.000 # 1500
885.000 # 1500
886.000 # 1500
887.000 # 1500
888.000 # 1500
889.000 # 1500
891.000 # 1500
892.000 # 1500
893.000 # 1500
894.000 # 1500
895.000 # 1500
897.000 # 1500
898.000 # 1500
899.000 # 1500
900.000 # 1500
901.000 # 1500
903.000 # 1500
904.000 # 1500
905.000 # 1500
906.000 # 1500
907.000 # 1500
909.000 # 1500
910.000 # 1500
911.000 # 1500
912.000 # 1500
913.000 # 1500
915.000 # 1500
916.000 # 1500
917.000 # 1500
918.000 # 1500
919.000 # 1500
921.000 # 1500
922.000 # 1500
923.000 # 1500
924.000 # 1500
925.000 # 1500
927.000 # 1500
928.000 # 1500
929.000 # 1500
930.000 # 1500
931.000 # 1500
933.000 # 1500
934.000 # 1500
935.000 # 1500
936.000 # 1500
937.000 # 1500
939.000 # 1500
940.000 # 1500
941.000 # 1500
942.000 # 1500
943.000 # 1500
945.000 # 1500
946.000 # 1500
947.000 # 1500
948.000 # 1500
949.000 # 1500
951.000 # 1500
952.000 # 1500
953.000 # 1500
954.000 # 1500
955.000 # 1500
957.000 # 1500
958.000 # 1500
959.000 # 1500
960.000 # 1500
961.000 # 1500
963.000 # 1500
964.000 # 1500
965.000 # 1500
966.000 # 1500
967.000 # 1500
969.000 # 1500
970.000 # 1500
971.000 # 1500
972.000 # 1500
973.000 # 1500
975.000 # 1500
976.000 # 1500
977.000 # 1500
978.000 # 1500
979.000 # 1500
981.000 # 1500
982.000 # 1500
983.000 # 1500
984.000 # 1500
985.000 # 1500
987.000 # 1500
988.000 # 1500
989.000 # 1500
990.000 # 1500
991.000 # 1500
993.000 # 1500
994.000 # 1500
995.000 # 1500
996.000 # 1500
997.000 # 1500
999.000 # 1500
1000.000 # 1500
1001.000 # 1500
1002.000 # 1500
1003.000 # 1500
1005.000 # 1500
1006.000 # 1500
1007.000 # 1500
1008.000 # 1500
1009.000 # 1500
1011.000 # 1500
1012.000 # 1500
1013.000 # 1500
1014.000 # 1500
1015.000 # 1500
1017.000 # 1500
1018.000 # 1500
1019.000 # 1500
1020.000 # 1500
1021.000 # 1500
1023.000 # 1500
1024.000 # 1500
1025.000 # 1500
1026.000 # 1500
1027.000 # 1500
1029.000 # 1500
1030.000 # 1500
1031.000 # 1500
1032.000 # 1500
1033.000 # 1500
1035.000 # 1500
1036.000 # 1500
1037.000 # 1500
1038.000 # 1500
1039.000 # 1500
1041.000 # 1500
1042.000 # 1500
1043.000 # 1500
1044.000 # 1500
1045.000 # 1500
1047.000 # 1500
1048.000 # 1500
1049.000 # 1500
1050.000 # 1500
1051.000 # 1500
1053.000 # 1500
1054.000 # 1500
1055.000 # 1500
1056.000 # 1500
1057.000 # 1500
1059.000 # 1500
1060.000 # 1500
1061.000 # 1500
1062.000 # 1500
1063.000 # 1500
1065.000 # 1500
1066.000 # 1500
1067.000 # 1500
1068.000 # 1500
1069.000 # 1500
1071.000 # 1500
1072.000 # 1500
1073.000 # 1500
1074.000 # 1500
1075.000 # 1500
1077.000 # 1500
1078.000 # 1500
1079.000 # 1500
1080.000 # 1500
1081.000 # 1500
1083.000 # 1500
1084.000 # 1500
1085.000 # 1500
1086.000 # 1500
1087.000 # 1500
1089.000 # 1500
1090.000 # 1500
1091.000 # 1500
1092.000 # 1500
1093.000 # 1500
1095.000 # 1500
1096.000 # 1500
1097.000 # 1500
1098.000 # 1500
1099.000 # 1500
1101.000 # 1500
1102.000 # 1500
1103.000 # 1500
1104.000 # 1500
1105.000 # 1500
1107.000 # 1500
1108.000 # 1500
1109.000 # 1500
1110.000 # 1500
1111.000 # 1500
1113.000 # 1500
1114.000 # 1500
1115.000 # 1500
1116.000 # 1500
1117.000 # 1500
1119.000 # 1500
1120.000 # 1500
1121.000 # 1500
1122.000 # 1500
1123.000 # 1500
1125.000 # 1500
1126.000 # 1500
1127.000 # 1500
1128.000 # 1500
1129.000 # 1500
1131.000 # 1500
1132.000 # 1500
1133.000 # 1500
1134.000 # 1500
1135.000 # 1500
1137.000 # 1500
1138.000 # 1500
1139.000 # 1500
1140.000 # 1500
1141.000 # 1500
1143.000 # 1500
1144.000 # 1500
1145.000 # 1500
1146.000 # 1500
1147.000 # 1500
1149.000 # 1500
1150.000 # 1500
1151.000 # 1500
1152.000 # 1500
1153.000 # 1500
1155.000 # 1500
1156.000 # 1500
1157.000 # 1500
1158.000 # 1500
1159.000 # 1500
1161.000 # 1500
1162.000 # 1500
1163.000 # 1500
1164.000 # 1500
1165.000 # 1500
1167.000 # 1500
1168.000 # 1500
1169.000 # 1500
1170.000 # 1500
1171.000 # 1500
1173.000 # 1500
1174.000 # 1500
1175.000 # 1500
1176.000 # 1500
1177.000 # 1500
1179.000 # 1500
1180.000 # 1500
1181.000 # 1500
1182.000 # 1500
1183.000 # 1500
1185.000 # 1500
1186.000 # 1500
1187.000 # 1500
1188.000 # 1500
1189.000 # 1500
1191.000 # 1500
1192.000 # 1500
1193.000 # 1500
1194.000 # 1500
1195.000 # 1500
1197.000 # 1500
1198.000 # 1500
1199.000 # 1500
1200.000 # 1500
1201.000 # 1500
1203.000 # 1500
1204.000 # 1500
1205.000 # 1500
1206.000 # 1500
1207.000 # 1500
1209.000 # 1500
1210.000 # 1500
1211.000 # 1500
1212.000 # 1500
1213.000 # 1500
1215.000 # 1500
1216.000 # 1500
1217.000 # 1500
1218.000 # 1500
1219.000 # 1500
1221.000 # 1500
1222.000 # 1500
1223.000 # 1500
1224.000 # 1500
1225.000 # 1500
1227.000 # 1500
1228.000 # 1500
1229.000 # 1500
1230.000 # 1500
1231.000 # 1500
1233.000 # 1500
1234.000 # 1500
1235.000 # 1500
1236.000 # 1500
1237.000 # 1500
1239.000 # 1500
1240.000 # 1500
1241.000 # 1500
1242.000 # 1500
1243.000 # 1500
1245.000 # 1500
1246.000 # 1500
1247.000 # 1500
1248.000 # 1500
1249.000 # 1500
1251.000 # 1500
1252.000 # 1500
1253.000 # 1500
1254.000 # 1500
1255.000 # 1500
1257.000 # 1500
1258.000 # 1500
1259.000 # 1500
1260.000 # 1500
1261.000 # 1500
1263.000 # 1500
1264.000 # 1500
1265.000 # 1500
1266.000 # 1500
1267.000 # 1500
1269.000 # 1500
1270.000 # 1500
1271.000 # 1500
1272.000 # 1500
1273.000 # 1500
1275.000 # 1500
1276.000 # 1500
1277.000 # 1500
1278.000 # 1500
1279.000 # 1500
1281.000 # 1500
1282.000 # 1500
1283.000 # 1500
1284.000 # 1500
1285.000 # 1500
1287.000 # 1500
1288.000 # 1500
1289.000 # 1500
1290.000 # 1500
1291.000 # 1500
1293.000 # 1500
1294.000 # 1500
1295.000 # 1500
1296.000 # 1500
1297.000 # 1500
1299.000 # 1500
1300.000 # 1500
1301.000 # 1500
1302.000 # 1500
1303.000 # 1500
1305.000 # 1500
1306.000 # 1500
1307.000 # 1500
1308.000 # 1500
1309.000 # 1500
1311.000 # 1500
1312.000 # 1500
1313.000 # 1500
1314.000 # 1500
1315.000 # 1500
1317.000 # 1500
1318.000 # 1500
1319.000 # 1500
1320.000 # 1500
1321.000 # 1500
1323.000 # 1500
1324.000 # 1500
1325.000 # 1500
1326.000 # 1500
1327.000 # 1500
1329.000 # 1500
1330.000 # 1500
1331.000 # 1500
1332.000 # 1500
1333.000 # 1500
1335.000 # 1500
1336.000 # 1500
1337.000 # 1500
1338.000 # 1500
1339.000 # 1500
1341.000 # 1500
1342.000 # 1500
1343.000 # 1500
1344.000 # 1500
1345.000 # 1500
1347.000 # 1500
1348.000 # 1500
1349.000 # 1500
1350.000 # 1500
1351.000 # 1500
1353.000 # 1500
1354.000 # 1500
1355.000 # 1500
1356.000 # 1500
1357.000 # 1500
1359.000 # 1500
1360.000 # 1500
1361.000 # 1500
1362.000 # 1500
1363.000 # 1500
1365.000 # 1500
1366.000 # 1500
1367.000 # 1500
1368.000 # 1500
1369.000 # 1500
1371.000 # 1500
1372.000 # 1500
1373.000 # 1500
1374.000 # 1500
1375.000 # 1500
1377.000 # 1500
1378.000 # 1500
1379.000 # 1500
1380.000 # 1500
1381.000 # 1500
1383.000 # 1500
1384.000 # 1500
1385.000 # 1500
1386.000 # 1500
1387.000 # 1500
1389.000 # 1500
1390.000 # 1500
1391.000 # 1500
1392.000 # 1500
1393.000 # 1500
1395.000 # 1500
1396.000 # 1500
1397.000 # 1500
1398.000 # 1500
1399.000 # 1500
1401.000 # 1500
1402.000 # 1500
1403.000 # 1500
1404.000 # 1500
1405.000 # 1500
1407.000 # 1500
1408.000 # 1500
1409.000 # 1500
1410.000 # 1500
1411.000 # 1500
1413.000 # 1500
1414.000 # 1500
1415.000 # 1500
1416.000 # 1500
1417.000 # 1500
1419.000 # 1500
1420.000 # 1500
1421.000 # 1500
1422.000 # 1500
1423.000 # 1500
1425.000 # 1500
1426.000 # 1500
1427.000 # 1500
1428.000 # 1500
1429.000 # 1500
1431.000 # 1500
1432.000 # 1500
1433.000 # 1500
1434.000 # 1500
1435.000 # 1500
1437.000 # 1500
1438.000 # 1500
1439.000 # 1500
1440.000 # 1500
1441.000 # 1500
1443.000 # 1500
1444.000 # 1500
1445.000 # 1500
1446.000 # 1500
1447.000 # 1500
1449.000 # 1500
1450.000 # 1500
1451.000 # 1500
1452.000 # 1500
1453.000 # 1500
1455.000 # 1500
1456.000 # 1500
1457.000 # 1500
1458.000 # 1500
1459.000 # 1500
1461.000 # 1500
1462.000 # 1500
1463.000 # 1500
1464.000 # 1500
1465.000 # 1500
1467.000 # 1500
1468.000 # 1500
1469.000 # 1500
1470.000 # 1500
1471.000 # 1500
1473.000 # 1500
1474.000 # 1500
1475.000 # 1500
1476.000 # 1500
1477.000 # 1500
1479.000 # 1500
1480.000 # 1500
1481.000 # 1500
1482.000 # 1500
1483.000 # 1500
1485.000 # 1500
1486.000 # 1500
1487.000 # 1500
1488.000 # 1500
1489.000 # 1500
1491.000 # 1500
1492.000 # 1500
1493.000 # 1500
1494.000 # 1500
1495.000 # 1500
1497.000 # 1500
1498.000 # 1500
1499.000 # 1500
1500.000 # 1500
1501.000 # 1500
1503.000 # 1500
1504.000 # 1500
1505.000 # 1500
1506.000 # 1500
1507.000 # 1500
1509.000 # 1500
1510.000 # 1500
1511.000 # 1500
1512.000 # 1500
1513.000 # 1500
1515.000 # 1500
1516.000 # 1500
1517.000 # 1500
1518.000 # 1500
1519.000 # 1500
1521.000 # 1500
1522.000 # 1500
1523.000 # 1500
1524.000 # 1500
1525.000 # 1500
1527.000 # 1500
1528.000 # 1500
1529.000 # 1500
1530.000 # 1500
1531.000 # 1500
1533.000 # 1500
1534.000 # 1500
1535.000 # 1500
1536.000 # 1500
1537.000 # 1500
1539.000 # 1500
1540.000 # 1500
1541.000 # 1500
1542.000 # 1500
1543.000 # 1500
1545.000 # 1500
1546.000 # 1500
1547.000 # 1500
1548.000 # 1500
1549.000 # 1500
1551.000 # 1500
1552.000 # 1500
1553.000 # 1500
1554.000 # 1500
1555.000 # 1500
1557.000 # 1500
1558.000 # 1500
1559.000 # 1500
1560.000 # 1500
1561.000 # 1500
1563.000 # 1500
1564.000 # 1500
1565.000 # 1500
1566.000 # 1500
1567.000 # 1500
1569.000 # 1500
1570.000 # 1500
1571.000 # 1500
1572.000 # 1500
1573.000 # 1500
1575.000 # 1500
1576.000 # 1500
1577.000 # 1500
1578.000 # 1500
1579.000 # 1500
1581.000 # 1500
1582.000 # 1500
1583.000 # 1500
1584.000 # 1500
1585.000 # 1500
1587.000 # 1500
1588.000 # 1500
1589.000 # 1500
1590.000 # 1500
1591.000 # 1500
1593.000 # 1500
1594.000 # 1500
1595.000 # 1500
1596.000 # 1500
1597.000 # 1500
1599.000 # 1500
1600.000 # 1500
1601.000 # 1500
1602.000 # 1500
1603.000 # 1500
1605.000 # 1500
1606.000 # 1500
1607.000 # 1500
1608.000 # 1500
1609.000 # 1500
1611.000 # 1500
1612.000 # 1500
1613.000 # 1500
1614.000 # 1500
1615.000 # 1500
1617.000 # 1500
1618.000 # 1500
1619.000 # 1500
1620.000 # 1500
1621.000 # 1500
1623.000 # 1500
1624.000 # 1500
1625.000 # 1500
1626.000 # 1500
1627.000 # 1500
1629.000 # 1500
1630.000 # 1500
1631.000 # 1500
1632.000 # 1500
1633.000 # 1500
1635.000 # 1500
1636.000 # 1500
1637.000 # 1500
1638.000 # 1500
1639.000 # 1500
1641.000 # 1500
1642.000 # 1500
1643.000 # 1500
1644.000 # 1500
1645.000 # 1500
1647.000 # 1500
1648.000 # 1500
1649.000 # 1500
1650.000 # 1500
1651.000 # 1500
1653.000 # 1500
1654.000 # 1500
1655.000 # 1500
1656.000 # 1500
1657.000 # 1500
1659.000 # 1500
1660.000 # 1500
1661.000 # 1500
1662.000 # 1500
1663.000 # 1500
1665.000 # 1500
1666.000 # 1500
1667.000 # 1500
1668.000 # 1500
1669.000 # 1500
1671.000 # 1500
1672.000 # 1500
1673.000 # 1500
1674.000 # 1500
1675.000 # 1500
1677.000 # 1500
1678.000 # 1500
1679.000 # 1500
1680.000 # 1500
1681.000 # 1500
1683.000 # 1500
1684.000 # 1500
1685.000 # 1500
1686.000 # 1500
1687.000 # 1500
1689.000 # 1500
1690.000 # 1500
1691.000 # 1500
1692.000 # 1500
1693.000 # 1500
1695.000 # 1500
1696.000 # 1500
1697.000 # 1500
1698.000 # 1500
1699.000 # 1500
1701.000 # 1500
1702.000 # 1500
1703.000 # 1500
1704.000 # 1500
1705.000 # 1500
1707.000 # 1500
1708.000 # 1500
1709.000 # 1500
1710.000 # 1500
1711.000 # 1500
1713.000 # 1500
1714.000 # 1500
1715.000 # 1500
1716.000 # 1500
1717.000 # 1500
1719.000 # 1500
1720.000 # 1500
1721.000 # 1500
1722.000 # 1500
1723.000 # 1500
1725.000 # 1500
1726.000 # 1500
1727.000 # 1500
1728.000 # 1500
1729.000 # 1500
1731.000 # 1500
1732.000 # 1500
1733.000 # 1500
1734.000 # 1500
1735.000 # 1500
1737.000 # 1500
1738.000 # 1500
1739.000 # 1500
1740.000 # 1500
1741.000 # 1500
1743.000 # 1500
1744.000 # 1500
1745.000 # 1500
1746.000 # 1500
1747.000 # 1500
1749.000 # 1500
1750.000 # 1500
1751.000 # 1500
1752.000 # 1500
1753.000 # 1500
1755.000 # 1500
1756.000 # 1500
1757.000 # 1500
1758.000 # 1500
1759.000 # 1500
1761.000 # 1500
1762.000 # 1500
1763.000 # 1500
1764.000 # 1500
1765.000 # 1500
1767.000 # 1500
1768.000 # 1500
1769.000 # 1500
1770.000 # 1500
1771.000 # 1500
1773.000 # 1500
1774.000 # 1500
1775.000 # 1500
1776.000 # 1500
1777.000 # 1500
1779.000 # 1500
1780.000 # 1500
1781.000 # 1500
1782.000 # 1500
1783.000 # 1500
1785.000 # 1500
1786.000 # 1500
1787.000 # 1500
1788.000 # 1500
1789.000 # 1500
1791.000 # 1500
1792.000 # 1500
1793.000 # 1500
1794.000 # 1500
1795.000 # 1500
1797.000 # 1500
1798.000 # 1500
1799.000 # 1500
1800.000 # 1500
1801.000 # 1500
1803.000 # 1500
1804.000 # 1500
1805.000 # 1500
1806.000 # 1500
1807.000 # 1500
1809.000 # 1500
1810.000 # 1500
1811.000 # 1500
1812.000 # 1500
1813.000 # 1500
1815.000 # 1500
1816.000 # 1500
1817.000 # 1500
1818.000 # 1500
1819.000 # 1500
1821.000 # 1500
1822.000 # 1500
1823.000 # 1500
1824.000 # 1500
1825.000 # 1500
1827.000 # 1500
1828.000 # 1500
1829.000 # 1500
1830.000 # 1500
1831.000 # 1500
1833.000 # 1500
1834.000 # 1500
1835.000 # 1500
1836.000 # 1500
1837.000 # 1500
1839.000 # 1500
1840.000 # 1500
1841.000 # 1500
1842.000 # 1500
1843.000 # 1500
1845.000 # 1500
1846.000 # 1500
1847.000 # 1500
1848.000 # 1500
1849.000 # 1500
1851.000 # 1500
1852.000 # 1500
1853.000 # 1500
1854.000 # 1500
1855.000 # 1500
1857.000 # 1500
1858.000 # 1500
1859.000 # 1500
1860.000 # 1500
1861.000 # 1500
1863.000 # 1500
1864.000 # 1500
1865.000 # 1500
1866.000 # 1500
1867.000 # 1500
1869.000 # 1500
1870.000 # 1500
1871.000 # 1500
1872.000 # 1500
1873.000 # 1500
1875.000 # 1500
1876.000 # 1500
1877.000 # 1500
1878.000 # 1500
1879.000 # 1500
1881.000 # 1500
1882.000 # 1500
1883.000 # 1500
1884.000 # 1500
1885.000 # 1500
1887.000 # 1500
1888.000 # 1500
1889.000 # 1500
1890.000 # 1500
1891.000 # 1500
1893.000 # 1500
1894.000 # 1500
1895.000 # 1500
1896.000 # 1500
1897.000 # 1500
1899.000 # 1500
1900.000 # 1500
1901.000 # 1500
1902.000 # 1500
1903.000 # 1500
1905.000 # 1500
1906.000 # 1500
1907.000 # 1500
1908.000 # 1500
1909.000 # 1500
1911.000 # 1500
1912.000 # 1500
1913.000 # 1500
1914.000 # 1500
1915.000 # 1500
1917.000 # 1500
1918.000 # 1500
1919.000 # 1500
1920.000 # 1500
1921.000 # 1500
1923.000 # 1500
1924.000 # 1500
1925.000 # 1500
1926.000 # 1500
1927.000 # 1500
1929.000 # 1500
1930.000 # 1500
1931.000 # 1500
1932.000 # 1500
1933.000 # 1500
1935.000 # 1500
1936.000 # 1500
1937.000 # 1500
1938.000 # 1500
1939.000 # 1500
1941.000 # 1500
1942.000 # 1500
1943.000 # 1500
1944.000 # 1500
1945.000 # 1500
1947.000 # 1500
1948.000 # 1500
1949.000 # 1500
1950.000 # 1500
1951.000 # 1500
1953.000 # 1500
1954.000 # 1500
1955.000 # 1500
1956.000 # 1500
1957.000 # 1500
1959.000 # 1500
1960.000 # 1500
1961.000 # 1500
1962.000 # 1500
1963.000 # 1500
1965.000 # 1500
1966.000 # 1500
1967.000 # 1500
1968.000 # 1500
1969.000 # 1500
1971.000 # 1500
1972.000 # 1500
1973.000 # 1500
1974.000 # 1500
1975.000 # 1500
1977.000 # 1500
1978.000 # 1500
1979.000 # 1500
1980.000 # 1500
1981.000 # 1500
1983.000 # 1500
1984.000 # 1500
1985.000 # 1500
1986.000 # 1500
1987.000 # 1500
1989.000 # 1500
1990.000 # 1500
1991.000 # 1500
1992.000 # 1500
1993.000 # 1500
1995.000 # 1500
1996.000 # 1500
1997.000 # 1500
1998.000 # 1500
1999.000 # 1500
2001.000 # 1500
2002.000 # 1500
2003.000 # 1500
2004.000 # 1500
2005.000 # 1500
2007.000 # 1500
2008.000 # 1500
2009.000 # 1500
2010.000 # 1500
2011.000 # 1500
2013.000 # 1500
2014.000 # 1500
2015.000 # 1500
2016.000 # 1500
2017.000 # 1500
2019.000 # 1500
2020.000 # 1500
2021.000 # 1500
2022.000 # 1500
2023.000 # 1500
2025.000 # 1500
2026.000 # 1500
2027.000 # 1500
2028.000 # 1500
2029.000 # 1500
2031.000 # 1500
2032.000 # 1500
2033.000 # 1500
2034.000 # 1500
2035.000 # 1500
2037.000 # 1500
2038.000 # 1500
2039.000 # 1500
2040.000 # 1500
2041.000 # 1500
2043.000 # 1500
2044.000 # 1500
2045.000 # 1500
2046.000 # 1500
2047.000 # 1500
2049.000 # 1500
2050.000 # 1500
2051.000 # 1500
2052.000 # 1500
2053.000 # 1500
2055.000 # 1500
2056.000 # 1500
2057.000 # 1500
2058.000 # 1500
2059.000 # 1500
2061.000 # 1500
2062.000 # 1500
2063.000 # 1500
2064.000 # 1500
2065.000 # 1500
2067.000 # 1500
2068.000 # 1500
2069.000 # 1500
2070.000 # 1500
2071.000 # 1500
2073.000 # 1500
2074.000 # 1500
2075.000 # 1500
2076.000 # 1500
2077.000 # 1500
2079.000 # 1500
2080.000 # 1500
2081.000 # 1500
2082.000 # 1500
2083.000 # 1500
2085.000 # 1500
2086.000 # 1500
2087.000 # 1500
2088.000 # 1500
2089.000 # 1500
2091.000 # 1500
2092.000 # 1500
2093.000 # 1500
2094.000 # 1500
2095.000 # 1500
2097.000 # 1500
2098.000 # 1500
2099.000 # 1500
2100.000 # 1500
2101.000 # 1500
2103.000 # 1500
2104.000 # 1500
2105.000 # 1500
2106.000 # 1500
2107.000 # 1500
2109.000 # 1500
2110.000 # 1500
2111.000 # 1500
2112.000 # 1500
2113.000 # 1500
2115.000 # 1500
2116.000 # 1500
2117.000 # 1500
2118.000 # 1500
2119.000 # 1500
2121.000 # 1500
2122.000 # 1500
2123.000 # 1500
2124.000 # 1500
2125.000 # 1500
2127.000 # 1500
2128.000 # 1500
2129.000 # 1500
2130.000 # 1500
2131.000 # 1500
2133.000 # 1500
2134.000 # 1500
2135.000 # 1500
2136.000 # 1500
2137.000 # 1500
2139.000 # 1500
2140.000 # 1500
2141.000 # 1500
2142.000 # 1500
2143.000 # 1500
2145.000 # 1500
2146.000 # 1500
2147.000 # 1500
2148.000 # 1500
2149.000 # 1500
2151.000 # 1500
2152.000 # 1500
2153.000 # 1500
2154.000 # 1500
2155.000 # 1500
2157.000 # 1500
2158.000 # 1500
2159.000 # 1500
2160.000 # 1500
2161.000 # 1500
2163.000 # 1500
2164.000 # 1500
2165.000 # 1500
2166.000 # 1500
2167.000 # 1500
2169.000 # 1500
2170.000 # 1500
2171.000 # 1500
2172.000 # 1500
2173.000 # 1500
2175.000 # 1500
2176.000 # 1500
2177.000 # 1500
2178.000 # 1500
2179.000 # 1500
2181.000 # 1500
2182.000 # 1500
2183.000 # 1500
2184.000 # 1500
2185.000 # 1500
2187.000 # 1500
2188.000 # 1500
2189.000 # 1500
2190.000 # 1500
2191.000 # 1500
2193.000 # 1500
2194.000 # 1500
2195.000 # 1500
2196.000 # 1500
2197.000 # 1500
2199.000 # 1500
2200.000 # 1500
2201.000 # 1500
2202.000 # 1500
2203.000 # 1500
2205.000 # 1500
2206.000 # 1500
2207.000 # 1500
2208.000 # 1500
2209.000 # 1500
2211.000 # 1500
2212.000 # 1500
2213.000 # 1500
2214.000 # 1500
2215.000 # 1500
2217.000 # 1500
2218.000 # 1500
2219.000 # 1500
2220.000 # 1500
2221.000 # 1500
2223.000 # 1500
2224.000 # 1500
2225.000 # 1500
2226.000 # 1500
2227.000 # 1500
2229.000 # 1500
2230.000 # 1500
2231.000 # 1500
2232.000 # 1500
2233.000 # 1500
2235.000 # 1500
2236.000 # 1500
2237.000 # 1500
2238.000 # 1500
2239.000 # 1500
2241.000 # 1500
2242.000 # 1500
2243.000 # 1500
2244.000 # 1500
2245.000 # 1500
2247.000 # 1500
2248.000 # 1500
2249.000 # 1500
2250.000 # 1500
2251.000 # 1500
2253.000 # 1500
2254.000 # 1500
2255.000 # 1500
2256.000 # 1500
2257.000 # 1500
2259.000 # 1500
2260.000 # 1500
2261.000 # 1500
2262.000 # 1500
2263.000 # 1500
2265.000 # 1500
2266.000 # 1500
2267.000 # 1500
2268.000 # 1500
2269.000 # 1500
2271.000 # 1500
2272.000 # 1500
2273.000 # 1500
2274.000 # 1500
2275.000 # 1500
2277.000 # 1500
2278.000 # 1500
2279.000 # 1500
2280.000 # 1500
2281.000 # 1500
2283.000 # 1500
2284.000 # 1500
2285.000 # 1500
2286.000 # 1500
2287.000 # 1500
2289.000 # 1500
2290.000 # 1500
2291.000 # 1500
2292.000 # 1500
2293.000 # 1500
2295.000 # 1500
2296.000 # 1500
2297.000 # 1500
2298.000 # 1500
2299.000 # 1500
2301.000 # 1500
2302.000 # 1500
2303.000 # 1500
2304.000 # 1500
2305.000 # 1500
2307.000 # 1500
2308.000 # 1500
2309.000 # 1500
2310.000 # 1500
2311.000 # 1500
2313.000 # 1500
2314.000 # 1500
2315.000 # 1500
2316.000 # 1500
2317.000 # 1500
2319.000 # 1500
2320.000 # 1500
2321.000 # 1500
2322.000 # 1500
2323.000 # 1500
2325.000 # 1500
2326.000 # 1500
2327.000 # 1500
2328.000 # 1500
2329.000 # 1500
2331.000 # 1500
2332.000 # 1500
2333.000 # 1500
2334.000 # 1500
2335.000 # 1500
2337.000 # 1500
2338.000 # 1500
2339.000 # 1500
2340.000 # 1500
2341.000 # 1500
2343.000 # 1500
2344.000 # 1500
2345.000 # 1500
2346.000 # 1500
2347.000 # 1500
2349.000 # 1500
2350.000 # 1500
2351.000 # 1500
2352.000 # 1500
2353.000 # 1500
2355.000 # 1500
2356.000 # 1500
2357.000 # 1500
2358.000 # 1500
2359.000 # 1500
2361.000 # 1500
2362.000 # 1500
2363.000 # 1500
2364.000 # 1500
2365.000 # 1500
2367.000 # 1500
2368.000 # 1500
2369.000 # 1500
2370.000 # 1500
2371.000 # 1500
2373.000 # 1500
2374.000 # 1500
2375.000 # 1500
2376.000 # 1500
2377.000 # 1500
2379.000 # 1500
2380.000 # 1500
2381.000 # 1500
2382.000 # 1500
2383.000 # 1500
2385.000 # 1500
2386.000 # 1500
2387.000 # 1500
2388.000 # 1500
2389.000 # 1500
2391.000 # 1500
2392.000 # 1500
2393.000 # 1500
2394.000 # 1500
2395.000 # 1500
2397.000 # 1500
2398.000 # 1500
2399.000 # 1500
2400.000 # 1500
2401.000 # 1500
2403.000 # 1500
2404.000 # 1500
2405.000 # 1500
2406.000 # 1500
2407.000 # 1500
2409.000 # 1500
2410.000 # 1500
2411.000 # 1500
2412.000 # 1500
2413.000 # 1500
2415.000 # 1500
2416.000 # 1500
2417.000 # 1500
2418.000 # 1500
2419.000 # 1500
2421.000 # 1500
2422.000 # 1500
2423.000 # 1500
2424.000 # 1500
2425.000 # 1500
2427.000 # 1500
2428.000 # 1500
2429.000 # 1500
2430.000 # 1500
2431.000 # 1500
2433.000 # 1500
2434.000 # 1500
2435.000 # 1500
2436.000 # 1500
2437.000 # 1500
2439.000 # 1500
2440.000 # 1500
2441.000 # 1500
2442.000 # 1500
2443.000 # 1500
2445.000 # 1500
2446.000 # 1500
2447.000 # 1500
2448.000 # 1500
2449.000 # 1500
2451.000 # 1500
2452.000 # 1500
2453.000 # 1500
2454.000 # 1500
2455.000 # 1500
2457.000 # 1500
2458.000 # 1500
2459.000 # 1500
2460.000 # 1500
2461.000 # 1500
2463.000 # 1500
2464.000 # 1500
2465.000 # 1500
2466.000 # 1500
2467.000 # 1500
2469.000 # 1500
2470.000 # 1500
2471.000 # 1500
2472.000 # 1500
2473.000 # 1500
2475.000 # 1500
2476.000 # 1500
2477.000 # 1500
2478.000 # 1500
2479.000 # 1500
2481.000 # 1500
2482.000 # 1500
2483.000 # 1500
2484.000 # 1500
2485.000 # 1500
2487.000 # 1500
2488.000 # 1500
2489.000 # 1500
2490.000 # 1500
2491.000 # 1500
2493.000 # 1500
2494.000 # 1500
2495.000 # 1500
2496.000 # 1500
2497.000 # 1500
2499.000 # 1500
2500.000 # 1500
2501.000 # 1500
2502.000 # 1500
2503.000 # 1500
2505.000 # 1500
2506.000 # 1500
2507.000 # 1500
2508.000 # 1500
2509.000 # 1500
2511.000 # 1500
2512.000 # 1500
2513.000 # 1500
2514.000 # 1500
2515.000 # 1500
2517.000 # 1500
2518.000 # 1500
2519.000 # 1500
2520.000 # 1500
2521.000 # 1500
2523.000 # 1500
2524.000 # 1500
2525.000 # 1500
2526.000 # 1500
2527.000 # 1500
2529.000 # 1500
2530.000 # 1500
2531.000 # 1500
2532.000 # 1500
2533.000 # 1500
2535.000 # 1500
2536.000 # 1500
2537.000 # 1500
2538.000 # 1500
2539.000 # 1500
2541.000 # 1500
2542.000 # 1500
2543.000 # 1500
2544.000 # 1500
2545.000 # 1500
2547.000 # 1500
2548.000 # 1500
2549.000 # 1500
2550.000 # 1500
2551.000 # 1500
2553.000 # 1500
2554.000 # 1500
2555.000 # 1500
2556.000 # 1500
2557.000 # 1500
2559.000 # 1500
2560.000 # 1500
2561.000 # 1500
2562.000 # 1500
2563.000 # 1500
2565.000 # 1500
2566.000 # 1500
2567.000 # 1500
2568.000 # 1500
2569.000 # 1500
2571.000 # 1500
2572.000 # 1500
2573.000 # 1500
2574.000 # 1500
2575.000 # 1500
2577.000 # 1500
2578.000 # 1500
2579.000 # 1500
2580.000 # 1500
2581.000 # 1500
2583.000 # 1500
2584.000 # 1500
2585.000 # 1500
2586.000 # 1500
2587.000 # 1500
2589.000 # 1500
2590.000 # 1500
2591.000 # 1500
2592.000 # 1500
2593.000 # 1500
2595.000 # 1500
2596.000 # 1500
2597.000 # 1500
2598.000 # 1500
2599.000 # 1500
2601.000 # 1500
2602.000 # 1500
2603.000 # 1500
2604.000 # 1500
2605.000 # 1500
2607.000 # 1500
2608.000 # 1500
2609.000 # 1500
2610.000 # 1500
2611.000 # 1500
2613.000 # 1500
2614.000 # 1500
2615.000 # 1500
2616.000 # 1500
2617.000 # 1500
2619.000 # 1500
2620.000 # 1500
2621.000 # 1500
2622.000 # 1500
2623.000 # 1500
2625.000 # 1500
2626.000 # 1500
2627.000 # 1500
2628.000 # 1500
2629.000 # 1500
2631.000 # 1500
2632.000 # 1500
2633.000 # 1500
2634.000 # 1500
2635.000 # 1500
2637.000 # 1500
2638.000 # 1500
2639.000 # 1500
2640.000 # 1500
2641.000 # 1500
2643.000 # 1500
2644.000 # 1500
2645.000 # 1500
2646.000 # 1500
2647.000 # 1500
2649.000 # 1500
2650.000 # 1500
2651.000 # 1500
2652.000 # 1500
2653.000 # 1500
2655.000 # 1500
2656.000 # 1500
2657.000 # 1500
2658.000 # 1500
2659.000 # 1500
2661.000 # 1500
2662.000 # 1500
2663.000 # 1500
2664.000 # 1500
2665.000 # 1500
2667.000 # 1500
2668.000 # 1500
2669.000 # 1500
2670.000 # 1500
2671.000 # 1500
2673.000 # 1500
2674.000 # 1500
2675.000 # 1500
2676.000 # 1500
2677.000 # 1500
2679.000 # 1500
2680.000 # 1500
2681.000 # 1500
2682.000 # 1500
2683.000 # 1500
2685.000 # 1500
2686.000 # 1500
2687.000 # 1500
2688.000 # 1500
2689.000 # 1500
2691.000 # 1500
2692.000 # 1500
2693.000 # 1500
2694.000 # 1500
2695.000 # 1500
2697.000 # 1500
2698.000 # 1500
2699.000 # 1500
2700.000 # 1500
2701.000 # 1500
2703.000 # 1500
2704.000 # 1500
2705.000 # 1500
2706.000 # 1500
2707.000 # 1500
2709.000 # 1500
2710.000 # 1500
2711.000 # 1500
2712.000 # 1500
2713.000 # 1500
2715.000 # 1500
2716.000 # 1500
2717.000 # 1500
2718.000 # 1500
2719.000 # 1500
2721.000 # 1500
2722.000 # 1500
2723.000 # 1500
2724.000 # 1500
2725.000 # 1500
2727.000 # 1500
2728.000 # 1500
2729.000 # 1500
2730.000 # 1500
2731.000 # 1500
2733.000 # 1500
2734.000 # 1500
2735.000 # 1500
2736.000 # 1500
2737.000 # 1500
2739.000 # 1500
2740.000 # 1500
2741.000 # 1500
2742.000 # 1500
2743.000 # 1500
2745.000 # 1500
2746.000 # 1500
2747.000 # 1500
2748.000 # 1500
2749.000 # 1500
2751.000 # 1500
2752.000 # 1500
2753.000 # 1500
2754.000 # 1500
2755.000 # 1500
2757.000 # 1500
2758.000 # 1500
2759.000 # 1500
2760.000 # 1500
2761.000 # 1500
2763.000 # 1500
2764.000 # 1500
2765.000 # 1500
2766.000 # 1500
2767.000 # 1500
2769.000 # 1500
2770.000 # 1500
2771.000 # 1500
2772.000 # 1500
2773.000 # 1500
2775.000 # 1500
2776.000 # 1500
2777.000 # 1500
2778.000 # 1500
2779.000 # 1500
2781.000 # 1500
2782.000 # 1500
2783.000 # 1500
2784.000 # 1500
2785.000 # 1500
2787.000 # 1500
2788.000 # 1500
2789.000 # 1500
2790.000 # 1500
2791.000 # 1500
2793.000 # 1500
2794.000 # 1500
2795.000 # 1500
2796.000 # 1500
2797.000 # 1500
2799.000 # 1500
2800.000 # 1500
2801.000 # 1500
2802.000 # 1500
2803.000 # 1500
2805.000 # 1500
2806.000 # 1500
2807.000 # 1500
2808.000 # 1500
2809.000 # 1500
2811.000 # 1500
2812.000 # 1500
2813.000 # 1500
2814.000 # 1500
2815.000 # 1500
2817.000 # 1500
2818.000 # 1500
2819.000 # 1500
2820.000 # 1500
2821.000 # 1500
2823.000 # 1500
2824.000 # 1500
2825.000 # 1500
2826.000 # 1500
2827.000 # 1500
2829.000 # 1500
2830.000 # 1500
2831.000 # 1500
2832.000 # 1500
2833.000 # 1500
2835.000 # 1500
2836.000 # 1500
2837.000 # 1500
2838.000 # 1500
2839.000 # 1500
2841.000 # 1500
2842.000 # 1500
2843.000 # 1500
2844.000 # 1500
2845.000 # 1500
2847.000 # 1500
2848.000 # 1500
2849.000 # 1500
2850.000 # 1500
2851.000 # 1500
2853.000 # 1500
2854.000 # 1500
2855.000 # 1500
2856.000 # 1500
2857.000 # 1500
2859.000 # 1500
2860.000 # 1500
2861.000 # 1500
2862.000 # 1500
2863.000 # 1500
2865.000 # 1500
2866.000 # 1500
2867.000 # 1500
2868.000 # 1500
2869.000 # 1500
2871.000 # 1500
2872.000 # 1500
2873.000 # 1500
2874.000 # 1500
2875.000 # 1500
2877.000 # 1500
2878.000 # 1500
2879.000 # 1500
2880.000 # 1500
2881.000 # 1500
2883.000 # 1500
2884.000 # 1500
2885.000 # 1500
2886.000 # 1500
2887.000 # 1500
2889.000 # 1500
2890.000 # 1500
2891.000 # 1500
2892.000 # 1500
2893.000 # 1500
2895.000 # 1500
2896.000 # 1500
2897.000 # 1500
2898.000 # 1500
2899.000 # 1500
2901.000 # 1500
2902.000 # 1500
2903.000 # 1500
2904.000 # 1500
2905.000 # 1500
2907.000 # 1500
2908.000 # 1500
2909.000 # 1500
2910.000 # 1500
2911.000 # 1500
2913.000 # 1500
2914.000 # 1500
2915.000 # 1500
2916.000 # 1500
2917.000 # 1500
2919.000 # 1500
2920.000 # 1500
2921.000 # 1500
2922.000 # 1500
2923.000 # 1500
2925.000 # 1500
2926.000 # 1500
2927.000 # 1500
2928.000 # 1500
2929.000 # 1500
2931.000 # 1500
2932.000 # 1500
2933.000 # 1500
2934.000 # 1500
2935.000 # 1500
2937.000 # 1500
2938.000 # 1500
2939.000 # 1500
2940.000 # 1500
2941.000 # 1500
2943.000 # 1500
2944.000 # 1500
2945.000 # 1500
2946.000 # 1500
2947.000 # 1500
2949.000 # 1500
2950.000 # 1500
2951.000 # 1500
2952.000 # 1500
2953.000 # 1500
2955.000 # 1500
2956.000 # 1500
2957.000 # 1500
2958.000 # 1500
2959.000 # 1500
2961.000 # 1500
2962.000 # 1500
2963.000 # 1500
2964.000 # 1500
2965.000 # 1500
2967.000 # 1500
2968.000 # 1500
2969.000 # 1500
2970.000 # 1500
2971.000 # 1500
2973.000 # 1500
2974.000 # 1500
2975.000 # 1500
2976.000 # 1500
2977.000 # 1500
2979.000 # 1500
2980.000 # 1500
2981.000 # 1500
2982.000 # 1500
2983.000 # 1500
2985.000 # 1500
2986.000 # 1500
2987.000 # 1500
2988.000 # 1500
2989.000 # 1500
2991.000 # 1500
2992.000 # 1500
2993.000 # 1500
2994.000 # 1500
2995.000 # 1500
2997.000 # 1500
2998.000 # 1500
2999.000 # 1500
3000.000 # 1500
3001.000 # 1500
3003.000 # 1500
3004.000 # 1500
3005.000 # 1500
3006.000 # 1500
3007.000 # 1500
3009.000 # 1500
3010.000 # 1500
3011.000 # 1500
3012.000 # 1500
3013.000 # 1500
3015.000 # 1500
3016.000 # 1500
3017.000 # 1500
3018.000 # 1500
3019.000 # 1500
3021.000 # 1500
3022.000 # 1500
3023.000 # 1500
3024.000 # 1500
3025.000 # 1500
3027.000 # 1500
3028.000 # 1500
3029.000 # 1500
3030.000 # 1500
3031.000 # 1500
3033.000 # 1500
3034.000 # 1500
3035.000 # 1500
3036.000 # 1500
3037.000 # 1500
3039.000 # 1500
3040.000 # 1500
3041.000 # 1500
3042.000 # 1500
3043.000 # 1500
3045.000 # 1500
3046.000 # 1500
3047.000 # 1500
3048.000 # 1500
3049.000 # 1500
3051.000 # 1500
3052.000 # 1500
3053.000 # 1500
3054.000 # 1500
3055.000 # 1500
3057.000 # 1500
3058.000 # 1500
3059.000 # 1500
3060.000 # 1500
3061.000 # 1500
3063.000 # 1500
3064.000 # 1500
3065.000 # 1500
3066.000 # 1500
3067.000 # 1500
3069.000 # 1500
3070.000 # 1500
3071.000 # 1500
3072.000 # 1500
3073.000 # 1500
3075.000 # 1500
3076.000 # 1500
3077.000 # 1500
3078.000 # 1500
3079.000 # 1500
3081.000 # 1500
3082.000 # 1500
3083.000 # 1500
3084.000 # 1500
3085.000 # 1500
3087.000 # 1500
3088.000 # 1500
3089.000 # 1500
3090.000 # 1500
3091.000 # 1500
3093.000 # 1500
3094.000 # 1500
3095.000 # 1500
3096.000 # 1500
3097.000 # 1500
3099.000 # 1500
3100.000 # 1500
3101.000 # 1500
3102.000 # 1500
3103.000 # 1500
3105.000 # 1500
3106.000 # 1500
3107.000 # 1500
3108.000 # 1500
3109.000 # 1500
3111.000 # 1500
3112.000 # 1500
3113.000 # 1500
3114.000 # 1500
3115.000 # 1500
3117.000 # 1500
3118.000 # 1500
3119.000 # 1500
3120.000 # 1500
3121.000 # 1500
3123.000 # 1500
3124.000 # 1500
3125.000 # 1500
3126.000 # 1500
3127.000 # 1500
3129.000 # 1500
3130.000 # 1500
3131.000 # 1500
3132.000 # 1500
3133.000 # 1500
3135.000 # 1500
3136.000 # 1500
3137.000 # 1500
3138.000 # 1500
3139.000 # 1500
3141.000 # 1500
3142.000 # 1500
3143.000 # 1500
3144.000 # 1500
3145.000 # 1500
3147.000 # 1500
3148.000 # 1500
3149.000 # 1500
3150.000 # 1500
3151.000 # 1500
3153.000 # 1500
3154.000 # 1500
3155.000 # 1500
3156.000 # 1500
3157.000 # 1500
3159.000 # 1500
3160.000 # 1500
3161.000 # 1500
3162.000 # 1500
3163.000 # 1500
3165.000 # 1500
3166.000 # 1500
3167.000 # 1500
3168.000 # 1500
3169.000 # 1500
3171.000 # 1500
3172.000 # 1500
3173.000 # 1500
3174.000 # 1500
3175.000 # 1500
3177.000 # 1500
3178.000 # 1500
3179.000 # 1500
3180.000 # 1500
3181.000 # 1500
3183.000 # 1500
3184.000 # 1500
3185.000 # 1500
3186.000 # 1500
3187.000 # 1500
3189.000 # 1500
3190.000 # 1500
3191.000 # 1500
3192.000 # 1500
3193.000 # 1500
3195.000 # 1500
3196.000 # 1500
3197.000 # 1500
3198.000 # 1500
3199.000 # 1500
3201.000 # 1500
3202.000 # 1500
3203.000 # 1500
3204.000 # 1500
3205.000 # 1500
3207.000 # 1500
3208.000 # 1500
3209.000 # 1500
3210.000 # 1500
3211.000 # 1500
3213.000 # 1500
3214.000 # 1500
3215.000 # 1500
3216.000 # 1500
3217.000 # 1500
3219.000 # 1500
3220.000 # 1500
3221.000 # 1500
3222.000 # 1500
3223.000 # 1500
3225.000 # 1500
3226.000 # 1500
3227.000 # 1500
3228.000 # 1500
3229.000 # 1500
3231.000 # 1500
3232.000 # 1500
3233.000 # 1500
3234.000 # 1500
3235.000 # 1500
3237.000 # 1500
3238.000 # 1500
3239.000 # 1500
3240.000 # 1500
3241.000 # 1500
3243.000 # 1500
3244.000 # 1500
3245.000 # 1500
3246.000 # 1500
3247.000 # 1500
3249.000 # 1500
3250.000 # 1500
3251.000 # 1500
3252.000 # 1500
3253.000 # 1500
3255.000 # 1500
3256.000 # 1500
3257.000 # 1500
3258.000 # 1500
3259.000 # 1500
3261.000 # 1500
3262.000 # 1500
3263.000 # 1500
3264.000 # 1500
3265.000 # 1500
3267.000 # 1500
3268.000 # 1500
3269.000 # 1500
3270.000 # 1500
3271.000 # 1500
3273.000 # 1500
3274.000 # 1500
3275.000 # 1500
3276.000 # 1500
3277.000 # 1500
3279.000 # 1500
3280.000 # 1500
3281.000 # 1500
3282.000 # 1500
3283.000 # 1500
3285.000 # 1500
3286.000 # 1500
3287.000 # 1500
3288.000 # 1500
3289.000 # 1500
3291.000 # 1500
3292.000 # 1500
3293.000 # 1500
3294.000 # 1500
3295.000 # 1500
3297.000 # 1500
3298.000 # 1500
3299.000 # 1500
3300.000 # 1500
3301.000 # 1500
3303.000 # 1500
3304.000 # 1500
3305.000 # 1500
3306.000 # 1500
3307.000 # 1500
3309.000 # 1500
3310.000 # 1500
3311.000 # 1500
3312.000 # 1500
3313.000 # 1500
3315.000 # 1500
3316.000 # 1500
3317.000 # 1500
3318.000 # 1500
3319.000 # 1500
3321.000 # 1500
3322.000 # 1500
3323.000 # 1500
3324.000 # 1500
3325.000 # 1500
3327.000 # 1500
3328.000 # 1500
3329.000 # 1500
3330.000 # 1500
3331.000 # 1500
3333.000 # 1500
3334.000 # 1500
3335.000 # 1500
3336.000 # 1500
3337.000 # 1500
3339.000 # 1500
3340.000 # 1500
3341.000 # 1500
3342.000 # 1500
3343.000 # 1500
3345.000 # 1500
3346.000 # 1500
3347.000 # 1500
3348.000 # 1500
3349.000 # 1500
3351.000 # 1500
3352.000 # 1500
3353.000 # 1500
3354.000 # 1500
3355.000 # 1500
3357.000 # 1500
3358.000 # 1500
3359.000 # 1500
3360.000 # 1500
3361.000 # 1500
3363.000 # 1500
3364.000 # 1500
3365.000 # 1500
3366.000 # 1500
3367.000 # 1500
3369.000 # 1500
3370.000 # 1500
3371.000 # 1500
3372.000 # 1500
3373.000 # 1500
3375.000 # 1500
3376.000 # 1500
3377.000 # 1500
3378.000 # 1500
3379.000 # 1500
3381.000 # 1500
3382.000 # 1500
3383.000 # 1500
3384.000 # 1500
3385.000 # 1500
3387.000 # 1500
3388.000 # 1500
3389.000 # 1500
3390.000 # 1500
3391.000 # 1500
3393.000 # 1500
3394.000 # 1500
3395.000 # 1500
3396.000 # 1500
3397.000 # 1500
3399.000 # 1500
3400.000 # 1500
3401.000 # 1500
3402.000 # 1500
3403.000 # 1500
3405.000 # 1500
3406.000 # 1500
3407.000 # 1500
3408.000 # 1500
3409.000 # 1500
3411.000 # 1500
3412.000 # 1500
3413.000 # 1500
3414.000 # 1500
3415.000 # 1500
3417.000 # 1500
3418.000 # 1500
3419.000 # 1500
3420.000 # 1500
3421.000 # 1500
3423.000 # 1500
3424.000 # 1500
3425.000 # 1500
3426.000 # 1500
3427.000 # 1500
3429.000 # 1500
3430.000 # 1500
3431.000 # 1500
3432.000 # 1500
3433.000 # 1500
3435.000 # 1500
3436.000 # 1500
3437.000 # 1500
3438.000 # 1500
3439.000 # 1500
3441.000 # 1500
3442.000 # 1500
3443.000 # 1500
3444.000 # 1500
3445.000 # 1500
3447.000 # 1500
3448.000 # 1500
3449.000 # 1500
3450.000 # 1500
3451.000 # 1500
3453.000 # 1500
3454.000 # 1500
3455.000 # 1500
3456.000 # 1500
3457.000 # 1500
3459.000 # 1500
3460.000 # 1500
3461.000 # 1500
3462.000 # 1500
3463.000 # 1500
3465.000 # 1500
3466.000 # 1500
3467.000 # 1500
3468.000 # 1500
3469.000 # 1500
3471.000 # 1500
3472.000 # 1500
3473.000 # 1500
3474.000 # 1500
3475.000 # 1500
3477.000 # 1500
3478.000 # 1500
3479.000 # 1500
3480.000 # 1500
3481.000 # 1500
3483.000 # 1500
3484.000 # 1500
3485.000 # 1500
3486.000 # 1500
3487.000 # 1500
3489.000 # 1500
3490.000 # 1500
3491.000 # 1500
3492.000 # 1500
3493.000 # 1500
3495.000 # 1500
3496.000 # 1500
3497.000 # 1500
3498.000 # 1500
3499.000 # 1500
3501.000 # 1500
3502.000 # 1500
3503.000 # 1500
3504.000 # 1500
3505.000 # 1500
3507.000 # 1500
3508.000 # 1500
3509.000 # 1500
3510.000 # 1500
3511.000 # 1500
3513.000 # 1500
3514.000 # 1500
3515.000 # 1500
3516.000 # 1500
3517.000 # 1500
3519.000 # 1500
3520.000 # 1500
3521.000 # 1500
3522.000 # 1500
3523.000 # 1500
3525.000 # 1500
3526.000 # 1500
3527.000 # 1500
3528.000 # 1500
3529.000 # 1500
3531.000 # 1500
3532.000 # 1500
3533.000 # 1500
3534.000 # 1500
3535.000 # 1500
3537.000 # 1500
3538.000 # 1500
3539.000 # 1500
3540.000 # 1500
3541.000 # 1500
3543.000 # 1500
3544.000 # 1500
3545.000 # 1500
3546.000 # 1500
3547.000 # 1500
3549.000 # 1500
3550.000 # 1500
3551.000 # 1500
3552.000 # 1500
3553.000 # 1500
3555.000 # 1500
3556.000 # 1500
3557.000 # 1500
3558.000 # 1500
3559.000 # 1500
3561.000 # 1500
3562.000 # 1500
3563.000 # 1500
3564.000 # 1500
3565.000 # 1500
3567.000 # 1500
3568.000 # 1500
3568.282 + 128 1
3569.000 # 1500
3570.000 # 1500
3571.000 # 1500
3573.000 # 1500
3574.000 # 1500
3575.000 # 1500
3576.000 # 1500
3577.000 # 1500
3579.000 # 1500
3580.000 # 1500
3581.000 # 1500
3582.000 # 1500
3583.000 # 1500
3585.000 # 1500
3586.000 # 1500
3587.000 # 1500
3588.000 # 1500
3589.000 # 1500
3591.000 # 1500
3592.000 # 1500
3593.000 # 1500
3594.000 # 1500
3595.000 # 1500
3597.000 # 1500
3598.000 # 1500
3599.000 # 1500
3600.000 # 1500
3601.000 # 1500
3603.000 # 1500
3604.000 # 1500
3605.000 # 1500
3606.000 # 1500
3607.000 # 1500
3609.000 # 1500
3610.000 # 1500
3611.000 # 1500
3612.000 # 1500
3613.000 # 1500
3615.000 # 1500
3616.000 # 1500
3617.000 # 1500
3618.000 # 1500
3619.000 # 1500
3619.842 - 128 51.560 1
3621.000 # 1500
3622.000 # 1500
3623.000 # 1500
3624.000 # 1500
3625.000 # 1500
3627.000 # 1500
3628.000 # 1500
3629.000 # 1500
3630.000 # 1500
3631.000 # 1500
3633.000 # 1500
3634.000 # 1500
3635.000 # 1500
3636.000 # 1500
3637.000 # 1500
3639.000 # 1500
3640.000 # 1500
3641.000 # 1500
3642.000 # 1500
3643.000 # 1500
3645.000 # 1500
3646.000 # 1500
3647.000 # 1500
3648.000 # 1500
3649.000 # 1500
3651.000 # 1500
3652.000 # 1500
3653.000 # 1500
3654.000 # 1500
3655.000 # 1500
3657.000 # 1500
3658.000 # 1500
3659.000 # 1500
3660.000 # 1500
3661.000 # 1500
3663.000 # 1500
3664.000 # 1500
3665.000 # 1500
3666.000 # 1500
3667.000 # 1500
3669.000 # 1500
3670.000 # 1500
3671.000 # 1500
3672.000 # 1500
3673.000 # 1500
3675.000 # 1500
3675.403 + 128 1
3676.000 # 1500
3677.000 # 1500
3678.000 # 1500
3679.000 # 1500
3681.000 # 1500
3682.000 # 1500
3683.000 # 1500
3684.000 # 1500
3685.000 # 1500
3687.000 # 1500
3688.000 # 1500
3689.000 # 1500
3690.000 # 1500
3690.379 + 104 1
3691.000 # 1500
3693.000 # 1500
3694.000 # 1500
3695.000 # 1500
3696.000 # 1500
3697.000 # 1500
3699.000 # 1500
3700.000 # 1500
3701.000 # 1500
3702.000 # 1500
3703.000 # 1500
3705.000 # 1500
3706.000 # 1500
3707.000 # 1500
3708.000 # 1500
3709.000 # 1500
3711.000 # 1500
3712.000 # 1500
3713.000 # 1500
3714.000 # 1500
3715.000 # 1500
3717.000 # 1500
3718.000 # 1500
3719.000 # 1500
3720.000 # 1500
3721.000 # 1500
3723.000 # 1500
3724.000 # 1500
3725.000 # 1500
3726.000 # 1500
3726.823 - 128 51.420 1
3727.000 # 1500
3729.000 # 1500
3730.000 # 1500
3731.000 # 1500
3732.000 # 1500
3733.000 # 1500
3735.000 # 1500
3736.000 # 1500
3737.000 # 1500
3738.000 # 1500
3739.000 # 1500
3741.000 # 1500
3741.953 - 104 51.574 1
3742.000 # 1500
3743.000 # 1500
3744.000 # 1500
3745.000 # 1500
3747.000 # 1500
3748.000 # 1500
3749.000 # 1500
3750.000 # 1500
3751.000 # 1500
3753.000 # 1500
3754.000 # 1500
3755.000 # 1500
3756.000 # 1500
3757.000 # 1500
3759.000 # 1500
3760.000 # 1500
3761.000 # 1500
3762.000 # 1500
3763.000 # 1500
3765.000 # 1500
3766.000 # 1500
3767.000 # 1500
3768.000 # 1500
3769.000 # 1500
3771.000 # 1500
3772.000 # 1500
3773.000 # 1500
3774.000 # 1500
3775.000 # 1500
3777.000 # 1500
3778.000 # 1500
3779.000 # 1500
3780.000 # 1500
3781.000 # 1500
3782.823 + 104 1
3783.000 # 1500
3784.000 # 1500
3785.000 # 1500
3786.000 # 1500
3787.000 # 1500
3789.000 # 1500
3790.000 # 1500
3791.000 # 1500
3792.000 # 1500
3793.000 # 1500
3793.414 + 104 1
3795.000 # 1500
3796.000 # 1500
3797.000 # 1500
3798.000 # 1500
3799.000 # 1500
3801.000 # 1500
3802.000 # 1500
3803.000 # 1500
3804.000 # 1500
3805.000 # 1500
3807.000 # 1500
3807.183 + 104 1
3808.000 # 1500
3809.000 # 1500
3810.000 # 1500
3811.000 # 1500
3813.000 # 1500
3814.000 # 1500
3815.000 # 1500
3816.000 # 1500
3817.000 # 1500
3817.994 + 104 1
3819.000 # 1500
3820.000 # 1500
3821.000 # 1500
3822.000 # 1500
3823.000 # 1500
3825.000 # 1500
3826.000 # 1500
3827.000 # 1500
3828.000 # 1500
3829.000 # 1500
3829.667 + 104 1
3831.000 # 1500
3832.000 # 1500
3833.000 # 1500
3834.000 # 1500
3834.079 - 104 51.256 1
3835.000 # 1500
3837.000 # 1500
3838.000 # 1500
3839.000 # 1500
3840.000 # 1500
3841.000 # 1500
3841.474 + 104 1
3843.000 # 1500
3844.000 # 1500
3844.827 - 104 51.413 1
3845.000 # 1500
3846.000 # 1500
3847.000 # 1500
3849.000 # 1500
3850.000 # 1500
3851.000 # 1500
3852.000 # 1500
3853.000 # 1500
3853.119 + 104 1
3855.000 # 1500
3856.000 # 1500
3857.000 # 1500
3858.000 # 1500
3858.546 - 104 51.363 1
3859.000 # 1500
3861.000 # 1500
3862.000 # 1500
3863.000 # 1500
3864.000 # 1500
3864.889 + 104 1
3865.000 # 1500
3867.000 # 1500
3868.000 # 1500
3869.000 # 1500
3870.000 # 1500
3870.313 - 104 52.319 1
3871.000 # 1500
3873.000 # 1500
3874.000 # 1500
3875.000 # 1500
3876.000 # 1500
3876.372 + 104 1
3877.000 # 1500
3879.000 # 1500
3880.000 # 1500
3880.727 - 104 51.060 1
3881.000 # 1500
3882.000 # 1500
3883.000 # 1500
3885.000 # 1500
3886.000 # 1500
3887.000 # 1500
3888.000 # 1500
3889.000 # 1500
3889.168 + 104 1
3891.000 # 1500
3892.000 # 1500
3892.526 - 104 51.052 1
3893.000 # 1500
3893.911 + 160 1
3894.000 # 1500
3895.000 # 1500
3897.000 # 1500
3898.000 # 1500
3899.000 # 1500
3899.810 + 104 1
3900.000 # 1500
3901.000 # 1500
3903.000 # 1500
3904.000 # 1500
3905.000 # 1500
3905.098 - 104 51.979 1
3906.000 # 1500
3907.000 # 1500
3909.000 # 1500
3910.000 # 1500
3911.000 # 1500
3911.508 + 104 1
3912.000 # 1500
3913.000 # 1500
3915.000 # 1500
3915.829 - 104 50.940 1
3916.000 # 1500
3917.000 # 1500
3918.000 # 1500
3919.000 # 1500
3921.000 # 1500
3922.000 # 1500
3923.000 # 1500
3923.291 + 104 1
3924.000 # 1500
3925.000 # 1500
3927.000 # 1500
3927.610 - 104 51.238 1
3928.000 # 1500
3929.000 # 1500
3930.000 # 1500
3931.000 # 1500
3933.000 # 1500
3934.000 # 1500
3935.000 # 1500
3936.000 # 1500
3936.045 + 104 1
3937.000 # 1500
3939.000 # 1500
3940.000 # 1500
3940.403 - 104 51.235 1
3941.000 # 1500
3942.000 # 1500
3943.000 # 1500
3945.000 # 1500
3945.556 - 160 51.645 1
3946.000 # 1500
3947.000 # 1500
3947.848 + 104 1
3948.000 # 1500
3949.000 # 1500
3951.000 # 1500
3951.449 - 104 51.639 1
3952.000 # 1500
3953.000 # 1500
3954.000 # 1500
3955.000 # 1500
3957.000 # 1500
3958.000 # 1500
3959.000 # 1500
3959.508 + 104 1
3960.000 # 1500
3961.000 # 1500
3963.000 # 1500
3963.817 - 104 52.309 1
3964.000 # 1500
3965.000 # 1500
3966.000 # 1500
3967.000 # 1500
3967.265 + 160 1
3969.000 # 1500
3970.000 # 1500
3970.193 + 104 1
3971.000 # 1500
3972.000 # 1500
3973.000 # 1500
3975.000 # 1500
3975.564 - 104 52.273 1
3976.000 # 1500
3977.000 # 1500
3978.000 # 1500
3979.000 # 1500
3981.000 # 1500
3981.123 + 104 1
3982.000 # 1500
3983.000 # 1500
3984.000 # 1500
3985.000 # 1500
3987.000 # 1500
3987.640 - 104 51.595 1
3988.000 # 1500
3989.000 # 1500
3990.000 # 1500
3991.000 # 1500
3991.954 + 104 1
3993.000 # 1500
3994.000 # 1500
3995.000 # 1500
3996.000 # 1500
3997.000 # 1500
3999.000 # 1500
3999.549 - 104 51.701 1
4000.000 # 1500
4001.000 # 1500
4002.000 # 1500
4002.416 + 104 1
4003.000 # 1500
4005.000 # 1500
4006.000 # 1500
4007.000 # 1500
4008.000 # 1500
4009.000 # 1500
4011.000 # 1500
4011.730 - 104 52.222 1
4012.000 # 1500
4013.000 # 1500
4014.000 # 1500
4014.124 + 104 1
4015.000 # 1500
4017.000 # 1500
4018.000 # 1500
4018.404 - 160 51.139 1
4019.000 # 1500
4020.000 # 1500
4021.000 # 1500
4021.637 - 104 51.444 1
4023.000 # 1500
4024.000 # 1500
4025.000 # 1500
4025.640 + 160 1
4025.676 + 104 1
4026.000 # 1500
4027.000 # 1500
4029.000 # 1500
4030.000 # 1500
4031.000 # 1500
4032.000 # 1500
4033.000 # 1500
4033.012 - 104 51.889 1
4035.000 # 1500
4036.000 # 1500
4037.000 # 1500
4037.404 + 104 1
4038.000 # 1500
4039.000 # 1500
4041.000 # 1500
4042.000 # 1500
4042.831 - 104 50.877 1
4043.000 # 1500
4044.000 # 1500
4045.000 # 1500
4047.000 # 1500
4048.000 # 1500
4049.000 # 1500
4049.272 + 104 1
4050.000 # 1500
4051.000 # 1500
4053.000 # 1500
4053.579 - 104 51.163 1
4054.000 # 1500
4055.000 # 1500
4056.000 # 1500
4057.000 # 1500
4059.000 # 1500
4059.213 + 96 1
4060.000 # 1500
4061.000 # 1500
4062.000 # 1500
4063.000 # 1500
4065.000 # 1500
4065.593 - 104 51.469 1
4066.000 # 1500
4067.000 # 1500
4068.000 # 1500
4069.000 # 1500
4069.466 + 104 1
4071.000 # 1500
4072.000 # 1500
4073.000 # 1500
4074.000 # 1500
4075.000 # 1500
4077.000 # 1500
4077.847 - 160 52.207 1
4077.911 - 104 52.235 1
4078.000 # 1500
4079.000 # 1500
4080.000 # 1500
4080.556 + 160 1
4080.639 + 104 1
4081.000 # 1500
4083.000 # 1500
4084.000 # 1500
4085.000 # 1500
4086.000 # 1500
4087.000 # 1500
4089.000 # 1500
4089.971 - 104 52.567 1
4090.000 # 1500
4091.000 # 1500
4091.656 + 104 1
4092.000 # 1500
4093.000 # 1500
4095.000 # 1500
4096.000 # 1500
4097.000 # 1500
4098.000 # 1500
4099.000 # 1500
4101.000 # 1500
4101.992 - 104 52.720 1
4102.000 # 1500
4102.498 + 104 1
4103.000 # 1500
4104.000 # 1500
4105.000 # 1500
4107.000 # 1500
4107.589 + 160 1
4108.000 # 1500
4109.000 # 1500
4110.000 # 1500
4110.914 - 96 51.701 1
4111.000 # 1500
4112.963 + 104 1
4113.000 # 1500
4114.000 # 1500
4115.000 # 1500
4116.000 # 1500
4117.000 # 1500
4119.000 # 1500
4120.000 # 1500
4120.368 - 104 50.902 1
4121.000 # 1500
4122.000 # 1500
4123.000 # 1500
4125.000 # 1500
4125.239 + 104 1
4126.000 # 1500
4127.000 # 1500
4128.000 # 1500
4129.000 # 1500
4131.000 # 1500
4131.586 - 160 51.030 1
4131.628 - 104 50.989 1
4132.000 # 1500
4133.000 # 1500
4134.000 # 1500
4135.000 # 1500
4135.456 + 104 1
4137.000 # 1500
4137.606 + 160 1
4138.000 # 1500
4139.000 # 1500
4140.000 # 1500
4141.000 # 1500
4143.000 # 1500
4143.930 - 104 52.274 1
4144.000 # 1500
4145.000 # 1500
4146.000 # 1500
4146.401 + 104 1
4147.000 # 1500
4149.000 # 1500
4150.000 # 1500
4151.000 # 1500
4152.000 # 1500
4153.000 # 1500
4153.752 - 104 51.254 1
4155.000 # 1500
4156.000 # 1500
4157.000 # 1500
4157.431 + 104 1
4158.000 # 1500
4158.701 - 160 51.112 1
4159.000 # 1500
4161.000 # 1500
4162.000 # 1500
4163.000 # 1500
4164.000 # 1500
4164.746 - 104 51.783 1
4165.000 # 1500
4167.000 # 1500
4168.000 # 1500
4168.438 + 160 1
4168.490 + 104 1
4169.000 # 1500
4169.486 + 96 1
4170.000 # 1500
4171.000 # 1500
4173.000 # 1500
4174.000 # 1500
4175.000 # 1500
4176.000 # 1500
4176.776 - 104 51.537 1
4177.000 # 1500
4179.000 # 1500
4180.000 # 1500
4181.000 # 1500
4181.204 + 104 1
4182.000 # 1500
4183.000 # 1500
4185.000 # 1500
4186.000 # 1500
4186.546 - 104 51.090 1
4187.000 # 1500
4188.000 # 1500
4188.609 - 160 51.003 1
4189.000 # 1500
4191.000 # 1500
4191.760 + 104 1
4192.000 # 1500
4193.000 # 1500
4194.000 # 1500
4195.000 # 1500
4196.633 + 160 1
4197.000 # 1500
4197.872 - 104 51.471 1
4198.000 # 1500
4199.000 # 1500
4200.000 # 1500
4201.000 # 1500
4203.000 # 1500
4203.654 + 104 1
4204.000 # 1500
4205.000 # 1500
4206.000 # 1500
4207.000 # 1500
4209.000 # 1500
4210.000 # 1500
4210.020 - 104 52.589 1
4211.000 # 1500
4212.000 # 1500
4213.000 # 1500
4215.000 # 1500
4215.370 + 104 1
4216.000 # 1500
4217.000 # 1500
4218.000 # 1500
4219.000 # 1500
4219.701 - 160 51.263 1
4219.736 - 104 51.246 1
4221.000 # 1500
4221.795 - 96 52.309 1
4222.000 # 1500
4223.000 # 1500
4224.000 # 1500
4225.000 # 1500
4225.584 + 160 1
4225.639 + 104 1
4227.000 # 1500
4228.000 # 1500
4229.000 # 1500
4230.000 # 1500
4231.000 # 1500
4233.000 # 1500
4233.912 - 104 52.708 1
4234.000 # 1500
4235.000 # 1500
4236.000 # 1500
4236.633 + 104 1
4237.000 # 1500
4239.000 # 1500
4240.000 # 1500
4241.000 # 1500
4242.000 # 1500
4242.982 - 104 51.222 1
4243.000 # 1500
4245.000 # 1500
4246.000 # 1500
4247.000 # 1500
4247.626 + 104 1
4248.000 # 1500
4248.065 - 160 51.432 1
4249.000 # 1500
4251.000 # 1500
4251.202 + 160 1
4252.000 # 1500
4253.000 # 1500
4254.000 # 1500
4254.503 - 104 50.849 1
4255.000 # 1500
4257.000 # 1500
4257.863 + 104 1
4258.000 # 1500
4259.000 # 1500
4260.000 # 1500
4261.000 # 1500
4263.000 # 1500
4264.000 # 1500
4265.000 # 1500
4266.000 # 1500
4266.628 + 96 1
4267.000 # 1500
4267.167 - 104 51.797 1
4269.000 # 1500
4270.000 # 1500
4271.000 # 1500
4272.000 # 1500
4273.000 # 1500
4274.383 + 160 1
4275.000 # 1500
4276.000 # 1500
4276.760 - 160 51.176 1
4276.795 - 104 51.156 1
4277.000 # 1500
4277.275 + 104 1
4278.000 # 1500
4279.000 # 1500
4281.000 # 1500
4282.000 # 1500
4283.000 # 1500
4284.000 # 1500
4285.000 # 1500
4287.000 # 1500
4287.608 - 104 50.975 1
4287.875 + 104 1
4288.000 # 1500
4289.000 # 1500
4290.000 # 1500
4291.000 # 1500
4293.000 # 1500
4294.000 # 1500
4295.000 # 1500
4296.000 # 1500
4297.000 # 1500
4298.669 + 160 1
4298.742 + 104 1
4299.000 # 1500
4299.208 - 104 51.582 1
4300.000 # 1500
4301.000 # 1500
4302.000 # 1500
4303.000 # 1500
4303.091 - 160 51.889 1
4305.000 # 1500
4306.000 # 1500
4307.000 # 1500
4308.000 # 1500
4309.000 # 1500
4309.189 - 104 51.326 1
4309.539 + 104 1
4311.000 # 1500
4312.000 # 1500
4313.000 # 1500
4314.000 # 1500
4315.000 # 1500
4317.000 # 1500
4317.832 - 96 51.204 1
4318.000 # 1500
4319.000 # 1500
4320.000 # 1500
4320.553 + 104 1
4321.000 # 1500
4322.818 + 160 1
4323.000 # 1500
4324.000 # 1500
4325.000 # 1500
4326.000 # 1500
4326.215 - 160 51.832 1
4327.000 # 1500
4329.000 # 1500
4329.247 - 104 51.972 1
4330.000 # 1500
4331.000 # 1500
4331.551 + 104 1
4332.000 # 1500
4333.000 # 1500
4335.000 # 1500
4336.000 # 1500
4337.000 # 1500
4338.000 # 1500
4338.847 - 104 50.972 1
4339.000 # 1500
4341.000 # 1500
4342.000 # 1500
4343.000 # 1500
4343.285 + 104 1
4344.000 # 1500
4345.000 # 1500
4346.906 + 160 1
4347.000 # 1500
4348.000 # 1500
4349.000 # 1500
4350.000 # 1500
4350.227 - 160 51.558 1
4350.273 - 104 51.531 1
4351.000 # 1500
4351.282 + 96 1
4353.000 # 1500
4354.000 # 1500
4355.000 # 1500
4356.000 # 1500
4357.000 # 1500
4359.000 # 1500
4360.000 # 1500
4360.552 - 104 51.013 1
4361.000 # 1500
4362.000 # 1500
4362.303 + 104 1
4363.000 # 1500
4365.000 # 1500
4366.000 # 1500
4367.000 # 1500
4368.000 # 1500
4369.000 # 1500
4370.376 + 160 1
4371.000 # 1500
4371.579 - 104 51.026 1
4372.000 # 1500
4373.000 # 1500
4373.313 + 104 1
4373.692 - 160 50.874 1
4374.000 # 1500
4375.000 # 1500
4377.000 # 1500
4378.000 # 1500
4379.000 # 1500
4380.000 # 1500
4381.000 # 1500
4383.000 # 1500
4383.563 + 104 1
4383.590 - 104 52.039 1
4384.000 # 1500
4385.000 # 1500
4386.000 # 1500
4387.000 # 1500
4389.000 # 1500
4390.000 # 1500
4391.000 # 1500
4392.000 # 1500
4393.000 # 1500
4394.669 + 160 1
4394.722 + 104 1
4395.000 # 1500
4395.860 - 104 52.575 1
4396.000 # 1500
4397.000 # 1500
4398.000 # 1500
4398.018 - 160 51.112 1
4399.000 # 1500
4401.000 # 1500
4402.000 # 1500
4403.000 # 1500
4403.099 - 96 51.817 1
4404.000 # 1500
4405.000 # 1500
4405.259 + 104 1
4407.000 # 1500
4408.000 # 1500
4409.000 # 1500
4410.000 # 1500
4411.000 # 1500
4413.000 # 1500
4413.543 - 104 51.240 1
4414.000 # 1500
4415.000 # 1500
4415.500 + 104 1
4416.000 # 1500
4417.000 # 1500
4418.457 + 160 1
4419.000 # 1500
4420.000 # 1500
4421.000 # 1500
4421.721 - 160 51.345 1
4422.000 # 1500
4423.000 # 1500
4425.000 # 1500
4425.812 - 104 52.499 1
4426.000 # 1500
4427.000 # 1500
4427.325 + 104 1
4428.000 # 1500
4429.000 # 1500
4431.000 # 1500
4432.000 # 1500
4433.000 # 1500
4434.000 # 1500
4434.593 - 104 51.030 1
4435.000 # 1500
4436.466 + 96 1
4437.000 # 1500
4438.000 # 1500
4439.000 # 1500
4440.000 # 1500
4441.000 # 1500
4442.347 + 160 1
4443.000 # 1500
4444.000 # 1500
4445.000 # 1500
4445.622 - 160 50.953 1
4445.653 - 104 50.931 1
4446.000 # 1500
4447.000 # 1500
4447.452 + 104 1
4449.000 # 1500
4450.000 # 1500
4451.000 # 1500
4452.000 # 1500
4453.000 # 1500
4455.000 # 1500
4456.000 # 1500
4456.762 - 104 51.503 1
4457.000 # 1500
4458.000 # 1500
4458.484 + 104 1
4459.000 # 1500
4461.000 # 1500
4462.000 # 1500
4463.000 # 1500
4464.000 # 1500
4465.000 # 1500
4466.495 + 160 1
4467.000 # 1500
4467.900 - 104 52.400 1
4468.000 # 1500
4469.000 # 1500
4469.318 + 104 1
4469.784 - 160 51.327 1
4470.000 # 1500
4471.000 # 1500
4473.000 # 1500
4474.000 # 1500
4475.000 # 1500
4476.000 # 1500
4477.000 # 1500
4479.000 # 1500
4479.341 + 104 1
4479.562 - 104 52.237 1
4480.000 # 1500
4481.000 # 1500
4482.000 # 1500
4483.000 # 1500
4485.000 # 1500
4486.000 # 1500
4487.000 # 1500
4487.630 - 96 51.164 1
4488.000 # 1500
4489.000 # 1500
4490.357 + 160 1
4490.409 + 104 1
4491.000 # 1500
4492.000 # 1500
4493.000 # 1500
4493.673 - 160 51.326 1
4494.000 # 1500
4495.000 # 1500
4497.000 # 1500
4498.000 # 1500
4498.787 - 104 51.335 1
4499.000 # 1500
4500.000 # 1500
4501.000 # 1500
4501.352 + 104 1
4503.000 # 1500
4504.000 # 1500
4505.000 # 1500
4506.000 # 1500
4507.000 # 1500
4509.000 # 1500
4509.623 - 104 51.139 1
4510.000 # 1500
4511.000 # 1500
4512.000 # 1500
4512.356 + 104 1
4513.000 # 1500
4514.404 + 160 1
4515.000 # 1500
4516.000 # 1500
4517.000 # 1500
4517.704 - 160 51.209 1
4518.000 # 1500
4519.000 # 1500
4520.555 + 96 1
4521.000 # 1500
4521.807 - 104 52.489 1
4522.000 # 1500
4523.000 # 1500
4524.000 # 1500
4525.000 # 1500
4527.000 # 1500
4528.000 # 1500
4529.000 # 1500
4530.000 # 1500
4530.845 - 104 51.504 1
4531.000 # 1500
4531.339 + 104 1
4533.000 # 1500
4534.000 # 1500
4535.000 # 1500
4536.000 # 1500
4537.000 # 1500
4537.389 + 160 1
4539.000 # 1500
4540.000 # 1500
4541.000 # 1500
4541.706 - 160 51.349 1
4541.753 - 104 51.344 1
4542.000 # 1500
4542.356 + 104 1
4543.000 # 1500
4545.000 # 1500
4546.000 # 1500
4547.000 # 1500
4548.000 # 1500
4549.000 # 1500
4551.000 # 1500
4552.000 # 1500
4552.639 - 104 51.287 1
4553.000 # 1500
4553.398 + 104 1
4554.000 # 1500
4555.000 # 1500
4557.000 # 1500
4558.000 # 1500
4559.000 # 1500
4560.000 # 1500
4561.000 # 1500
4561.308 + 160 1
4563.000 # 1500
4563.606 - 104 51.250 1
4564.000 # 1500
4565.000 # 1500
4565.409 + 104 1
4565.761 - 160 51.357 1
4566.000 # 1500
4567.000 # 1500
4569.000 # 1500
4570.000 # 1500
4571.000 # 1500
4571.684 - 96 51.129 1
4572.000 # 1500
4573.000 # 1500
4575.000 # 1500
4575.711 + 104 1
4576.000 # 1500
4577.000 # 1500
4578.000 # 1500
4579.000 # 1500
4581.000 # 1500
4582.000 # 1500
4582.990 - 104 51.651 1
4583.000 # 1500
4584.000 # 1500
4585.000 # 1500
4585.213 + 160 1
4586.400 + 104 1
4587.000 # 1500
4588.000 # 1500
4588.689 - 160 51.300 1
4589.000 # 1500
4590.000 # 1500
4591.000 # 1500
4593.000 # 1500
4593.788 - 104 51.432 1
4594.000 # 1500
4595.000 # 1500
4596.000 # 1500
4596.556 + 104 1
4597.000 # 1500
4599.000 # 1500
4600.000 # 1500
4601.000 # 1500
4602.000 # 1500
4603.000 # 1500
4605.000 # 1500
4605.190 + 96 1
4605.832 - 104 52.434 1
4606.000 # 1500
4607.000 # 1500
4608.000 # 1500
4609.000 # 1500
4609.620 + 160 1
4611.000 # 1500
4612.000 # 1500
4613.000 # 1500
4613.026 - 160 51.718 1
4614.000 # 1500
4615.000 # 1500
4615.426 + 104 1
4617.000 # 1500
4617.690 - 104 52.281 1
4618.000 # 1500
4619.000 # 1500
4620.000 # 1500
4621.000 # 1500
4623.000 # 1500
4624.000 # 1500
4625.000 # 1500
4625.742 + 104 1
4626.000 # 1500
4626.798 - 104 51.087 1
4627.000 # 1500
4629.000 # 1500
4630.000 # 1500
4631.000 # 1500
4632.000 # 1500
4633.000 # 1500
4633.337 + 160 1
4635.000 # 1500
4636.000 # 1500
4636.630 - 160 51.417 1
4637.000 # 1500
4637.464 + 104 1
4637.721 - 104 51.321 1
4638.000 # 1500
4639.000 # 1500
4641.000 # 1500
4642.000 # 1500
4643.000 # 1500
4644.000 # 1500
4645.000 # 1500
4647.000 # 1500
4647.777 - 104 51.221 1
4648.000 # 1500
4648.274 + 104 1
4649.000 # 1500
4650.000 # 1500
4651.000 # 1500
4653.000 # 1500
4654.000 # 1500
4655.000 # 1500
4656.000 # 1500
4656.594 - 96 51.404 1
4657.000 # 1500
4657.203 + 160 1
4658.358 + 104 1
4659.000 # 1500
4660.000 # 1500
4660.650 - 160 51.030 1
4661.000 # 1500
4662.000 # 1500
4663.000 # 1500
4665.000 # 1500
4666.000 # 1500
4666.738 - 104 51.312 1
4667.000 # 1500
4668.000 # 1500
4668.631 + 104 1
4669.000 # 1500
4671.000 # 1500
4672.000 # 1500
4673.000 # 1500
4674.000 # 1500
4675.000 # 1500
4677.000 # 1500
4677.929 - 104 52.187 1
4678.000 # 1500
4679.000 # 1500
4679.274 + 104 1
4680.000 # 1500
4681.000 # 1500
4681.702 + 160 1
4683.000 # 1500
4684.000 # 1500
4684.971 - 160 51.634 1
4685.000 # 1500
4686.000 # 1500
4687.000 # 1500
4689.000 # 1500
4689.541 + 104 1
4690.000 # 1500
4690.116 - 104 52.652 1
4691.000 # 1500
4692.000 # 1500
4692.453 + 96 1
4693.000 # 1500
4695.000 # 1500
4696.000 # 1500
4697.000 # 1500
4698.000 # 1500
4699.000 # 1500
4699.725 - 104 51.451 1
4701.000 # 1500
4702.000 # 1500
4703.000 # 1500
4703.482 + 104 1
4704.000 # 1500
4705.000 # 1500
4705.354 + 160 1
4707.000 # 1500
4708.000 # 1500
4708.637 - 160 51.434 1
4709.000 # 1500
4709.718 - 104 51.360 1
4710.000 # 1500
4711.000 # 1500
4713.000 # 1500
4714.000 # 1500
4714.546 + 104 1
4715.000 # 1500
4716.000 # 1500
4717.000 # 1500
4719.000 # 1500
4719.822 - 104 51.191 1
4720.000 # 1500
4721.000 # 1500
4722.000 # 1500
4723.000 # 1500
4725.000 # 1500
4725.679 + 104 1
4726.000 # 1500
4727.000 # 1500
4728.000 # 1500
4729.000 # 1500
4729.808 + 160 1
4731.000 # 1500
4732.000 # 1500
4732.002 - 104 52.728 1
4733.000 # 1500
4733.094 - 160 51.392 1
4734.000 # 1500
4735.000 # 1500
4737.000 # 1500
4737.176 + 104 1
4738.000 # 1500
4739.000 # 1500
4740.000 # 1500
4740.521 - 104 50.980 1
4741.000 # 1500
4743.000 # 1500
4743.598 - 96 51.145 1
4744.000 # 1500
4745.000 # 1500
4746.000 # 1500
4747.000 # 1500
4747.480 + 104 1
4749.000 # 1500
4750.000 # 1500
4751.000 # 1500
4752.000 # 1500
4753.000 # 1500
4753.401 + 160 1
4755.000 # 1500
4755.637 - 104 52.155 1
4756.000 # 1500
4756.724 - 160 51.370 1
4757.000 # 1500
4758.000 # 1500
4758.142 + 104 1
4759.000 # 1500
4761.000 # 1500
4762.000 # 1500
4763.000 # 1500
4764.000 # 1500
4765.000 # 1500
4765.406 - 104 50.860 1
4767.000 # 1500
4768.000 # 1500
4769.000 # 1500
4769.588 + 104 1
4770.000 # 1500
4771.000 # 1500
4773.000 # 1500
4774.000 # 1500
4775.000 # 1500
4775.460 + 96 1
4776.000 # 1500
4776.664 - 104 50.985 1
4777.000 # 1500
4777.586 + 160 1
4779.000 # 1500
4780.000 # 1500
4780.925 - 160 51.117 1
4781.000 # 1500
4782.000 # 1500
4783.000 # 1500
4785.000 # 1500
4785.604 + 104 1
4786.000 # 1500
4787.000 # 1500
4788.000 # 1500
4788.889 - 104 51.713 1
4789.000 # 1500
4791.000 # 1500
4792.000 # 1500
4793.000 # 1500
4794.000 # 1500
4795.000 # 1500
4796.331 + 104 1
4797.000 # 1500
4798.000 # 1500
4798.718 - 104 51.238 1
4799.000 # 1500
4800.000 # 1500
4800.686 + 160 1
4801.000 # 1500
4803.000 # 1500
4804.000 # 1500
4805.000 # 1500
4805.009 - 160 51.608 1
4806.000 # 1500
4806.508 + 104 1
4807.000 # 1500
4809.000 # 1500
4809.792 - 104 51.650 1
4810.000 # 1500
4811.000 # 1500
4812.000 # 1500
4813.000 # 1500
4815.000 # 1500
4816.000 # 1500
4817.000 # 1500
4817.960 + 104 1
4818.000 # 1500
4819.000 # 1500
4821.000 # 1500
4821.318 - 104 51.730 1
4822.000 # 1500
4823.000 # 1500
4824.000 # 1500
4824.203 + 160 1
4825.000 # 1500
4827.000 # 1500
4827.519 - 96 52.059 1
4828.000 # 1500
4828.612 - 160 51.026 1
4829.000 # 1500
4830.000 # 1500
4830.376 + 104 1
4831.000 # 1500
4833.000 # 1500
4834.000 # 1500
4835.000 # 1500
4836.000 # 1500
4836.653 - 104 51.049 1
4837.000 # 1500
4839.000 # 1500
4840.000 # 1500
4841.000 # 1500
4841.481 + 104 1
4842.000 # 1500
4843.000 # 1500
4845.000 # 1500
4846.000 # 1500
4847.000 # 1500
4847.775 - 104 51.444 1
4848.000 # 1500
4848.712 + 160 1
4849.000 # 1500
4851.000 # 1500
4851.993 - 160 51.307 1
4852.000 # 1500
4852.311 + 104 1
4853.000 # 1500
4854.000 # 1500
4855.000 # 1500
4857.000 # 1500
4857.601 - 104 51.093 1
4858.000 # 1500
4859.000 # 1500
4860.000 # 1500
4861.000 # 1500
4861.220 + 96 1
4863.000 # 1500
4864.000 # 1500
4865.000 # 1500
4866.000 # 1500
4867.000 # 1500
4869.000 # 1500
4869.485 - 104 51.525 1
4870.000 # 1500
4871.000 # 1500
4871.418 + 104 1
4872.000 # 1500
4872.526 + 160 1
4873.000 # 1500
4875.000 # 1500
4875.764 - 160 51.561 1
4876.000 # 1500
4877.000 # 1500
4878.000 # 1500
4879.000 # 1500
4881.000 # 1500
4881.873 - 104 51.497 1
4882.000 # 1500
4883.000 # 1500
4883.207 + 104 1
4884.000 # 1500
4885.000 # 1500
4887.000 # 1500
4888.000 # 1500
4889.000 # 1500
4890.000 # 1500
4891.000 # 1500
4893.000 # 1500
4893.465 + 104 1
4893.550 - 104 52.069 1
4894.000 # 1500
4895.000 # 1500
4896.000 # 1500
4896.383 + 160 1
4897.000 # 1500
4899.000 # 1500
4899.674 - 160 50.962 1
4900.000 # 1500
4901.000 # 1500
4902.000 # 1500
4903.000 # 1500
4903.777 - 104 51.466 1
4904.530 + 104 1
4905.000 # 1500
4906.000 # 1500
4907.000 # 1500
4908.000 # 1500
4909.000 # 1500
4911.000 # 1500
4912.000 # 1500
4912.802 - 96 51.582 1
4913.000 # 1500
4914.000 # 1500
4915.000 # 1500
4915.130 + 104 1
4917.000 # 1500
4918.000 # 1500
4919.000 # 1500
4920.000 # 1500
4920.561 + 160 1
4921.000 # 1500
4923.000 # 1500
4923.933 - 104 52.515 1
4923.998 - 160 51.472 1
4924.000 # 1500
4925.000 # 1500
4925.286 + 104 1
4926.000 # 1500
4927.000 # 1500
4929.000 # 1500
4930.000 # 1500
4931.000 # 1500
4932.000 # 1500
4933.000 # 1500
4935.000 # 1500
4935.580 - 104 52.373 1
4936.000 # 1500
4937.000 # 1500
4937.413 + 104 1
4938.000 # 1500
4939.000 # 1500
4941.000 # 1500
4942.000 # 1500
4943.000 # 1500
4944.000 # 1500
4944.414 + 160 1
4944.498 + 96 1
4944.750 - 104 51.285 1
4945.000 # 1500
4947.000 # 1500
4947.845 - 160 51.462 1
4948.000 # 1500
4949.000 # 1500
4950.000 # 1500
4951.000 # 1500
4953.000 # 1500
4954.000 # 1500
4955.000 # 1500
4955.988 - 104 51.458 1
4956.000 # 1500
4956.193 + 104 1
4957.000 # 1500
4959.000 # 1500
4960.000 # 1500
4961.000 # 1500
4962.000 # 1500
4963.000 # 1500
4965.000 # 1500
4966.000 # 1500
4966.464 - 104 51.334 1
4967.000 # 1500
4967.655 + 160 1
4967.694 + 104 1
4968.000 # 1500
4969.000 # 1500
4971.000 # 1500
4972.000 # 1500
4972.030 - 160 51.469 1
4973.000 # 1500
4974.000 # 1500
4975.000 # 1500
4977.000 # 1500
4977.196 - 104 51.910 1
4978.000 # 1500
4979.000 # 1500
4979.669 + 104 1
4980.000 # 1500
4981.000 # 1500
4983.000 # 1500
4984.000 # 1500
4985.000 # 1500
4986.000 # 1500
4987.000 # 1500
4989.000 # 1500
4990.000 # 1500
4990.059 - 104 52.646 1
4991.000 # 1500
4991.419 + 160 1
4991.449 + 104 1
4992.000 # 1500
4993.000 # 1500
4995.000 # 1500
4995.840 - 160 51.426 1
4995.898 - 96 51.400 1
4996.000 # 1500
4997.000 # 1500
4998.000 # 1500
4999.000 # 1500
5001.000 # 1500
5002.000 # 1500
5003.000 # 1500
5003.190 + 104 1
5004.000 # 1500
5005.000 # 1500
5007.000 # 1500
5007.533 - 104 51.340 1
5008.000 # 1500
5009.000 # 1500
5010.000 # 1500
5011.000 # 1500
5013.000 # 1500
5013.305 + 104 1
5014.000 # 1500
5015.000 # 1500
5015.160 + 160 1
5016.000 # 1500
5017.000 # 1500
5019.000 # 1500
5019.599 - 160 51.944 1
5019.642 - 104 51.948 1
5020.000 # 1500
5021.000 # 1500
5022.000 # 1500
5023.000 # 1500
5023.386 + 104 1
5025.000 # 1500
5026.000 # 1500
5027.000 # 1500
5028.000 # 1500
5029.000 # 1500
5029.551 + 96 1
5031.000 # 1500
5031.756 - 104 52.087 1
5032.000 # 1500
5033.000 # 1500
5034.000 # 1500
5035.000 # 1500
5037.000 # 1500
5038.000 # 1500
5039.000 # 1500
5039.435 + 160 1
5040.000 # 1500
5040.919 + 104 1
5041.000 # 1500
5043.000 # 1500
5043.392 - 160 51.973 1
5043.427 - 104 51.978 1
5044.000 # 1500
5045.000 # 1500
5046.000 # 1500
5047.000 # 1500
5049.000 # 1500
5050.000 # 1500
5051.000 # 1500
5051.537 + 104 1
5052.000 # 1500
5053.000 # 1500
5055.000 # 1500
5055.876 - 104 52.686 1
5056.000 # 1500
5057.000 # 1500
5058.000 # 1500
5059.000 # 1500
5061.000 # 1500
5062.000 # 1500
5063.000 # 1500
5063.193 + 160 1
5063.224 + 104 1
5064.000 # 1500
5064.454 - 104 51.149 1
5065.000 # 1500
5067.000 # 1500
5067.587 - 160 52.427 1
5068.000 # 1500
5069.000 # 1500
5070.000 # 1500
5071.000 # 1500
5073.000 # 1500
5074.000 # 1500
5074.700 - 104 51.314 1
5075.000 # 1500
5075.227 + 104 1
5076.000 # 1500
5077.000 # 1500
5079.000 # 1500
5080.000 # 1500
5080.559 - 96 51.008 1
5081.000 # 1500
5082.000 # 1500
5083.000 # 1500
5085.000 # 1500
5085.584 + 104 1
5086.000 # 1500
5087.000 # 1500
5087.801 + 160 1
5088.000 # 1500
5089.000 # 1500
5091.000 # 1500
5091.198 - 160 51.763 1
5092.000 # 1500
5092.292 - 104 51.373 1
5093.000 # 1500
5094.000 # 1500
5095.000 # 1500
5096.616 + 104 1
5097.000 # 1500
5098.000 # 1500
5099.000 # 1500
5100.000 # 1500
5101.000 # 1500
5103.000 # 1500
5104.000 # 1500
5104.003 - 104 52.466 1
5105.000 # 1500
5106.000 # 1500
5106.785 + 104 1
5107.000 # 1500
5109.000 # 1500
5110.000 # 1500
5111.000 # 1500
5111.634 + 160 1
5112.000 # 1500
5113.000 # 1500
5113.526 + 96 1
5115.000 # 1500
5115.791 - 160 52.598 1
5115.827 - 104 52.603 1
5116.000 # 1500
5117.000 # 1500
5118.000 # 1500
5119.000 # 1500
5121.000 # 1500
5122.000 # 1500
5123.000 # 1500
5124.000 # 1500
5124.480 + 104 1
5125.000 # 1500
5127.000 # 1500
5127.876 - 104 52.649 1
5128.000 # 1500
5129.000 # 1500
5130.000 # 1500
5131.000 # 1500
5133.000 # 1500
5133.246 + 160 1
5134.000 # 1500
5135.000 # 1500
5135.390 + 104 1
5136.000 # 1500
5136.545 - 104 50.961 1
5137.000 # 1500
5139.000 # 1500
5139.757 - 160 51.956 1
5140.000 # 1500
5141.000 # 1500
5142.000 # 1500
5143.000 # 1500
5145.000 # 1500
5146.000 # 1500
5147.000 # 1500
5147.913 + 104 1
5147.983 - 104 51.367 1
5148.000 # 1500
5149.000 # 1500
5151.000 # 1500
5152.000 # 1500
5153.000 # 1500
5154.000 # 1500
5155.000 # 1500
5157.000 # 1500
5157.425 + 160 1
5158.000 # 1500
5158.346 - 104 51.561 1
5159.000 # 1500
5160.000 # 1500
5160.306 + 104 1
5161.000 # 1500
5163.000 # 1500
5163.697 - 160 52.063 1
5164.000 # 1500
5164.853 - 96 51.327 1
5165.000 # 1500
5166.000 # 1500
5167.000 # 1500
5169.000 # 1500
5170.000 # 1500
5171.000 # 1500
5171.381 + 104 1
5172.000 # 1500
5173.000 # 1500
5175.000 # 1500
5175.719 - 104 51.239 1
5176.000 # 1500
5177.000 # 1500
5178.000 # 1500
5179.000 # 1500
5181.000 # 1500
5181.663 + 104 1
5182.000 # 1500
5183.000 # 1500
5183.396 + 160 1
5184.000 # 1500
5184.648 - 160 51.402 1
5185.000 # 1500
5187.000 # 1500
5187.780 - 104 52.390 1
5188.000 # 1500
5189.000 # 1500
5190.000 # 1500
5191.000 # 1500
5191.866 + 104 1
5193.000 # 1500
5194.000 # 1500
5195.000 # 1500
5196.000 # 1500
5197.000 # 1500
5199.000 # 1500
5199.162 - 104 51.249 1
5199.287 + 96 1
5200.000 # 1500
5201.000 # 1500
5202.000 # 1500
5203.000 # 1500
5205.000 # 1500
5205.414 + 160 1
5206.000 # 1500
5207.000 # 1500
5208.000 # 1500
5208.816 - 160 51.391 1
5209.000 # 1500
5209.517 + 104 1
5211.000 # 1500
5211.834 - 104 51.528 1
5212.000 # 1500
5213.000 # 1500
5214.000 # 1500
5215.000 # 1500
5217.000 # 1500
5218.000 # 1500
5219.000 # 1500
5220.000 # 1500
5220.168 + 104 1
5221.000 # 1500
5223.000 # 1500
5223.570 - 104 52.189 1
5224.000 # 1500
5225.000 # 1500
5226.000 # 1500
5227.000 # 1500
5229.000 # 1500
5229.203 + 160 1
5230.000 # 1500
5231.000 # 1500
5231.514 + 104 1
5232.000 # 1500
5232.537 - 104 50.874 1
5233.000 # 1500
5235.000 # 1500
5235.853 - 160 52.457 1
5236.000 # 1500
5237.000 # 1500
5238.000 # 1500
5239.000 # 1500
5241.000 # 1500
5242.000 # 1500
5242.478 + 104 1
5242.985 - 104 51.119 1
5243.000 # 1500
5244.000 # 1500
5245.000 # 1500
5247.000 # 1500
5248.000 # 1500
5249.000 # 1500
5250.000 # 1500
5250.781 - 96 51.494 1
5251.000 # 1500
5253.000 # 1500
5253.338 + 160 1
5253.373 + 104 1
5254.000 # 1500
5255.000 # 1500
5256.000 # 1500
5256.680 - 160 51.266 1
5257.000 # 1500
5259.000 # 1500
5260.000 # 1500
5260.765 - 104 51.248 1
5261.000 # 1500
5262.000 # 1500
5263.000 # 1500
5265.000 # 1500
5265.162 + 104 1
5266.000 # 1500
5267.000 # 1500
5268.000 # 1500
5269.000 # 1500
5271.000 # 1500
5271.545 - 104 51.377 1
5272.000 # 1500
5273.000 # 1500
5274.000 # 1500
5275.000 # 1500
5275.428 + 104 1
5277.000 # 1500
5277.632 + 160 1
5278.000 # 1500
5279.000 # 1500
5280.000 # 1500
5280.929 - 160 51.726 1
5281.000 # 1500
5282.776 + 96 1
5283.000 # 1500
5284.000 # 1500
5284.071 - 104 52.557 1
5285.000 # 1500
5286.000 # 1500
5287.000 # 1500
5289.000 # 1500
5290.000 # 1500
5291.000 # 1500
5292.000 # 1500
5293.000 # 1500
5293.339 + 104 1
5294.151 - 104 51.673 1
5295.000 # 1500
5296.000 # 1500
5297.000 # 1500
5298.000 # 1500
5299.000 # 1500
5300.407 + 160 1
5301.000 # 1500
5302.000 # 1500
5303.000 # 1500
5304.000 # 1500
5304.773 - 160 51.435 1
5304.824 - 104 51.451 1
5305.000 # 1500
5305.169 + 104 1
5307.000 # 1500
5308.000 # 1500
5309.000 # 1500
5310.000 # 1500
5311.000 # 1500
5313.000 # 1500
5314.000 # 1500
5315.000 # 1500
5315.348 + 104 1
5316.000 # 1500
5316.492 - 104 51.330 1
5317.000 # 1500
5319.000 # 1500
5320.000 # 1500
5321.000 # 1500
5322.000 # 1500
5323.000 # 1500
5325.000 # 1500
5325.226 + 160 1
5326.000 # 1500
5326.451 - 104 51.023 1
5327.000 # 1500
5327.448 + 104 1
5328.000 # 1500
5328.585 - 160 50.953 1
5329.000 # 1500
5331.000 # 1500
5332.000 # 1500
5333.000 # 1500
5333.810 - 96 51.034 1
5334.000 # 1500
5335.000 # 1500
5337.000 # 1500
5338.000 # 1500
5339.000 # 1500
5339.996 + 104 1
5340.000 # 1500
5341.000 # 1500
5343.000 # 1500
5344.000 # 1500
5344.330 - 104 50.991 1
5345.000 # 1500
5346.000 # 1500
5347.000 # 1500
5349.000 # 1500
5349.428 + 160 1
5350.000 # 1500
5351.000 # 1500
5351.811 - 160 51.404 1
5352.000 # 1500
5352.405 + 104 1
5353.000 # 1500
5355.000 # 1500
5356.000 # 1500
5356.720 - 104 51.551 1
5357.000 # 1500
5358.000 # 1500
5359.000 # 1500
5361.000 # 1500
5362.000 # 1500
5363.000 # 1500
5363.521 + 104 1
5364.000 # 1500
5365.000 # 1500
5367.000 # 1500
5367.853 - 104 52.505 1
5368.000 # 1500
5368.210 + 96 1
5369.000 # 1500
5370.000 # 1500
5371.000 # 1500
5372.590 + 160 1
5373.000 # 1500
5374.000 # 1500
5375.000 # 1500
5376.000 # 1500
5376.939 - 160 51.713 1
5377.000 # 1500
5378.393 + 104 1
5379.000 # 1500
5380.000 # 1500
5380.043 - 104 52.595 1
5381.000 # 1500
5382.000 # 1500
5383.000 # 1500
5385.000 # 1500
5386.000 # 1500
5387.000 # 1500
5388.000 # 1500
5388.450 + 104 1
5389.000 # 1500
5391.000 # 1500
5391.778 - 104 51.782 1
5392.000 # 1500
5393.000 # 1500
5394.000 # 1500
5395.000 # 1500
5397.000 # 1500
5397.197 + 160 1
5398.000 # 1500
5399.000 # 1500
5399.301 + 104 1
5400.000 # 1500
5400.558 - 160 51.130 1
5401.000 # 1500
5403.000 # 1500
5403.683 - 104 51.278 1
5404.000 # 1500
5405.000 # 1500
5406.000 # 1500
5407.000 # 1500
5409.000 # 1500
5409.601 + 104 1
5410.000 # 1500
5411.000 # 1500
5412.000 # 1500
5413.000 # 1500
5415.000 # 1500
5415.945 - 104 52.424 1
5416.000 # 1500
5417.000 # 1500
5418.000 # 1500
5419.000 # 1500
5420.113 - 96 51.903 1
5420.649 + 160 1
5420.682 + 104 1
5421.000 # 1500
5422.000 # 1500
5423.000 # 1500
5424.000 # 1500
5424.037 - 160 51.447 1
5425.000 # 1500
5427.000 # 1500
5428.000 # 1500
5429.000 # 1500
5429.052 - 104 50.659 1
5430.000 # 1500
5431.000 # 1500
5431.215 + 104 1
5433.000 # 1500
5434.000 # 1500
5435.000 # 1500
5436.000 # 1500
5437.000 # 1500
5439.000 # 1500
5439.577 - 104 51.127 1
5440.000 # 1500
5441.000 # 1500
5441.463 + 104 1
5442.000 # 1500
5443.000 # 1500
5444.480 + 160 1
5445.000 # 1500
5446.000 # 1500
5447.000 # 1500
5448.000 # 1500
5448.823 - 160 51.626 1
5449.000 # 1500
5451.000 # 1500
5452.000 # 1500
5452.044 - 104 52.743 1
5453.000 # 1500
5453.537 + 104 1
5454.000 # 1500
5455.000 # 1500
5457.000 # 1500
5458.000 # 1500
5459.000 # 1500
5460.000 # 1500
5460.935 - 104 51.334 1
5461.000 # 1500
5463.000 # 1500
5463.598 + 104 1
5464.000 # 1500
5465.000 # 1500
5466.000 # 1500
5467.000 # 1500
5468.936 + 160 1
5469.000 # 1500
5470.000 # 1500
5471.000 # 1500
5472.000 # 1500
5472.486 - 160 51.837 1
5472.518 - 104 51.836 1
5473.000 # 1500
5474.979 + 104 1
5475.000 # 1500
5476.000 # 1500
5477.000 # 1500
5478.000 # 1500
5479.000 # 1500
5481.000 # 1500
5482.000 # 1500
5482.400 - 104 51.185 1
5483.000 # 1500
5484.000 # 1500
5485.000 # 1500
5485.518 + 104 1
5487.000 # 1500
5488.000 # 1500
5489.000 # 1500
5490.000 # 1500
5491.000 # 1500
5492.720 + 160 1
5493.000 # 1500
5493.905 - 104 52.442 1
5494.000 # 1500
5495.000 # 1500
5496.000 # 1500
5496.026 - 160 51.546 1
5496.780 + 104 1
5497.000 # 1500
5499.000 # 1500
5500.000 # 1500
5501.000 # 1500
5502.000 # 1500
5503.000 # 1500
5505.000 # 1500
5505.189 - 104 51.652 1
5506.000 # 1500
5507.000 # 1500
5507.664 + 104 1
5508.000 # 1500
5509.000 # 1500
5511.000 # 1500
5512.000 # 1500
5513.000 # 1500
5514.000 # 1500
5515.000 # 1500
5515.018 - 104 51.420 1
5516.437 + 160 1
5517.000 # 1500
5518.000 # 1500
5519.000 # 1500
5519.246 + 104 1
5519.858 - 160 50.922 1
5520.000 # 1500
5521.000 # 1500
5523.000 # 1500
5524.000 # 1500
5525.000 # 1500
5526.000 # 1500
5526.602 - 104 51.623 1
5527.000 # 1500
5529.000 # 1500
5530.000 # 1500
5531.000 # 1500
5531.314 + 104 1
5532.000 # 1500
5533.000 # 1500
5535.000 # 1500
5536.000 # 1500
5536.693 - 104 51.175 1
5537.000 # 1500
5538.000 # 1500
5538.221 + 96 1
5539.000 # 1500
5540.777 + 160 1
5541.000 # 1500
5542.000 # 1500
5543.000 # 1500
5543.073 - 160 50.353 1
5544.000 # 1500
5545.000 # 1500
5547.000 # 1500
5548.000 # 1500
5548.384 - 104 51.604 1
5549.000 # 1500
5550.000 # 1500
5550.406 + 104 1
5551.000 # 1500
5553.000 # 1500
5554.000 # 1500
5555.000 # 1500
5556.000 # 1500
5557.000 # 1500
5559.000 # 1500
5559.745 - 104 52.081 1
5560.000 # 1500
5561.000 # 1500
5561.684 + 104 1
5562.000 # 1500
5563.000 # 1500
5564.321 + 160 1
5565.000 # 1500
5566.000 # 1500
5567.000 # 1500
5567.652 - 160 51.215 1
5568.000 # 1500
5569.000 # 1500
5571.000 # 1500
5571.792 - 104 52.546 1
5572.000 # 1500
5573.000 # 1500
5573.515 + 104 1
5574.000 # 1500
5575.000 # 1500
5577.000 # 1500
5578.000 # 1500
5579.000 # 1500
5580.000 # 1500
5581.000 # 1500
5583.000 # 1500
5583.906 - 104 52.592 1
5584.000 # 1500
5585.000 # 1500
5585.331 + 104 1
5586.000 # 1500
5587.000 # 1500
5589.000 # 1500
5589.216 + 160 1
5589.730 - 96 51.509 1
5590.000 # 1500
5591.000 # 1500
5591.621 - 160 50.844 1
5592.000 # 1500
5593.000 # 1500
5595.000 # 1500
5595.417 + 104 1
5596.000 # 1500
5597.000 # 1500
5598.000 # 1500
5599.000 # 1500
5601.000 # 1500
5601.788 - 104 51.382 1
5602.000 # 1500
5603.000 # 1500
5604.000 # 1500
5605.000 # 1500
5606.731 + 104 1
5607.000 # 1500
5608.000 # 1500
5609.000 # 1500
5610.000 # 1500
5611.000 # 1500
5613.000 # 1500
5613.445 + 160 1
5614.000 # 1500
5614.126 - 104 52.442 1
5615.000 # 1500
5615.865 - 160 51.544 1
5616.000 # 1500
5617.000 # 1500
5617.420 + 104 1
5619.000 # 1500
5620.000 # 1500
5621.000 # 1500
5622.000 # 1500
5623.000 # 1500
5623.317 + 96 1
5625.000 # 1500
5625.602 - 104 52.087 1
5626.000 # 1500
5627.000 # 1500
5628.000 # 1500
5629.000 # 1500
5631.000 # 1500
5632.000 # 1500
5633.000 # 1500
5633.553 + 104 1
5634.000 # 1500
5635.000 # 1500
5636.502 + 160 1
5637.000 # 1500
5637.962 - 104 52.631 1
5638.000 # 1500
5639.000 # 1500
5640.000 # 1500
5640.862 - 160 51.646 1
5641.000 # 1500
5643.000 # 1500
5644.000 # 1500
5645.000 # 1500
5645.320 + 104 1
5646.000 # 1500
5646.573 - 104 51.156 1
5647.000 # 1500
5649.000 # 1500
5650.000 # 1500
5651.000 # 1500
5652.000 # 1500
5653.000 # 1500
5655.000 # 1500
5655.530 + 104 1
5656.000 # 1500
5657.000 # 1500
5657.858 - 104 51.127 1
5658.000 # 1500
5659.000 # 1500
5661.000 # 1500
5661.021 + 160 1
5662.000 # 1500
5663.000 # 1500
5664.000 # 1500
5664.465 - 160 51.020 1
5665.000 # 1500
5666.933 + 104 1
5667.000 # 1500
5668.000 # 1500
5669.000 # 1500
5669.336 - 104 51.916 1
5670.000 # 1500
5671.000 # 1500
5673.000 # 1500
5674.000 # 1500
5674.531 - 96 51.214 1
5675.000 # 1500
5676.000 # 1500
5677.000 # 1500
5677.551 + 104 1
5679.000 # 1500
5680.000 # 1500
5681.000 # 1500
5682.000 # 1500
5683.000 # 1500
5684.499 + 160 1
5685.000 # 1500
5685.925 - 104 52.372 1
5686.000 # 1500
5687.000 # 1500
5687.825 - 160 51.323 1
5688.000 # 1500
5688.870 + 104 1
5689.000 # 1500
5691.000 # 1500
5692.000 # 1500
5693.000 # 1500
5694.000 # 1500
5695.000 # 1500
5697.000 # 1500
5697.213 - 104 51.893 1
5698.000 # 1500
5699.000 # 1500
5699.528 + 104 1
5700.000 # 1500
5701.000 # 1500
5703.000 # 1500
5704.000 # 1500
5705.000 # 1500
5706.000 # 1500
5706.974 - 104 51.444 1
5707.000 # 1500
5708.548 + 160 1
5708.588 + 96 1
5709.000 # 1500
5710.000 # 1500
5711.000 # 1500
5712.000 # 1500
5712.911 - 160 51.890 1
5713.000 # 1500
5715.000 # 1500
5716.000 # 1500
5717.000 # 1500
5718.000 # 1500
5718.060 - 104 51.127 1
5719.000 # 1500
5719.671 + 104 1
5721.000 # 1500
5722.000 # 1500
5723.000 # 1500
5724.000 # 1500
5725.000 # 1500
5727.000 # 1500
5728.000 # 1500
5729.000 # 1500
5729.001 - 104 51.450 1
5730.000 # 1500
5730.406 + 104 1
5731.000 # 1500
5732.908 + 160 1
5733.000 # 1500
5734.000 # 1500
5735.000 # 1500
5736.000 # 1500
5736.356 - 160 51.857 1
5737.000 # 1500
5739.000 # 1500
5739.355 - 104 50.485 1
5740.000 # 1500
5741.000 # 1500
5742.000 # 1500
5742.508 + 104 1
5743.000 # 1500
5745.000 # 1500
5746.000 # 1500
5747.000 # 1500
5748.000 # 1500
5749.000 # 1500
5751.000 # 1500
5751.893 - 104 52.365 1
5752.000 # 1500
5753.000 # 1500
5753.331 + 104 1
5754.000 # 1500
5755.000 # 1500
5756.299 + 160 1
5757.000 # 1500
5758.000 # 1500
5759.000 # 1500
5759.658 - 160 51.110 1
5759.697 - 96 51.109 1
5760.000 # 1500
5761.000 # 1500
5763.000 # 1500
5764.000 # 1500
5764.391 + 104 1
5765.000 # 1500
5766.000 # 1500
5767.000 # 1500
5769.000 # 1500
5770.000 # 1500
5770.799 - 104 51.128 1
5771.000 # 1500
5772.000 # 1500
5773.000 # 1500
5775.000 # 1500
5775.442 + 104 1
5776.000 # 1500
5777.000 # 1500
5778.000 # 1500
5779.000 # 1500
5781.000 # 1500
5781.312 + 160 1
5781.821 - 104 51.415 1
5782.000 # 1500
5783.000 # 1500
5783.686 - 160 50.778 1
5784.000 # 1500
5785.000 # 1500
5787.000 # 1500
5787.156 + 104 1
5788.000 # 1500
5789.000 # 1500
5790.000 # 1500
5791.000 # 1500
5793.000 # 1500
5793.351 + 96 1
5793.590 - 104 51.082 1
5794.000 # 1500
5795.000 # 1500
5796.000 # 1500
5797.000 # 1500
5799.000 # 1500
5800.000 # 1500
5801.000 # 1500
5802.000 # 1500
5803.000 # 1500
5805.000 # 1500
5805.575 + 160 1
5805.603 + 104 1
5805.716 - 104 52.385 1
5806.000 # 1500
5807.000 # 1500
5808.000 # 1500
5808.010 - 160 51.711 1
5809.000 # 1500
5811.000 # 1500
5812.000 # 1500
5813.000 # 1500
5814.000 # 1500
5815.000 # 1500
5816.059 - 104 51.668 1
5816.540 + 104 1
5817.000 # 1500
5818.000 # 1500
5819.000 # 1500
5820.000 # 1500
5821.000 # 1500
5823.000 # 1500
5824.000 # 1500
5825.000 # 1500
5826.000 # 1500
5826.961 - 104 51.519 1
5827.000 # 1500
5827.172 + 104 1
5828.519 + 160 1
5829.000 # 1500
5830.000 # 1500
5831.000 # 1500
5832.000 # 1500
5832.905 - 160 51.593 1
5833.000 # 1500
5835.000 # 1500
5836.000 # 1500
5837.000 # 1500
5837.341 + 104 1
5838.000 # 1500
5838.596 - 104 51.440 1
5839.000 # 1500
5841.000 # 1500
5842.000 # 1500
5843.000 # 1500
5844.000 # 1500
5844.831 - 96 51.480 1
5845.000 # 1500
5847.000 # 1500
5847.455 + 104 1
5848.000 # 1500
5849.000 # 1500
5850.000 # 1500
5851.000 # 1500
5852.247 + 160 1
5853.000 # 1500
5854.000 # 1500
5855.000 # 1500
5856.000 # 1500
5856.617 - 160 51.042 1
5856.656 - 104 51.053 1
5857.000 # 1500
5859.000 # 1500
5859.215 + 104 1
5860.000 # 1500
5861.000 # 1500
5862.000 # 1500
5863.000 # 1500
5865.000 # 1500
5866.000 # 1500
5867.000 # 1500
5867.565 - 104 51.025 1
5868.000 # 1500
5869.000 # 1500
5869.643 + 104 1
5871.000 # 1500
5872.000 # 1500
5873.000 # 1500
5874.000 # 1500
5875.000 # 1500
5877.000 # 1500
5877.315 + 160 1
5878.000 # 1500
5878.589 - 104 51.417 1
5879.000 # 1500
5879.569 + 96 1
5879.701 - 160 51.182 1
5880.000 # 1500
5881.000 # 1500
5883.000 # 1500
5884.000 # 1500
5885.000 # 1500
5886.000 # 1500
5887.000 # 1500
5889.000 # 1500
5889.942 - 104 52.601 1
5890.000 # 1500
5890.189 + 104 1
5891.000 # 1500
5892.000 # 1500
5893.000 # 1500
5895.000 # 1500
5896.000 # 1500
5897.000 # 1500
5898.000 # 1500
5898.596 - 104 51.141 1
5899.000 # 1500
5900.423 + 160 1
5900.457 + 104 1
5901.000 # 1500
5902.000 # 1500
5903.000 # 1500
5903.834 - 160 51.587 1
5904.000 # 1500
5905.000 # 1500
5907.000 # 1500
5908.000 # 1500
5909.000 # 1500
5910.000 # 1500
5910.929 - 104 51.714 1
5911.000 # 1500
5912.400 + 104 1
5913.000 # 1500
5914.000 # 1500
5915.000 # 1500
5916.000 # 1500
5917.000 # 1500
5919.000 # 1500
5920.000 # 1500
5920.751 - 104 51.108 1
5921.000 # 1500
5922.000 # 1500
5923.000 # 1500
5923.512 + 104 1
5924.919 + 160 1
5925.000 # 1500
5926.000 # 1500
5927.000 # 1500
5928.000 # 1500
5929.000 # 1500
5929.315 - 160 52.000 1
5931.000 # 1500
5931.509 - 96 51.940 1
5932.000 # 1500
5933.000 # 1500
5934.000 # 1500
5934.148 + 104 1
5935.000 # 1500
5937.000 # 1500
5938.000 # 1500
5939.000 # 1500
5940.000 # 1500
5941.000 # 1500
5941.638 - 104 51.449 1
5943.000 # 1500
5944.000 # 1500
5945.000 # 1500
5945.555 + 104 1
5946.000 # 1500
5947.000 # 1500
5949.000 # 1500
5949.563 + 160 1
5950.000 # 1500
5951.000 # 1500
5951.964 - 160 51.541 1
5952.000 # 1500
5952.006 - 104 51.549 1
5953.000 # 1500
5955.000 # 1500
5956.000 # 1500
5956.534 + 104 1
5957.000 # 1500
5958.000 # 1500
5959.000 # 1500
5961.000 # 1500
5962.000 # 1500
5963.000 # 1500
5963.897 - 104 51.497 1
5964.000 # 1500
5964.245 + 96 1
5965.000 # 1500
5967.000 # 1500
5968.000 # 1500
5969.000 # 1500
5970.000 # 1500
5971.000 # 1500
5972.173 + 160 1
5973.000 # 1500
5974.000 # 1500
5974.532 - 104 51.020 1
5975.000 # 1500
5975.503 + 104 1
5975.649 - 160 50.730 1
5976.000 # 1500
5977.000 # 1500
5979.000 # 1500
5980.000 # 1500
5981.000 # 1500
5982.000 # 1500
5983.000 # 1500
5985.000 # 1500
5985.855 - 104 51.707 1
5986.000 # 1500
5987.000 # 1500
5987.316 + 104 1
5988.000 # 1500
5989.000 # 1500
5991.000 # 1500
5992.000 # 1500
5993.000 # 1500
5994.000 # 1500
5995.000 # 1500
5996.803 + 160 1
5997.000 # 1500
5997.496 + 104 1
5997.715 - 104 52.160 1
5998.000 # 1500
5999.000 # 1500
6000.000 # 1500
6000.822 - 160 51.259 1
6001.000 # 1500
6003.000 # 1500
6004.000 # 1500
6005.000 # 1500
6006.000 # 1500
6007.000 # 1500
6008.038 - 104 51.504 1
6008.622 + 104 1
6009.000 # 1500
6010.000 # 1500
6011.000 # 1500
6012.000 # 1500
6013.000 # 1500
6015.000 # 1500
6016.000 # 1500
6016.016 - 96 51.771 1
6017.000 # 1500
6018.000 # 1500
6018.802 + 104 1
6019.000 # 1500
6021.000 # 1500
6022.000 # 1500
6022.185 + 160 1
6023.000 # 1500
6023.559 - 160 51.386 1
6024.000 # 1500
6025.000 # 1500
6027.000 # 1500
6027.622 - 104 52.119 1
6028.000 # 1500
6029.000 # 1500
6029.396 + 104 1
6030.000 # 1500
6031.000 # 1500
6033.000 # 1500
6034.000 # 1500
6035.000 # 1500
6036.000 # 1500
6037.000 # 1500
6039.000 # 1500
6039.434 + 104 1
6039.723 - 104 52.407 1
6040.000 # 1500
6041.000 # 1500
6042.000 # 1500
6043.000 # 1500
6045.000 # 1500
6045.284 + 160 1
6046.000 # 1500
6047.000 # 1500
6047.654 - 160 50.851 1
6048.000 # 1500
6048.780 - 104 51.284 1
6049.000 # 1500
6050.305 + 104 1
6050.342 + 96 1
6051.000 # 1500
6052.000 # 1500
6053.000 # 1500
6054.000 # 1500
6055.000 # 1500
6057.000 # 1500
6058.000 # 1500
6059.000 # 1500
6059.702 - 104 51.080 1
6060.000 # 1500
6060.597 + 104 1
6061.000 # 1500
6063.000 # 1500
6064.000 # 1500
6065.000 # 1500
6066.000 # 1500
6067.000 # 1500
6069.000 # 1500
6069.405 + 160 1
6069.954 - 104 51.152 1
6070.000 # 1500
6071.000 # 1500
6072.000 # 1500
6072.319 + 104 1
6073.000 # 1500
6073.585 - 160 51.400 1
6075.000 # 1500
6076.000 # 1500
6077.000 # 1500
6078.000 # 1500
6079.000 # 1500
6081.000 # 1500
6081.697 - 104 52.301 1
6082.000 # 1500
6083.000 # 1500
6083.642 + 104 1
6084.000 # 1500
6085.000 # 1500
6087.000 # 1500
6088.000 # 1500
6089.000 # 1500
6090.000 # 1500
6090.997 - 104 51.563 1
6091.000 # 1500
6093.000 # 1500
6093.564 + 160 1
6094.000 # 1500
6095.000 # 1500
6095.259 + 104 1
6096.000 # 1500
6096.516 - 160 51.232 1
6097.000 # 1500
6099.000 # 1500
6100.000 # 1500
6101.000 # 1500
6101.696 - 104 51.391 1
6101.782 - 96 51.440 1
6102.000 # 1500
6103.000 # 1500
6105.000 # 1500
6106.000 # 1500
6107.000 # 1500
6107.257 + 104 1
6108.000 # 1500
6109.000 # 1500
6111.000 # 1500
6111.597 - 104 51.000 1
6112.000 # 1500
6113.000 # 1500
6114.000 # 1500
6115.000 # 1500
6117.000 # 1500
6117.474 + 160 1
6117.502 + 104 1
6118.000 # 1500
6119.000 # 1500
6120.000 # 1500
6120.760 - 160 51.355 1
6121.000 # 1500
6123.000 # 1500
6123.848 - 104 51.529 1
6124.000 # 1500
6125.000 # 1500
6126.000 # 1500
6127.000 # 1500
6129.000 # 1500
6129.375 + 104 1
6130.000 # 1500
6131.000 # 1500
6132.000 # 1500
6133.000 # 1500
6135.000 # 1500
6135.630 + 96 1
6135.746 - 104 52.104 1
6136.000 # 1500
6137.000 # 1500
6138.000 # 1500
6139.000 # 1500
6140.385 + 160 1
6141.000 # 1500
6142.000 # 1500
6143.000 # 1500
6144.000 # 1500
6144.719 - 160 51.155 1
6145.000 # 1500
6145.773 + 104 1
6147.000 # 1500
6147.826 - 104 52.567 1
6148.000 # 1500
6149.000 # 1500
6150.000 # 1500
6151.000 # 1500
6153.000 # 1500
6154.000 # 1500
6155.000 # 1500
6155.917 + 104 1
6156.000 # 1500
6157.000 # 1500
6159.000 # 1500
6159.326 - 104 52.069 1
6160.000 # 1500
6161.000 # 1500
6162.000 # 1500
6163.000 # 1500
6164.729 + 160 1
6165.000 # 1500
6166.000 # 1500
6167.000 # 1500
6167.607 + 104 1
6168.000 # 1500
6169.000 # 1500
6169.102 - 160 51.628 1
6169.145 - 104 51.643 1
6171.000 # 1500
6172.000 # 1500
6173.000 # 1500
6174.000 # 1500
6175.000 # 1500
6177.000 # 1500
6178.000 # 1500
6179.000 # 1500
6180.000 # 1500
6180.653 + 104 1
6181.000 # 1500
6181.025 - 104 51.650 1
6183.000 # 1500
6184.000 # 1500
6185.000 # 1500
6186.000 # 1500
6186.989 - 96 51.359 1
6187.000 # 1500
6189.000 # 1500
6189.452 + 160 1
6190.000 # 1500
6191.000 # 1500
6191.138 + 104 1
6191.827 - 160 51.442 1
6192.000 # 1500
6193.000 # 1500
6195.000 # 1500
6196.000 # 1500
6196.461 - 104 50.688 1
6197.000 # 1500
6198.000 # 1500
6199.000 # 1500
6201.000 # 1500
6201.627 + 104 1
6202.000 # 1500
6203.000 # 1500
6204.000 # 1500
6205.000 # 1500
6207.000 # 1500
6208.000 # 1500
6208.003 - 104 52.086 1
6209.000 # 1500
6210.000 # 1500
6211.000 # 1500
6212.540 + 104 1
6213.000 # 1500
6213.232 + 160 1
6214.000 # 1500
6215.000 # 1500
6215.579 - 160 50.850 1
6216.000 # 1500
6217.000 # 1500
6219.000 # 1500
6219.233 + 96 1
6219.721 - 104 52.114 1
6220.000 # 1500
6221.000 # 1500
6222.000 # 1500
6223.000 # 1500
6225.000 # 1500
6226.000 # 1500
6227.000 # 1500
6228.000 # 1500
6229.000 # 1500
6229.355 + 104 1
6231.000 # 1500
6231.675 - 104 51.022 1
6232.000 # 1500
6233.000 # 1500
6234.000 # 1500
6235.000 # 1500
6236.089 + 160 1
6237.000 # 1500
6238.000 # 1500
6239.000 # 1500
6239.408 + 104 1
6240.000 # 1500
6240.505 - 160 51.053 1
6241.000 # 1500
6243.000 # 1500
6243.697 - 104 52.559 1
6244.000 # 1500
6245.000 # 1500
6246.000 # 1500
6247.000 # 1500
6249.000 # 1500
6249.586 + 104 1
6250.000 # 1500
6251.000 # 1500
6252.000 # 1500
6252.910 - 104 51.283 1
6253.000 # 1500
6255.000 # 1500
6256.000 # 1500
6257.000 # 1500
6258.000 # 1500
6259.000 # 1500
6260.577 + 104 1
6261.000 # 1500
6261.193 + 160 1
6262.000 # 1500
6263.000 # 1500
6263.593 - 104 51.053 1
6264.000 # 1500
6264.653 - 160 51.421 1
6265.000 # 1500
6267.000 # 1500
6268.000 # 1500
6269.000 # 1500
6270.000 # 1500
6270.707 - 96 51.474 1
6270.828 + 104 1
6271.000 # 1500
6273.000 # 1500
6274.000 # 1500
6275.000 # 1500
6276.000 # 1500
6277.000 # 1500
6279.000 # 1500
6280.000 # 1500
6281.000 # 1500
6281.204 + 104 1
6281.299 - 104 51.944 1
6282.000 # 1500
6283.000 # 1500
6285.000 # 1500
6285.158 + 160 1
6286.000 # 1500
6287.000 # 1500
6288.000 # 1500
6289.000 # 1500
6290.604 - 160 54.515 1
6291.000 # 1500
6292.000 # 1500
6293.000 # 1500
6294.000 # 1500
6295.000 # 1500
6297.000 # 1500
6298.000 # 1500
6299.000 # 1500
6300.000 # 1500
6301.000 # 1500
6303.000 # 1500
6304.000 # 1500
6305.000 # 1500
6306.000 # 1500
6307.000 # 1500
6309.000 # 1500
6310.000 # 1500
6311.000 # 1500
6312.000 # 1500
6313.000 # 1500
6315.000 # 1500
6316.000 # 1500
6317.000 # 1500
6318.000 # 1500
6319.000 # 1500
