# mahimahi mm-link (Downlink) [/home/salma/gold-IRL/sender-receiver/sender-receiver/sender_receiver/envs/10mbps.trace] > /home/salma/pantheon/ShortFlow/vivace_mm_acklink_run1.log
# command line: 'mm-link' '/home/salma/gold-IRL/sender-receiver/sender-receiver/sender_receiver/envs/10mbps.trace' '/home/salma/gold-IRL/sender-receiver/sender-receiver/sender_receiver/envs/10mbps.trace' '--uplink-log=/home/salma/pantheon/ShortFlow/vivace_mm_datalink_run1.log' '--downlink-log=/home/salma/pantheon/ShortFlow/vivace_mm_acklink_run1.log' 'python' '/home/salma/pantheon/src/experiments/tunnel_manager.py'
# queue: infinite
# init timestamp: 1564585179152
# base timestamp: 39
# mahimahi config: [delay 50 ms] 
39 # 1504
40 # 1504
41 # 1504
42 # 1504
43 # 1504
45 # 1504
46 # 1504
47 # 1504
47 + 80
47 + 52
47 + 80
48 # 1504
48 - 80 1
48 - 52 1
48 - 80 1
49 # 1504
51 # 1504
52 # 1504
53 # 1504
54 # 1504
55 # 1504
57 # 1504
58 # 1504
59 # 1504
60 # 1504
61 # 1504
63 # 1504
64 # 1504
65 # 1504
66 # 1504
67 # 1504
69 # 1504
70 # 1504
71 # 1504
72 # 1504
73 # 1504
75 # 1504
76 # 1504
77 # 1504
78 # 1504
79 # 1504
81 # 1504
82 # 1504
83 # 1504
84 # 1504
85 # 1504
87 # 1504
88 # 1504
89 # 1504
90 # 1504
91 # 1504
93 # 1504
94 # 1504
95 # 1504
96 # 1504
97 # 1504
99 # 1504
100 # 1504
101 # 1504
102 # 1504
103 # 1504
105 # 1504
106 # 1504
107 # 1504
108 # 1504
109 # 1504
111 # 1504
112 # 1504
113 # 1504
114 # 1504
115 # 1504
117 # 1504
118 # 1504
119 # 1504
120 # 1504
121 # 1504
123 # 1504
124 # 1504
125 # 1504
126 # 1504
127 # 1504
129 # 1504
130 # 1504
131 # 1504
132 # 1504
133 # 1504
135 # 1504
136 # 1504
137 # 1504
138 # 1504
139 # 1504
141 # 1504
142 # 1504
143 # 1504
144 # 1504
145 # 1504
147 # 1504
148 # 1504
149 # 1504
150 # 1504
151 # 1504
153 # 1504
154 # 1504
155 # 1504
156 # 1504
157 # 1504
159 # 1504
160 # 1504
161 # 1504
162 # 1504
163 # 1504
165 # 1504
166 # 1504
167 # 1504
168 # 1504
169 # 1504
171 # 1504
172 # 1504
173 # 1504
174 # 1504
175 # 1504
177 # 1504
178 # 1504
179 # 1504
180 # 1504
181 # 1504
183 # 1504
184 # 1504
185 # 1504
186 # 1504
187 # 1504
189 # 1504
190 # 1504
191 # 1504
192 # 1504
193 # 1504
195 # 1504
196 # 1504
197 # 1504
198 # 1504
199 # 1504
201 # 1504
202 # 1504
203 # 1504
204 # 1504
205 # 1504
207 # 1504
208 # 1504
209 # 1504
210 # 1504
211 # 1504
213 # 1504
214 # 1504
215 # 1504
216 # 1504
217 # 1504
219 # 1504
220 # 1504
221 # 1504
222 # 1504
223 # 1504
225 # 1504
226 # 1504
227 # 1504
228 # 1504
229 # 1504
231 # 1504
232 # 1504
233 # 1504
234 # 1504
235 # 1504
237 # 1504
238 # 1504
239 # 1504
240 # 1504
241 # 1504
243 # 1504
244 # 1504
245 # 1504
246 # 1504
247 # 1504
249 # 1504
250 # 1504
251 # 1504
252 # 1504
253 # 1504
255 # 1504
256 # 1504
257 # 1504
258 # 1504
259 # 1504
261 # 1504
262 # 1504
263 # 1504
264 # 1504
265 # 1504
267 # 1504
268 # 1504
269 # 1504
270 # 1504
271 # 1504
273 # 1504
274 # 1504
275 # 1504
275 + 40
276 # 1504
276 - 40 1
277 # 1504
279 # 1504
280 # 1504
281 # 1504
282 # 1504
283 # 1504
285 # 1504
286 # 1504
287 # 1504
288 # 1504
289 # 1504
291 # 1504
292 # 1504
293 # 1504
294 # 1504
295 # 1504
297 # 1504
298 # 1504
299 # 1504
300 # 1504
301 # 1504
303 # 1504
304 # 1504
305 # 1504
306 # 1504
307 # 1504
309 # 1504
310 # 1504
311 # 1504
312 # 1504
313 # 1504
315 # 1504
316 # 1504
317 # 1504
318 # 1504
319 # 1504
321 # 1504
322 # 1504
323 # 1504
324 # 1504
325 # 1504
327 # 1504
328 # 1504
329 # 1504
330 # 1504
331 # 1504
333 # 1504
334 # 1504
335 # 1504
336 # 1504
337 # 1504
339 # 1504
340 # 1504
341 # 1504
342 # 1504
343 # 1504
345 # 1504
346 # 1504
347 # 1504
348 # 1504
349 # 1504
351 # 1504
352 # 1504
353 # 1504
354 # 1504
355 # 1504
357 # 1504
358 # 1504
359 # 1504
360 # 1504
361 # 1504
363 # 1504
364 # 1504
365 # 1504
366 # 1504
367 # 1504
369 # 1504
370 # 1504
371 # 1504
372 # 1504
373 # 1504
375 # 1504
376 # 1504
377 # 1504
378 # 1504
379 # 1504
381 # 1504
382 # 1504
383 # 1504
384 # 1504
385 # 1504
387 # 1504
388 # 1504
389 # 1504
390 # 1504
391 # 1504
393 # 1504
394 # 1504
395 # 1504
396 # 1504
397 # 1504
399 # 1504
400 # 1504
401 # 1504
402 # 1504
403 # 1504
405 # 1504
406 # 1504
407 # 1504
408 # 1504
409 # 1504
411 # 1504
412 # 1504
413 # 1504
414 # 1504
415 # 1504
417 # 1504
418 # 1504
419 # 1504
420 # 1504
421 # 1504
423 # 1504
424 # 1504
425 # 1504
426 # 1504
427 # 1504
429 # 1504
430 # 1504
431 # 1504
432 # 1504
433 # 1504
435 # 1504
436 # 1504
437 # 1504
438 # 1504
438 + 80
439 # 1504
439 - 80 1
441 # 1504
442 # 1504
443 # 1504
444 # 1504
445 # 1504
447 # 1504
448 # 1504
449 # 1504
450 # 1504
451 # 1504
453 # 1504
454 # 1504
455 # 1504
456 # 1504
457 # 1504
459 # 1504
460 # 1504
461 # 1504
462 # 1504
463 # 1504
465 # 1504
466 # 1504
467 # 1504
468 # 1504
469 # 1504
471 # 1504
472 # 1504
473 # 1504
474 # 1504
475 # 1504
477 # 1504
478 # 1504
479 # 1504
480 # 1504
481 # 1504
483 # 1504
484 # 1504
485 # 1504
486 # 1504
487 # 1504
489 # 1504
490 # 1504
491 # 1504
492 # 1504
493 # 1504
495 # 1504
496 # 1504
497 # 1504
498 # 1504
499 # 1504
501 # 1504
502 # 1504
503 # 1504
504 # 1504
505 # 1504
507 # 1504
508 # 1504
509 # 1504
510 # 1504
511 # 1504
513 # 1504
514 # 1504
515 # 1504
516 # 1504
517 # 1504
519 # 1504
520 # 1504
521 # 1504
522 # 1504
523 # 1504
525 # 1504
526 # 1504
527 # 1504
528 # 1504
529 # 1504
531 # 1504
532 # 1504
533 # 1504
534 # 1504
535 # 1504
537 # 1504
538 # 1504
539 # 1504
540 # 1504
541 # 1504
543 # 1504
544 # 1504
545 # 1504
546 # 1504
547 # 1504
549 # 1504
550 # 1504
551 # 1504
552 # 1504
553 # 1504
555 # 1504
556 # 1504
557 # 1504
558 # 1504
559 # 1504
561 # 1504
562 # 1504
563 # 1504
564 # 1504
565 # 1504
567 # 1504
568 # 1504
569 # 1504
570 # 1504
571 # 1504
573 # 1504
574 # 1504
575 # 1504
576 # 1504
577 # 1504
579 # 1504
580 # 1504
581 # 1504
582 # 1504
583 # 1504
585 # 1504
586 # 1504
587 # 1504
588 # 1504
589 # 1504
591 # 1504
592 # 1504
593 # 1504
594 # 1504
595 # 1504
597 # 1504
598 # 1504
599 # 1504
600 # 1504
601 # 1504
603 # 1504
604 # 1504
605 # 1504
606 # 1504
607 # 1504
609 # 1504
610 # 1504
611 # 1504
612 # 1504
613 # 1504
615 # 1504
616 # 1504
617 # 1504
618 # 1504
619 # 1504
621 # 1504
622 # 1504
623 # 1504
624 # 1504
625 # 1504
627 # 1504
628 # 1504
629 # 1504
630 # 1504
631 # 1504
633 # 1504
634 # 1504
635 # 1504
636 # 1504
637 # 1504
639 # 1504
640 # 1504
641 # 1504
642 # 1504
643 # 1504
645 # 1504
646 # 1504
647 # 1504
648 # 1504
649 # 1504
651 # 1504
652 # 1504
653 # 1504
654 # 1504
655 # 1504
657 # 1504
658 # 1504
659 # 1504
660 # 1504
661 # 1504
662 + 80
663 # 1504
663 - 80 1
664 # 1504
665 # 1504
666 # 1504
667 # 1504
669 # 1504
670 # 1504
671 # 1504
672 # 1504
673 # 1504
675 # 1504
676 # 1504
677 # 1504
678 # 1504
679 # 1504
681 # 1504
682 # 1504
683 # 1504
684 # 1504
685 # 1504
687 # 1504
688 # 1504
689 # 1504
690 # 1504
691 # 1504
693 # 1504
694 # 1504
695 # 1504
696 # 1504
697 # 1504
699 # 1504
700 # 1504
701 # 1504
702 # 1504
703 # 1504
705 # 1504
706 # 1504
707 # 1504
708 # 1504
709 # 1504
711 # 1504
712 # 1504
713 # 1504
714 # 1504
715 # 1504
717 # 1504
718 # 1504
719 # 1504
720 # 1504
721 # 1504
723 # 1504
724 # 1504
725 # 1504
726 # 1504
727 # 1504
729 # 1504
730 # 1504
731 # 1504
732 # 1504
733 # 1504
735 # 1504
736 # 1504
737 # 1504
738 # 1504
739 # 1504
741 # 1504
742 # 1504
743 # 1504
744 # 1504
745 # 1504
747 # 1504
748 # 1504
749 # 1504
750 # 1504
751 # 1504
753 # 1504
754 # 1504
755 # 1504
756 # 1504
757 # 1504
759 # 1504
760 # 1504
761 # 1504
762 # 1504
763 # 1504
765 # 1504
766 # 1504
767 # 1504
768 # 1504
769 # 1504
771 # 1504
772 # 1504
773 # 1504
774 # 1504
775 # 1504
777 # 1504
778 # 1504
779 # 1504
780 # 1504
781 # 1504
783 # 1504
784 # 1504
785 # 1504
786 # 1504
787 # 1504
789 # 1504
790 # 1504
791 # 1504
792 # 1504
793 # 1504
795 # 1504
796 # 1504
797 # 1504
798 # 1504
799 # 1504
801 # 1504
802 # 1504
803 # 1504
804 # 1504
805 # 1504
807 # 1504
808 # 1504
809 # 1504
810 # 1504
811 # 1504
813 # 1504
814 # 1504
815 # 1504
816 # 1504
817 # 1504
819 # 1504
820 # 1504
821 # 1504
822 # 1504
823 # 1504
825 # 1504
826 # 1504
827 # 1504
828 # 1504
829 # 1504
831 # 1504
832 # 1504
833 # 1504
834 # 1504
835 # 1504
837 # 1504
838 # 1504
839 # 1504
840 # 1504
841 # 1504
843 # 1504
844 # 1504
845 # 1504
846 # 1504
847 # 1504
849 # 1504
850 # 1504
851 # 1504
852 # 1504
853 # 1504
855 # 1504
856 # 1504
857 # 1504
858 # 1504
859 # 1504
861 # 1504
862 # 1504
863 # 1504
864 # 1504
865 # 1504
867 # 1504
868 # 1504
869 # 1504
870 # 1504
871 # 1504
873 # 1504
874 # 1504
875 # 1504
876 # 1504
877 # 1504
879 # 1504
880 # 1504
881 # 1504
882 # 1504
883 # 1504
885 # 1504
886 # 1504
887 # 1504
888 # 1504
889 # 1504
891 # 1504
892 # 1504
893 # 1504
894 # 1504
895 # 1504
897 # 1504
898 # 1504
899 # 1504
900 # 1504
901 # 1504
903 # 1504
904 # 1504
905 # 1504
906 # 1504
907 # 1504
909 # 1504
910 # 1504
911 # 1504
912 # 1504
913 # 1504
915 # 1504
916 # 1504
917 # 1504
918 # 1504
919 # 1504
921 # 1504
922 # 1504
923 # 1504
924 # 1504
925 # 1504
927 # 1504
928 # 1504
929 # 1504
930 # 1504
931 # 1504
933 # 1504
934 # 1504
935 # 1504
936 # 1504
937 # 1504
939 # 1504
940 # 1504
941 # 1504
942 # 1504
943 # 1504
945 # 1504
946 # 1504
947 # 1504
948 # 1504
949 # 1504
951 # 1504
952 # 1504
953 # 1504
954 # 1504
955 # 1504
957 # 1504
958 # 1504
959 # 1504
960 # 1504
961 # 1504
963 # 1504
964 # 1504
965 # 1504
966 # 1504
967 # 1504
969 # 1504
970 # 1504
971 # 1504
972 # 1504
973 # 1504
975 # 1504
976 # 1504
977 # 1504
978 # 1504
979 # 1504
981 # 1504
982 # 1504
983 # 1504
984 # 1504
985 # 1504
987 # 1504
988 # 1504
989 # 1504
990 # 1504
991 # 1504
993 # 1504
994 # 1504
995 # 1504
996 # 1504
997 # 1504
999 # 1504
1000 # 1504
1001 # 1504
1002 # 1504
1003 # 1504
1005 # 1504
1006 # 1504
1007 # 1504
1008 # 1504
1009 # 1504
1011 # 1504
1012 # 1504
1013 # 1504
1014 # 1504
1015 # 1504
1017 # 1504
1018 # 1504
1019 # 1504
1020 # 1504
1021 # 1504
1023 # 1504
1024 # 1504
1025 # 1504
1026 # 1504
1027 # 1504
1029 # 1504
1030 # 1504
1031 # 1504
1032 # 1504
1033 # 1504
1035 # 1504
1036 # 1504
1037 # 1504
1038 # 1504
1039 # 1504
1041 # 1504
1042 # 1504
1043 # 1504
1044 # 1504
1045 # 1504
1047 # 1504
1048 # 1504
1049 # 1504
1050 # 1504
1051 # 1504
1053 # 1504
1054 # 1504
1055 # 1504
1056 # 1504
1057 # 1504
1059 # 1504
1060 # 1504
1061 # 1504
1062 # 1504
1063 # 1504
1065 # 1504
1066 # 1504
1067 # 1504
1068 # 1504
1069 # 1504
1071 # 1504
1072 # 1504
1073 # 1504
1074 # 1504
1075 # 1504
1077 # 1504
1078 # 1504
1079 # 1504
1080 # 1504
1081 # 1504
1083 # 1504
1084 # 1504
1085 # 1504
1086 # 1504
1087 # 1504
1089 # 1504
1090 # 1504
1091 # 1504
1092 # 1504
1093 # 1504
1095 # 1504
1096 # 1504
1097 # 1504
1098 # 1504
1099 # 1504
1101 # 1504
1102 # 1504
1103 # 1504
1104 # 1504
1105 # 1504
1107 # 1504
1108 # 1504
1109 # 1504
1110 # 1504
1111 # 1504
1113 # 1504
1114 # 1504
1115 # 1504
1116 # 1504
1117 # 1504
1119 # 1504
1120 # 1504
1121 # 1504
1122 # 1504
1123 # 1504
1125 # 1504
1126 # 1504
1127 # 1504
1128 # 1504
1129 # 1504
1131 # 1504
1132 # 1504
1133 # 1504
1134 # 1504
1135 # 1504
1137 # 1504
1138 # 1504
1139 # 1504
1140 # 1504
1141 # 1504
1143 # 1504
1144 # 1504
1145 # 1504
1146 # 1504
1147 # 1504
1149 # 1504
1150 # 1504
1151 # 1504
1152 # 1504
1153 # 1504
1155 # 1504
1156 # 1504
1157 # 1504
1158 # 1504
1159 # 1504
1161 # 1504
1162 # 1504
1163 # 1504
1164 # 1504
1165 # 1504
1167 # 1504
1168 # 1504
1169 # 1504
1170 # 1504
1171 # 1504
1173 # 1504
1174 # 1504
1175 # 1504
1176 # 1504
1177 # 1504
1179 # 1504
1180 # 1504
1181 # 1504
1182 # 1504
1183 # 1504
1185 # 1504
1186 # 1504
1187 # 1504
1188 # 1504
1189 # 1504
1191 # 1504
1192 # 1504
1193 # 1504
1194 # 1504
1195 # 1504
1197 # 1504
1198 # 1504
1199 # 1504
1200 # 1504
1201 # 1504
1203 # 1504
1204 # 1504
1205 # 1504
1206 # 1504
1207 # 1504
1209 # 1504
1210 # 1504
1211 # 1504
1212 # 1504
1213 # 1504
1215 # 1504
1216 # 1504
1217 # 1504
1218 # 1504
1219 # 1504
1221 # 1504
1222 # 1504
1223 # 1504
1224 # 1504
1225 # 1504
1227 # 1504
1228 # 1504
1229 # 1504
1230 # 1504
1231 # 1504
1233 # 1504
1234 # 1504
1235 # 1504
1236 # 1504
1237 # 1504
1239 # 1504
1240 # 1504
1241 # 1504
1242 # 1504
1243 # 1504
1245 # 1504
1246 # 1504
1247 # 1504
1248 # 1504
1249 # 1504
1251 # 1504
1252 # 1504
1253 # 1504
1254 # 1504
1255 # 1504
1257 # 1504
1258 # 1504
1259 # 1504
1260 # 1504
1261 # 1504
1263 # 1504
1264 # 1504
1265 # 1504
1266 # 1504
1267 # 1504
1269 # 1504
1270 # 1504
1271 # 1504
1272 # 1504
1273 # 1504
1275 # 1504
1276 # 1504
1277 # 1504
1278 # 1504
1279 # 1504
1281 # 1504
1282 # 1504
1283 # 1504
1284 # 1504
1285 # 1504
1287 # 1504
1288 # 1504
1289 # 1504
1290 # 1504
1291 # 1504
1293 # 1504
1294 # 1504
1295 # 1504
1296 # 1504
1297 # 1504
1299 # 1504
1300 # 1504
1301 # 1504
1302 # 1504
1303 # 1504
1305 # 1504
1306 # 1504
1307 # 1504
1308 # 1504
1309 # 1504
1311 # 1504
1312 # 1504
1313 # 1504
1314 # 1504
1315 # 1504
1317 # 1504
1318 # 1504
1319 # 1504
1320 # 1504
1321 # 1504
1323 # 1504
1324 # 1504
1325 # 1504
1326 # 1504
1327 # 1504
1329 # 1504
1330 # 1504
1331 # 1504
1332 # 1504
1333 # 1504
1335 # 1504
1336 # 1504
1337 # 1504
1338 # 1504
1339 # 1504
1341 # 1504
1342 # 1504
1343 # 1504
1344 # 1504
1345 # 1504
1347 # 1504
1348 # 1504
1349 # 1504
1350 # 1504
1351 # 1504
1353 # 1504
1354 # 1504
1355 # 1504
1356 # 1504
1357 # 1504
1359 # 1504
1360 # 1504
1361 # 1504
1362 # 1504
1363 # 1504
1365 # 1504
1366 # 1504
1367 # 1504
1368 # 1504
1369 # 1504
1371 # 1504
1372 # 1504
1373 # 1504
1374 # 1504
1375 # 1504
1377 # 1504
1378 # 1504
1379 # 1504
1380 # 1504
1381 # 1504
1383 # 1504
1384 # 1504
1385 # 1504
1386 # 1504
1387 # 1504
1389 # 1504
1390 # 1504
1391 # 1504
1392 # 1504
1393 # 1504
1395 # 1504
1396 # 1504
1397 # 1504
1398 # 1504
1399 # 1504
1401 # 1504
1402 # 1504
1403 # 1504
1404 # 1504
1405 # 1504
1407 # 1504
1408 # 1504
1409 # 1504
1410 # 1504
1411 # 1504
1413 # 1504
1414 # 1504
1415 # 1504
1416 # 1504
1417 # 1504
1419 # 1504
1420 # 1504
1421 # 1504
1422 # 1504
1423 # 1504
1425 # 1504
1426 # 1504
1427 # 1504
1428 # 1504
1429 # 1504
1431 # 1504
1432 # 1504
1433 # 1504
1434 # 1504
1435 # 1504
1437 # 1504
1438 # 1504
1439 # 1504
1440 # 1504
1441 # 1504
1443 # 1504
1444 # 1504
1445 # 1504
1446 # 1504
1447 # 1504
1449 # 1504
1450 # 1504
1451 # 1504
1452 # 1504
1453 # 1504
1455 # 1504
1456 # 1504
1457 # 1504
1458 # 1504
1459 # 1504
1461 # 1504
1462 # 1504
1463 # 1504
1464 # 1504
1465 # 1504
1467 # 1504
1468 # 1504
1469 # 1504
1470 # 1504
1471 # 1504
1473 # 1504
1474 # 1504
1475 # 1504
1476 # 1504
1477 # 1504
1479 # 1504
1480 # 1504
1481 # 1504
1482 # 1504
1483 # 1504
1485 # 1504
1486 # 1504
1487 # 1504
1488 # 1504
1489 # 1504
1491 # 1504
1492 # 1504
1493 # 1504
1494 # 1504
1495 # 1504
1497 # 1504
1498 # 1504
1499 # 1504
1500 # 1504
1501 # 1504
1503 # 1504
1504 # 1504
1505 # 1504
1506 # 1504
1507 # 1504
1509 # 1504
1510 # 1504
1511 # 1504
1512 # 1504
1513 # 1504
1515 # 1504
1516 # 1504
1517 # 1504
1518 # 1504
1519 # 1504
1521 # 1504
1522 # 1504
1523 # 1504
1524 # 1504
1525 # 1504
1527 # 1504
1528 # 1504
1529 # 1504
1530 # 1504
1531 # 1504
1533 # 1504
1534 # 1504
1535 # 1504
1536 # 1504
1537 # 1504
1539 # 1504
1540 # 1504
1541 # 1504
1542 # 1504
1543 # 1504
1545 # 1504
1546 # 1504
1547 # 1504
1548 # 1504
1549 # 1504
1551 # 1504
1552 # 1504
1553 # 1504
1554 # 1504
1555 # 1504
1557 # 1504
1558 # 1504
1559 # 1504
1560 # 1504
1561 # 1504
1563 # 1504
1564 # 1504
1565 # 1504
1566 # 1504
1567 # 1504
1569 # 1504
1570 # 1504
1571 # 1504
1572 # 1504
1573 # 1504
1575 # 1504
1576 # 1504
1577 # 1504
1578 # 1504
1579 # 1504
1581 # 1504
1582 # 1504
1583 # 1504
1584 # 1504
1585 # 1504
1587 # 1504
1588 # 1504
1589 # 1504
1590 # 1504
1591 # 1504
1593 # 1504
1594 # 1504
1595 # 1504
1596 # 1504
1597 # 1504
1599 # 1504
1600 # 1504
1601 # 1504
1602 # 1504
1603 # 1504
1605 # 1504
1606 # 1504
1607 # 1504
1608 # 1504
1609 # 1504
1611 # 1504
1612 # 1504
1613 # 1504
1614 # 1504
1615 # 1504
1617 # 1504
1618 # 1504
1619 # 1504
1620 # 1504
1621 # 1504
1623 # 1504
1624 # 1504
1625 # 1504
1626 # 1504
1627 # 1504
1629 # 1504
1630 # 1504
1631 # 1504
1632 # 1504
1633 # 1504
1635 # 1504
1636 # 1504
1637 # 1504
1638 # 1504
1639 # 1504
1641 # 1504
1642 # 1504
1643 # 1504
1644 # 1504
1645 # 1504
1647 # 1504
1648 # 1504
1649 # 1504
1650 # 1504
1651 # 1504
1653 # 1504
1654 # 1504
1655 # 1504
1656 # 1504
1657 # 1504
1659 # 1504
1660 # 1504
1661 # 1504
1662 # 1504
1663 # 1504
1665 # 1504
1666 # 1504
1667 # 1504
1668 # 1504
1669 # 1504
1671 # 1504
1672 # 1504
1673 # 1504
1674 # 1504
1675 # 1504
1677 # 1504
1678 # 1504
1679 # 1504
1680 # 1504
1681 # 1504
1683 # 1504
1684 # 1504
1685 # 1504
1686 # 1504
1687 # 1504
1689 # 1504
1690 # 1504
1691 # 1504
1692 # 1504
1693 # 1504
1695 # 1504
1696 # 1504
1697 # 1504
1698 # 1504
1699 # 1504
1701 # 1504
1702 # 1504
1703 # 1504
1704 # 1504
1705 # 1504
1707 # 1504
1708 # 1504
1709 # 1504
1710 # 1504
1711 # 1504
1713 # 1504
1714 # 1504
1715 # 1504
1716 # 1504
1717 # 1504
1719 # 1504
1720 # 1504
1721 # 1504
1722 # 1504
1723 # 1504
1725 # 1504
1726 # 1504
1727 # 1504
1728 # 1504
1729 # 1504
1731 # 1504
1732 # 1504
1733 # 1504
1734 # 1504
1735 # 1504
1737 # 1504
1738 # 1504
1739 # 1504
1740 # 1504
1741 # 1504
1743 # 1504
1744 # 1504
1745 # 1504
1746 # 1504
1747 # 1504
1749 # 1504
1750 # 1504
1751 # 1504
1752 # 1504
1753 # 1504
1755 # 1504
1756 # 1504
1757 # 1504
1758 # 1504
1759 # 1504
1761 # 1504
1762 # 1504
1763 # 1504
1764 # 1504
1765 # 1504
1767 # 1504
1768 # 1504
1769 # 1504
1770 # 1504
1771 # 1504
1773 # 1504
1774 # 1504
1775 # 1504
1776 # 1504
1777 # 1504
1779 # 1504
1780 # 1504
1781 # 1504
1782 # 1504
1783 # 1504
1785 # 1504
1786 # 1504
1787 # 1504
1788 # 1504
1789 # 1504
1791 # 1504
1792 # 1504
1793 # 1504
1794 # 1504
1795 # 1504
1797 # 1504
1798 # 1504
1799 # 1504
1800 # 1504
1801 # 1504
1803 # 1504
1804 # 1504
1805 # 1504
1806 # 1504
1807 # 1504
1809 # 1504
1810 # 1504
1811 # 1504
1812 # 1504
1813 # 1504
1815 # 1504
1816 # 1504
1817 # 1504
1818 # 1504
1819 # 1504
1821 # 1504
1822 # 1504
1823 # 1504
1824 # 1504
1825 # 1504
1827 # 1504
1828 # 1504
1829 # 1504
1830 # 1504
1831 # 1504
1833 # 1504
1834 # 1504
1835 # 1504
1836 # 1504
1837 # 1504
1839 # 1504
1840 # 1504
1841 # 1504
1842 # 1504
1843 # 1504
1845 # 1504
1846 # 1504
1847 # 1504
1848 # 1504
1849 # 1504
1851 # 1504
1852 # 1504
1853 # 1504
1854 # 1504
1855 # 1504
1857 # 1504
1858 # 1504
1859 # 1504
1860 # 1504
1861 # 1504
1863 # 1504
1864 # 1504
1865 # 1504
1866 # 1504
1867 # 1504
1869 # 1504
1870 # 1504
1871 # 1504
1872 # 1504
1873 # 1504
1875 # 1504
1876 # 1504
1877 # 1504
1878 # 1504
1879 # 1504
1881 # 1504
1882 # 1504
1883 # 1504
1884 # 1504
1885 # 1504
1887 # 1504
1888 # 1504
1889 # 1504
1890 # 1504
1891 # 1504
1893 # 1504
1894 # 1504
1895 # 1504
1896 # 1504
1897 # 1504
1899 # 1504
1900 # 1504
1901 # 1504
1902 # 1504
1903 # 1504
1905 # 1504
1906 # 1504
1907 # 1504
1908 # 1504
1909 # 1504
1911 # 1504
1912 # 1504
1913 # 1504
1914 # 1504
1915 # 1504
1917 # 1504
1918 # 1504
1919 # 1504
1920 # 1504
1921 # 1504
1923 # 1504
1924 # 1504
1925 # 1504
1926 # 1504
1927 # 1504
1929 # 1504
1930 # 1504
1931 # 1504
1932 # 1504
1933 # 1504
1935 # 1504
1936 # 1504
1937 # 1504
1938 # 1504
1939 # 1504
1941 # 1504
1942 # 1504
1943 # 1504
1944 # 1504
1945 # 1504
1947 # 1504
1948 # 1504
1949 # 1504
1950 # 1504
1951 # 1504
1953 # 1504
1954 # 1504
1955 # 1504
1956 # 1504
1957 # 1504
1959 # 1504
1960 # 1504
1961 # 1504
1962 # 1504
1963 # 1504
1965 # 1504
1966 # 1504
1967 # 1504
1968 # 1504
1969 # 1504
1971 # 1504
1972 # 1504
1973 # 1504
1974 # 1504
1975 # 1504
1977 # 1504
1978 # 1504
1979 # 1504
1980 # 1504
1981 # 1504
1983 # 1504
1984 # 1504
1985 # 1504
1986 # 1504
1987 # 1504
1989 # 1504
1990 # 1504
1991 # 1504
1992 # 1504
1993 # 1504
1995 # 1504
1996 # 1504
1997 # 1504
1998 # 1504
1999 # 1504
2001 # 1504
2002 # 1504
2003 # 1504
2004 # 1504
2005 # 1504
2007 # 1504
2008 # 1504
2009 # 1504
2010 # 1504
2011 # 1504
2013 # 1504
2014 # 1504
2015 # 1504
2016 # 1504
2017 # 1504
2019 # 1504
2020 # 1504
2021 # 1504
2022 # 1504
2023 # 1504
2025 # 1504
2026 # 1504
2027 # 1504
2028 # 1504
2029 # 1504
2031 # 1504
2032 # 1504
2033 # 1504
2034 # 1504
2035 # 1504
2037 # 1504
2038 # 1504
2039 # 1504
2040 # 1504
2041 # 1504
2043 # 1504
2044 # 1504
2045 # 1504
2046 # 1504
2047 # 1504
2049 # 1504
2050 # 1504
2051 # 1504
2052 # 1504
2053 # 1504
2055 # 1504
2056 # 1504
2057 # 1504
2058 # 1504
2059 # 1504
2061 # 1504
2062 # 1504
2063 # 1504
2064 # 1504
2065 # 1504
2067 # 1504
2068 # 1504
2069 # 1504
2070 # 1504
2071 # 1504
2073 # 1504
2074 # 1504
2075 # 1504
2076 # 1504
2077 # 1504
2079 # 1504
2080 # 1504
2081 # 1504
2082 # 1504
2083 # 1504
2085 # 1504
2086 # 1504
2087 # 1504
2088 # 1504
2089 # 1504
2091 # 1504
2092 # 1504
2093 # 1504
2094 # 1504
2095 # 1504
2097 # 1504
2098 # 1504
2099 # 1504
2100 # 1504
2101 # 1504
2103 # 1504
2104 # 1504
2105 # 1504
2106 # 1504
2107 # 1504
2109 # 1504
2110 # 1504
2111 # 1504
2112 # 1504
2113 # 1504
2115 # 1504
2116 # 1504
2117 # 1504
2118 # 1504
2119 # 1504
2121 # 1504
2122 # 1504
2123 # 1504
2124 # 1504
2125 # 1504
2127 # 1504
2128 # 1504
2129 # 1504
2130 # 1504
2131 # 1504
2133 # 1504
2134 # 1504
2135 # 1504
2136 # 1504
2137 # 1504
2139 # 1504
2140 # 1504
2141 # 1504
2142 # 1504
2143 # 1504
2145 # 1504
2146 # 1504
2147 # 1504
2148 # 1504
2149 # 1504
2151 # 1504
2152 # 1504
2153 # 1504
2154 # 1504
2155 # 1504
2157 # 1504
2158 # 1504
2159 # 1504
2160 # 1504
2161 # 1504
2163 # 1504
2164 # 1504
2165 # 1504
2166 # 1504
2167 # 1504
2169 # 1504
2170 # 1504
2171 # 1504
2172 # 1504
2173 # 1504
2175 # 1504
2176 # 1504
2177 # 1504
2178 # 1504
2179 # 1504
2181 # 1504
2182 # 1504
2183 # 1504
2184 # 1504
2185 # 1504
2187 # 1504
2188 # 1504
2189 # 1504
2190 # 1504
2191 # 1504
2193 # 1504
2194 # 1504
2195 # 1504
2196 # 1504
2197 # 1504
2199 # 1504
2200 # 1504
2201 # 1504
2202 # 1504
2203 # 1504
2205 # 1504
2206 # 1504
2207 # 1504
2208 # 1504
2209 # 1504
2211 # 1504
2212 # 1504
2213 # 1504
2214 # 1504
2215 # 1504
2217 # 1504
2218 # 1504
2219 # 1504
2220 # 1504
2221 # 1504
2223 # 1504
2224 # 1504
2225 # 1504
2226 # 1504
2227 # 1504
2229 # 1504
2230 # 1504
2231 # 1504
2232 # 1504
2233 # 1504
2235 # 1504
2236 # 1504
2237 # 1504
2238 # 1504
2239 # 1504
2241 # 1504
2242 # 1504
2243 # 1504
2244 # 1504
2245 # 1504
2247 # 1504
2248 # 1504
2249 # 1504
2250 # 1504
2251 # 1504
2253 # 1504
2254 # 1504
2255 # 1504
2256 # 1504
2257 # 1504
2259 # 1504
2260 # 1504
2261 # 1504
2262 # 1504
2263 # 1504
2265 # 1504
2266 # 1504
2267 # 1504
2268 # 1504
2269 # 1504
2271 # 1504
2272 # 1504
2273 # 1504
2274 # 1504
2275 # 1504
2277 # 1504
2278 # 1504
2279 # 1504
2280 # 1504
2281 # 1504
2283 # 1504
2284 # 1504
2285 # 1504
2286 # 1504
2287 # 1504
2289 # 1504
2290 # 1504
2291 # 1504
2292 # 1504
2293 # 1504
2295 # 1504
2296 # 1504
2297 # 1504
2298 # 1504
2299 # 1504
2301 # 1504
2302 # 1504
2303 # 1504
2304 # 1504
2305 # 1504
2307 # 1504
2308 # 1504
2309 # 1504
2310 # 1504
2311 # 1504
2313 # 1504
2314 # 1504
2315 # 1504
2316 # 1504
2317 # 1504
2319 # 1504
2320 # 1504
2321 # 1504
2322 # 1504
2323 # 1504
2325 # 1504
2326 # 1504
2327 # 1504
2328 # 1504
2329 # 1504
2331 # 1504
2332 # 1504
2333 # 1504
2334 # 1504
2335 # 1504
2337 # 1504
2338 # 1504
2339 # 1504
2340 # 1504
2341 # 1504
2343 # 1504
2344 # 1504
2345 # 1504
2346 # 1504
2347 # 1504
2349 # 1504
2350 # 1504
2351 # 1504
2352 # 1504
2353 # 1504
2355 # 1504
2356 # 1504
2357 # 1504
2358 # 1504
2359 # 1504
2361 # 1504
2362 # 1504
2363 # 1504
2364 # 1504
2365 # 1504
2367 # 1504
2368 # 1504
2369 # 1504
2370 # 1504
2371 # 1504
2373 # 1504
2374 # 1504
2375 # 1504
2376 # 1504
2377 # 1504
2379 # 1504
2380 # 1504
2381 # 1504
2382 # 1504
2383 # 1504
2385 # 1504
2386 # 1504
2387 # 1504
2388 # 1504
2389 # 1504
2391 # 1504
2392 # 1504
2393 # 1504
2394 # 1504
2395 # 1504
2397 # 1504
2398 # 1504
2399 # 1504
2400 # 1504
2401 # 1504
2403 # 1504
2404 # 1504
2405 # 1504
2406 # 1504
2407 # 1504
2409 # 1504
2410 # 1504
2411 # 1504
2412 # 1504
2413 # 1504
2415 # 1504
2416 # 1504
2417 # 1504
2418 # 1504
2419 # 1504
2421 # 1504
2422 # 1504
2423 # 1504
2424 # 1504
2425 # 1504
2427 # 1504
2428 # 1504
2429 # 1504
2430 # 1504
2431 # 1504
2433 # 1504
2434 # 1504
2435 # 1504
2436 # 1504
2437 # 1504
2439 # 1504
2440 # 1504
2441 # 1504
2442 # 1504
2443 # 1504
2445 # 1504
2446 # 1504
2447 # 1504
2448 # 1504
2449 # 1504
2451 # 1504
2452 # 1504
2453 # 1504
2454 # 1504
2455 # 1504
2457 # 1504
2458 # 1504
2459 # 1504
2460 # 1504
2461 # 1504
2463 # 1504
2464 # 1504
2465 # 1504
2466 # 1504
2467 # 1504
2469 # 1504
2470 # 1504
2471 # 1504
2472 # 1504
2473 # 1504
2475 # 1504
2476 # 1504
2477 # 1504
2478 # 1504
2479 # 1504
2481 # 1504
2482 # 1504
2483 # 1504
2484 # 1504
2485 # 1504
2487 # 1504
2488 # 1504
2489 # 1504
2490 # 1504
2491 # 1504
2493 # 1504
2494 # 1504
2495 # 1504
2496 # 1504
2497 # 1504
2499 # 1504
2500 # 1504
2501 # 1504
2502 # 1504
2503 # 1504
2505 # 1504
2506 # 1504
2507 # 1504
2508 # 1504
2509 # 1504
2511 # 1504
2512 # 1504
2513 # 1504
2514 # 1504
2515 # 1504
2517 # 1504
2518 # 1504
2519 # 1504
2520 # 1504
2521 # 1504
2523 # 1504
2524 # 1504
2525 # 1504
2526 # 1504
2527 # 1504
2529 # 1504
2530 # 1504
2531 # 1504
2532 # 1504
2533 # 1504
2535 # 1504
2536 # 1504
2537 # 1504
2538 # 1504
2539 # 1504
2541 # 1504
2542 # 1504
2543 # 1504
2544 # 1504
2545 # 1504
2547 # 1504
2548 # 1504
2549 # 1504
2550 # 1504
2551 # 1504
2553 # 1504
2554 # 1504
2555 # 1504
2556 # 1504
2557 # 1504
2559 # 1504
2560 # 1504
2561 # 1504
2562 # 1504
2563 # 1504
2565 # 1504
2566 # 1504
2567 # 1504
2568 # 1504
2569 # 1504
2571 # 1504
2572 # 1504
2573 # 1504
2574 # 1504
2575 # 1504
2577 # 1504
2578 # 1504
2579 # 1504
2580 # 1504
2581 # 1504
2583 # 1504
2584 # 1504
2585 # 1504
2586 # 1504
2587 # 1504
2589 # 1504
2590 # 1504
2591 # 1504
2592 # 1504
2593 # 1504
2595 # 1504
2596 # 1504
2597 # 1504
2598 # 1504
2599 # 1504
2601 # 1504
2602 # 1504
2603 # 1504
2604 # 1504
2605 # 1504
2607 # 1504
2608 # 1504
2609 # 1504
2610 # 1504
2611 # 1504
2613 # 1504
2614 # 1504
2615 # 1504
2616 # 1504
2617 # 1504
2619 # 1504
2620 # 1504
2621 # 1504
2622 # 1504
2623 # 1504
2625 # 1504
2626 # 1504
2627 # 1504
2628 # 1504
2629 # 1504
2631 # 1504
2632 # 1504
2633 # 1504
2634 # 1504
2635 # 1504
2637 # 1504
2638 # 1504
2639 # 1504
2640 # 1504
2641 # 1504
2643 # 1504
2644 # 1504
2645 # 1504
2646 # 1504
2647 # 1504
2649 # 1504
2650 # 1504
2651 # 1504
2652 # 1504
2653 # 1504
2655 # 1504
2656 # 1504
2657 # 1504
2658 # 1504
2659 # 1504
2661 # 1504
2662 # 1504
2663 # 1504
2664 # 1504
2665 # 1504
2667 # 1504
2668 # 1504
2669 # 1504
2670 # 1504
2671 # 1504
2673 # 1504
2674 # 1504
2675 # 1504
2676 # 1504
2677 # 1504
2679 # 1504
2680 # 1504
2681 # 1504
2682 # 1504
2683 # 1504
2685 # 1504
2686 # 1504
2687 # 1504
2688 # 1504
2689 # 1504
2691 # 1504
2692 # 1504
2693 # 1504
2694 # 1504
2695 # 1504
2697 # 1504
2698 # 1504
2699 # 1504
2700 # 1504
2701 # 1504
2703 # 1504
2704 # 1504
2705 # 1504
2706 # 1504
2707 # 1504
2709 # 1504
2710 # 1504
2711 # 1504
2712 # 1504
2713 # 1504
2715 # 1504
2716 # 1504
2717 # 1504
2718 # 1504
2719 # 1504
2721 # 1504
2722 # 1504
2723 # 1504
2724 # 1504
2725 # 1504
2727 # 1504
2728 # 1504
2729 # 1504
2730 # 1504
2731 # 1504
2733 # 1504
2734 # 1504
2735 # 1504
2736 # 1504
2737 # 1504
2739 # 1504
2740 # 1504
2741 # 1504
2742 # 1504
2743 # 1504
2745 # 1504
2746 # 1504
2747 # 1504
2748 # 1504
2749 # 1504
2751 # 1504
2752 # 1504
2753 # 1504
2754 # 1504
2755 # 1504
2757 # 1504
2758 # 1504
2759 # 1504
2760 # 1504
2761 # 1504
2763 # 1504
2764 # 1504
2765 # 1504
2766 # 1504
2767 # 1504
2769 # 1504
2770 # 1504
2771 # 1504
2772 # 1504
2773 # 1504
2775 # 1504
2776 # 1504
2777 # 1504
2778 # 1504
2779 # 1504
2781 # 1504
2782 # 1504
2783 # 1504
2784 # 1504
2785 # 1504
2787 # 1504
2788 # 1504
2789 # 1504
2790 # 1504
2791 # 1504
2793 # 1504
2794 # 1504
2795 # 1504
2796 # 1504
2797 # 1504
2799 # 1504
2800 # 1504
2801 # 1504
2802 # 1504
2803 # 1504
2805 # 1504
2806 # 1504
2807 # 1504
2808 # 1504
2809 # 1504
2811 # 1504
2812 # 1504
2813 # 1504
2814 # 1504
2815 # 1504
2817 # 1504
2818 # 1504
2819 # 1504
2820 # 1504
2821 # 1504
2823 # 1504
2824 # 1504
2825 # 1504
2826 # 1504
2827 # 1504
2829 # 1504
2830 # 1504
2831 # 1504
2832 # 1504
2833 # 1504
2835 # 1504
2836 # 1504
2837 # 1504
2838 # 1504
2839 # 1504
2841 # 1504
2842 # 1504
2843 # 1504
2844 # 1504
2845 # 1504
2847 # 1504
2848 # 1504
2849 # 1504
2850 # 1504
2851 # 1504
2853 # 1504
2854 # 1504
2855 # 1504
2856 # 1504
2857 # 1504
2859 # 1504
2860 # 1504
2861 # 1504
2862 # 1504
2863 # 1504
2865 # 1504
2866 # 1504
2867 # 1504
2868 # 1504
2869 # 1504
2871 # 1504
2872 # 1504
2873 # 1504
2874 # 1504
2875 # 1504
2877 # 1504
2878 # 1504
2879 # 1504
2880 # 1504
2881 # 1504
2883 # 1504
2884 # 1504
2885 # 1504
2886 # 1504
2887 # 1504
2889 # 1504
2890 # 1504
2891 # 1504
2892 # 1504
2893 # 1504
2895 # 1504
2896 # 1504
2897 # 1504
2898 # 1504
2899 # 1504
2901 # 1504
2902 # 1504
2903 # 1504
2904 # 1504
2905 # 1504
2907 # 1504
2908 # 1504
2909 # 1504
2910 # 1504
2911 # 1504
2913 # 1504
2914 # 1504
2915 # 1504
2916 # 1504
2917 # 1504
2919 # 1504
2920 # 1504
2921 # 1504
2922 # 1504
2923 # 1504
2925 # 1504
2926 # 1504
2927 # 1504
2928 # 1504
2929 # 1504
2931 # 1504
2932 # 1504
2933 # 1504
2934 # 1504
2935 # 1504
2937 # 1504
2938 # 1504
2939 # 1504
2940 # 1504
2941 # 1504
2943 # 1504
2944 # 1504
2945 # 1504
2946 # 1504
2947 # 1504
2949 # 1504
2950 # 1504
2951 # 1504
2952 # 1504
2953 # 1504
2955 # 1504
2956 # 1504
2957 # 1504
2958 # 1504
2959 # 1504
2961 # 1504
2962 # 1504
2963 # 1504
2964 # 1504
2965 # 1504
2967 # 1504
2968 # 1504
2969 # 1504
2970 # 1504
2971 # 1504
2973 # 1504
2974 # 1504
2975 # 1504
2976 # 1504
2977 # 1504
2979 # 1504
2980 # 1504
2981 # 1504
2982 # 1504
2983 # 1504
2985 # 1504
2986 # 1504
2987 # 1504
2988 # 1504
2989 # 1504
2991 # 1504
2992 # 1504
2993 # 1504
2994 # 1504
2995 # 1504
2997 # 1504
2998 # 1504
2999 # 1504
3000 # 1504
3001 # 1504
3003 # 1504
3004 # 1504
3005 # 1504
3006 # 1504
3007 # 1504
3009 # 1504
3010 # 1504
3011 # 1504
3012 # 1504
3013 # 1504
3015 # 1504
3016 # 1504
3017 # 1504
3018 # 1504
3019 # 1504
3021 # 1504
3022 # 1504
3023 # 1504
3024 # 1504
3025 # 1504
3027 # 1504
3028 # 1504
3029 # 1504
3030 # 1504
3031 # 1504
3033 # 1504
3034 # 1504
3035 # 1504
3036 # 1504
3037 # 1504
3039 # 1504
3040 # 1504
3041 # 1504
3042 # 1504
3043 # 1504
3045 # 1504
3046 # 1504
3047 # 1504
3048 # 1504
3049 # 1504
3051 # 1504
3052 # 1504
3053 # 1504
3054 # 1504
3055 # 1504
3057 # 1504
3058 # 1504
3059 # 1504
3060 # 1504
3061 # 1504
3063 # 1504
3064 # 1504
3065 # 1504
3066 # 1504
3067 # 1504
3069 # 1504
3070 # 1504
3071 # 1504
3072 # 1504
3073 # 1504
3075 # 1504
3076 # 1504
3077 # 1504
3078 # 1504
3079 # 1504
3081 # 1504
3082 # 1504
3083 # 1504
3084 # 1504
3085 # 1504
3087 # 1504
3088 # 1504
3089 # 1504
3090 # 1504
3091 # 1504
3093 # 1504
3094 # 1504
3095 # 1504
3096 # 1504
3097 # 1504
3099 # 1504
3100 # 1504
3101 # 1504
3102 # 1504
3103 # 1504
3105 # 1504
3106 # 1504
3107 # 1504
3108 # 1504
3109 # 1504
3111 # 1504
3112 # 1504
3113 # 1504
3114 # 1504
3115 # 1504
3117 # 1504
3118 # 1504
3119 # 1504
3120 # 1504
3121 # 1504
3123 # 1504
3124 # 1504
3125 # 1504
3126 # 1504
3127 # 1504
3129 # 1504
3130 # 1504
3131 # 1504
3132 # 1504
3133 # 1504
3135 # 1504
3136 # 1504
3137 # 1504
3138 # 1504
3139 # 1504
3141 # 1504
3142 # 1504
3143 # 1504
3144 # 1504
3145 # 1504
3147 # 1504
3148 # 1504
3149 # 1504
3150 # 1504
3151 # 1504
3153 # 1504
3154 # 1504
3155 # 1504
3156 # 1504
3157 # 1504
3159 # 1504
3160 # 1504
3161 # 1504
3162 # 1504
3163 # 1504
3165 # 1504
3166 # 1504
3167 # 1504
3168 # 1504
3169 # 1504
3171 # 1504
3172 # 1504
3173 # 1504
3174 # 1504
3175 # 1504
3177 # 1504
3178 # 1504
3179 # 1504
3180 # 1504
3181 # 1504
3183 # 1504
3184 # 1504
3185 # 1504
3186 # 1504
3187 # 1504
3189 # 1504
3190 # 1504
3191 # 1504
3192 # 1504
3193 # 1504
3195 # 1504
3196 # 1504
3197 # 1504
3198 # 1504
3199 # 1504
3201 # 1504
3202 # 1504
3203 # 1504
3204 # 1504
3205 # 1504
3207 # 1504
3208 # 1504
3209 # 1504
3210 # 1504
3211 # 1504
3213 # 1504
3214 # 1504
3215 # 1504
3216 # 1504
3217 # 1504
3219 # 1504
3220 # 1504
3221 # 1504
3222 # 1504
3223 # 1504
3225 # 1504
3226 # 1504
3227 # 1504
3228 # 1504
3229 # 1504
3231 # 1504
3232 # 1504
3233 # 1504
3234 # 1504
3235 # 1504
3237 # 1504
3238 # 1504
3239 # 1504
3240 # 1504
3241 # 1504
3243 # 1504
3244 # 1504
3245 # 1504
3246 # 1504
3247 # 1504
3249 # 1504
3250 # 1504
3251 # 1504
3252 # 1504
3253 # 1504
3255 # 1504
3256 # 1504
3257 # 1504
3258 # 1504
3259 # 1504
3261 # 1504
3262 # 1504
3263 # 1504
3264 # 1504
3265 # 1504
3267 # 1504
3268 # 1504
3269 # 1504
3270 # 1504
3271 # 1504
3273 # 1504
3274 # 1504
3275 # 1504
3276 # 1504
3277 # 1504
3279 # 1504
3280 # 1504
3281 # 1504
3282 # 1504
3283 # 1504
3285 # 1504
3286 # 1504
3287 # 1504
3288 # 1504
3289 # 1504
3291 # 1504
3292 # 1504
3293 # 1504
3294 # 1504
3295 # 1504
3297 # 1504
3298 # 1504
3299 # 1504
3300 # 1504
3301 # 1504
3303 # 1504
3304 # 1504
3305 # 1504
3306 # 1504
3307 # 1504
3309 # 1504
3310 # 1504
3311 # 1504
3312 # 1504
3313 # 1504
3315 # 1504
3316 # 1504
3317 # 1504
3318 # 1504
3319 # 1504
3321 # 1504
3322 # 1504
3323 # 1504
3324 # 1504
3325 # 1504
3327 # 1504
3328 # 1504
3329 # 1504
3330 # 1504
3331 # 1504
3333 # 1504
3334 # 1504
3335 # 1504
3336 # 1504
3337 # 1504
3339 # 1504
3340 # 1504
3341 # 1504
3342 # 1504
3343 # 1504
3345 # 1504
3346 # 1504
3347 # 1504
3348 # 1504
3349 # 1504
3351 # 1504
3352 # 1504
3353 # 1504
3354 # 1504
3355 # 1504
3357 # 1504
3358 # 1504
3359 # 1504
3360 # 1504
3361 # 1504
3363 # 1504
3364 # 1504
3365 # 1504
3366 # 1504
3367 # 1504
3369 # 1504
3370 # 1504
3371 # 1504
3372 # 1504
3373 # 1504
3375 # 1504
3376 # 1504
3377 # 1504
3378 # 1504
3379 # 1504
3381 # 1504
3382 # 1504
3383 # 1504
3384 # 1504
3385 # 1504
3387 # 1504
3388 # 1504
3389 # 1504
3390 # 1504
3391 # 1504
3393 # 1504
3394 # 1504
3395 # 1504
3396 # 1504
3397 # 1504
3399 # 1504
3400 # 1504
3401 # 1504
3402 # 1504
3403 # 1504
3405 # 1504
3406 # 1504
3407 # 1504
3408 # 1504
3409 # 1504
3411 # 1504
3412 # 1504
3413 # 1504
3414 # 1504
3415 # 1504
3417 # 1504
3418 # 1504
3419 # 1504
3420 # 1504
3421 # 1504
3423 # 1504
3424 # 1504
3425 # 1504
3426 # 1504
3427 # 1504
3429 # 1504
3430 # 1504
3431 # 1504
3432 # 1504
3433 # 1504
3435 # 1504
3436 # 1504
3437 # 1504
3438 # 1504
3439 # 1504
3441 # 1504
3442 # 1504
3443 # 1504
3444 # 1504
3445 # 1504
3447 # 1504
3448 # 1504
3449 # 1504
3450 # 1504
3451 # 1504
3453 # 1504
3454 # 1504
3455 # 1504
3456 # 1504
3457 # 1504
3459 # 1504
3460 # 1504
3461 # 1504
3462 # 1504
3463 # 1504
3465 # 1504
3466 # 1504
3467 # 1504
3468 # 1504
3469 # 1504
3471 # 1504
3472 # 1504
3473 # 1504
3474 # 1504
3475 # 1504
3477 # 1504
3478 # 1504
3479 # 1504
3480 # 1504
3481 # 1504
3483 # 1504
3484 # 1504
3485 # 1504
3486 # 1504
3487 # 1504
3489 # 1504
3490 # 1504
3491 # 1504
3492 # 1504
3493 # 1504
3495 # 1504
3496 # 1504
3497 # 1504
3498 # 1504
3499 # 1504
3501 # 1504
3502 # 1504
3503 # 1504
3504 # 1504
3505 # 1504
3507 # 1504
3508 # 1504
3509 # 1504
3510 # 1504
3511 # 1504
3513 # 1504
3514 # 1504
3515 # 1504
3516 # 1504
3517 # 1504
3519 # 1504
3520 # 1504
3521 # 1504
3522 # 1504
3523 # 1504
3525 # 1504
3526 # 1504
3526 + 132
3527 # 1504
3527 - 132 1
3528 # 1504
3529 # 1504
3531 # 1504
3532 # 1504
3533 # 1504
3534 # 1504
3535 # 1504
3537 # 1504
3538 # 1504
3539 # 1504
3540 # 1504
3541 # 1504
3543 # 1504
3544 # 1504
3545 # 1504
3546 # 1504
3547 # 1504
3549 # 1504
3550 # 1504
3551 # 1504
3552 # 1504
3553 # 1504
3555 # 1504
3556 # 1504
3557 # 1504
3558 # 1504
3559 # 1504
3561 # 1504
3562 # 1504
3563 # 1504
3564 # 1504
3565 # 1504
3567 # 1504
3568 # 1504
3569 # 1504
3570 # 1504
3571 # 1504
3573 # 1504
3574 # 1504
3575 # 1504
3576 # 1504
3577 # 1504
3579 # 1504
3580 # 1504
3581 # 1504
3582 # 1504
3583 # 1504
3585 # 1504
3586 # 1504
3587 # 1504
3588 # 1504
3589 # 1504
3591 # 1504
3592 # 1504
3593 # 1504
3594 # 1504
3595 # 1504
3597 # 1504
3598 # 1504
3599 # 1504
3600 # 1504
3601 # 1504
3603 # 1504
3604 # 1504
3605 # 1504
3606 # 1504
3607 # 1504
3609 # 1504
3610 # 1504
3611 # 1504
3612 # 1504
3613 # 1504
3615 # 1504
3616 # 1504
3617 # 1504
3618 # 1504
3619 # 1504
3621 # 1504
3622 # 1504
3623 # 1504
3624 # 1504
3625 # 1504
3627 # 1504
3628 # 1504
3629 # 1504
3630 # 1504
3631 # 1504
3633 # 1504
3633 + 132
3634 # 1504
3634 - 132 1
3635 # 1504
3636 # 1504
3637 # 1504
3639 # 1504
3640 # 1504
3641 # 1504
3642 # 1504
3643 # 1504
3645 # 1504
3646 # 1504
3647 # 1504
3648 # 1504
3648 + 108
3649 # 1504
3649 - 108 1
3651 # 1504
3652 # 1504
3653 # 1504
3654 # 1504
3655 # 1504
3657 # 1504
3658 # 1504
3659 # 1504
3660 # 1504
3661 # 1504
3663 # 1504
3664 # 1504
3665 # 1504
3666 # 1504
3667 # 1504
3669 # 1504
3670 # 1504
3671 # 1504
3672 # 1504
3673 # 1504
3675 # 1504
3676 # 1504
3677 # 1504
3678 # 1504
3679 # 1504
3681 # 1504
3682 # 1504
3683 # 1504
3684 # 1504
3685 # 1504
3687 # 1504
3688 # 1504
3689 # 1504
3690 # 1504
3691 # 1504
3693 # 1504
3694 # 1504
3695 # 1504
3696 # 1504
3697 # 1504
3699 # 1504
3700 # 1504
3701 # 1504
3702 # 1504
3703 # 1504
3705 # 1504
3706 # 1504
3707 # 1504
3708 # 1504
3709 # 1504
3711 # 1504
3712 # 1504
3713 # 1504
3714 # 1504
3715 # 1504
3717 # 1504
3718 # 1504
3719 # 1504
3720 # 1504
3721 # 1504
3723 # 1504
3724 # 1504
3725 # 1504
3726 # 1504
3727 # 1504
3729 # 1504
3730 # 1504
3731 # 1504
3732 # 1504
3733 # 1504
3735 # 1504
3736 # 1504
3737 # 1504
3738 # 1504
3739 # 1504
3741 # 1504
3741 + 88
3742 # 1504
3742 - 88 1
3742 + 108
3743 # 1504
3743 - 108 1
3744 # 1504
3745 # 1504
3747 # 1504
3748 # 1504
3748 + 88
3749 # 1504
3749 - 88 1
3750 # 1504
3751 # 1504
3752 + 108
3753 # 1504
3753 - 108 1
3754 # 1504
3754 + 88
3755 # 1504
3755 - 88 1
3756 # 1504
3757 # 1504
3759 # 1504
3760 # 1504
3761 # 1504
3761 + 88
3762 # 1504
3762 - 88 1
3763 # 1504
3765 # 1504
3766 # 1504
3767 # 1504
3768 # 1504
3769 # 1504
3770 + 88
3770 + 108
3771 # 1504
3771 - 88 1
3771 - 108 1
3772 # 1504
3773 # 1504
3774 # 1504
3775 # 1504
3776 + 88
3777 # 1504
3777 - 88 1
3778 # 1504
3779 # 1504
3780 # 1504
3781 # 1504
3783 # 1504
3783 + 88
3783 + 108
3784 # 1504
3784 - 88 1
3784 - 108 1
3785 # 1504
3786 # 1504
3787 # 1504
3789 # 1504
3789 + 88
3790 # 1504
3790 - 88 1
3791 # 1504
3792 # 1504
3793 # 1504
3795 # 1504
3796 # 1504
3796 + 88
3796 + 108
3797 # 1504
3797 - 88 1
3797 - 108 1
3798 # 1504
3799 # 1504
3801 # 1504
3802 # 1504
3803 # 1504
3804 # 1504
3804 + 88
3805 # 1504
3805 - 88 1
3807 # 1504
3808 # 1504
3809 # 1504
3810 # 1504
3811 # 1504
3812 + 88
3812 + 108
3813 # 1504
3813 - 88 1
3813 - 108 1
3814 # 1504
3815 # 1504
3816 # 1504
3817 # 1504
3817 + 88
3819 # 1504
3819 - 88 2
3820 # 1504
3821 # 1504
3822 # 1504
3823 # 1504
3825 # 1504
3825 + 88
3825 + 108
3826 # 1504
3826 - 88 1
3826 - 108 1
3827 # 1504
3828 # 1504
3829 # 1504
3830 + 52
3831 # 1504
3831 - 52 1
3831 + 88
3832 # 1504
3832 - 88 1
3833 # 1504
3834 # 1504
3835 # 1504
3837 # 1504
3838 # 1504
3838 + 88
3839 # 1504
3839 - 88 1
3839 + 108
3840 # 1504
3840 - 108 1
3841 # 1504
3843 # 1504
3844 # 1504
3845 # 1504
3846 # 1504
3846 + 88
3847 # 1504
3847 - 88 1
3849 # 1504
3850 # 1504
3851 # 1504
3852 # 1504
3853 # 1504
3854 + 88
3854 + 108
3855 # 1504
3855 - 88 1
3855 - 108 1
3856 # 1504
3857 # 1504
3858 # 1504
3859 # 1504
3859 + 88
3861 # 1504
3861 - 88 2
3862 # 1504
3863 # 1504
3864 # 1504
3865 # 1504
3866 + 88
3866 + 108
3867 # 1504
3867 - 88 1
3867 - 108 1
3868 # 1504
3869 # 1504
3870 # 1504
3871 # 1504
3873 # 1504
3873 + 88
3874 # 1504
3874 - 88 1
3875 # 1504
3876 # 1504
3877 # 1504
3879 # 1504
3880 # 1504
3881 # 1504
3881 + 88
3881 + 108
3882 # 1504
3882 - 88 1
3882 - 108 1
3883 # 1504
3885 # 1504
3886 # 1504
3887 # 1504
3887 + 88
3888 # 1504
3888 - 88 1
3889 # 1504
3891 # 1504
3892 # 1504
3893 # 1504
3894 # 1504
3895 # 1504
3895 + 88
3895 + 108
3897 # 1504
3897 - 88 2
3897 - 108 2
3898 # 1504
3899 # 1504
3900 # 1504
3901 # 1504
3902 + 88
3903 # 1504
3903 - 88 1
3904 # 1504
3905 # 1504
3906 # 1504
3907 # 1504
3909 # 1504
3909 + 88
3909 + 108
3910 # 1504
3910 - 88 1
3910 - 108 1
3911 # 1504
3912 # 1504
3913 # 1504
3915 # 1504
3916 # 1504
3916 + 88
3917 # 1504
3917 - 88 1
3918 # 1504
3919 # 1504
3921 # 1504
3922 # 1504
3923 # 1504
3923 + 88
3923 + 108
3924 # 1504
3924 - 88 1
3924 - 108 1
3925 # 1504
3927 # 1504
3928 # 1504
3929 # 1504
3929 + 88
3930 # 1504
3930 - 88 1
3931 # 1504
3933 # 1504
3934 # 1504
3935 # 1504
3936 # 1504
3937 # 1504
3938 + 88
3938 + 108
3939 # 1504
3939 - 88 1
3939 - 108 1
3940 # 1504
3941 # 1504
3942 # 1504
3943 # 1504
3944 + 88
3945 # 1504
3945 - 88 1
3946 # 1504
3947 # 1504
3948 # 1504
3949 # 1504
3951 # 1504
3951 + 88
3951 + 108
3952 # 1504
3952 - 88 1
3952 - 108 1
3953 # 1504
3954 # 1504
3955 # 1504
3957 # 1504
3958 # 1504
3958 + 88
3959 # 1504
3959 - 88 1
3960 # 1504
3961 # 1504
3963 # 1504
3964 # 1504
3965 # 1504
3965 + 88
3965 + 108
3966 # 1504
3966 - 88 1
3966 - 108 1
3967 # 1504
3969 # 1504
3970 # 1504
3971 # 1504
3971 + 88
3972 # 1504
3972 - 88 1
3973 # 1504
3975 # 1504
3976 # 1504
3977 # 1504
3978 # 1504
3979 # 1504
3980 + 88
3980 + 108
3981 # 1504
3981 - 88 1
3981 - 108 1
3982 # 1504
3983 # 1504
3984 # 1504
3985 # 1504
3986 + 88
3987 # 1504
3987 - 88 1
3988 # 1504
3989 # 1504
3990 # 1504
3991 # 1504
3993 # 1504
3993 + 88
3993 + 108
3994 # 1504
3994 - 88 1
3994 - 108 1
3995 # 1504
3996 # 1504
3997 # 1504
3999 # 1504
4000 # 1504
4000 + 88
4001 # 1504
4001 - 88 1
4002 # 1504
4003 # 1504
4005 # 1504
4006 # 1504
4007 # 1504
4007 + 88
4007 + 108
4008 # 1504
4008 - 88 1
4008 - 108 1
4009 # 1504
4011 # 1504
4012 # 1504
4013 # 1504
4013 + 88
4014 # 1504
4014 - 88 1
4015 # 1504
4017 # 1504
4018 # 1504
4019 # 1504
4020 # 1504
4021 # 1504
4022 + 88
4022 + 108
4023 # 1504
4023 - 88 1
4023 - 108 1
4024 # 1504
4025 # 1504
4026 # 1504
4027 # 1504
4028 + 88
4029 # 1504
4029 - 88 1
4030 # 1504
4031 # 1504
4032 # 1504
4033 # 1504
4035 # 1504
4035 + 88
4035 + 108
4036 # 1504
4036 - 88 1
4036 - 108 1
4037 # 1504
4038 # 1504
4039 # 1504
4041 # 1504
4042 # 1504
4042 + 88
4043 # 1504
4043 - 88 1
4044 # 1504
4045 # 1504
4047 # 1504
4048 # 1504
4049 # 1504
4049 + 88
4049 + 108
4050 # 1504
4050 - 88 1
4050 - 108 1
4051 # 1504
4053 # 1504
4054 # 1504
4055 # 1504
4055 + 88
4056 # 1504
4056 - 88 1
4057 # 1504
4059 # 1504
4060 # 1504
4061 # 1504
4062 # 1504
4063 # 1504
4063 + 88
4063 + 108
4065 # 1504
4065 - 88 2
4065 - 108 2
4066 # 1504
4067 # 1504
4068 # 1504
4069 # 1504
4070 + 88
4071 # 1504
4071 - 88 1
4072 # 1504
4073 # 1504
4074 # 1504
4075 # 1504
4077 # 1504
4077 + 88
4077 + 108
4078 # 1504
4078 - 88 1
4078 - 108 1
4079 # 1504
4080 # 1504
4081 # 1504
4083 # 1504
4084 # 1504
4084 + 88
4085 # 1504
4085 - 88 1
4086 # 1504
4087 # 1504
4089 # 1504
4090 # 1504
4091 # 1504
4091 + 88
4091 + 108
4092 # 1504
4092 - 88 1
4092 - 108 1
4093 # 1504
4095 # 1504
4096 # 1504
4097 # 1504
4097 + 88
4098 # 1504
4098 - 88 1
4099 # 1504
4101 # 1504
4102 # 1504
4103 # 1504
4104 # 1504
4105 # 1504
4106 + 88
4106 + 108
4107 # 1504
4107 - 88 1
4107 - 108 1
4108 # 1504
4109 # 1504
4110 # 1504
4111 # 1504
4113 # 1504
4113 + 88
4114 # 1504
4114 - 88 1
4115 # 1504
4116 # 1504
4117 # 1504
4119 # 1504
4119 + 88
4119 + 108
4120 # 1504
4120 - 88 1
4120 - 108 1
4121 # 1504
4122 # 1504
4123 # 1504
4125 # 1504
4126 # 1504
4126 + 88
4127 # 1504
4127 - 88 1
4128 # 1504
4129 # 1504
4131 # 1504
4132 # 1504
4133 # 1504
4133 + 88
4133 + 108
4134 # 1504
4134 - 88 1
4134 - 108 1
4135 # 1504
4137 # 1504
4138 # 1504
4139 # 1504
4139 + 88
4140 # 1504
4140 - 88 1
4141 # 1504
4143 # 1504
4144 # 1504
4145 # 1504
4146 # 1504
4147 # 1504
4147 + 88
4147 + 108
4149 # 1504
4149 - 88 2
4149 - 108 2
4150 # 1504
4151 # 1504
4152 # 1504
4153 # 1504
4153 + 88
4155 # 1504
4155 - 88 2
4156 # 1504
4157 # 1504
4158 # 1504
4159 # 1504
4161 # 1504
4161 + 88
4161 + 108
4162 # 1504
4162 - 88 1
4162 - 108 1
4163 # 1504
4164 # 1504
4165 # 1504
4167 # 1504
4167 + 88
4168 # 1504
4168 - 88 1
4169 # 1504
4170 # 1504
4171 # 1504
4173 # 1504
4174 # 1504
4175 # 1504
4175 + 88
4175 + 108
4176 # 1504
4176 - 88 1
4176 - 108 1
4177 # 1504
4179 # 1504
4180 # 1504
4181 # 1504
4181 + 88
4182 # 1504
4182 - 88 1
4183 # 1504
4185 # 1504
4186 # 1504
4187 # 1504
4188 # 1504
4189 # 1504
4189 + 88
4189 + 108
4191 # 1504
4191 - 88 2
4191 - 108 2
4192 # 1504
4193 # 1504
4194 # 1504
4195 # 1504
4196 + 88
4197 # 1504
4197 - 88 1
4198 # 1504
4199 # 1504
4200 # 1504
4201 # 1504
4203 # 1504
4203 + 88
4203 + 108
4204 # 1504
4204 - 88 1
4204 - 108 1
4205 # 1504
4206 # 1504
4207 # 1504
4209 # 1504
4209 + 88
4210 # 1504
4210 - 88 1
4211 # 1504
4212 # 1504
4213 # 1504
4215 # 1504
4216 # 1504
4217 # 1504
4217 + 88
4217 + 108
4218 # 1504
4218 - 88 1
4218 - 108 1
4219 # 1504
4221 # 1504
4222 # 1504
4223 # 1504
4223 + 88
4224 # 1504
4224 - 88 1
4225 # 1504
4227 # 1504
4228 # 1504
4229 # 1504
4230 # 1504
4231 # 1504
4232 + 88
4232 + 108
4233 # 1504
4233 - 88 1
4233 - 108 1
4234 # 1504
4235 # 1504
4236 # 1504
4237 # 1504
4238 + 88
4239 # 1504
4239 - 88 1
4240 # 1504
4241 # 1504
4242 # 1504
4243 # 1504
4245 # 1504
4245 + 88
4245 + 108
4246 # 1504
4246 - 88 1
4246 - 108 1
4247 # 1504
4248 # 1504
4249 # 1504
4251 # 1504
4252 # 1504
4252 + 88
4252 + 100
4253 # 1504
4253 - 88 1
4253 - 100 1
4254 # 1504
4255 # 1504
4257 # 1504
4258 # 1504
4259 # 1504
4259 + 88
4260 # 1504
4260 - 88 1
4261 # 1504
4263 # 1504
4263 + 108
4264 # 1504
4264 - 108 1
4265 # 1504
4266 # 1504
4266 + 88
4267 # 1504
4267 - 88 1
4269 # 1504
4270 # 1504
4271 # 1504
4272 # 1504
4273 # 1504
4274 + 88
4274 + 108
4275 # 1504
4275 - 88 1
4275 - 108 1
4276 # 1504
4277 # 1504
4278 # 1504
4279 # 1504
4280 + 88
4281 # 1504
4281 - 88 1
4282 # 1504
4283 # 1504
4284 # 1504
4285 # 1504
4287 # 1504
4287 + 88
4287 + 108
4288 # 1504
4288 - 88 1
4288 - 108 1
4289 # 1504
4290 # 1504
4291 # 1504
4293 # 1504
4293 + 88
4294 # 1504
4294 - 88 1
4295 # 1504
4296 # 1504
4297 # 1504
4299 # 1504
4300 # 1504
4301 # 1504
4301 + 88
4301 + 108
4302 # 1504
4302 - 88 1
4302 - 108 1
4303 # 1504
4305 # 1504
4306 # 1504
4307 # 1504
4308 # 1504
4308 + 88
4309 # 1504
4309 - 88 1
4311 # 1504
4312 # 1504
4313 # 1504
4314 # 1504
4315 # 1504
4316 + 88
4316 + 108
4317 # 1504
4317 - 88 1
4317 - 108 1
4318 # 1504
4319 # 1504
4320 # 1504
4321 # 1504
4322 + 88
4323 # 1504
4323 - 88 1
4324 # 1504
4325 # 1504
4325 + 88
4326 # 1504
4326 - 88 1
4327 # 1504
4329 # 1504
4329 + 88
4329 + 108
4330 # 1504
4330 - 88 1
4330 - 108 1
4331 # 1504
4332 # 1504
4333 # 1504
4333 + 88
4335 # 1504
4335 - 88 2
4335 + 88
4336 # 1504
4336 - 88 1
4337 # 1504
4338 # 1504
4339 # 1504
4339 + 88
4339 + 108
4341 # 1504
4341 - 88 2
4341 - 108 2
4342 # 1504
4343 # 1504
4343 + 88
4344 # 1504
4344 - 88 1
4345 # 1504
4346 + 88
4347 # 1504
4347 - 88 1
4348 # 1504
4349 # 1504
4350 # 1504
4351 # 1504
4351 + 88
4351 + 108
4353 # 1504
4353 - 88 2
4353 - 108 2
4354 # 1504
4354 + 88
4355 # 1504
4355 - 88 1
4356 # 1504
4357 # 1504
4357 + 88
4359 # 1504
4359 - 88 2
4360 # 1504
4360 + 88
4361 # 1504
4361 - 88 1
4362 # 1504
4363 # 1504
4364 + 88
4364 + 108
4365 # 1504
4365 - 88 1
4365 - 108 1
4366 # 1504
4367 # 1504
4367 + 88
4368 # 1504
4368 - 88 1
4369 # 1504
4371 # 1504
4371 + 88
4372 # 1504
4372 - 88 1
4373 # 1504
4374 # 1504
4375 # 1504
4376 + 88
4376 + 108
4377 # 1504
4377 - 88 1
4377 - 108 1
4377 + 88
4378 # 1504
4378 - 88 1
4379 # 1504
4380 # 1504
4381 # 1504
4382 + 88
4383 # 1504
4383 - 88 1
4384 # 1504
4385 # 1504
4385 + 88
4386 # 1504
4386 - 88 1
4387 # 1504
4388 + 88
4389 # 1504
4389 - 88 1
4389 + 108
4390 # 1504
4390 - 108 1
4391 # 1504
4392 # 1504
4393 # 1504
4393 + 88
4395 # 1504
4395 - 88 2
4396 # 1504
4396 + 88
4397 # 1504
4397 - 88 1
4398 # 1504
4399 # 1504
4399 + 88
4399 + 108
4401 # 1504
4401 - 88 2
4401 - 108 2
4402 # 1504
4402 + 88
4403 # 1504
4403 - 88 1
4404 # 1504
4405 # 1504
4406 + 88
4407 # 1504
4407 - 88 1
4408 # 1504
4409 # 1504
4410 # 1504
4410 + 88
4410 + 108
4411 # 1504
4411 - 88 1
4411 - 108 1
4413 # 1504
4413 + 88
4414 # 1504
4414 - 88 1
4415 # 1504
4416 # 1504
4417 # 1504
4417 + 88
4419 # 1504
4419 - 88 2
4420 # 1504
4420 + 88
4420 + 108
4421 # 1504
4421 - 88 1
4421 - 108 1
4422 # 1504
4423 # 1504
4424 + 88
4425 # 1504
4425 - 88 1
4426 # 1504
4427 # 1504
4427 + 88
4428 # 1504
4428 - 88 1
4429 # 1504
4431 # 1504
4431 + 88
4431 + 108
4432 # 1504
4432 - 88 1
4432 - 108 1
4433 # 1504
4434 # 1504
4435 # 1504
4435 + 88
4437 # 1504
4437 - 88 2
4438 # 1504
4438 + 88
4439 # 1504
4439 - 88 1
4440 # 1504
4441 # 1504
4441 + 88
4441 + 108
4443 # 1504
4443 - 88 2
4443 - 108 2
4444 # 1504
4445 # 1504
4445 + 88
4446 # 1504
4446 - 88 1
4447 # 1504
4448 + 88
4449 # 1504
4449 - 88 1
4450 # 1504
4451 # 1504
4451 + 88
4452 # 1504
4452 - 88 1
4453 # 1504
4455 # 1504
4455 + 88
4455 + 108
4456 # 1504
4456 - 88 1
4456 - 108 1
4457 # 1504
4458 # 1504
4459 # 1504
4460 + 88
4461 # 1504
4461 - 88 1
4462 # 1504
4462 + 88
4463 # 1504
4463 - 88 1
4464 # 1504
4465 # 1504
4466 + 88
4466 + 108
4467 # 1504
4467 - 88 1
4467 - 108 1
4468 # 1504
4469 # 1504
4469 + 88
4470 # 1504
4470 - 88 1
4471 # 1504
4473 # 1504
4473 + 88
4474 # 1504
4474 - 88 1
4475 # 1504
4476 # 1504
4477 # 1504
4477 + 88
4477 + 108
4479 # 1504
4479 - 88 2
4479 - 108 2
4480 # 1504
4480 + 88
4481 # 1504
4481 - 88 1
4482 # 1504
4483 # 1504
4483 + 88
4485 # 1504
4485 - 88 2
4486 # 1504
4487 # 1504
4488 # 1504
4488 + 88
4489 # 1504
4489 - 88 1
4490 + 88
4490 + 108
4491 # 1504
4491 - 88 1
4491 - 108 1
4492 # 1504
4493 # 1504
4493 + 88
4494 # 1504
4494 - 88 1
4495 # 1504
4497 # 1504
4497 + 88
4498 # 1504
4498 - 88 1
4499 # 1504
4500 # 1504
4501 # 1504
4501 + 88
4501 + 108
4503 # 1504
4503 - 88 2
4503 - 108 2
4504 # 1504
4504 + 88
4505 # 1504
4505 - 88 1
4506 # 1504
4507 # 1504
4508 + 88
4509 # 1504
4509 - 88 1
4510 # 1504
4511 # 1504
4511 + 88
4511 + 108
4512 # 1504
4512 - 88 1
4512 - 108 1
4513 # 1504
4514 + 88
4515 # 1504
4515 - 88 1
4516 # 1504
4517 # 1504
4518 # 1504
4519 # 1504
4520 + 88
4521 # 1504
4521 - 88 1
4522 # 1504
4522 + 88
4522 + 108
4523 # 1504
4523 - 88 1
4523 - 108 1
4524 # 1504
4525 # 1504
4526 + 88
4527 # 1504
4527 - 88 1
4528 # 1504
4529 # 1504
4529 + 88
4530 # 1504
4530 - 88 1
4531 # 1504
4533 # 1504
4533 + 88
4533 + 108
4534 # 1504
4534 - 88 1
4534 - 108 1
4535 # 1504
4535 + 88
4536 # 1504
4536 - 88 1
4537 # 1504
4539 # 1504
4540 # 1504
4540 + 88
4541 # 1504
4541 - 88 1
4542 # 1504
4543 # 1504
4543 + 88
4543 + 108
4545 # 1504
4545 - 88 2
4545 - 108 2
4546 # 1504
4546 + 88
4546 + 100
4547 # 1504
4547 - 88 1
4547 - 100 1
4548 # 1504
4549 # 1504
4551 # 1504
4551 + 88
4552 # 1504
4552 - 88 1
4553 # 1504
4553 + 88
4554 # 1504
4554 - 88 1
4555 # 1504
4557 # 1504
4557 + 88
4557 + 108
4558 # 1504
4558 - 88 1
4558 - 108 1
4559 # 1504
4560 # 1504
4561 # 1504
4561 + 88
4563 # 1504
4563 - 88 2
4564 # 1504
4564 + 88
4565 # 1504
4565 - 88 1
4566 # 1504
4567 # 1504
4568 + 88
4568 + 108
4569 # 1504
4569 - 88 1
4569 - 108 1
4570 # 1504
4570 + 88
4571 # 1504
4571 - 88 1
4572 # 1504
4573 # 1504
4575 # 1504
4575 + 88
4576 # 1504
4576 - 88 1
4577 # 1504
4577 + 88
4578 # 1504
4578 - 88 1
4579 # 1504
4581 # 1504
4581 + 108
4582 # 1504
4582 - 108 1
4583 # 1504
4583 + 88
4584 # 1504
4584 - 88 1
4585 # 1504
4586 + 88
4587 # 1504
4587 - 88 1
4588 # 1504
4588 + 88
4589 # 1504
4589 - 88 1
4590 # 1504
4591 # 1504
4592 + 88
4592 + 108
4593 # 1504
4593 - 88 1
4593 - 108 1
4594 # 1504
4595 # 1504
4595 + 88
4596 # 1504
4596 - 88 1
4597 # 1504
4598 + 88
4599 # 1504
4599 - 88 1
4600 # 1504
4601 # 1504
4602 # 1504
4603 # 1504
4603 + 88
4603 + 108
4605 # 1504
4605 - 88 2
4605 - 108 2
4605 + 88
4606 # 1504
4606 - 88 1
4607 # 1504
4608 # 1504
4609 # 1504
4609 + 88
4611 # 1504
4611 - 88 2
4612 # 1504
4612 + 88
4613 # 1504
4613 - 88 1
4614 # 1504
4615 # 1504
4617 # 1504
4617 + 88
4617 + 108
4618 # 1504
4618 - 88 1
4618 - 108 1
4619 # 1504
4620 # 1504
4621 # 1504
4621 + 88
4623 # 1504
4623 - 88 2
4623 + 88
4624 # 1504
4624 - 88 1
4625 # 1504
4626 # 1504
4627 # 1504
4627 + 88
4627 + 108
4629 # 1504
4629 - 88 2
4629 - 108 2
4629 + 88
4630 # 1504
4630 - 88 1
4631 # 1504
4631 + 88
4632 # 1504
4632 - 88 1
4633 # 1504
4634 + 88
4634 + 88
4635 # 1504
4635 - 88 1
4635 - 88 1
4636 # 1504
4637 # 1504
4637 + 88
4637 + 88
4638 # 1504
4638 - 88 1
4638 - 88 1
4639 # 1504
4639 + 88
4639 + 108
4641 # 1504
4641 - 88 2
4641 - 108 2
4641 + 88
4642 # 1504
4642 - 88 1
4643 # 1504
4643 + 88
4644 # 1504
4644 - 88 1
4645 # 1504
4645 + 88
4646 + 88
4647 # 1504
4647 - 88 2
4647 - 88 1
4647 + 88
4648 # 1504
4648 - 88 1
4649 # 1504
4649 + 88
4650 # 1504
4650 - 88 1
4651 # 1504
4652 + 88
4652 + 108
4653 # 1504
4653 - 88 1
4653 - 108 1
4653 + 88
4654 # 1504
4654 - 88 1
4654 + 88
4655 # 1504
4655 - 88 1
4656 # 1504
4657 # 1504
4657 + 88
4659 # 1504
4659 - 88 2
4659 + 88
4660 # 1504
4660 - 88 1
4660 + 88
4661 # 1504
4661 - 88 1
4662 # 1504
4662 + 88
4662 + 108
4663 # 1504
4663 - 88 1
4663 - 108 1
4664 + 88
4665 # 1504
4665 - 88 1
4665 + 88
4666 # 1504
4666 - 88 1
4667 # 1504
4667 + 88
4668 # 1504
4668 - 88 1
4669 # 1504
4669 + 88
4670 + 88
4671 # 1504
4671 - 88 2
4671 - 88 1
4672 # 1504
4673 # 1504
4673 + 88
4673 + 108
4674 # 1504
4674 - 88 1
4674 - 108 1
4675 # 1504
4676 + 88
4676 + 88
4677 # 1504
4677 - 88 1
4677 - 88 1
4678 # 1504
4678 + 88
4679 # 1504
4679 - 88 1
4679 + 88
4680 # 1504
4680 - 88 1
4681 # 1504
4681 + 88
4682 + 88
4683 # 1504
4683 - 88 2
4683 - 88 1
4683 + 108
4684 # 1504
4684 - 108 1
4685 # 1504
4685 + 88
4686 # 1504
4686 - 88 1
4687 # 1504
4687 + 88
4688 + 88
4689 # 1504
4689 - 88 2
4689 - 88 1
4690 # 1504
4691 # 1504
4691 + 88
4691 + 88
4692 # 1504
4692 - 88 1
4692 - 88 1
4693 # 1504
4693 + 88
4693 + 108
4695 # 1504
4695 - 88 2
4695 - 108 2
4695 + 88
4696 # 1504
4696 - 88 1
4697 # 1504
4697 + 88
4698 # 1504
4698 - 88 1
4699 # 1504
4699 + 88
4701 # 1504
4701 - 88 2
4701 + 88
4702 # 1504
4702 - 88 1
4702 + 88
4703 # 1504
4703 - 88 1
4704 # 1504
4704 + 88
4704 + 108
4705 # 1504
4705 - 88 1
4705 - 108 1
4705 + 88
4707 # 1504
4707 - 88 2
4707 + 88
4708 # 1504
4708 - 88 1
4709 # 1504
4709 + 88
4710 # 1504
4710 - 88 1
4711 # 1504
4711 + 88
4713 # 1504
4713 - 88 2
4713 + 88
4714 # 1504
4714 - 88 1
4715 # 1504
4715 + 88
4715 + 108
4716 # 1504
4716 - 88 1
4716 - 108 1
4717 # 1504
4717 + 88
4717 + 100
4718 + 88
4719 # 1504
4719 - 88 2
4719 - 100 2
4719 - 88 1
4720 # 1504
4720 + 88
4721 # 1504
4721 - 88 1
4721 + 88
4722 # 1504
4722 - 88 1
4723 # 1504
4723 + 88
4725 # 1504
4725 - 88 2
4725 + 88
4726 # 1504
4726 - 88 1
4727 # 1504
4727 + 88
4728 # 1504
4728 - 88 1
4729 # 1504
4729 + 88
4729 + 108
4730 + 88
4731 # 1504
4731 - 88 2
4731 - 108 2
4731 - 88 1
4732 # 1504
4733 # 1504
4733 + 88
4733 + 88
4734 # 1504
4734 - 88 1
4734 - 88 1
4735 # 1504
4735 + 88
4737 # 1504
4737 - 88 2
4737 + 88
4738 # 1504
4738 - 88 1
4739 # 1504
4739 + 88
4739 + 108
4740 # 1504
4740 - 88 1
4740 - 108 1
4741 # 1504
4741 + 88
4743 # 1504
4743 - 88 2
4743 + 88
4744 # 1504
4744 - 88 1
4744 + 88
4745 # 1504
4745 - 88 1
4746 # 1504
4747 # 1504
4747 + 88
4748 + 88
4749 # 1504
4749 - 88 2
4749 - 88 1
4749 + 88
4750 # 1504
4750 - 88 1
4751 # 1504
4751 + 88
4751 + 108
4752 # 1504
4752 - 88 1
4752 - 108 1
4753 # 1504
4753 + 88
4755 # 1504
4755 - 88 2
4755 + 88
4756 # 1504
4756 - 88 1
4756 + 88
4757 # 1504
4757 - 88 1
4758 # 1504
4759 # 1504
4759 + 88
4760 + 88
4761 # 1504
4761 - 88 2
4761 - 88 1
4762 # 1504
4762 + 88
4762 + 108
4763 # 1504
4763 - 88 1
4763 - 108 1
4763 + 88
4764 # 1504
4764 - 88 1
4765 # 1504
4766 + 88
4767 # 1504
4767 - 88 1
4767 + 88
4768 # 1504
4768 - 88 1
4769 # 1504
4769 + 88
4770 # 1504
4770 - 88 1
4771 # 1504
4771 + 88
4772 + 88
4772 + 108
4773 # 1504
4773 - 88 2
4773 - 88 1
4773 - 108 1
4774 # 1504
4775 # 1504
4775 + 88
4776 # 1504
4776 - 88 1
4777 # 1504
4778 + 88
4778 + 88
4779 # 1504
4779 - 88 1
4779 - 88 1
4780 # 1504
4780 + 88
4781 # 1504
4781 - 88 1
4781 + 88
4782 # 1504
4782 - 88 1
4783 # 1504
4783 + 88
4783 + 108
4784 + 88
4785 # 1504
4785 - 88 2
4785 - 108 2
4785 - 88 1
4786 # 1504
4786 + 88
4787 # 1504
4787 - 88 1
4788 # 1504
4789 # 1504
4789 + 88
4790 + 88
4791 # 1504
4791 - 88 2
4791 - 88 1
4791 + 88
4792 # 1504
4792 - 88 1
4793 # 1504
4793 + 88
4793 + 108
4794 # 1504
4794 - 88 1
4794 - 108 1
4795 # 1504
4795 + 88
4797 # 1504
4797 - 88 2
4797 + 88
4798 # 1504
4798 - 88 1
4798 + 88
4799 # 1504
4799 - 88 1
4800 # 1504
4801 # 1504
4801 + 88
4802 + 88
4803 # 1504
4803 - 88 2
4803 - 88 1
4803 + 88
4803 + 108
4804 # 1504
4804 - 88 1
4804 - 108 1
4805 # 1504
4805 + 88
4806 # 1504
4806 - 88 1
4807 # 1504
4808 + 88
4809 # 1504
4809 - 88 1
4809 + 88
4810 # 1504
4810 - 88 1
4810 + 88
4811 # 1504
4811 - 88 1
4812 # 1504
4813 # 1504
4813 + 88
4814 + 88
4814 + 108
4815 # 1504
4815 - 88 2
4815 - 88 1
4815 - 108 1
4816 # 1504
4816 + 88
4817 # 1504
4817 - 88 1
4818 # 1504
4819 # 1504
4820 + 88
4820 + 88
4821 # 1504
4821 - 88 1
4821 - 88 1
4822 # 1504
4822 + 88
4823 # 1504
4823 - 88 1
4823 + 88
4824 # 1504
4824 - 88 1
4825 # 1504
4825 + 88
4825 + 108
4826 + 88
4827 # 1504
4827 - 88 2
4827 - 108 2
4827 - 88 1
4828 # 1504
4828 + 88
4829 # 1504
4829 - 88 1
4830 # 1504
4831 # 1504
4832 + 88
4832 + 88
4833 # 1504
4833 - 88 1
4833 - 88 1
4834 # 1504
4835 # 1504
4835 + 88
4835 + 88
4836 # 1504
4836 - 88 1
4836 - 88 1
4837 # 1504
4837 + 88
4837 + 108
4839 # 1504
4839 - 88 2
4839 - 108 2
4839 + 88
4840 # 1504
4840 - 88 1
4841 # 1504
4841 + 88
4842 # 1504
4842 - 88 1
4843 # 1504
4843 + 88
4844 + 88
4845 # 1504
4845 - 88 2
4845 - 88 1
4846 # 1504
4846 + 88
4846 + 100
4847 # 1504
4847 - 88 1
4847 - 100 1
4847 + 88
4848 # 1504
4848 - 88 1
4849 # 1504
4850 + 88
4851 # 1504
4851 - 88 1
4851 + 88
4852 # 1504
4852 - 88 1
4852 + 88
4853 # 1504
4853 - 88 1
4854 # 1504
4855 # 1504
4856 + 88
4856 + 88
4857 # 1504
4857 - 88 1
4857 - 88 1
4858 # 1504
4858 + 88
4858 + 108
4859 # 1504
4859 - 88 1
4859 - 108 1
4860 # 1504
4861 # 1504
4861 + 88
4861 + 88
4863 # 1504
4863 - 88 2
4863 - 88 2
4863 + 88
4864 # 1504
4864 - 88 1
4865 # 1504
4865 + 88
4866 # 1504
4866 - 88 1
4867 # 1504
4867 + 88
4868 + 88
4868 + 108
4869 # 1504
4869 - 88 2
4869 - 88 1
4869 - 108 1
4870 # 1504
4870 + 88
4871 # 1504
4871 - 88 1
4872 # 1504
4873 # 1504
4875 # 1504
4875 + 88
4875 + 88
4876 # 1504
4876 - 88 1
4876 - 88 1
4876 + 88
4877 # 1504
4877 - 88 1
4877 + 88
4878 # 1504
4878 - 88 1
4879 # 1504
4879 + 88
4879 + 108
4880 + 88
4881 # 1504
4881 - 88 2
4881 - 108 2
4881 - 88 1
4882 # 1504
4882 + 88
4883 # 1504
4883 - 88 1
4884 # 1504
4885 # 1504
4885 + 88
4886 + 88
4887 # 1504
4887 - 88 2
4887 - 88 1
4888 # 1504
4888 + 88
4889 # 1504
4889 - 88 1
4889 + 88
4889 + 108
4890 # 1504
4890 - 88 1
4890 - 108 1
4891 # 1504
4891 + 88
4893 # 1504
4893 - 88 2
4893 + 88
4894 # 1504
4894 - 88 1
4895 # 1504
4895 + 88
4896 # 1504
4896 - 88 1
4897 # 1504
4897 + 88
4898 + 88
4899 # 1504
4899 - 88 2
4899 - 88 1
4900 # 1504
4900 + 88
4900 + 108
4901 # 1504
4901 - 88 1
4901 - 108 1
4902 # 1504
4902 + 88
4903 # 1504
4903 - 88 1
4903 + 88
4905 # 1504
4905 - 88 2
4906 # 1504
4906 + 88
4907 # 1504
4907 - 88 1
4907 + 88
4908 # 1504
4908 - 88 1
4909 # 1504
4909 + 88
4911 # 1504
4911 - 88 2
4911 + 88
4911 + 108
4912 # 1504
4912 - 88 1
4912 - 108 1
4912 + 88
4913 # 1504
4913 - 88 1
4914 # 1504
4915 # 1504
4915 + 88
4917 # 1504
4917 - 88 2
4917 + 88
4918 # 1504
4918 - 88 1
4918 + 88
4919 # 1504
4919 - 88 1
4919 + 88
4920 # 1504
4920 - 88 1
4921 # 1504
4921 + 88
4923 # 1504
4923 - 88 2
4923 + 88
4923 + 108
4924 # 1504
4924 - 88 1
4924 - 108 1
4924 + 88
4925 # 1504
4925 - 88 1
4926 # 1504
4927 # 1504
4927 + 88
4928 + 88
4929 # 1504
4929 - 88 2
4929 - 88 1
4930 # 1504
4931 # 1504
4931 + 88
4931 + 88
4932 # 1504
4932 - 88 1
4932 - 88 1
4933 # 1504
4933 + 88
4934 + 88
4934 + 108
4935 # 1504
4935 - 88 2
4935 - 88 1
4935 - 108 1
4935 + 88
4936 # 1504
4936 - 88 1
4937 # 1504
4937 + 88
4937 + 88
4938 # 1504
4938 - 88 1
4938 - 88 1
4939 # 1504
4939 + 88
4940 + 88
4941 # 1504
4941 - 88 2
4941 - 88 1
4941 + 88
4942 # 1504
4942 - 88 1
4942 + 88
4943 # 1504
4943 - 88 1
4943 + 88
4944 # 1504
4944 - 88 1
4945 # 1504
4945 + 88
4945 + 108
4946 + 88
4947 # 1504
4947 - 88 2
4947 - 108 2
4947 - 88 1
4947 + 88
4948 # 1504
4948 - 88 1
4948 + 88
4949 # 1504
4949 - 88 1
4949 + 88
4950 # 1504
4950 - 88 1
4951 # 1504
4951 + 88
4953 # 1504
4953 - 88 2
4953 + 88
4953 + 88
4954 # 1504
4954 - 88 1
4954 - 88 1
4954 + 88
4955 # 1504
4955 - 88 1
4955 + 88
4956 # 1504
4956 - 88 1
4957 # 1504
4957 + 88
4957 + 108
4958 + 88
4959 # 1504
4959 - 88 2
4959 - 108 2
4959 - 88 1
4959 + 88
4960 # 1504
4960 - 88 1
4960 + 88
4961 # 1504
4961 - 88 1
4961 + 88
4961 + 100
4961 + 88
4962 # 1504
4962 - 88 1
4962 - 100 1
4962 - 88 1
4963 # 1504
4963 + 88
4964 + 88
4965 # 1504
4965 - 88 2
4965 - 88 1
4965 + 88
4966 # 1504
4966 - 88 1
4967 # 1504
4967 + 88
4967 + 88
4968 # 1504
4968 - 88 1
4968 - 88 1
4969 # 1504
4969 + 88
4970 + 88
4971 # 1504
4971 - 88 2
4971 - 88 1
4971 + 88
4971 + 108
4972 # 1504
4972 - 88 1
4972 - 108 1
4973 # 1504
4973 + 88
4973 + 88
4974 # 1504
4974 - 88 1
4974 - 88 1
4975 # 1504
4975 + 88
4976 + 88
4977 # 1504
4977 - 88 2
4977 - 88 1
4977 + 88
4978 # 1504
4978 - 88 1
4978 + 88
4979 # 1504
4979 - 88 1
4979 + 88
4980 # 1504
4980 - 88 1
4981 # 1504
4981 + 88
4981 + 108
4982 + 88
4983 # 1504
4983 - 88 2
4983 - 108 2
4983 - 88 1
4983 + 88
4984 # 1504
4984 - 88 1
4984 + 88
4985 # 1504
4985 - 88 1
4985 + 88
4986 # 1504
4986 - 88 1
4987 # 1504
4987 + 88
4987 + 88
4988 + 88
4989 # 1504
4989 - 88 2
4989 - 88 2
4989 - 88 1
4989 + 88
4990 # 1504
4990 - 88 1
4990 + 88
4991 # 1504
4991 - 88 1
4991 + 88
4992 # 1504
4992 - 88 1
4993 # 1504
4993 + 88
4993 + 108
4995 # 1504
4995 - 88 2
4995 - 108 2
4995 + 88
4995 + 88
4996 # 1504
4996 - 88 1
4996 - 88 1
4996 + 88
4997 # 1504
4997 - 88 1
4997 + 88
4998 # 1504
4998 - 88 1
4999 # 1504
4999 + 88
5000 + 88
5001 # 1504
5001 - 88 2
5001 - 88 1
5001 + 88
5002 # 1504
5002 - 88 1
5003 # 1504
5003 + 88
5003 + 88
5003 + 108
5004 # 1504
5004 - 88 1
5004 - 88 1
5004 - 108 1
5005 # 1504
5005 + 88
5006 + 88
5007 # 1504
5007 - 88 2
5007 - 88 1
5007 + 88
5008 # 1504
5008 - 88 1
5009 # 1504
5009 + 88
5009 + 88
5010 # 1504
5010 - 88 1
5010 - 88 1
5011 # 1504
5011 + 88
5012 + 88
5013 # 1504
5013 - 88 2
5013 - 88 1
5013 + 88
5014 # 1504
5014 - 88 1
5015 # 1504
5015 + 88
5015 + 108
5015 + 88
5016 # 1504
5016 - 88 1
5016 - 108 1
5016 - 88 1
5017 # 1504
5017 + 88
5017 + 88
5018 + 88
5019 # 1504
5019 - 88 2
5019 - 88 2
5019 - 88 1
5019 + 88
5020 # 1504
5020 - 88 1
5020 + 88
5021 # 1504
5021 - 88 1
5021 + 88
5022 # 1504
5022 - 88 1
5023 # 1504
5023 + 88
5024 + 88
5025 # 1504
5025 - 88 2
5025 - 88 1
5025 + 88
5025 + 108
5026 # 1504
5026 - 88 1
5026 - 108 1
5026 + 88
5027 # 1504
5027 - 88 1
5027 + 88
5028 # 1504
5028 - 88 1
5029 # 1504
5029 + 88
5030 + 88
5031 # 1504
5031 - 88 2
5031 - 88 1
5031 + 88
5032 # 1504
5032 - 88 1
5032 + 88
5033 # 1504
5033 - 88 1
5033 + 88
5034 # 1504
5034 - 88 1
5035 # 1504
5035 + 88
5036 + 88
5036 + 108
5037 # 1504
5037 - 88 2
5037 - 88 1
5037 - 108 1
5037 + 88
5038 # 1504
5038 - 88 1
5038 + 88
5039 # 1504
5039 - 88 1
5039 + 88
5040 # 1504
5040 - 88 1
5041 # 1504
5041 + 88
5042 + 88
5043 # 1504
5043 - 88 2
5043 - 88 1
5043 + 88
5044 # 1504
5044 - 88 1
5044 + 88
5045 # 1504
5045 - 88 1
5045 + 88
5045 + 88
5045 + 100
5046 # 1504
5046 - 88 1
5046 - 88 1
5046 - 100 1
5047 # 1504
5047 + 88
5048 + 88
5049 # 1504
5049 - 88 2
5049 - 88 1
5049 + 88
5050 # 1504
5050 - 88 1
5051 # 1504
5051 + 88
5051 + 88
5052 # 1504
5052 - 88 1
5052 - 88 1
5053 # 1504
5053 + 88
5054 + 88
5055 # 1504
5055 - 88 2
5055 - 88 1
5055 + 88
5056 # 1504
5056 - 88 1
5056 + 88
5056 + 108
5057 # 1504
5057 - 88 1
5057 - 108 1
5057 + 88
5058 # 1504
5058 - 88 1
5059 # 1504
5059 + 88
5060 + 88
5061 # 1504
5061 - 88 2
5061 - 88 1
5061 + 88
5062 # 1504
5062 - 88 1
5062 + 88
5063 # 1504
5063 - 88 1
5063 + 88
5064 # 1504
5064 - 88 1
5065 # 1504
5065 + 88
5066 + 88
5066 + 108
5067 # 1504
5067 - 88 2
5067 - 88 1
5067 - 108 1
5067 + 88
5068 # 1504
5068 - 88 1
5068 + 88
5069 # 1504
5069 - 88 1
5069 + 88
5070 # 1504
5070 - 88 1
5071 # 1504
5071 + 88
5071 + 88
5072 + 88
5073 # 1504
5073 - 88 2
5073 - 88 2
5073 - 88 1
5073 + 88
5074 # 1504
5074 - 88 1
5074 + 88
5075 # 1504
5075 - 88 1
5075 + 88
5076 # 1504
5076 - 88 1
5077 # 1504
5077 + 88
5077 + 108
5078 + 88
5079 # 1504
5079 - 88 2
5079 - 108 2
5079 - 88 1
5079 + 88
5080 # 1504
5080 - 88 1
5080 + 88
5081 # 1504
5081 - 88 1
5081 + 88
5082 # 1504
5082 - 88 1
5083 # 1504
5083 + 88
5084 + 88
5085 # 1504
5085 - 88 2
5085 - 88 1
5085 + 88
5086 # 1504
5086 - 88 1
5087 # 1504
5087 + 88
5087 + 88
5087 + 108
5088 # 1504
5088 - 88 1
5088 - 88 1
5088 - 108 1
5089 # 1504
5089 + 88
5090 + 88
5091 # 1504
5091 - 88 2
5091 - 88 1
5091 + 88
5092 # 1504
5092 - 88 1
5092 + 88
5093 # 1504
5093 - 88 1
5093 + 88
5094 # 1504
5094 - 88 1
5095 # 1504
5095 + 88
5096 + 88
5097 # 1504
5097 - 88 2
5097 - 88 1
5097 + 88
5098 # 1504
5098 - 88 1
5098 + 88
5098 + 108
5099 # 1504
5099 - 88 1
5099 - 108 1
5099 + 88
5099 + 88
5100 # 1504
5100 - 88 1
5100 - 88 1
5101 # 1504
5101 + 88
5102 + 88
5103 # 1504
5103 - 88 2
5103 - 88 1
5103 + 88
5104 # 1504
5104 - 88 1
5104 + 88
5105 # 1504
5105 - 88 1
5105 + 88
5106 # 1504
5106 - 88 1
5107 # 1504
5107 + 88
5108 + 88
5108 + 108
5109 # 1504
5109 - 88 2
5109 - 88 1
5109 - 108 1
5109 + 88
5110 # 1504
5110 - 88 1
5110 + 88
5111 # 1504
5111 - 88 1
5111 + 88
5112 # 1504
5112 - 88 1
5113 # 1504
5113 + 88
5114 + 88
5115 # 1504
5115 - 88 2
5115 - 88 1
5115 + 88
5116 # 1504
5116 - 88 1
5116 + 88
5117 # 1504
5117 - 88 1
5117 + 88
5118 # 1504
5118 - 88 1
5119 # 1504
5119 + 88
5119 + 108
5120 + 88
5121 # 1504
5121 - 88 2
5121 - 108 2
5121 - 88 1
5121 + 88
5122 # 1504
5122 - 88 1
5122 + 88
5123 # 1504
5123 - 88 1
5123 + 88
5124 # 1504
5124 - 88 1
5125 # 1504
5125 + 88
5126 + 88
5127 # 1504
5127 - 88 2
5127 - 88 1
5127 + 88
5128 # 1504
5128 - 88 1
5129 # 1504
5129 + 88
5129 + 88
5129 + 108
5130 # 1504
5130 - 88 1
5130 - 88 1
5130 - 108 1
5131 # 1504
5131 + 88
5131 + 88
5131 + 100
5132 + 88
5133 # 1504
5133 - 88 2
5133 - 88 2
5133 - 100 2
5133 - 88 1
5133 + 88
5134 # 1504
5134 - 88 1
5134 + 88
5135 # 1504
5135 - 88 1
5135 + 88
5136 # 1504
5136 - 88 1
5137 # 1504
5137 + 88
5138 + 88
5139 # 1504
5139 - 88 2
5139 - 88 1
5139 + 88
5140 # 1504
5140 - 88 1
5140 + 88
5141 # 1504
5141 - 88 1
5141 + 88
5142 # 1504
5142 - 88 1
5143 # 1504
5143 + 88
5143 + 108
5144 + 88
5145 # 1504
5145 - 88 2
5145 - 108 2
5145 - 88 1
5145 + 88
5146 # 1504
5146 - 88 1
5147 # 1504
5147 + 88
5147 + 88
5148 # 1504
5148 - 88 1
5148 - 88 1
5149 # 1504
5149 + 88
5150 + 88
5151 # 1504
5151 - 88 2
5151 - 88 1
5151 + 88
5152 # 1504
5152 - 88 1
5152 + 88
5153 # 1504
5153 - 88 1
5153 + 88
5153 + 108
5154 # 1504
5154 - 88 1
5154 - 108 1
5155 # 1504
5155 + 88
5155 + 88
5156 + 88
5157 # 1504
5157 - 88 2
5157 - 88 2
5157 - 88 1
5157 + 88
5158 # 1504
5158 - 88 1
5158 + 88
5159 # 1504
5159 - 88 1
5159 + 88
5160 # 1504
5160 - 88 1
5161 # 1504
5161 + 88
5162 + 88
5163 # 1504
5163 - 88 2
5163 - 88 1
5164 # 1504
5164 + 88
5164 + 108
5165 # 1504
5165 - 88 1
5165 - 108 1
5165 + 88
5165 + 88
5166 # 1504
5166 - 88 1
5166 - 88 1
5167 # 1504
5167 + 88
5168 + 88
5169 # 1504
5169 - 88 2
5169 - 88 1
5169 + 88
5170 # 1504
5170 - 88 1
5171 # 1504
5171 + 88
5171 + 88
5172 # 1504
5172 - 88 1
5172 - 88 1
5173 # 1504
5173 + 88
5175 # 1504
5175 - 88 2
5175 + 88
5175 + 108
5175 + 88
5176 # 1504
5176 - 88 1
5176 - 108 1
5176 - 88 1
5176 + 88
5177 # 1504
5177 - 88 1
5177 + 88
5178 # 1504
5178 - 88 1
5179 # 1504
5179 + 88
5180 + 88
5181 # 1504
5181 - 88 2
5181 - 88 1
5181 + 88
5182 # 1504
5182 - 88 1
5182 + 88
5183 # 1504
5183 - 88 1
5183 + 88
5184 # 1504
5184 - 88 1
5185 # 1504
5185 + 88
5185 + 108
5186 + 88
5186 + 88
5187 # 1504
5187 - 88 2
5187 - 108 2
5187 - 88 1
5187 - 88 1
5187 + 88
5188 # 1504
5188 - 88 1
5188 + 88
5189 # 1504
5189 - 88 1
5189 + 88
5190 # 1504
5190 - 88 1
5191 # 1504
5191 + 88
5193 # 1504
5193 - 88 2
5193 + 88
5193 + 88
5194 # 1504
5194 - 88 1
5194 - 88 1
5194 + 88
5195 # 1504
5195 - 88 1
5195 + 88
5195 + 108
5196 # 1504
5196 - 88 1
5196 - 108 1
5197 # 1504
5197 + 88
5198 + 88
5199 # 1504
5199 - 88 2
5199 - 88 1
5200 # 1504
5200 + 88
5201 # 1504
5201 - 88 1
5201 + 88
5201 + 88
5202 # 1504
5202 - 88 1
5202 - 88 1
5203 # 1504
5203 + 88
5204 + 88
5205 # 1504
5205 - 88 2
5205 - 88 1
5205 + 88
5206 # 1504
5206 - 88 1
5206 + 88
5206 + 108
5207 # 1504
5207 - 88 1
5207 - 108 1
5207 + 88
5208 # 1504
5208 - 88 1
5209 # 1504
5209 + 88
5210 + 88
5211 # 1504
5211 - 88 2
5211 - 88 1
5211 + 88
5212 # 1504
5212 - 88 1
5212 + 88
5213 # 1504
5213 - 88 1
5213 + 88
5214 # 1504
5214 - 88 1
5215 # 1504
5215 + 88
5216 + 88
5216 + 88
5216 + 100
5217 # 1504
5217 - 88 2
5217 - 88 1
5217 - 88 1
5217 - 100 1
5218 # 1504
5218 + 88
5219 # 1504
5219 - 88 1
5219 + 88
5219 + 88
5220 # 1504
5220 - 88 1
5220 - 88 1
5221 # 1504
5221 + 88
5222 + 88
5223 # 1504
5223 - 88 2
5223 - 88 1
5223 + 88
5224 # 1504
5224 - 88 1
5225 # 1504
5225 + 88
5225 + 88
5226 # 1504
5226 - 88 1
5226 - 88 1
5227 # 1504
5227 + 88
5227 + 108
5229 # 1504
5229 - 88 2
5229 - 108 2
5229 + 88
5229 + 88
5230 # 1504
5230 - 88 1
5230 - 88 1
5230 + 88
5231 # 1504
5231 - 88 1
5231 + 88
5232 # 1504
5232 - 88 1
5233 # 1504
5233 + 88
5234 + 88
5235 # 1504
5235 - 88 2
5235 - 88 1
5235 + 88
5236 # 1504
5236 - 88 1
5236 + 88
5237 # 1504
5237 - 88 1
5237 + 88
5238 # 1504
5238 - 88 1
5239 # 1504
5239 + 88
5239 + 108
5240 + 88
5240 + 88
5241 # 1504
5241 - 88 2
5241 - 108 2
5241 - 88 1
5241 - 88 1
5241 + 88
5242 # 1504
5242 - 88 1
5242 + 88
5243 # 1504
5243 - 88 1
5243 + 88
5244 # 1504
5244 - 88 1
5245 # 1504
5247 # 1504
5247 + 88
5247 + 88
5247 + 88
5248 # 1504
5248 - 88 1
5248 - 88 1
5248 - 88 1
5249 # 1504
5249 + 88
5249 + 88
5250 # 1504
5250 - 88 1
5250 - 88 1
5251 # 1504
5251 + 88
5251 + 108
5253 # 1504
5253 - 88 2
5253 - 108 2
5253 + 88
5253 + 88
5254 # 1504
5254 - 88 1
5254 - 88 1
5254 + 88
5255 # 1504
5255 - 88 1
5255 + 88
5256 # 1504
5256 - 88 1
5257 # 1504
5257 + 88
5258 + 88
5259 # 1504
5259 - 88 2
5259 - 88 1
5259 + 88
5260 # 1504
5260 - 88 1
5261 # 1504
5261 + 88
5261 + 88
5261 + 108
5262 # 1504
5262 - 88 1
5262 - 88 1
5262 - 108 1
5263 # 1504
5263 + 88
5264 + 88
5265 # 1504
5265 - 88 2
5265 - 88 1
5265 + 88
5266 # 1504
5266 - 88 1
5266 + 88
5267 # 1504
5267 - 88 1
5267 + 88
5268 # 1504
5268 - 88 1
5269 # 1504
5269 + 88
5270 + 88
5270 + 88
5271 # 1504
5271 - 88 2
5271 - 88 1
5271 - 88 1
5271 + 88
5271 + 108
5272 # 1504
5272 - 88 1
5272 - 108 1
5272 + 88
5273 # 1504
5273 - 88 1
5273 + 88
5274 # 1504
5274 - 88 1
5275 # 1504
5275 + 88
5276 + 88
5277 # 1504
5277 - 88 2
5277 - 88 1
5277 + 88
5278 # 1504
5278 - 88 1
5279 # 1504
5279 + 88
5279 + 88
5280 # 1504
5280 - 88 1
5280 - 88 1
5281 # 1504
5281 + 88
5281 + 108
5282 + 88
5283 # 1504
5283 - 88 2
5283 - 108 2
5283 - 88 1
5283 + 88
5284 # 1504
5284 - 88 1
5284 + 88
5285 # 1504
5285 - 88 1
5285 + 88
5286 # 1504
5286 - 88 1
5287 # 1504
5287 + 88
5288 + 88
5289 # 1504
5289 - 88 2
5289 - 88 1
5289 + 88
5290 # 1504
5290 - 88 1
5290 + 88
5291 # 1504
5291 - 88 1
5291 + 88
5292 # 1504
5292 - 88 1
5293 # 1504
5294 + 88
5294 + 108
5294 + 88
5295 # 1504
5295 - 88 1
5295 - 108 1
5295 - 88 1
5295 + 88
5296 # 1504
5296 - 88 1
5297 # 1504
5297 + 88
5297 + 88
5298 # 1504
5298 - 88 1
5298 - 88 1
5299 # 1504
5299 + 88
5301 # 1504
5301 - 88 2
5301 + 88
5301 + 88
5301 + 88
5301 + 100
5302 # 1504
5302 - 88 1
5302 - 88 1
5302 - 88 1
5302 - 100 1
5303 # 1504
5303 + 88
5304 # 1504
5304 - 88 1
5304 + 88
5305 # 1504
5305 - 88 1
5305 + 88
5306 + 88
5307 # 1504
5307 - 88 2
5307 - 88 1
5307 + 88
5308 # 1504
5308 - 88 1
5308 + 88
5309 # 1504
5309 - 88 1
5309 + 88
5310 # 1504
5310 - 88 1
5311 # 1504
5311 + 88
5312 + 88
5312 + 108
5313 # 1504
5313 - 88 2
5313 - 88 1
5313 - 108 1
5313 + 88
5314 # 1504
5314 - 88 1
5315 # 1504
5315 + 88
5315 + 88
5316 # 1504
5316 - 88 1
5316 - 88 1
5317 # 1504
5317 + 88
5318 + 88
5319 # 1504
5319 - 88 2
5319 - 88 1
5319 + 88
5320 # 1504
5320 - 88 1
5320 + 88
5321 # 1504
5321 - 88 1
5321 + 88
5322 # 1504
5322 - 88 1
5323 # 1504
5323 + 88
5323 + 108
5325 # 1504
5325 - 88 2
5325 - 108 2
5325 + 88
5325 + 88
5325 + 88
5326 # 1504
5326 - 88 1
5326 - 88 1
5326 - 88 1
5326 + 88
5327 # 1504
5327 - 88 1
5327 + 88
5328 # 1504
5328 - 88 1
5329 # 1504
5329 + 88
5330 + 88
5331 # 1504
5331 - 88 2
5331 - 88 1
5331 + 88
5332 # 1504
5332 - 88 1
5332 + 88
5333 # 1504
5333 - 88 1
5333 + 88
5333 + 108
5334 # 1504
5334 - 88 1
5334 - 108 1
5335 # 1504
5335 + 88
5336 + 88
5337 # 1504
5337 - 88 2
5337 - 88 1
5337 + 88
5338 # 1504
5338 - 88 1
5338 + 88
5339 # 1504
5339 - 88 1
5339 + 88
5340 # 1504
5340 - 88 1
5341 # 1504
5341 + 88
5342 + 88
5343 # 1504
5343 - 88 2
5343 - 88 1
5344 # 1504
5344 + 88
5344 + 108
5344 + 88
5345 # 1504
5345 - 88 1
5345 - 108 1
5345 - 88 1
5345 + 88
5346 # 1504
5346 - 88 1
5347 # 1504
5348 + 88
5348 + 88
5349 # 1504
5349 - 88 1
5349 - 88 1
5349 + 88
5350 # 1504
5350 - 88 1
5351 # 1504
5351 + 88
5351 + 88
5352 # 1504
5352 - 88 1
5352 - 88 1
5353 # 1504
5353 + 88
5354 + 88
5354 + 108
5355 # 1504
5355 - 88 2
5355 - 88 1
5355 - 108 1
5356 # 1504
5356 + 88
5356 + 88
5357 # 1504
5357 - 88 1
5357 - 88 1
5357 + 88
5358 # 1504
5358 - 88 1
5359 # 1504
5359 + 88
5359 + 88
5361 # 1504
5361 - 88 2
5361 - 88 2
5361 + 88
5361 + 88
5362 # 1504
5362 - 88 1
5362 - 88 1
5362 + 88
5363 # 1504
5363 - 88 1
5363 + 88
5364 # 1504
5364 - 88 1
5365 # 1504
5365 + 88
5366 + 108
5367 # 1504
5367 - 88 2
5367 - 108 1
5367 + 88
5367 + 88
5368 # 1504
5368 - 88 1
5368 - 88 1
5368 + 88
5369 # 1504
5369 - 88 1
5369 + 88
5370 # 1504
5370 - 88 1
5371 # 1504
5371 + 88
5372 + 88
5373 # 1504
5373 - 88 2
5373 - 88 1
5373 + 88
5374 # 1504
5374 - 88 1
5375 # 1504
5375 + 88
5375 + 88
5376 # 1504
5376 - 88 1
5376 - 88 1
5377 # 1504
5377 + 88
5377 + 108
5378 + 88
5379 # 1504
5379 - 88 2
5379 - 108 2
5379 - 88 1
5380 # 1504
5380 + 88
5380 + 88
5381 # 1504
5381 - 88 1
5381 - 88 1
5381 + 88
5382 # 1504
5382 - 88 1
5383 # 1504
5383 + 88
5384 + 88
5385 # 1504
5385 - 88 2
5385 - 88 1
5385 + 88
5386 # 1504
5386 - 88 1
5387 # 1504
5387 + 88
5388 # 1504
5388 - 88 1
5388 + 88
5388 + 108
5388 + 88
5389 # 1504
5389 - 88 1
5389 - 108 1
5389 - 88 1
5389 + 88
5390 + 88
5391 # 1504
5391 - 88 2
5391 - 88 1
5391 + 88
5392 # 1504
5392 - 88 1
5393 # 1504
5393 + 88
5393 + 88
5394 # 1504
5394 - 88 1
5394 - 88 1
5395 # 1504
5395 + 88
5396 + 88
5397 # 1504
5397 - 88 2
5397 - 88 1
5397 + 88
5398 # 1504
5398 - 88 1
5398 + 88
5399 # 1504
5399 - 88 1
5399 + 88
5399 + 108
5400 # 1504
5400 - 88 1
5400 - 108 1
5401 # 1504
5401 + 88
5402 + 88
5403 # 1504
5403 - 88 2
5403 - 88 1
5403 + 88
5404 # 1504
5404 - 88 1
5404 + 88
5405 # 1504
5405 - 88 1
5406 # 1504
5406 + 88
5407 # 1504
5407 - 88 1
5408 + 88
5408 + 88
5409 # 1504
5409 - 88 1
5409 - 88 1
5409 + 88
5410 # 1504
5410 - 88 1
5411 # 1504
5411 + 88
5411 + 108
5411 + 88
5412 # 1504
5412 - 88 1
5412 - 108 1
5412 - 88 1
5413 # 1504
5413 + 88
5414 + 88
5415 # 1504
5415 - 88 2
5415 - 88 1
5416 # 1504
5416 + 88
5416 + 88
5417 # 1504
5417 - 88 1
5417 - 88 1
5417 + 88
5418 # 1504
5418 - 88 1
5419 # 1504
5419 + 88
5420 + 88
5421 # 1504
5421 - 88 2
5421 - 88 1
5421 + 88
5421 + 108
5422 # 1504
5422 - 88 1
5422 - 108 1
5422 + 88
5423 # 1504
5423 - 88 1
5423 + 88
5423 + 88
5424 # 1504
5424 - 88 1
5424 - 88 1
5425 # 1504
5425 + 88
5426 + 88
5427 # 1504
5427 - 88 2
5427 - 88 1
5427 + 88
5428 # 1504
5428 - 88 1
5428 + 88
5429 # 1504
5429 - 88 1
5429 + 88
5430 # 1504
5430 - 88 1
5431 # 1504
5432 + 88
5432 + 108
5432 + 88
5433 # 1504
5433 - 88 1
5433 - 108 1
5433 - 88 1
5433 + 88
5434 # 1504
5434 - 88 1
5434 + 88
5435 # 1504
5435 - 88 1
5435 + 88
5436 # 1504
5436 - 88 1
5437 # 1504
5437 + 88
5438 + 88
5439 # 1504
5439 - 88 2
5439 - 88 1
5439 + 88
5440 # 1504
5440 - 88 1
5440 + 88
5441 # 1504
5441 - 88 1
5441 + 88
5442 # 1504
5442 - 88 1
5443 # 1504
5443 + 88
5443 + 108
5445 # 1504
5445 - 88 2
5445 - 108 2
5446 # 1504
5446 + 88
5446 + 88
5447 # 1504
5447 - 88 1
5447 - 88 1
5447 + 88
5447 + 88
5448 # 1504
5448 - 88 1
5448 - 88 1
5449 # 1504
5449 + 88
5450 + 88
5451 # 1504
5451 - 88 2
5451 - 88 1
5451 + 88
5452 # 1504
5452 - 88 1
5453 # 1504
5453 + 88
5453 + 88
5454 # 1504
5454 - 88 1
5454 - 88 1
5455 # 1504
5455 + 88
5455 + 108
5456 + 88
5457 # 1504
5457 - 88 2
5457 - 108 2
5457 - 88 1
5458 # 1504
5458 + 88
5458 + 88
5458 + 88
5459 # 1504
5459 - 88 1
5459 - 88 1
5459 - 88 1
5459 + 88
5460 # 1504
5460 - 88 1
5461 # 1504
5461 + 88
5462 + 88
5463 # 1504
5463 - 88 2
5463 - 88 1
5463 + 88
5464 # 1504
5464 - 88 1
5464 + 88
5465 # 1504
5465 - 88 1
5466 # 1504
5466 + 88
5466 + 108
5467 # 1504
5467 - 88 1
5467 - 108 1
5467 + 88
5468 + 88
5469 # 1504
5469 - 88 2
5469 - 88 1
5469 + 88
5470 # 1504
5470 - 88 1
5471 # 1504
5471 + 88
5471 + 88
5472 # 1504
5472 - 88 1
5472 - 88 1
5473 # 1504
5473 + 88
5473 + 100
5474 + 88
5475 # 1504
5475 - 88 2
5475 - 100 2
5475 - 88 1
5475 + 88
5476 # 1504
5476 - 88 1
5476 + 88
5477 # 1504
5477 - 88 1
5477 + 88
5478 # 1504
5478 - 88 1
5479 # 1504
5479 + 88
5480 + 88
5481 # 1504
5481 - 88 2
5481 - 88 1
5481 + 88
5482 # 1504
5482 - 88 1
5482 + 88
5483 # 1504
5483 - 88 1
5483 + 88
5483 + 108
5484 # 1504
5484 - 88 1
5484 - 108 1
5484 + 88
5485 # 1504
5485 - 88 1
5486 + 88
5486 + 88
5487 # 1504
5487 - 88 1
5487 - 88 1
5487 + 88
5488 # 1504
5488 - 88 1
5488 + 88
5489 # 1504
5489 - 88 1
5489 + 88
5490 # 1504
5490 - 88 1
5491 # 1504
5492 + 88
5492 + 88
5493 # 1504
5493 - 88 1
5493 - 88 1
5493 + 88
5493 + 108
5494 # 1504
5494 - 88 1
5494 - 108 1
5494 + 88
5495 # 1504
5495 - 88 1
5495 + 88
5496 # 1504
5496 - 88 1
5497 # 1504
5497 + 88
5498 + 88
5499 # 1504
5499 - 88 2
5499 - 88 1
5499 + 88
5500 # 1504
5500 - 88 1
5500 + 88
5501 # 1504
5501 - 88 1
5501 + 88
5502 # 1504
5502 - 88 1
5503 # 1504
5503 + 88
5503 + 108
5505 # 1504
5505 - 88 2
5505 - 108 2
5505 + 88
5505 + 88
5506 # 1504
5506 - 88 1
5506 - 88 1
5507 # 1504
5507 + 88
5507 + 88
5508 # 1504
5508 - 88 1
5508 - 88 1
5509 # 1504
5510 + 88
5510 + 88
5511 # 1504
5511 - 88 1
5511 - 88 1
5511 + 88
5512 # 1504
5512 - 88 1
5513 # 1504
5513 + 88
5513 + 88
5514 # 1504
5514 - 88 1
5514 - 88 1
5515 # 1504
5516 + 88
5516 + 108
5516 + 88
5517 # 1504
5517 - 88 1
5517 - 108 1
5517 - 88 1
5517 + 88
5517 + 88
5518 # 1504
5518 - 88 1
5518 - 88 1
5518 + 88
5519 # 1504
5519 - 88 1
5519 + 88
5520 # 1504
5520 - 88 1
5521 # 1504
5521 + 88
5523 # 1504
5523 - 88 2
5523 + 88
5523 + 88
5524 # 1504
5524 - 88 1
5524 - 88 1
5525 # 1504
5525 + 88
5525 + 88
5526 # 1504
5526 - 88 1
5526 - 88 1
5527 # 1504
5527 + 88
5527 + 108
5528 + 88
5529 # 1504
5529 - 88 2
5529 - 108 2
5529 - 88 1
5529 + 88
5530 # 1504
5530 - 88 1
5531 # 1504
5531 + 88
5531 + 88
5532 # 1504
5532 - 88 1
5532 - 88 1
5533 # 1504
5533 + 88
5534 + 88
5535 # 1504
5535 - 88 2
5535 - 88 1
5536 # 1504
5537 # 1504
5537 + 88
5538 # 1504
5538 - 88 1
5538 + 88
5538 + 108
5539 # 1504
5539 - 88 1
5539 - 108 1
5539 + 88
5540 + 88
5541 # 1504
5541 - 88 2
5541 - 88 1
5542 # 1504
5542 + 88
5543 # 1504
5543 - 88 1
5544 # 1504
5545 # 1504
5545 + 88
5546 + 88
5547 # 1504
5547 - 88 2
5547 - 88 1
5548 # 1504
5549 # 1504
5549 + 88
5549 + 108
5549 + 88
5550 # 1504
5550 - 88 1
5550 - 108 1
5550 - 88 1
5551 # 1504
5551 + 88
5552 + 88
5553 # 1504
5553 - 88 2
5553 - 88 1
5553 + 88
5554 # 1504
5554 - 88 1
5555 # 1504
5555 + 88
5556 # 1504
5556 - 88 1
5557 # 1504
5557 + 88
5558 + 88
5559 # 1504
5559 - 88 2
5559 - 88 1
5560 # 1504
5561 # 1504
5561 + 88
5561 + 108
5561 + 88
5562 # 1504
5562 - 88 1
5562 - 108 1
5562 - 88 1
5563 # 1504
5563 + 88
5565 # 1504
5565 - 88 2
5565 + 88
5566 # 1504
5566 - 88 1
5567 # 1504
5567 + 88
5568 # 1504
5568 - 88 1
5569 # 1504
5569 + 88
5569 + 100
5570 + 88
5571 # 1504
5571 - 88 2
5571 - 100 2
5571 - 88 1
5571 + 88
5572 # 1504
5572 - 88 1
5573 # 1504
5573 + 88
5574 # 1504
5574 - 88 1
5575 # 1504
5575 + 88
5577 # 1504
5577 - 88 2
5577 + 88
5578 # 1504
5578 - 88 1
5578 + 88
5579 # 1504
5579 - 88 1
5579 + 88
5579 + 108
5580 # 1504
5580 - 88 1
5580 - 108 1
5581 # 1504
5581 + 88
5583 # 1504
5583 - 88 2
5583 + 88
5584 # 1504
5584 - 88 1
5584 + 88
5585 # 1504
5585 - 88 1
5586 # 1504
5587 # 1504
5588 + 88
5588 + 88
5589 # 1504
5589 - 88 1
5589 - 88 1
5589 + 88
5589 + 108
5590 # 1504
5590 - 88 1
5590 - 108 1
5591 # 1504
5591 + 88
5592 # 1504
5592 - 88 1
5593 # 1504
5593 + 88
5594 + 88
5595 # 1504
5595 - 88 2
5595 - 88 1
5596 # 1504
5597 # 1504
5597 + 88
5597 + 88
5598 # 1504
5598 - 88 1
5598 - 88 1
5599 # 1504
5599 + 88
5601 # 1504
5601 - 88 2
5602 # 1504
5602 + 88
5602 + 108
5603 # 1504
5603 - 88 1
5603 - 108 1
5603 + 88
5604 # 1504
5604 - 88 1
5605 # 1504
5606 + 88
5606 + 88
5607 # 1504
5607 - 88 1
5607 - 88 1
5607 + 88
5608 # 1504
5608 - 88 1
5609 # 1504
5609 + 88
5610 # 1504
5610 - 88 1
5611 # 1504
5611 + 88
5612 + 88
5612 + 108
5613 # 1504
5613 - 88 2
5613 - 88 1
5613 - 108 1
5614 # 1504
5614 + 88
5615 # 1504
5615 - 88 1
5615 + 88
5616 # 1504
5616 - 88 1
5617 # 1504
5617 + 88
5619 # 1504
5619 - 88 2
5619 + 88
5620 # 1504
5620 - 88 1
5620 + 88
5621 # 1504
5621 - 88 1
5622 # 1504
5623 # 1504
5623 + 88
5623 + 108
5624 + 88
5625 # 1504
5625 - 88 2
5625 - 108 2
5625 - 88 1
5625 + 88
5626 # 1504
5626 - 88 1
5627 # 1504
5627 + 88
5628 # 1504
5628 - 88 1
5629 # 1504
5629 + 88
5630 + 88
5631 # 1504
5631 - 88 2
5631 - 88 1
5631 + 88
5632 # 1504
5632 - 88 1
5633 # 1504
5633 + 88
5633 + 108
5634 # 1504
5634 - 88 1
5634 - 108 1
5635 # 1504
5635 + 88
5636 + 88
5637 # 1504
5637 - 88 2
5637 - 88 1
5638 # 1504
5638 + 88
5639 # 1504
5639 - 88 1
5639 + 88
5640 # 1504
5640 - 88 1
5641 # 1504
5642 + 88
5643 # 1504
5643 - 88 1
5643 + 88
5644 # 1504
5644 - 88 1
5644 + 88
5644 + 108
5645 # 1504
5645 - 88 1
5645 - 108 1
5646 # 1504
5647 # 1504
5647 + 88
5648 + 88
5649 # 1504
5649 - 88 2
5649 - 88 1
5649 + 88
5650 # 1504
5650 - 88 1
5651 # 1504
5651 + 88
5652 # 1504
5652 - 88 1
5653 # 1504
5653 + 88
5654 + 88
5654 + 108
5655 # 1504
5655 - 88 2
5655 - 88 1
5655 - 108 1
5656 # 1504
5656 + 88
5657 # 1504
5657 - 88 1
5657 + 88
5658 # 1504
5658 - 88 1
5659 # 1504
5660 + 88
5661 # 1504
5661 - 88 1
5661 + 88
5662 # 1504
5662 - 88 1
5662 + 88
5663 # 1504
5663 - 88 1
5664 # 1504
5665 # 1504
5666 + 88
5666 + 108
5666 + 88
5667 # 1504
5667 - 88 1
5667 - 108 1
5667 - 88 1
5668 # 1504
5668 + 88
5669 # 1504
5669 - 88 1
5669 + 88
5670 # 1504
5670 - 88 1
5671 # 1504
5671 + 88
5673 # 1504
5673 - 88 2
5673 + 88
5674 # 1504
5674 - 88 1
5674 + 88
5675 # 1504
5675 - 88 1
5675 + 88
5676 # 1504
5676 - 88 1
5677 # 1504
5678 + 88
5678 + 108
5679 # 1504
5679 - 88 1
5679 - 108 1
5679 + 88
5680 # 1504
5680 - 88 1
5680 + 88
5681 # 1504
5681 - 88 1
5682 # 1504
5683 # 1504
5683 + 88
5685 # 1504
5685 - 88 2
5685 + 88
5685 + 88
5686 # 1504
5686 - 88 1
5686 - 88 1
5687 # 1504
5688 # 1504
5688 + 88
5688 + 108
5689 # 1504
5689 - 88 1
5689 - 108 1
5689 + 88
5689 + 100
5690 + 88
5691 # 1504
5691 - 88 2
5691 - 100 2
5691 - 88 1
5692 # 1504
5692 + 88
5693 # 1504
5693 - 88 1
5694 # 1504
5695 # 1504
5695 + 88
5695 + 88
5697 # 1504
5697 - 88 2
5697 - 88 2
5697 + 88
5698 # 1504
5698 - 88 1
5699 # 1504
5699 + 88
5700 # 1504
5700 - 88 1
5701 # 1504
5701 + 88
5701 + 108
5703 # 1504
5703 - 88 2
5703 - 108 2
5704 # 1504
5704 + 88
5705 # 1504
5705 - 88 1
5705 + 88
5706 # 1504
5706 - 88 1
5707 # 1504
5707 + 88
5709 # 1504
5709 - 88 2
5710 # 1504
5710 + 88
5711 # 1504
5711 - 88 1
5711 + 88
5711 + 108
5712 # 1504
5712 - 88 1
5712 - 108 1
5713 # 1504
5713 + 88
5714 + 88
5715 # 1504
5715 - 88 2
5715 - 88 1
5716 # 1504
5716 + 88
5717 # 1504
5717 - 88 1
5718 # 1504
5719 # 1504
5719 + 88
5720 + 88
5721 # 1504
5721 - 88 2
5721 - 88 1
5722 # 1504
5723 # 1504
5723 + 88
5723 + 108
5724 # 1504
5724 - 88 1
5724 - 108 1
5725 # 1504
5725 + 88
5726 + 88
5727 # 1504
5727 - 88 2
5727 - 88 1
5728 # 1504
5729 # 1504
5729 + 88
5730 # 1504
5730 - 88 1
5730 + 88
5731 # 1504
5731 - 88 1
5732 + 88
5733 # 1504
5733 - 88 1
5733 + 88
5733 + 108
5734 # 1504
5734 - 88 1
5734 - 108 1
5735 # 1504
5735 + 88
5736 # 1504
5736 - 88 1
5737 # 1504
5737 + 88
5739 # 1504
5739 - 88 2
5739 + 88
5740 # 1504
5740 - 88 1
5741 # 1504
5741 + 88
5742 # 1504
5742 - 88 1
5743 # 1504
5743 + 88
5743 + 108
5745 # 1504
5745 - 88 2
5745 - 108 2
5746 # 1504
5747 # 1504
5747 + 88
5747 + 88
5748 # 1504
5748 - 88 1
5748 - 88 1
5749 # 1504
5749 + 88
5751 # 1504
5751 - 88 2
5752 # 1504
5752 + 88
5752 + 88
5753 # 1504
5753 - 88 1
5753 - 88 1
5754 # 1504
5755 # 1504
5755 + 88
5755 + 108
5756 + 88
5757 # 1504
5757 - 88 2
5757 - 108 2
5757 - 88 1
5758 # 1504
5758 + 88
5759 # 1504
5759 - 88 1
5760 # 1504
5761 # 1504
5762 + 88
5763 # 1504
5763 - 88 1
5763 + 88
5764 # 1504
5764 - 88 1
5765 # 1504
5765 + 88
5766 # 1504
5766 - 88 1
5767 # 1504
5768 + 88
5768 + 108
5769 # 1504
5769 - 88 1
5769 - 108 1
5769 + 88
5770 # 1504
5770 - 88 1
5770 + 88
5771 # 1504
5771 - 88 1
5771 + 88
5772 # 1504
5772 - 88 1
5773 # 1504
5773 + 88
5775 # 1504
5775 - 88 2
5776 # 1504
5776 + 88
5777 # 1504
5777 - 88 1
5777 + 88
5778 # 1504
5778 - 88 1
5779 # 1504
5780 + 88
5780 + 108
5781 # 1504
5781 - 88 1
5781 - 108 1
5781 + 88
5782 # 1504
5782 - 88 1
5783 # 1504
5783 + 88
5784 # 1504
5784 - 88 1
5785 # 1504
5785 + 88
5787 # 1504
5787 - 88 2
5788 # 1504
5788 + 88
5789 # 1504
5789 - 88 1
5789 + 88
5790 # 1504
5790 - 88 1
5791 # 1504
5792 + 108
5792 + 88
5792 + 88
5793 # 1504
5793 - 108 1
5793 - 88 1
5793 - 88 1
5794 # 1504
5794 + 88
5795 # 1504
5795 - 88 1
5796 # 1504
5797 # 1504
5797 + 88
5798 + 88
5799 # 1504
5799 - 88 2
5799 - 88 1
5800 # 1504
5800 + 88
5801 # 1504
5801 - 88 1
5802 # 1504
5803 # 1504
5803 + 88
5803 + 108
5804 + 88
5805 # 1504
5805 - 88 2
5805 - 108 2
5805 - 88 1
5806 # 1504
5807 # 1504
5807 + 88
5808 # 1504
5808 - 88 1
5808 + 88
5809 # 1504
5809 - 88 1
5810 + 88
5811 # 1504
5811 - 88 1
5811 + 88
5812 # 1504
5812 - 88 1
5813 # 1504
5813 + 88
5813 + 108
5814 # 1504
5814 - 88 1
5814 - 108 1
5815 # 1504
5816 + 88
5817 # 1504
5817 - 88 1
5817 + 88
5818 # 1504
5818 - 88 1
5819 # 1504
5819 + 88
5820 # 1504
5820 - 88 1
5821 # 1504
5822 + 88
5823 # 1504
5823 - 88 1
5823 + 88
5824 # 1504
5824 - 88 1
5824 + 88
5824 + 108
5825 # 1504
5825 - 88 1
5825 - 108 1
5826 # 1504
5827 # 1504
5828 + 88
5828 + 88
5828 + 100
5829 # 1504
5829 - 88 1
5829 - 88 1
5829 - 100 1
5830 # 1504
5830 + 88
5831 # 1504
5831 - 88 1
5831 + 88
5832 # 1504
5832 - 88 1
5833 # 1504
5833 + 88
5835 # 1504
5835 - 88 2
5835 + 88
5836 # 1504
5836 - 88 1
5837 # 1504
5838 # 1504
5838 + 88
5839 # 1504
5839 - 88 1
5839 + 88
5839 + 108
5841 # 1504
5841 - 88 2
5841 - 108 2
5841 + 88
5842 # 1504
5842 - 88 1
5842 + 88
5843 # 1504
5843 - 88 1
5844 # 1504
5845 # 1504
5846 + 88
5846 + 88
5847 # 1504
5847 - 88 1
5847 - 88 1
5848 # 1504
5849 # 1504
5849 + 88
5849 + 88
5849 + 108
5850 # 1504
5850 - 88 1
5850 - 88 1
5850 - 108 1
5851 # 1504
5851 + 88
5853 # 1504
5853 - 88 2
5853 + 88
5854 # 1504
5854 - 88 1
5855 # 1504
5855 + 88
5856 # 1504
5856 - 88 1
5857 # 1504
5857 + 88
5858 + 88
5859 # 1504
5859 - 88 2
5859 - 88 1
5860 # 1504
5860 + 108
5860 + 88
5861 # 1504
5861 - 108 1
5861 - 88 1
5861 + 88
5862 # 1504
5862 - 88 1
5863 # 1504
5864 + 88
5865 # 1504
5865 - 88 1
5865 + 88
5866 # 1504
5866 - 88 1
5867 # 1504
5867 + 88
5868 # 1504
5868 - 88 1
5869 # 1504
5869 + 88
5870 + 88
5870 + 108
5871 # 1504
5871 - 88 2
5871 - 88 1
5871 - 108 1
5872 # 1504
5872 + 88
5873 # 1504
5873 - 88 1
5874 # 1504
5874 + 88
5875 # 1504
5875 - 88 1
5876 + 88
5877 # 1504
5877 - 88 1
5877 + 88
5878 # 1504
5878 - 88 1
5879 # 1504
5879 + 88
5880 # 1504
5880 - 88 1
5881 # 1504
5881 + 88
5881 + 108
5882 + 88
5883 # 1504
5883 - 88 2
5883 - 108 2
5883 - 88 1
5884 # 1504
5884 + 88
5885 # 1504
5885 - 88 1
5886 # 1504
5887 # 1504
5888 + 88
5888 + 88
5889 # 1504
5889 - 88 1
5889 - 88 1
5890 # 1504
5890 + 88
5891 # 1504
5891 - 88 1
5891 + 88
5892 # 1504
5892 - 88 1
5893 # 1504
5893 + 88
5893 + 108
5895 # 1504
5895 - 88 2
5895 - 108 2
5895 + 88
5896 # 1504
5896 - 88 1
5896 + 88
5897 # 1504
5897 - 88 1
5898 # 1504
5899 # 1504
5899 + 88
5900 + 88
5901 # 1504
5901 - 88 2
5901 - 88 1
5902 # 1504
5902 + 88
5903 # 1504
5903 - 88 1
5903 + 88
5904 # 1504
5904 - 88 1
5905 # 1504
5905 + 88
5905 + 108
5907 # 1504
5907 - 88 2
5907 - 108 2
5907 + 88
5908 # 1504
5908 - 88 1
5908 + 88
5909 # 1504
5909 - 88 1
5910 # 1504
5911 # 1504
5912 + 88
5912 + 88
5913 # 1504
5913 - 88 1
5913 - 88 1
5914 # 1504
5915 # 1504
5915 + 88
5915 + 108
5916 # 1504
5916 - 88 1
5916 - 108 1
5917 # 1504
5917 + 88
5918 + 88
5919 # 1504
5919 - 88 2
5919 - 88 1
5919 + 88
5920 # 1504
5920 - 88 1
5921 # 1504
5921 + 88
5922 # 1504
5922 - 88 1
5923 # 1504
5923 + 88
5924 + 88
5925 # 1504
5925 - 88 2
5925 - 88 1
5926 # 1504
5926 + 88
5926 + 108
5927 # 1504
5927 - 88 1
5927 - 108 1
5928 # 1504
5929 # 1504
5929 + 88
5931 # 1504
5931 - 88 2
5931 + 88
5932 # 1504
5932 - 88 1
5933 # 1504
5933 + 88
5934 # 1504
5934 - 88 1
5935 # 1504
5935 + 88
5936 + 88
5936 + 108
5937 # 1504
5937 - 88 2
5937 - 88 1
5937 - 108 1
5938 # 1504
5938 + 88
5939 # 1504
5939 - 88 1
5940 # 1504
5940 + 88
5941 # 1504
5941 - 88 1
5941 + 88
5943 # 1504
5943 - 88 2
5943 + 88
5944 # 1504
5944 - 88 1
5945 # 1504
5945 + 88
5946 # 1504
5946 - 88 1
5947 # 1504
5948 + 88
5948 + 108
5949 # 1504
5949 - 88 1
5949 - 108 1
5950 # 1504
5950 + 88
5951 # 1504
5951 - 88 1
5951 + 88
5952 # 1504
5952 - 88 1
5953 # 1504
5954 + 88
5955 # 1504
5955 - 88 1
5955 + 88
5956 # 1504
5956 - 88 1
5957 # 1504
5957 + 88
5958 # 1504
5958 - 88 1
5959 # 1504
5959 + 88
5959 + 108
5960 + 88
5960 + 100
5961 # 1504
5961 - 88 2
5961 - 108 2
5961 - 88 1
5961 - 100 1
5962 # 1504
5962 + 88
5963 # 1504
5963 - 88 1
5964 # 1504
5965 # 1504
5965 + 88
5966 + 88
5967 # 1504
5967 - 88 2
5967 - 88 1
5968 # 1504
5968 + 88
5969 # 1504
5969 - 88 1
5970 # 1504
5971 # 1504
5972 + 88
5972 + 108
5973 # 1504
5973 - 88 1
5973 - 108 1
5973 + 88
5974 # 1504
5974 - 88 1
5974 + 88
5975 # 1504
5975 - 88 1
5976 # 1504
5976 + 88
5977 # 1504
5977 - 88 1
5978 + 88
5979 # 1504
5979 - 88 1
5979 + 88
5980 # 1504
5980 - 88 1
5981 # 1504
5981 + 88
5982 # 1504
5982 - 88 1
5983 # 1504
5984 + 88
5984 + 108
5985 # 1504
5985 - 88 1
5985 - 108 1
5985 + 88
5986 # 1504
5986 - 88 1
5987 # 1504
5987 + 88
5988 # 1504
5988 - 88 1
5989 # 1504
5989 + 88
5991 # 1504
5991 - 88 2
5992 # 1504
5992 + 88
5993 # 1504
5993 - 88 1
5994 # 1504
5994 + 88
5994 + 108
5995 # 1504
5995 - 88 1
5995 - 108 1
5995 + 88
5997 # 1504
5997 - 88 2
5997 + 88
5998 # 1504
5998 - 88 1
5998 + 88
5999 # 1504
5999 - 88 1
6000 # 1504
6001 # 1504
6002 + 88
6002 + 88
6003 # 1504
6003 - 88 1
6003 - 88 1
6004 # 1504
6005 # 1504
6005 + 88
6005 + 108
6006 # 1504
6006 - 88 1
6006 - 108 1
6007 # 1504
6007 + 88
6008 + 88
6009 # 1504
6009 - 88 2
6009 - 88 1
6010 # 1504
6011 # 1504
6011 + 88
6012 # 1504
6012 - 88 1
6013 # 1504
6015 # 1504
6015 + 88
6015 + 108
6015 + 88
6016 # 1504
6016 - 88 1
6016 - 108 1
6016 - 88 1
6016 + 88
6017 # 1504
6017 - 88 1
6018 # 1504
6018 + 88
6019 # 1504
6019 - 88 1
6019 + 88
6021 # 1504
6021 - 88 2
6021 + 88
6022 # 1504
6022 - 88 1
6023 # 1504
6023 + 88
6024 # 1504
6024 - 88 1
6025 # 1504
6025 + 88
6025 + 108
6027 # 1504
6027 - 88 2
6027 - 108 2
6028 # 1504
6028 + 88
6029 # 1504
6029 - 88 1
6030 # 1504
6030 + 88
6031 # 1504
6031 - 88 1
6032 + 88
6033 # 1504
6033 - 88 1
6033 + 88
6034 # 1504
6034 - 88 1
6034 + 88
6035 # 1504
6035 - 88 1
6035 + 88
6035 + 108
6036 # 1504
6036 - 88 1
6036 - 108 1
6037 # 1504
6038 + 88
6038 + 88
6039 # 1504
6039 - 88 1
6039 - 88 1
6040 # 1504
6041 # 1504
6041 + 88
6042 # 1504
6042 - 88 1
6043 # 1504
6044 + 88
6044 + 88
6045 # 1504
6045 - 88 1
6045 - 88 1
6046 # 1504
6046 + 88
6046 + 108
6047 # 1504
6047 - 88 1
6047 - 108 1
6047 + 88
6048 # 1504
6048 - 88 1
6049 # 1504
6049 + 88
6050 + 88
6051 # 1504
6051 - 88 2
6051 - 88 1
6052 # 1504
6052 + 88
6053 # 1504
6053 - 88 1
6053 + 88
6054 # 1504
6054 - 88 1
6055 # 1504
6055 + 88
6057 # 1504
6057 - 88 2
6058 # 1504
6058 + 88
6058 + 108
6058 + 88
6059 # 1504
6059 - 88 1
6059 - 108 1
6059 - 88 1
6060 # 1504
6061 # 1504
6062 + 88
6062 + 88
6063 # 1504
6063 - 88 1
6063 - 88 1
6064 # 1504
6064 + 88
6065 # 1504
6065 - 88 1
6065 + 88
6066 # 1504
6066 - 88 1
6067 # 1504
6067 + 88
6069 # 1504
6069 - 88 2
6069 + 88
6069 + 108
6070 # 1504
6070 - 88 1
6070 - 108 1
6071 # 1504
6071 + 88
6071 + 88
6072 # 1504
6072 - 88 1
6072 - 88 1
6073 # 1504
6073 + 88
6075 # 1504
6075 - 88 2
6075 + 88
6076 # 1504
6076 - 88 1
6077 # 1504
6077 + 88
6078 # 1504
6078 - 88 1
6079 # 1504
6081 # 1504
6081 + 88
6081 + 108
6082 # 1504
6082 - 88 1
6082 - 108 1
6083 # 1504
6083 + 88
6083 + 88
6084 # 1504
6084 - 88 1
6084 - 88 1
6085 # 1504
6085 + 88
6086 + 88
6087 # 1504
6087 - 88 2
6087 - 88 1
6087 + 88
6088 # 1504
6088 - 88 1
6088 + 88
6089 # 1504
6089 - 88 1
6089 + 88
6090 # 1504
6090 - 88 1
6091 # 1504
6092 + 88
6092 + 108
6092 + 88
6093 # 1504
6093 - 88 1
6093 - 108 1
6093 - 88 1
6094 # 1504
6094 + 88
6095 # 1504
6095 - 88 1
6096 # 1504
6096 + 88
6097 # 1504
6097 - 88 1
6098 + 88
6099 # 1504
6099 - 88 1
6099 + 88
6100 # 1504
6100 - 88 1
6101 # 1504
6101 + 88
6102 # 1504
6102 - 88 1
6103 # 1504
6104 + 88
6104 + 108
6104 + 88
6105 # 1504
6105 - 88 1
6105 - 108 1
6105 - 88 1
6105 + 88
6106 # 1504
6106 - 88 1
6107 # 1504
6108 # 1504
6108 + 88
6109 # 1504
6109 - 88 1
6109 + 88
6110 + 88
6111 # 1504
6111 - 88 2
6111 - 88 1
6112 # 1504
6112 + 88
6113 # 1504
6113 - 88 1
6114 # 1504
6114 + 88
6114 + 108
6115 # 1504
6115 - 88 1
6115 - 108 1
6115 + 88
6117 # 1504
6117 - 88 2
6118 # 1504
6118 + 88
6119 # 1504
6119 - 88 1
6119 + 88
6120 # 1504
6120 - 88 1
6121 # 1504
6122 + 88
6122 + 88
6123 # 1504
6123 - 88 1
6123 - 88 1
6123 + 88
6124 # 1504
6124 - 88 1
6125 # 1504
6125 + 88
6125 + 108
6126 # 1504
6126 - 88 1
6126 - 108 1
6127 # 1504
6127 + 88
6129 # 1504
6129 - 88 2
6129 + 88
6129 + 88
6130 # 1504
6130 - 88 1
6130 - 88 1
6131 # 1504
6131 + 88
6132 # 1504
6132 - 88 1
6133 # 1504
6133 + 88
6135 # 1504
6135 - 88 2
6135 + 88
6136 # 1504
6136 - 88 1
6136 + 88
6136 + 108
6137 # 1504
6137 - 88 1
6137 - 108 1
6138 # 1504
6139 # 1504
6139 + 88
6140 + 88
6141 # 1504
6141 - 88 2
6141 - 88 1
6142 # 1504
6142 + 88
6143 # 1504
6143 - 88 1
6144 # 1504
6145 # 1504
6145 + 88
6146 + 88
6146 + 108
6147 # 1504
6147 - 88 2
6147 - 88 1
6147 - 108 1
6148 # 1504
6148 + 88
6149 # 1504
6149 - 88 1
6150 # 1504
6151 # 1504
6151 + 88
6151 + 88
6153 # 1504
6153 - 88 2
6153 - 88 2
6153 + 88
6154 # 1504
6154 - 88 1
6154 + 88
6155 # 1504
6155 - 88 1
6156 # 1504
6157 # 1504
6158 + 88
6158 + 108
6158 + 88
6159 # 1504
6159 - 88 1
6159 - 108 1
6159 - 88 1
6160 # 1504
6160 + 88
6161 # 1504
6161 - 88 1
6161 + 88
6162 # 1504
6162 - 88 1
6163 # 1504
6163 + 88
6165 # 1504
6165 - 88 2
6165 + 88
6166 # 1504
6166 - 88 1
6167 # 1504
6167 + 88
6168 # 1504
6168 - 88 1
6169 # 1504
6169 + 88
6169 + 108
6170 + 88
6171 # 1504
6171 - 88 2
6171 - 108 2
6171 - 88 1
6172 # 1504
6172 + 88
6173 # 1504
6173 - 88 1
6173 + 88
6174 # 1504
6174 - 88 1
6175 # 1504
6176 + 88
6177 # 1504
6177 - 88 1
6177 + 88
6178 # 1504
6178 - 88 1
6179 # 1504
6179 + 88
6179 + 108
6180 # 1504
6180 - 88 1
6180 - 108 1
6181 # 1504
6181 + 88
6183 # 1504
6183 - 88 2
6183 + 88
6184 # 1504
6184 - 88 1
6184 + 88
6185 # 1504
6185 - 88 1
6186 # 1504
6186 + 88
6187 # 1504
6187 - 88 1
6188 + 88
6189 # 1504
6189 - 88 1
6190 # 1504
6190 + 88
6190 + 108
6191 # 1504
6191 - 88 1
6191 - 108 1
6191 + 88
6192 # 1504
6192 - 88 1
6193 # 1504
6193 + 88
6195 # 1504
6195 - 88 2
6196 # 1504
6197 # 1504
6197 + 88
6197 + 88
6198 # 1504
6198 - 88 1
6198 - 88 1
6199 # 1504
6201 # 1504
6201 + 88
6201 + 108
6201 + 88
6201 + 88
6202 # 1504
6202 - 88 1
6202 - 108 1
6202 - 88 1
6202 - 88 1
6203 # 1504
6203 + 88
6204 # 1504
6204 - 88 1
6205 # 1504
6205 + 88
6207 # 1504
6207 - 88 2
6207 + 88
6208 # 1504
6208 - 88 1
6209 # 1504
6209 + 88
6210 # 1504
6210 - 88 1
6211 # 1504
6211 + 88
6211 + 108
6212 + 88
6213 # 1504
6213 - 88 2
6213 - 108 2
6213 - 88 1
6213 + 88
6214 # 1504
6214 - 88 1
6215 # 1504
6216 # 1504
6216 + 88
6217 # 1504
6217 - 88 1
6217 + 88
6217 + 100
6219 # 1504
6219 - 88 2
6219 - 100 2
6219 + 88
6220 # 1504
6220 - 88 1
6221 # 1504
6221 + 88
6222 # 1504
6222 - 88 1
6223 # 1504
6224 + 88
6224 + 88
6225 # 1504
6225 - 88 1
6225 - 88 1
6226 # 1504
6227 # 1504
6227 + 88
6228 # 1504
6228 - 88 1
6229 # 1504
6229 + 88
6229 + 108
6230 + 88
6231 # 1504
6231 - 88 2
6231 - 108 2
6231 - 88 1
6231 + 88
6232 # 1504
6232 - 88 1
6233 # 1504
6233 + 88
6234 # 1504
6234 - 88 1
6235 # 1504
6235 + 88
6237 # 1504
6237 - 88 2
6237 + 88
6238 # 1504
6238 - 88 1
6238 + 88
6239 # 1504
6239 - 88 1
6240 # 1504
6240 + 108
6240 + 88
6241 # 1504
6241 - 108 1
6241 - 88 1
6241 + 88
6243 # 1504
6243 - 88 2
6243 + 88
6244 # 1504
6244 - 88 1
6244 + 88
6245 # 1504
6245 - 88 1
6246 # 1504
6247 # 1504
6248 + 88
6248 + 88
6249 # 1504
6249 - 88 1
6249 - 88 1
6249 + 88
6250 # 1504
6250 - 88 1
6251 # 1504
6251 + 88
6251 + 108
6252 # 1504
6252 - 88 1
6252 - 108 1
6253 # 1504
6254 + 88
6255 # 1504
6255 - 88 1
6255 + 88
6256 # 1504
6256 - 88 1
6256 + 88
6257 # 1504
6257 - 88 1
6257 + 88
6258 # 1504
6258 - 88 1
6259 # 1504
6259 + 88
6261 # 1504
6261 - 88 2
6261 + 88
6261 + 108
6262 # 1504
6262 - 88 1
6262 - 108 1
6262 + 88
6263 # 1504
6263 - 88 1
6264 # 1504
6265 # 1504
6266 + 88
6266 + 88
6267 # 1504
6267 - 88 1
6267 - 88 1
6267 + 88
6268 # 1504
6268 - 88 1
6269 # 1504
6269 + 88
6270 # 1504
6270 - 88 1
6271 # 1504
6271 + 88
6272 + 88
6272 + 108
6273 # 1504
6273 - 88 2
6273 - 88 1
6273 - 108 1
6274 # 1504
6275 # 1504
6275 + 88
6275 + 88
6276 # 1504
6276 - 88 1
6276 - 88 1
6277 # 1504
6277 + 88
6279 # 1504
6279 - 88 2
6279 + 88
6280 # 1504
6280 - 88 1
6280 + 88
6281 # 1504
6281 - 88 1
6282 # 1504
6283 # 1504
6285 # 1504
6285 + 88
6285 + 108
6285 + 88
6285 + 88
6286 # 1504
6286 - 88 1
6286 - 108 1
6286 - 88 1
6286 - 88 1
6287 # 1504
6287 + 88
6288 # 1504
6288 - 88 1
6289 # 1504
6289 + 88
6291 # 1504
6291 - 88 2
6291 + 88
6291 + 88
6292 # 1504
6292 - 88 1
6292 - 88 1
6293 # 1504
6293 + 88
6293 + 108
6294 # 1504
6294 - 88 1
6294 - 108 1
6295 # 1504
6295 + 88
6296 + 88
6297 # 1504
6297 - 88 2
6297 - 88 1
6298 # 1504
6299 # 1504
6300 # 1504
6300 + 88
6300 + 88
6301 # 1504
6301 - 88 1
6301 - 88 1
6301 + 88
6303 # 1504
6303 - 88 2
6303 + 88
6304 # 1504
6304 - 88 1
6305 # 1504
6305 + 108
6305 + 88
6306 # 1504
6306 - 108 1
6306 - 88 1
6307 # 1504
6307 + 88
6308 + 88
6309 # 1504
6309 - 88 2
6309 - 88 1
6309 + 88
6310 # 1504
6310 - 88 1
6311 # 1504
6311 + 88
6312 # 1504
6312 - 88 1
6313 # 1504
6313 + 88
