Scheme	Traffic	Time (s)	Throughput (Mbit/s)
cubic	egress	3.15	0.00
cubic	egress	3.30	0.01
cubic	egress	3.45	2.40
cubic	egress	3.60	5.92
cubic	egress	3.75	20.48
cubic	egress	3.90	48.00
cubic	egress	4.05	50.00
cubic	egress	4.20	50.00
cubic	egress	4.35	49.12
cubic	egress	4.50	50.00
cubic	egress	4.65	50.00
cubic	egress	4.80	49.92
cubic	egress	4.95	50.00
cubic	egress	5.10	50.00
cubic	egress	5.25	50.00
cubic	egress	5.40	50.00
cubic	egress	5.55	50.00
cubic	egress	5.70	49.68
cubic	egress	5.85	50.32
cubic	egress	6.00	50.00
cubic	egress	6.15	50.00
cubic	egress	6.30	50.00
cubic	egress	6.45	50.00
cubic	egress	6.60	50.00
cubic	egress	6.75	50.00
cubic	egress	6.90	50.00
cubic	egress	7.05	50.00
cubic	egress	7.20	49.68
cubic	egress	7.35	50.32
cubic	egress	7.50	50.00
cubic	egress	7.65	50.00
cubic	egress	7.80	49.76
cubic	egress	7.95	50.24
cubic	egress	8.10	50.00
cubic	egress	8.25	50.00
cubic	egress	8.40	50.00
cubic	egress	8.55	50.00
cubic	egress	8.70	50.00
cubic	egress	8.85	49.68
cubic	egress	9.00	50.32
cubic	egress	9.15	50.00
cubic	egress	9.30	49.20
cubic	egress	9.45	48.32
cubic	egress	9.60	48.72
cubic	egress	9.75	49.84
cubic	egress	9.90	50.00
cubic	egress	10.05	50.00
cubic	egress	10.20	50.00
cubic	egress	10.35	50.00
cubic	egress	10.50	50.00
cubic	egress	10.65	50.00
cubic	egress	10.80	50.00
cubic	egress	10.95	49.68
cubic	egress	11.10	50.32
cubic	egress	11.25	50.00
cubic	egress	11.40	50.00
cubic	egress	11.55	50.00
cubic	egress	11.70	50.00
cubic	egress	11.85	50.00
cubic	egress	12.00	50.00
cubic	egress	12.15	50.00
cubic	egress	12.30	50.00
cubic	egress	12.45	50.00
cubic	egress	12.60	50.00
cubic	egress	12.75	50.00
cubic	egress	12.90	50.00
cubic	egress	13.05	49.60
cubic	egress	13.20	50.32
cubic	egress	13.35	50.00
cubic	egress	13.50	50.00
cubic	egress	13.65	49.68
cubic	egress	13.80	50.32
cubic	egress	13.95	50.00
cubic	egress	14.10	50.00
cubic	egress	14.25	50.00
cubic	egress	14.40	50.00
cubic	egress	14.55	50.00
cubic	egress	14.70	50.00
cubic	egress	14.85	49.68
cubic	egress	15.00	50.32
cubic	egress	15.15	50.00
cubic	egress	15.30	49.68
cubic	egress	15.45	50.32
cubic	egress	15.60	50.00
cubic	egress	15.75	50.00
cubic	egress	15.90	50.00
cubic	egress	16.05	50.00
cubic	egress	16.20	50.00
cubic	egress	16.35	50.00
cubic	egress	16.50	49.92
cubic	egress	16.65	50.08
cubic	egress	16.80	50.00
cubic	egress	16.95	49.68
cubic	egress	17.10	50.32
cubic	egress	17.25	50.00
cubic	egress	17.40	50.00
cubic	egress	17.55	50.00
cubic	egress	17.70	50.00
cubic	egress	17.85	50.00
cubic	egress	18.00	49.68
cubic	egress	18.15	50.32
cubic	egress	18.30	50.00
cubic	egress	18.45	49.76
cubic	egress	18.60	50.24
cubic	egress	18.75	50.00
cubic	egress	18.90	50.00
cubic	egress	19.05	50.00
cubic	egress	19.20	50.00
cubic	egress	19.35	49.84
cubic	egress	19.50	50.16
cubic	egress	19.65	50.00
cubic	egress	19.80	50.00
cubic	egress	19.95	49.92
cubic	egress	20.10	49.92
cubic	egress	20.25	50.16
cubic	egress	20.40	49.76
cubic	egress	20.55	50.24
cubic	egress	20.70	50.00
cubic	egress	20.85	49.68
cubic	egress	21.00	50.32
cubic	egress	21.15	49.68
cubic	egress	21.30	50.32
cubic	egress	21.45	50.00
cubic	egress	21.60	50.00
cubic	egress	21.75	49.76
cubic	egress	21.90	50.24
cubic	egress	22.05	50.00
cubic	egress	22.20	50.00
cubic	egress	22.35	50.00
cubic	egress	22.50	49.68
cubic	egress	22.65	50.32
cubic	egress	22.80	50.00
cubic	egress	22.95	50.00
cubic	egress	23.10	50.00
cubic	egress	23.25	50.00
cubic	egress	23.40	50.00
cubic	egress	23.55	50.00
cubic	egress	23.70	50.00
cubic	egress	23.85	50.00
cubic	egress	24.00	49.68
cubic	egress	24.15	50.32
cubic	egress	24.30	48.72
cubic	egress	24.45	50.00
cubic	egress	24.60	45.04
cubic	egress	24.75	46.80
cubic	egress	24.90	46.72
cubic	egress	25.05	48.08
cubic	egress	25.20	47.76
cubic	egress	25.35	48.72
cubic	egress	25.50	49.44
cubic	egress	25.65	49.68
cubic	egress	25.80	50.00
cubic	egress	25.95	49.68
cubic	egress	26.10	50.32
cubic	egress	26.25	50.00
cubic	egress	26.40	50.00
cubic	egress	26.55	50.00
cubic	egress	26.70	49.92
cubic	egress	26.85	50.08
cubic	egress	27.00	50.00
cubic	egress	27.15	49.84
cubic	egress	27.30	50.16
cubic	egress	27.45	50.00
cubic	egress	27.60	50.00
cubic	egress	27.75	50.00
cubic	egress	27.90	50.00
cubic	egress	28.05	50.00
cubic	egress	28.20	50.00
cubic	egress	28.35	50.00
cubic	egress	28.50	49.92
cubic	egress	28.65	50.08
cubic	egress	28.80	49.76
cubic	egress	28.95	50.24
cubic	egress	29.10	50.00
cubic	egress	29.25	47.28
cubic	egress	29.40	50.08
cubic	egress	29.55	50.00
cubic	egress	29.70	49.84
cubic	egress	29.85	50.16
cubic	egress	30.00	50.00
cubic	egress	30.15	50.00
cubic	egress	30.30	50.00
cubic	egress	30.45	49.92
cubic	egress	30.60	50.00
cubic	egress	30.75	50.00
cubic	egress	30.90	50.00
cubic	egress	31.05	49.76
cubic	egress	31.20	50.24
cubic	egress	31.35	50.00
cubic	egress	31.50	50.00
cubic	egress	31.65	50.00
cubic	egress	31.80	50.00
cubic	egress	31.95	50.00
cubic	egress	32.10	49.68
cubic	egress	32.25	50.32
cubic	egress	32.40	50.00
cubic	egress	32.55	50.00
cubic	egress	32.70	49.68
cubic	egress	32.85	50.32
cubic	egress	33.00	50.00
cubic	egress	33.15	50.00
cubic	egress	33.30	16.96
cubic	ingress	3.15	0.81
cubic	ingress	3.30	1.92
cubic	ingress	3.45	8.96
cubic	ingress	3.60	34.24
cubic	ingress	3.75	79.28
cubic	ingress	3.90	48.88
cubic	ingress	4.05	40.32
cubic	ingress	4.20	43.36
cubic	ingress	4.35	50.24
cubic	ingress	4.50	50.64
cubic	ingress	4.65	50.24
cubic	ingress	4.80	50.56
cubic	ingress	4.95	50.40
cubic	ingress	5.10	50.40
cubic	ingress	5.25	50.40
cubic	ingress	5.40	50.40
cubic	ingress	5.55	50.40
cubic	ingress	5.70	50.24
cubic	ingress	5.85	49.92
cubic	ingress	6.00	50.48
cubic	ingress	6.15	50.48
cubic	ingress	6.30	49.92
cubic	ingress	6.45	50.56
cubic	ingress	6.60	50.00
cubic	ingress	6.75	50.16
cubic	ingress	6.90	50.56
cubic	ingress	7.05	49.76
cubic	ingress	7.20	49.60
cubic	ingress	7.35	50.88
cubic	ingress	7.50	49.60
cubic	ingress	7.65	50.56
cubic	ingress	7.80	50.08
cubic	ingress	7.95	49.68
cubic	ingress	8.10	50.64
cubic	ingress	8.25	49.68
cubic	ingress	8.40	49.68
cubic	ingress	8.55	50.40
cubic	ingress	8.70	50.40
cubic	ingress	8.85	49.76
cubic	ingress	9.00	50.24
cubic	ingress	9.15	40.96
cubic	ingress	9.30	46.08
cubic	ingress	9.45	49.84
cubic	ingress	9.60	50.08
cubic	ingress	9.75	50.40
cubic	ingress	9.90	50.80
cubic	ingress	10.05	50.24
cubic	ingress	10.20	50.80
cubic	ingress	10.35	50.64
cubic	ingress	10.50	50.72
cubic	ingress	10.65	50.24
cubic	ingress	10.80	50.08
cubic	ingress	10.95	50.88
cubic	ingress	11.10	50.24
cubic	ingress	11.25	50.08
cubic	ingress	11.40	50.08
cubic	ingress	11.55	51.04
cubic	ingress	11.70	50.32
cubic	ingress	11.85	50.32
cubic	ingress	12.00	50.24
cubic	ingress	12.15	50.56
cubic	ingress	12.30	49.92
cubic	ingress	12.45	50.08
cubic	ingress	12.60	50.40
cubic	ingress	12.75	50.24
cubic	ingress	12.90	50.24
cubic	ingress	13.05	49.84
cubic	ingress	13.20	50.16
cubic	ingress	13.35	50.00
cubic	ingress	13.50	50.48
cubic	ingress	13.65	50.08
cubic	ingress	13.80	49.76
cubic	ingress	13.95	50.56
cubic	ingress	14.10	47.20
cubic	ingress	14.25	52.80
cubic	ingress	14.40	50.16
cubic	ingress	14.55	50.08
cubic	ingress	14.70	49.92
cubic	ingress	14.85	50.00
cubic	ingress	15.00	50.08
cubic	ingress	15.15	49.76
cubic	ingress	15.30	50.24
cubic	ingress	15.45	49.76
cubic	ingress	15.60	50.24
cubic	ingress	15.75	49.84
cubic	ingress	15.90	50.00
cubic	ingress	16.05	49.92
cubic	ingress	16.20	50.32
cubic	ingress	16.35	49.76
cubic	ingress	16.50	49.92
cubic	ingress	16.65	50.00
cubic	ingress	16.80	49.84
cubic	ingress	16.95	50.16
cubic	ingress	17.10	50.32
cubic	ingress	17.25	49.92
cubic	ingress	17.40	49.68
cubic	ingress	17.55	50.32
cubic	ingress	17.70	49.68
cubic	ingress	17.85	50.08
cubic	ingress	18.00	50.40
cubic	ingress	18.15	49.84
cubic	ingress	18.30	50.16
cubic	ingress	18.45	50.00
cubic	ingress	18.60	50.32
cubic	ingress	18.75	50.08
cubic	ingress	18.90	49.92
cubic	ingress	19.05	44.48
cubic	ingress	19.20	56.08
cubic	ingress	19.35	49.84
cubic	ingress	19.50	50.16
cubic	ingress	19.65	50.00
cubic	ingress	19.80	50.32
cubic	ingress	19.95	50.24
cubic	ingress	20.10	50.00
cubic	ingress	20.25	50.32
cubic	ingress	20.40	49.68
cubic	ingress	20.55	50.56
cubic	ingress	20.70	50.72
cubic	ingress	20.85	49.76
cubic	ingress	21.00	50.56
cubic	ingress	21.15	48.96
cubic	ingress	21.30	51.76
cubic	ingress	21.45	50.32
cubic	ingress	21.60	50.24
cubic	ingress	21.75	50.56
cubic	ingress	21.90	50.08
cubic	ingress	22.05	50.56
cubic	ingress	22.20	50.56
cubic	ingress	22.35	50.64
cubic	ingress	22.50	50.48
cubic	ingress	22.65	50.48
cubic	ingress	22.80	50.24
cubic	ingress	22.95	50.88
cubic	ingress	23.10	50.56
cubic	ingress	23.25	50.80
cubic	ingress	23.40	50.24
cubic	ingress	23.55	51.20
cubic	ingress	23.70	50.56
cubic	ingress	23.85	50.88
cubic	ingress	24.00	46.00
cubic	ingress	24.15	33.12
cubic	ingress	24.30	46.16
cubic	ingress	24.45	45.76
cubic	ingress	24.60	46.72
cubic	ingress	24.75	47.52
cubic	ingress	24.90	48.00
cubic	ingress	25.05	48.16
cubic	ingress	25.20	49.28
cubic	ingress	25.35	48.64
cubic	ingress	25.50	50.40
cubic	ingress	25.65	50.24
cubic	ingress	25.80	49.92
cubic	ingress	25.95	50.72
cubic	ingress	26.10	50.08
cubic	ingress	26.25	50.00
cubic	ingress	26.40	50.64
cubic	ingress	26.55	49.44
cubic	ingress	26.70	50.64
cubic	ingress	26.85	49.84
cubic	ingress	27.00	49.76
cubic	ingress	27.15	50.56
cubic	ingress	27.30	50.24
cubic	ingress	27.45	49.84
cubic	ingress	27.60	50.32
cubic	ingress	27.75	50.16
cubic	ingress	27.90	50.00
cubic	ingress	28.05	49.76
cubic	ingress	28.20	50.24
cubic	ingress	28.35	49.76
cubic	ingress	28.50	50.56
cubic	ingress	28.65	49.44
cubic	ingress	28.80	50.72
cubic	ingress	28.95	49.52
cubic	ingress	29.10	45.36
cubic	ingress	29.25	51.60
cubic	ingress	29.40	50.80
cubic	ingress	29.55	49.76
cubic	ingress	29.70	50.24
cubic	ingress	29.85	49.84
cubic	ingress	30.00	50.00
cubic	ingress	30.15	49.36
cubic	ingress	30.30	50.48
cubic	ingress	30.45	50.08
cubic	ingress	30.60	49.60
cubic	ingress	30.75	50.08
cubic	ingress	30.90	49.92
cubic	ingress	31.05	50.08
cubic	ingress	31.20	50.40
cubic	ingress	31.35	50.08
cubic	ingress	31.50	49.92
cubic	ingress	31.65	50.08
cubic	ingress	31.80	49.92
cubic	ingress	31.95	50.24
cubic	ingress	32.10	50.00
cubic	ingress	32.25	50.00
cubic	ingress	32.40	49.76
cubic	ingress	32.55	50.32
cubic	ingress	32.70	50.48
cubic	ingress	32.85	50.00
cubic	ingress	33.00	50.00
cubic	ingress	33.15	17.12
bbr	egress	3.15	0.00
bbr	egress	3.30	0.01
bbr	egress	3.45	2.08
bbr	egress	3.60	4.72
bbr	egress	3.75	15.68
bbr	egress	3.90	44.16
bbr	egress	4.05	50.08
bbr	egress	4.20	50.00
bbr	egress	4.35	49.68
bbr	egress	4.50	50.32
bbr	egress	4.65	49.92
bbr	egress	4.80	50.00
bbr	egress	4.95	50.00
bbr	egress	5.10	50.00
bbr	egress	5.25	50.00
bbr	egress	5.40	50.00
bbr	egress	5.55	50.00
bbr	egress	5.70	50.00
bbr	egress	5.85	50.00
bbr	egress	6.00	50.00
bbr	egress	6.15	50.00
bbr	egress	6.30	50.00
bbr	egress	6.45	50.00
bbr	egress	6.60	50.00
bbr	egress	6.75	50.00
bbr	egress	6.90	49.76
bbr	egress	7.05	50.24
bbr	egress	7.20	50.00
bbr	egress	7.35	50.00
bbr	egress	7.50	49.92
bbr	egress	7.65	50.08
bbr	egress	7.80	50.00
bbr	egress	7.95	50.00
bbr	egress	8.10	50.00
bbr	egress	8.25	50.00
bbr	egress	8.40	50.00
bbr	egress	8.55	50.00
bbr	egress	8.70	50.00
bbr	egress	8.85	50.00
bbr	egress	9.00	50.00
bbr	egress	9.15	50.00
bbr	egress	9.30	50.00
bbr	egress	9.45	50.00
bbr	egress	9.60	50.00
bbr	egress	9.75	50.00
bbr	egress	9.90	50.00
bbr	egress	10.05	50.00
bbr	egress	10.20	50.00
bbr	egress	10.35	50.00
bbr	egress	10.50	50.00
bbr	egress	10.65	50.00
bbr	egress	10.80	50.00
bbr	egress	10.95	50.00
bbr	egress	11.10	50.00
bbr	egress	11.25	50.00
bbr	egress	11.40	50.00
bbr	egress	11.55	50.00
bbr	egress	11.70	50.00
bbr	egress	11.85	50.00
bbr	egress	12.00	50.00
bbr	egress	12.15	50.00
bbr	egress	12.30	50.00
bbr	egress	12.45	50.00
bbr	egress	12.60	50.00
bbr	egress	12.75	50.00
bbr	egress	12.90	50.00
bbr	egress	13.05	50.00
bbr	egress	13.20	49.84
bbr	egress	13.35	50.16
bbr	egress	13.50	50.00
bbr	egress	13.65	50.00
bbr	egress	13.80	49.76
bbr	egress	13.95	50.00
bbr	egress	14.10	1.28
bbr	egress	14.25	0.64
bbr	egress	14.40	39.36
bbr	egress	14.55	50.00
bbr	egress	14.70	50.00
bbr	egress	14.85	50.00
bbr	egress	15.00	50.00
bbr	egress	15.15	50.00
bbr	egress	15.30	50.00
bbr	egress	15.45	50.00
bbr	egress	15.60	50.00
bbr	egress	15.75	50.00
bbr	egress	15.90	50.00
bbr	egress	16.05	49.68
bbr	egress	16.20	50.32
bbr	egress	16.35	50.00
bbr	egress	16.50	50.00
bbr	egress	16.65	50.00
bbr	egress	16.80	50.00
bbr	egress	16.95	50.00
bbr	egress	17.10	50.00
bbr	egress	17.25	50.00
bbr	egress	17.40	50.00
bbr	egress	17.55	50.00
bbr	egress	17.70	50.00
bbr	egress	17.85	50.00
bbr	egress	18.00	50.00
bbr	egress	18.15	50.00
bbr	egress	18.30	49.84
bbr	egress	18.45	50.16
bbr	egress	18.60	50.00
bbr	egress	18.75	50.00
bbr	egress	18.90	50.00
bbr	egress	19.05	50.00
bbr	egress	19.20	49.84
bbr	egress	19.35	50.16
bbr	egress	19.50	49.68
bbr	egress	19.65	50.00
bbr	egress	19.80	50.32
bbr	egress	19.95	50.00
bbr	egress	20.10	50.00
bbr	egress	20.25	50.00
bbr	egress	20.40	50.00
bbr	egress	20.55	50.00
bbr	egress	20.70	50.00
bbr	egress	20.85	50.00
bbr	egress	21.00	49.84
bbr	egress	21.15	50.16
bbr	egress	21.30	50.00
bbr	egress	21.45	50.00
bbr	egress	21.60	49.68
bbr	egress	21.75	50.32
bbr	egress	21.90	50.00
bbr	egress	22.05	50.00
bbr	egress	22.20	50.00
bbr	egress	22.35	50.00
bbr	egress	22.50	50.00
bbr	egress	22.65	50.00
bbr	egress	22.80	50.00
bbr	egress	22.95	50.00
bbr	egress	23.10	50.00
bbr	egress	23.25	49.76
bbr	egress	23.40	50.24
bbr	egress	23.55	50.00
bbr	egress	23.70	50.00
bbr	egress	23.85	50.00
bbr	egress	24.00	49.84
bbr	egress	24.15	50.16
bbr	egress	24.30	50.00
bbr	egress	24.45	40.40
bbr	egress	24.60	0.64
bbr	egress	24.75	0.32
bbr	egress	24.90	49.68
bbr	egress	25.05	49.84
bbr	egress	25.20	50.08
bbr	egress	25.35	50.08
bbr	egress	25.50	50.00
bbr	egress	25.65	50.00
bbr	egress	25.80	44.88
bbr	egress	25.95	50.00
bbr	egress	26.10	50.00
bbr	egress	26.25	50.00
bbr	egress	26.40	49.92
bbr	egress	26.55	50.08
bbr	egress	26.70	50.00
bbr	egress	26.85	50.00
bbr	egress	27.00	50.00
bbr	egress	27.15	50.00
bbr	egress	27.30	50.00
bbr	egress	27.45	50.00
bbr	egress	27.60	50.00
bbr	egress	27.75	50.00
bbr	egress	27.90	50.00
bbr	egress	28.05	50.00
bbr	egress	28.20	50.00
bbr	egress	28.35	50.00
bbr	egress	28.50	50.00
bbr	egress	28.65	50.00
bbr	egress	28.80	49.92
bbr	egress	28.95	50.08
bbr	egress	29.10	50.00
bbr	egress	29.25	50.00
bbr	egress	29.40	50.00
bbr	egress	29.55	50.00
bbr	egress	29.70	50.00
bbr	egress	29.85	50.00
bbr	egress	30.00	50.00
bbr	egress	30.15	50.00
bbr	egress	30.30	50.00
bbr	egress	30.45	50.00
bbr	egress	30.60	50.00
bbr	egress	30.75	50.00
bbr	egress	30.90	50.00
bbr	egress	31.05	50.00
bbr	egress	31.20	50.00
bbr	egress	31.35	50.00
bbr	egress	31.50	50.00
bbr	egress	31.65	50.00
bbr	egress	31.80	50.00
bbr	egress	31.95	50.00
bbr	egress	32.10	49.92
bbr	egress	32.25	49.84
bbr	egress	32.40	50.16
bbr	egress	32.55	50.00
bbr	egress	32.70	50.00
bbr	egress	32.85	50.00
bbr	egress	33.00	50.00
bbr	egress	33.15	49.44
bbr	egress	33.30	18.72
bbr	ingress	3.15	0.81
bbr	ingress	3.30	1.76
bbr	ingress	3.45	6.88
bbr	ingress	3.60	22.16
bbr	ingress	3.75	74.96
bbr	ingress	3.90	78.88
bbr	ingress	4.05	50.72
bbr	ingress	4.20	81.28
bbr	ingress	4.35	50.64
bbr	ingress	4.50	27.92
bbr	ingress	4.65	51.04
bbr	ingress	4.80	50.64
bbr	ingress	4.95	50.80
bbr	ingress	5.10	52.56
bbr	ingress	5.25	48.88
bbr	ingress	5.40	50.88
bbr	ingress	5.55	50.72
bbr	ingress	5.70	57.44
bbr	ingress	5.85	44.00
bbr	ingress	6.00	50.88
bbr	ingress	6.15	50.72
bbr	ingress	6.30	52.24
bbr	ingress	6.45	49.12
bbr	ingress	6.60	50.64
bbr	ingress	6.75	50.72
bbr	ingress	6.90	50.88
bbr	ingress	7.05	56.08
bbr	ingress	7.20	45.04
bbr	ingress	7.35	50.88
bbr	ingress	7.50	50.72
bbr	ingress	7.65	53.52
bbr	ingress	7.80	47.28
bbr	ingress	7.95	49.36
bbr	ingress	8.10	50.48
bbr	ingress	8.25	50.48
bbr	ingress	8.40	54.72
bbr	ingress	8.55	46.40
bbr	ingress	8.70	50.08
bbr	ingress	8.85	50.56
bbr	ingress	9.00	55.28
bbr	ingress	9.15	45.68
bbr	ingress	9.30	50.16
bbr	ingress	9.45	50.48
bbr	ingress	9.60	50.80
bbr	ingress	9.75	52.88
bbr	ingress	9.90	48.24
bbr	ingress	10.05	50.08
bbr	ingress	10.20	50.72
bbr	ingress	10.35	57.36
bbr	ingress	10.50	44.48
bbr	ingress	10.65	44.80
bbr	ingress	10.80	51.04
bbr	ingress	10.95	51.68
bbr	ingress	11.10	50.24
bbr	ingress	11.25	50.72
bbr	ingress	11.40	50.88
bbr	ingress	11.55	50.56
bbr	ingress	11.70	56.40
bbr	ingress	11.85	44.96
bbr	ingress	12.00	50.48
bbr	ingress	12.15	50.56
bbr	ingress	12.30	53.36
bbr	ingress	12.45	47.76
bbr	ingress	12.60	49.68
bbr	ingress	12.75	50.40
bbr	ingress	12.90	50.56
bbr	ingress	13.05	54.40
bbr	ingress	13.20	46.64
bbr	ingress	13.35	49.92
bbr	ingress	13.50	50.56
bbr	ingress	13.65	55.44
bbr	ingress	13.80	15.52
bbr	ingress	13.95	0.64
bbr	ingress	14.10	3.52
bbr	ingress	14.25	50.56
bbr	ingress	14.40	50.88
bbr	ingress	14.55	50.88
bbr	ingress	14.70	55.36
bbr	ingress	14.85	46.56
bbr	ingress	15.00	50.88
bbr	ingress	15.15	50.88
bbr	ingress	15.30	55.60
bbr	ingress	15.45	46.48
bbr	ingress	15.60	50.88
bbr	ingress	15.75	51.04
bbr	ingress	15.90	50.88
bbr	ingress	16.05	52.88
bbr	ingress	16.20	49.20
bbr	ingress	16.35	50.88
bbr	ingress	16.50	51.20
bbr	ingress	16.65	58.16
bbr	ingress	16.80	44.08
bbr	ingress	16.95	50.88
bbr	ingress	17.10	50.88
bbr	ingress	17.25	52.48
bbr	ingress	17.40	48.96
bbr	ingress	17.55	50.24
bbr	ingress	17.70	50.16
bbr	ingress	17.85	50.88
bbr	ingress	18.00	55.36
bbr	ingress	18.15	45.36
bbr	ingress	18.30	50.88
bbr	ingress	18.45	50.56
bbr	ingress	18.60	54.96
bbr	ingress	18.75	46.16
bbr	ingress	18.90	49.36
bbr	ingress	19.05	50.72
bbr	ingress	19.20	50.56
bbr	ingress	19.35	52.64
bbr	ingress	19.50	48.88
bbr	ingress	19.65	49.68
bbr	ingress	19.80	50.72
bbr	ingress	19.95	56.96
bbr	ingress	20.10	43.36
bbr	ingress	20.25	50.40
bbr	ingress	20.40	50.24
bbr	ingress	20.55	52.32
bbr	ingress	20.70	49.12
bbr	ingress	20.85	50.16
bbr	ingress	21.00	50.48
bbr	ingress	21.15	50.88
bbr	ingress	21.30	55.44
bbr	ingress	21.45	46.00
bbr	ingress	21.60	49.84
bbr	ingress	21.75	50.88
bbr	ingress	21.90	54.88
bbr	ingress	22.05	46.88
bbr	ingress	22.20	49.76
bbr	ingress	22.35	50.40
bbr	ingress	22.50	50.56
bbr	ingress	22.65	53.28
bbr	ingress	22.80	47.76
bbr	ingress	22.95	51.04
bbr	ingress	23.10	50.72
bbr	ingress	23.25	56.96
bbr	ingress	23.40	44.16
bbr	ingress	23.55	49.44
bbr	ingress	23.70	50.40
bbr	ingress	23.85	51.92
bbr	ingress	24.00	49.12
bbr	ingress	24.15	51.04
bbr	ingress	24.30	8.88
bbr	ingress	24.45	0.64
bbr	ingress	24.60	13.84
bbr	ingress	24.75	55.52
bbr	ingress	24.90	45.76
bbr	ingress	25.05	50.56
bbr	ingress	25.20	50.56
bbr	ingress	25.35	54.56
bbr	ingress	25.50	47.36
bbr	ingress	25.65	42.96
bbr	ingress	25.80	51.12
bbr	ingress	25.95	50.72
bbr	ingress	26.10	54.16
bbr	ingress	26.25	47.28
bbr	ingress	26.40	50.88
bbr	ingress	26.55	50.56
bbr	ingress	26.70	56.00
bbr	ingress	26.85	45.28
bbr	ingress	27.00	50.72
bbr	ingress	27.15	50.72
bbr	ingress	27.30	51.04
bbr	ingress	27.45	51.92
bbr	ingress	27.60	49.20
bbr	ingress	27.75	50.88
bbr	ingress	27.90	50.88
bbr	ingress	28.05	56.88
bbr	ingress	28.20	44.40
bbr	ingress	28.35	50.56
bbr	ingress	28.50	50.88
bbr	ingress	28.65	53.28
bbr	ingress	28.80	48.00
bbr	ingress	28.95	50.88
bbr	ingress	29.10	50.88
bbr	ingress	29.25	50.56
bbr	ingress	29.40	54.32
bbr	ingress	29.55	46.80
bbr	ingress	29.70	49.68
bbr	ingress	29.85	50.56
bbr	ingress	30.00	55.28
bbr	ingress	30.15	46.00
bbr	ingress	30.30	49.52
bbr	ingress	30.45	50.64
bbr	ingress	30.60	50.56
bbr	ingress	30.75	52.64
bbr	ingress	30.90	48.16
bbr	ingress	31.05	50.64
bbr	ingress	31.20	50.56
bbr	ingress	31.35	57.36
bbr	ingress	31.50	43.84
bbr	ingress	31.65	50.24
bbr	ingress	31.80	50.40
bbr	ingress	31.95	51.84
bbr	ingress	32.10	49.28
bbr	ingress	32.25	50.16
bbr	ingress	32.40	50.08
bbr	ingress	32.55	50.56
bbr	ingress	32.70	55.76
bbr	ingress	32.85	45.36
bbr	ingress	33.00	49.92
bbr	ingress	33.15	18.40
pcc	egress	3.30	0.00
pcc	egress	3.45	0.01
pcc	egress	3.60	0.41
pcc	egress	3.75	2.68
pcc	egress	3.90	4.97
pcc	egress	4.05	11.10
pcc	egress	4.20	22.77
pcc	egress	4.35	42.56
pcc	egress	4.50	49.98
pcc	egress	4.65	49.96
pcc	egress	4.80	42.57
pcc	egress	4.95	32.19
pcc	egress	5.10	32.22
pcc	egress	5.25	32.69
pcc	egress	5.40	32.78
pcc	egress	5.55	32.93
pcc	egress	5.70	33.22
pcc	egress	5.85	33.42
pcc	egress	6.00	34.22
pcc	egress	6.15	34.62
pcc	egress	6.30	35.77
pcc	egress	6.45	36.55
pcc	egress	6.60	37.70
pcc	egress	6.75	38.98
pcc	egress	6.90	39.93
pcc	egress	7.05	42.33
pcc	egress	7.20	42.92
pcc	egress	7.35	46.13
pcc	egress	7.50	47.28
pcc	egress	7.65	50.05
pcc	egress	7.80	44.35
pcc	egress	7.95	49.29
pcc	egress	8.10	45.97
pcc	egress	8.25	45.56
pcc	egress	8.40	46.20
pcc	egress	8.55	45.41
pcc	egress	8.70	45.99
pcc	egress	8.85	46.69
pcc	egress	9.00	44.92
pcc	egress	9.15	45.88
pcc	egress	9.30	46.61
pcc	egress	9.45	47.36
pcc	egress	9.60	47.49
pcc	egress	9.75	46.21
pcc	egress	9.90	46.88
pcc	egress	10.05	46.45
pcc	egress	10.20	47.09
pcc	egress	10.35	47.24
pcc	egress	10.50	47.12
pcc	egress	10.65	48.05
pcc	egress	10.80	48.56
pcc	egress	10.95	49.44
pcc	egress	11.10	49.84
pcc	egress	11.25	49.97
pcc	egress	11.40	50.01
pcc	egress	11.55	50.01
pcc	egress	11.70	50.01
pcc	egress	11.85	49.61
pcc	egress	12.00	48.93
pcc	egress	12.15	48.96
pcc	egress	12.30	48.24
pcc	egress	12.45	47.89
pcc	egress	12.60	48.56
pcc	egress	12.75	49.09
pcc	egress	12.90	48.48
pcc	egress	13.05	49.28
pcc	egress	13.20	49.25
pcc	egress	13.35	49.28
pcc	egress	13.50	49.76
pcc	egress	13.65	49.93
pcc	egress	13.80	49.69
pcc	egress	13.95	49.49
pcc	egress	14.10	49.76
pcc	egress	14.25	48.89
pcc	egress	14.40	48.80
pcc	egress	14.55	48.77
pcc	egress	14.70	50.00
pcc	egress	14.85	49.85
pcc	egress	15.00	48.45
pcc	egress	15.15	47.92
pcc	egress	15.30	49.84
pcc	egress	15.45	48.85
pcc	egress	15.60	50.00
pcc	egress	15.75	49.85
pcc	egress	15.90	48.32
pcc	egress	16.05	47.49
pcc	egress	16.20	47.73
pcc	egress	16.35	47.76
pcc	egress	16.50	48.05
pcc	egress	16.65	48.64
pcc	egress	16.80	48.72
pcc	egress	16.95	47.81
pcc	egress	17.10	48.32
pcc	egress	17.25	46.37
pcc	egress	17.40	47.81
pcc	egress	17.55	47.68
pcc	egress	17.70	47.81
pcc	egress	17.85	48.16
pcc	egress	18.00	47.41
pcc	egress	18.15	47.12
pcc	egress	18.30	47.57
pcc	egress	18.45	46.37
pcc	egress	18.60	46.20
pcc	egress	18.75	47.28
pcc	egress	18.90	47.40
pcc	egress	19.05	47.20
pcc	egress	19.20	47.65
pcc	egress	19.35	47.92
pcc	egress	19.50	48.13
pcc	egress	19.65	48.40
pcc	egress	19.80	49.09
pcc	egress	19.95	49.92
pcc	egress	20.10	50.09
pcc	egress	20.25	48.89
pcc	egress	20.40	48.21
pcc	egress	20.55	48.88
pcc	egress	20.70	49.13
pcc	egress	20.85	49.17
pcc	egress	21.00	49.53
pcc	egress	21.15	50.00
pcc	egress	21.30	50.01
pcc	egress	21.45	50.00
pcc	egress	21.60	49.97
pcc	egress	21.75	50.01
pcc	egress	21.90	50.01
pcc	egress	22.05	50.00
pcc	egress	22.20	50.01
pcc	egress	22.35	50.00
pcc	egress	22.50	49.61
pcc	egress	22.65	50.37
pcc	egress	22.80	49.03
pcc	egress	22.95	49.93
pcc	egress	23.10	50.01
pcc	egress	23.25	50.01
pcc	egress	23.40	50.01
pcc	egress	23.55	49.97
pcc	egress	23.70	48.65
pcc	egress	23.85	47.17
pcc	egress	24.00	47.04
pcc	egress	24.15	48.13
pcc	egress	24.30	47.52
pcc	egress	24.45	47.89
pcc	egress	24.60	48.40
pcc	egress	24.75	49.01
pcc	egress	24.90	47.68
pcc	egress	25.05	48.53
pcc	egress	25.20	47.44
pcc	egress	25.35	47.17
pcc	egress	25.50	49.28
pcc	egress	25.65	47.09
pcc	egress	25.80	48.80
pcc	egress	25.95	46.61
pcc	egress	26.10	46.96
pcc	egress	26.25	46.77
pcc	egress	26.40	46.60
pcc	egress	26.55	45.49
pcc	egress	26.70	44.85
pcc	egress	26.85	45.17
pcc	egress	27.00	46.21
pcc	egress	27.15	46.20
pcc	egress	27.30	46.64
pcc	egress	27.45	45.88
pcc	egress	27.60	45.41
pcc	egress	27.75	39.59
pcc	egress	27.90	50.02
pcc	egress	28.05	44.69
pcc	egress	28.20	44.09
pcc	egress	28.35	43.88
pcc	egress	28.50	44.68
pcc	egress	28.65	45.00
pcc	egress	28.80	44.60
pcc	egress	28.95	45.48
pcc	egress	29.10	44.12
pcc	egress	29.25	45.32
pcc	egress	29.40	45.73
pcc	egress	29.55	43.96
pcc	egress	29.70	44.38
pcc	egress	29.85	45.01
pcc	egress	30.00	43.44
pcc	egress	30.15	45.00
pcc	egress	30.30	46.32
pcc	egress	30.45	43.21
pcc	egress	30.60	46.28
pcc	egress	30.75	45.57
pcc	egress	30.90	42.92
pcc	egress	31.05	45.48
pcc	egress	31.20	43.81
pcc	egress	31.35	42.32
pcc	egress	31.50	46.56
pcc	egress	31.65	46.85
pcc	egress	31.80	44.92
pcc	egress	31.95	44.76
pcc	egress	32.10	44.76
pcc	egress	32.25	43.93
pcc	egress	32.40	45.76
pcc	egress	32.55	45.24
pcc	egress	32.70	39.99
pcc	egress	32.85	50.01
pcc	egress	33.00	47.42
pcc	egress	33.15	45.25
pcc	egress	33.30	15.49
pcc	ingress	3.30	0.01
pcc	ingress	3.45	1.04
pcc	ingress	3.60	3.17
pcc	ingress	3.75	6.09
pcc	ingress	3.90	13.29
pcc	ingress	4.05	27.25
pcc	ingress	4.20	59.68
pcc	ingress	4.35	118.44
pcc	ingress	4.50	32.64
pcc	ingress	4.65	32.41
pcc	ingress	4.80	32.13
pcc	ingress	4.95	32.30
pcc	ingress	5.10	32.81
pcc	ingress	5.25	32.78
pcc	ingress	5.40	32.85
pcc	ingress	5.55	33.34
pcc	ingress	5.70	33.50
pcc	ingress	5.85	34.54
pcc	ingress	6.00	34.94
pcc	ingress	6.15	35.78
pcc	ingress	6.30	37.10
pcc	ingress	6.45	37.70
pcc	ingress	6.60	39.61
pcc	ingress	6.75	40.26
pcc	ingress	6.90	42.73
pcc	ingress	7.05	43.88
pcc	ingress	7.20	46.04
pcc	ingress	7.35	48.64
pcc	ingress	7.50	50.24
pcc	ingress	7.65	46.36
pcc	ingress	7.80	45.81
pcc	ingress	7.95	45.64
pcc	ingress	8.10	45.88
pcc	ingress	8.25	46.16
pcc	ingress	8.40	45.00
pcc	ingress	8.55	46.60
pcc	ingress	8.70	46.13
pcc	ingress	8.85	44.92
pcc	ingress	9.00	46.36
pcc	ingress	9.15	46.68
pcc	ingress	9.30	47.60
pcc	ingress	9.45	47.17
pcc	ingress	9.60	46.28
pcc	ingress	9.75	46.72
pcc	ingress	9.90	46.68
pcc	ingress	10.05	47.17
pcc	ingress	10.20	47.12
pcc	ingress	10.35	47.49
pcc	ingress	10.50	48.00
pcc	ingress	10.65	48.93
pcc	ingress	10.80	49.60
pcc	ingress	10.95	51.12
pcc	ingress	11.10	50.81
pcc	ingress	11.25	49.77
pcc	ingress	11.40	48.89
pcc	ingress	11.55	49.73
pcc	ingress	11.70	48.80
pcc	ingress	11.85	48.96
pcc	ingress	12.00	49.01
pcc	ingress	12.15	47.92
pcc	ingress	12.30	48.05
pcc	ingress	12.45	48.56
pcc	ingress	12.60	49.12
pcc	ingress	12.75	48.61
pcc	ingress	12.90	49.28
pcc	ingress	13.05	49.36
pcc	ingress	13.20	49.21
pcc	ingress	13.35	50.29
pcc	ingress	13.50	50.08
pcc	ingress	13.65	48.89
pcc	ingress	13.80	49.84
pcc	ingress	13.95	49.53
pcc	ingress	14.10	48.85
pcc	ingress	14.25	48.64
pcc	ingress	14.40	49.44
pcc	ingress	14.55	50.33
pcc	ingress	14.70	48.77
pcc	ingress	14.85	48.40
pcc	ingress	15.00	48.53
pcc	ingress	15.15	49.92
pcc	ingress	15.30	49.04
pcc	ingress	15.45	50.73
pcc	ingress	15.60	48.37
pcc	ingress	15.75	48.00
pcc	ingress	15.90	47.49
pcc	ingress	16.05	48.08
pcc	ingress	16.20	48.37
pcc	ingress	16.35	47.93
pcc	ingress	16.50	48.64
pcc	ingress	16.65	48.53
pcc	ingress	16.80	47.92
pcc	ingress	16.95	47.41
pcc	ingress	17.10	46.93
pcc	ingress	17.25	47.76
pcc	ingress	17.40	47.89
pcc	ingress	17.55	48.08
pcc	ingress	17.70	47.49
pcc	ingress	17.85	47.44
pcc	ingress	18.00	47.41
pcc	ingress	18.15	46.93
pcc	ingress	18.30	46.32
pcc	ingress	18.45	46.85
pcc	ingress	18.60	47.17
pcc	ingress	18.75	47.36
pcc	ingress	18.90	47.49
pcc	ingress	19.05	47.81
pcc	ingress	19.20	47.76
pcc	ingress	19.35	48.13
pcc	ingress	19.50	48.80
pcc	ingress	19.65	49.68
pcc	ingress	19.80	50.17
pcc	ingress	19.95	49.33
pcc	ingress	20.10	48.56
pcc	ingress	20.25	48.24
pcc	ingress	20.40	49.09
pcc	ingress	20.55	49.21
pcc	ingress	20.70	49.12
pcc	ingress	20.85	49.93
pcc	ingress	21.00	50.21
pcc	ingress	21.15	51.48
pcc	ingress	21.30	51.77
pcc	ingress	21.45	50.56
pcc	ingress	21.60	50.17
pcc	ingress	21.75	50.09
pcc	ingress	21.90	50.37
pcc	ingress	22.05	49.68
pcc	ingress	22.20	50.25
pcc	ingress	22.35	50.49
pcc	ingress	22.50	49.60
pcc	ingress	22.65	50.64
pcc	ingress	22.80	49.05
pcc	ingress	22.95	49.25
pcc	ingress	23.10	49.13
pcc	ingress	23.25	48.72
pcc	ingress	23.40	48.21
pcc	ingress	23.55	47.45
pcc	ingress	23.70	46.61
pcc	ingress	23.85	47.57
pcc	ingress	24.00	48.00
pcc	ingress	24.15	47.49
pcc	ingress	24.30	48.24
pcc	ingress	24.45	48.53
pcc	ingress	24.60	48.88
pcc	ingress	24.75	47.25
pcc	ingress	24.90	48.88
pcc	ingress	25.05	47.25
pcc	ingress	25.20	47.76
pcc	ingress	25.35	48.37
pcc	ingress	25.50	47.92
pcc	ingress	25.65	47.73
pcc	ingress	25.80	46.72
pcc	ingress	25.95	47.09
pcc	ingress	26.10	46.77
pcc	ingress	26.25	46.12
pcc	ingress	26.40	45.48
pcc	ingress	26.55	44.69
pcc	ingress	26.70	45.49
pcc	ingress	26.85	46.16
pcc	ingress	27.00	46.53
pcc	ingress	27.15	45.88
pcc	ingress	27.30	45.81
pcc	ingress	27.45	45.73
pcc	ingress	27.60	45.32
pcc	ingress	27.75	44.77
pcc	ingress	27.90	43.81
pcc	ingress	28.05	43.48
pcc	ingress	28.20	44.64
pcc	ingress	28.35	44.76
pcc	ingress	28.50	44.36
pcc	ingress	28.65	45.16
pcc	ingress	28.80	45.08
pcc	ingress	28.95	44.37
pcc	ingress	29.10	45.64
pcc	ingress	29.25	45.00
pcc	ingress	29.40	43.89
pcc	ingress	29.55	45.33
pcc	ingress	29.70	43.89
pcc	ingress	29.85	43.52
pcc	ingress	30.00	46.08
pcc	ingress	30.15	45.09
pcc	ingress	30.30	44.48
pcc	ingress	30.45	46.56
pcc	ingress	30.60	43.96
pcc	ingress	30.75	42.97
pcc	ingress	30.90	46.68
pcc	ingress	31.05	42.44
pcc	ingress	31.20	43.16
pcc	ingress	31.35	47.08
pcc	ingress	31.50	46.45
pcc	ingress	31.65	44.76
pcc	ingress	31.80	44.68
pcc	ingress	31.95	44.68
pcc	ingress	32.10	44.60
pcc	ingress	32.25	45.25
pcc	ingress	32.40	45.80
pcc	ingress	32.55	46.21
pcc	ingress	32.70	45.72
pcc	ingress	32.85	45.25
pcc	ingress	33.00	44.85
pcc	ingress	33.15	15.90
